2024-04-12 06:37:55.568 [info] Added views:workbench.panel.markers.view in workbench.panel.markers
2024-04-12 06:37:55.568 [info] Added views:workbench.panel.output in workbench.panel.output
2024-04-12 06:37:55.568 [info] Added views:terminal in terminal
2024-04-12 06:37:55.568 [info] Added views:outline in workbench.view.explorer
2024-04-12 06:37:55.568 [info] Added views:workbench.scm in workbench.view.scm
2024-04-12 06:37:55.568 [info] Added views:workbench.view.search in workbench.view.search
2024-04-12 06:37:55.568 [info] Added views:timeline in workbench.view.explorer
2024-04-12 06:37:55.568 [info] Added views:workbench.explorer.fileView in workbench.view.explorer
2024-04-12 06:37:55.780 [info] Added views:workbench.debug.variablesView,workbench.debug.watchExpressionsView,workbench.debug.callStackView,workbench.debug.breakPointsView in workbench.view.debug
2024-04-12 06:37:56.277 [info] Added views:workbench.panel.repl.view in workbench.panel.repl
2024-04-12 06:37:56.278 [info] Removed views:workbench.debug.breakPointsView,workbench.debug.callStackView,workbench.debug.watchExpressionsView,workbench.debug.variablesView from workbench.view.debug
2024-04-12 06:37:56.279 [info] Added views:workbench.debug.welcome in workbench.view.debug
2024-04-12 06:37:56.548 [info] Added views:workbench.view.testing in workbench.view.extension.test
2024-04-12 06:37:56.582 [info] Added views:dartDependencyTree in workbench.view.explorer
2024-04-12 06:37:56.586 [info] Added views:dartFlutterSidebar,dartFlutterOutline in workbench.view.extension.flutter
2024-04-12 06:37:57.261 [info] Added views:~remote.forwardedPorts in ~remote.forwardedPortsContainer
2024-04-12 06:37:57.565 [info] Added views:javaProjectExplorer in workbench.view.explorer
2024-04-12 06:43:24.505 [info] Added views:workbench.debug.breakPointsView in workbench.view.debug
2024-04-12 06:43:26.811 [info] Removed views:workbench.debug.welcome from workbench.view.debug
2024-04-12 06:43:26.813 [info] Added views:workbench.debug.variablesView,workbench.debug.watchExpressionsView,workbench.debug.callStackView in workbench.view.debug
2024-04-12 06:44:15.684 [info] Removed views:workbench.debug.callStackView,workbench.debug.watchExpressionsView,workbench.debug.variablesView from workbench.view.debug
2024-04-12 06:44:15.685 [info] Added views:workbench.debug.welcome in workbench.view.debug
2024-04-12 06:45:08.207 [info] Removed views:workbench.debug.welcome from workbench.view.debug
2024-04-12 06:45:08.209 [info] Added views:workbench.debug.variablesView,workbench.debug.watchExpressionsView,workbench.debug.callStackView in workbench.view.debug
2024-04-12 06:58:54.429 [info] Removed views:workbench.debug.callStackView,workbench.debug.watchExpressionsView,workbench.debug.variablesView from workbench.view.debug
2024-04-12 06:58:54.430 [info] Added views:workbench.debug.welcome in workbench.view.debug
2024-04-12 07:11:50.909 [info] Removed views:workbench.view.testing from workbench.view.extension.test
