2024-04-12 07:12:55.374 [info] Log level: Info
2024-04-12 07:12:55.374 [info] Validating found git in: "git"
2024-04-12 07:12:55.374 [info] Using git "2.44.0" from "git"
2024-04-12 07:12:55.374 [info] > git rev-parse --show-toplevel [5ms]
2024-04-12 07:12:55.374 [info] > git rev-parse --git-dir --git-common-dir [2ms]
2024-04-12 07:12:55.374 [info] Open repository: /home/arch/Documents/e-Commerce-Dart-Flutter
2024-04-12 07:12:55.374 [info] > git rev-parse --show-toplevel [2ms]
2024-04-12 07:12:55.374 [info] > git config --get commit.template [11ms]
2024-04-12 07:12:55.374 [info] > git rev-parse --show-toplevel [14ms]
2024-04-12 07:12:55.374 [info] > git for-each-ref --format=%(refname)%00%(upstream:short)%00%(objectname)%00%(upstream:track)%00%(upstream:remotename)%00%(upstream:remoteref) refs/heads/UI-login refs/remotes/UI-login [15ms]
2024-04-12 07:12:55.374 [info] > git status -z -uall [3ms]
2024-04-12 07:12:55.374 [info] > git rev-parse --show-toplevel [19ms]
2024-04-12 07:12:55.374 [info] > git rev-parse --show-toplevel [18ms]
2024-04-12 07:12:55.385 [info] > git config --get commit.template [14ms]
2024-04-12 07:12:55.387 [info] > git rev-parse --show-toplevel [4ms]
2024-04-12 07:12:55.409 [info] > git for-each-ref --format=%(refname)%00%(upstream:short)%00%(objectname)%00%(upstream:track)%00%(upstream:remotename)%00%(upstream:remoteref) refs/heads/UI-login refs/remotes/UI-login [13ms]
2024-04-12 07:12:55.417 [info] > git rev-parse --show-toplevel [12ms]
2024-04-12 07:12:55.432 [info] > git status -z -uall [15ms]
2024-04-12 07:12:55.432 [info] > git rev-parse --show-toplevel [7ms]
2024-04-12 07:12:55.870 [info] > git rev-parse --show-toplevel [185ms]
2024-04-12 07:12:55.953 [info] > git rev-parse --show-toplevel [34ms]
2024-04-12 07:12:55.982 [info] > git rev-parse --show-toplevel [22ms]
2024-04-12 07:12:56.189 [info] > git check-ignore -v -z --stdin [2ms]
2024-04-12 07:13:02.424 [info] > git show --textconv :lib/home/login.dart [35ms]
2024-04-12 07:13:02.434 [info] > git ls-files --stage -- /home/arch/Documents/e-Commerce-Dart-Flutter/lib/home/login.dart [11ms]
2024-04-12 07:13:02.466 [info] > git cat-file -s a19f905ba04f79fca8bb35341a3d3875b7554918 [5ms]
2024-04-12 07:13:05.003 [info] > git check-ignore -v -z --stdin [2ms]
2024-04-12 07:13:05.503 [info] > git config --get commit.template [10ms]
2024-04-12 07:13:05.503 [info] > git for-each-ref --format=%(refname)%00%(upstream:short)%00%(objectname)%00%(upstream:track)%00%(upstream:remotename)%00%(upstream:remoteref) refs/heads/UI-login refs/remotes/UI-login [1ms]
2024-04-12 07:13:05.520 [info] > git status -z -uall [5ms]
2024-04-12 07:13:08.756 [info] > git show --textconv :lib/login/login.dart [23ms]
2024-04-12 07:13:08.766 [info] > git ls-files --stage -- /home/arch/Documents/e-Commerce-Dart-Flutter/lib/login/login.dart [12ms]
2024-04-12 07:13:08.850 [info] > git check-ignore -v -z --stdin [5ms]
2024-04-12 07:13:10.622 [info] > git config --get commit.template [33ms]
2024-04-12 07:13:10.628 [info] > git for-each-ref --format=%(refname)%00%(upstream:short)%00%(objectname)%00%(upstream:track)%00%(upstream:remotename)%00%(upstream:remoteref) refs/heads/UI-login refs/remotes/UI-login [9ms]
2024-04-12 07:13:10.699 [info] > git status -z -uall [18ms]
2024-04-12 07:13:15.761 [info] > git for-each-ref --format=%(refname)%00%(upstream:short)%00%(objectname)%00%(upstream:track)%00%(upstream:remotename)%00%(upstream:remoteref) refs/heads/UI-login refs/remotes/UI-login [3ms]
2024-04-12 07:13:15.761 [info] > git config --get commit.template [17ms]
2024-04-12 07:13:15.780 [info] > git status -z -uall [5ms]
2024-04-12 07:13:20.801 [info] > git config --get commit.template [9ms]
2024-04-12 07:13:20.802 [info] > git for-each-ref --format=%(refname)%00%(upstream:short)%00%(objectname)%00%(upstream:track)%00%(upstream:remotename)%00%(upstream:remoteref) refs/heads/UI-login refs/remotes/UI-login [1ms]
2024-04-12 07:13:20.818 [info] > git status -z -uall [4ms]
2024-04-12 07:13:25.862 [info] > git config --get commit.template [20ms]
2024-04-12 07:13:25.863 [info] > git for-each-ref --format=%(refname)%00%(upstream:short)%00%(objectname)%00%(upstream:track)%00%(upstream:remotename)%00%(upstream:remoteref) refs/heads/UI-login refs/remotes/UI-login [3ms]
2024-04-12 07:13:25.878 [info] > git status -z -uall [3ms]
2024-04-12 07:13:33.237 [info] > git config --get commit.template [10ms]
2024-04-12 07:13:33.238 [info] > git for-each-ref --format=%(refname)%00%(upstream:short)%00%(objectname)%00%(upstream:track)%00%(upstream:remotename)%00%(upstream:remoteref) refs/heads/UI-login refs/remotes/UI-login [2ms]
2024-04-12 07:13:33.246 [info] > git status -z -uall [2ms]
2024-04-12 07:13:38.268 [info] > git config --get commit.template [10ms]
2024-04-12 07:13:38.269 [info] > git for-each-ref --format=%(refname)%00%(upstream:short)%00%(objectname)%00%(upstream:track)%00%(upstream:remotename)%00%(upstream:remoteref) refs/heads/UI-login refs/remotes/UI-login [2ms]
2024-04-12 07:13:38.280 [info] > git status -z -uall [3ms]
2024-04-12 07:13:44.867 [info] > git config --get commit.template [2ms]
2024-04-12 07:13:44.884 [info] > git for-each-ref --format=%(refname)%00%(upstream:short)%00%(objectname)%00%(upstream:track)%00%(upstream:remotename)%00%(upstream:remoteref) refs/heads/UI-login refs/remotes/UI-login [2ms]
2024-04-12 07:13:44.905 [info] > git status -z -uall [5ms]
2024-04-12 07:13:49.928 [info] > git config --get commit.template [8ms]
2024-04-12 07:13:49.928 [info] > git for-each-ref --format=%(refname)%00%(upstream:short)%00%(objectname)%00%(upstream:track)%00%(upstream:remotename)%00%(upstream:remoteref) refs/heads/UI-login refs/remotes/UI-login [1ms]
2024-04-12 07:13:49.938 [info] > git status -z -uall [3ms]
2024-04-12 07:13:54.964 [info] > git config --get commit.template [10ms]
2024-04-12 07:13:54.965 [info] > git for-each-ref --format=%(refname)%00%(upstream:short)%00%(objectname)%00%(upstream:track)%00%(upstream:remotename)%00%(upstream:remoteref) refs/heads/UI-login refs/remotes/UI-login [2ms]
2024-04-12 07:13:54.973 [info] > git status -z -uall [2ms]
2024-04-12 07:14:23.318 [info] > git config --get commit.template [3ms]
2024-04-12 07:14:23.342 [info] > git for-each-ref --format=%(refname)%00%(upstream:short)%00%(objectname)%00%(upstream:track)%00%(upstream:remotename)%00%(upstream:remoteref) refs/heads/UI-login refs/remotes/UI-login [4ms]
2024-04-12 07:14:23.369 [info] > git status -z -uall [6ms]
2024-04-12 07:14:23.407 [info] > git ls-files --stage -- /home/arch/Documents/e-Commerce-Dart-Flutter/lib/login/login.dart [3ms]
2024-04-12 07:14:23.417 [info] > git show --textconv :lib/login/login.dart [2ms]
2024-04-12 07:14:47.199 [info] > git config --get commit.template [9ms]
2024-04-12 07:14:47.200 [info] > git for-each-ref --format=%(refname)%00%(upstream:short)%00%(objectname)%00%(upstream:track)%00%(upstream:remotename)%00%(upstream:remoteref) refs/heads/UI-login refs/remotes/UI-login [2ms]
2024-04-12 07:14:47.209 [info] > git status -z -uall [3ms]
2024-04-12 07:14:47.290 [info] > git ls-files --stage -- /home/arch/Documents/e-Commerce-Dart-Flutter/lib/login/login.dart [1ms]
2024-04-12 07:14:47.299 [info] > git cat-file -s a19f905ba04f79fca8bb35341a3d3875b7554918 [1ms]
2024-04-12 07:14:47.311 [info] > git show --textconv :lib/login/login.dart [2ms]
2024-04-12 07:15:17.426 [info] > git config --get commit.template [4ms]
2024-04-12 07:15:17.449 [info] > git for-each-ref --format=%(refname)%00%(upstream:short)%00%(objectname)%00%(upstream:track)%00%(upstream:remotename)%00%(upstream:remoteref) refs/heads/UI-login refs/remotes/UI-login [3ms]
2024-04-12 07:15:17.473 [info] > git status -z -uall [6ms]
2024-04-12 07:15:17.516 [info] > git ls-files --stage -- /home/arch/Documents/e-Commerce-Dart-Flutter/lib/login/login.dart [1ms]
2024-04-12 07:15:17.523 [info] > git cat-file -s a19f905ba04f79fca8bb35341a3d3875b7554918 [1ms]
2024-04-12 07:15:17.532 [info] > git show --textconv :lib/login/login.dart [1ms]
