2024-04-14 13:22:52.400 [info] Extension host with pid 1403707 started
2024-04-14 13:22:52.400 [info] Skipping acquiring lock for /home/arch/.config/Code/User/workspaceStorage/809725cf7f4e58c8af4d87cf39fa6cae.
2024-04-14 13:22:52.509 [info] ExtensionService#_doActivateExtension vscode.emmet, startup: false, activationEvent: 'onLanguage'
2024-04-14 13:22:52.535 [info] ExtensionService#_doActivateExtension Dart-Code.dart-code, startup: false, activationEvent: 'onLanguage:dart'
2024-04-14 13:22:53.275 [info] ExtensionService#_doActivateExtension Dart-Code.flutter, startup: false, activationEvent: 'api', root cause: Dart-Code.dart-code
2024-04-14 13:22:53.286 [info] ExtensionService#_doActivateExtension vscode.git-base, startup: true, activationEvent: '*', root cause: vscode.git
2024-04-14 13:22:53.525 [info] ExtensionService#_doActivateExtension vscode.git, startup: true, activationEvent: '*'
2024-04-14 13:22:53.601 [info] ExtensionService#_doActivateExtension vscode.github, startup: true, activationEvent: '*'
2024-04-14 13:22:54.178 [info] ExtensionService#_doActivateExtension redhat.java, startup: true, activationEvent: 'workspaceContains:*/pom.xml,*/build.gradle,*/settings.gradle,*/build.gradle.kts,*/settings.gradle.kts,*/.classpath', root cause: vscjava.vscode-java-test
2024-04-14 13:22:54.268 [info] ExtensionService#_doActivateExtension vscjava.vscode-java-debug, startup: true, activationEvent: 'workspaceContains:*/pom.xml,*/build.gradle,*/settings.gradle,*/build.gradle.kts,*/settings.gradle.kts,*/.classpath', root cause: vscjava.vscode-java-test
2024-04-14 13:22:54.300 [info] ExtensionService#_doActivateExtension vscjava.vscode-java-pack, startup: true, activationEvent: 'workspaceContains:*/pom.xml,*/build.gradle,*/settings.gradle,*/build.gradle.kts,*/settings.gradle.kts,*/.classpath'
2024-04-14 13:22:54.354 [info] ExtensionService#_doActivateExtension vscjava.vscode-java-dependency, startup: true, activationEvent: 'workspaceContains:*/pom.xml,*/build.gradle,*/settings.gradle,*/build.gradle.kts,*/settings.gradle.kts,*/.classpath'
2024-04-14 13:22:54.717 [info] ExtensionService#_doActivateExtension vscode.github-authentication, startup: false, activationEvent: 'onAuthenticationRequest:github'
2024-04-14 13:22:55.767 [warning] [redhat.java] Accessing a resource scoped configuration without providing a resource is not expected. To get the effective value for '[java]', provide the URI of a resource or 'null' for any resource.
2024-04-14 13:22:56.272 [info] ExtensionService#_doActivateExtension vscjava.vscode-java-test, startup: true, activationEvent: 'workspaceContains:*/pom.xml,*/build.gradle,*/settings.gradle,*/build.gradle.kts,*/settings.gradle.kts,*/.classpath'
2024-04-14 13:22:57.110 [warning] [redhat.java] Accessing a resource scoped configuration without providing a resource is not expected. To get the effective value for '[java]', provide the URI of a resource or 'null' for any resource.
2024-04-14 13:23:03.308 [info] ExtensionService#_doActivateExtension vscode.debug-auto-launch, startup: false, activationEvent: 'onStartupFinished'
2024-04-14 13:23:03.311 [info] ExtensionService#_doActivateExtension vscode.merge-conflict, startup: false, activationEvent: 'onStartupFinished'
2024-04-14 13:23:03.364 [info] ExtensionService#_doActivateExtension dbaeumer.vscode-eslint, startup: false, activationEvent: 'onStartupFinished'
2024-04-14 13:23:14.122 [info] ExtensionService#_doActivateExtension vscode.npm, startup: false, activationEvent: 'onTerminalQuickFixRequest:ms-vscode.npm-command'
2024-04-14 13:23:56.660 [info] Eager extensions activated
2024-04-14 13:40:42.369 [warning] Illegal argument: TextEditor(vs.editor.ICodeEditor:4,$model18)
2024-04-14 13:40:42.370 [warning] Illegal argument: TextEditor(vs.editor.ICodeEditor:4,$model18)
2024-04-14 13:40:42.370 [warning] Illegal argument: TextEditor(vs.editor.ICodeEditor:4,$model18)
2024-04-14 13:40:42.373 [warning] Illegal argument: TextEditor(vs.editor.ICodeEditor:4,$model18)
2024-04-14 13:45:03.425 [error] [Dart-Code.dart-code] provider FAILED
2024-04-14 13:45:03.425 [error] Error: Analysis failed for file
	at handleResponse (/home/arch/.vscode/extensions/dart-code.dart-code-3.86.0/out/dist/extension.js:31654:48)
	at handleMessage (/home/arch/.vscode/extensions/dart-code.dart-code-3.86.0/out/dist/extension.js:31434:13)
	at processMessageQueue (/home/arch/.vscode/extensions/dart-code.dart-code-3.86.0/out/dist/extension.js:31451:17)
	at Immediate.<anonymous> (/home/arch/.vscode/extensions/dart-code.dart-code-3.86.0/out/dist/extension.js:31423:13)
	at process.processImmediate (node:internal/timers:476:21)
2024-04-14 13:45:03.426 [error] [Dart-Code.dart-code] provider FAILED
2024-04-14 13:45:03.426 [error] Error: Analysis failed for file
	at handleResponse (/home/arch/.vscode/extensions/dart-code.dart-code-3.86.0/out/dist/extension.js:31654:48)
	at handleMessage (/home/arch/.vscode/extensions/dart-code.dart-code-3.86.0/out/dist/extension.js:31434:13)
	at processMessageQueue (/home/arch/.vscode/extensions/dart-code.dart-code-3.86.0/out/dist/extension.js:31451:17)
	at Immediate.<anonymous> (/home/arch/.vscode/extensions/dart-code.dart-code-3.86.0/out/dist/extension.js:31423:13)
	at process.processImmediate (node:internal/timers:476:21)
2024-04-14 14:01:31.451 [info] ExtensionService#_doActivateExtension vscode.debug-server-ready, startup: false, activationEvent: 'onDebugResolve'
2024-04-14 14:03:01.799 [error] Error: Invalid debug adapter
    at h.p (vscode-file://vscode-app/opt/visual-studio-code/resources/app/out/vs/workbench/workbench.desktop.main.js:1877:95)
    at h.$acceptDAExit (vscode-file://vscode-app/opt/visual-studio-code/resources/app/out/vs/workbench/workbench.desktop.main.js:1877:35)
    at g.S (vscode-file://vscode-app/opt/visual-studio-code/resources/app/out/vs/workbench/workbench.desktop.main.js:1609:13967)
    at g.Q (vscode-file://vscode-app/opt/visual-studio-code/resources/app/out/vs/workbench/workbench.desktop.main.js:1609:13733)
    at g.M (vscode-file://vscode-app/opt/visual-studio-code/resources/app/out/vs/workbench/workbench.desktop.main.js:1609:12826)
    at g.L (vscode-file://vscode-app/opt/visual-studio-code/resources/app/out/vs/workbench/workbench.desktop.main.js:1609:12044)
    at l.value (vscode-file://vscode-app/opt/visual-studio-code/resources/app/out/vs/workbench/workbench.desktop.main.js:1609:10692)
    at o.y (vscode-file://vscode-app/opt/visual-studio-code/resources/app/out/vs/workbench/workbench.desktop.main.js:87:1902)
    at o.fire (vscode-file://vscode-app/opt/visual-studio-code/resources/app/out/vs/workbench/workbench.desktop.main.js:87:2119)
    at r.fire (vscode-file://vscode-app/opt/visual-studio-code/resources/app/out/vs/workbench/workbench.desktop.main.js:624:14439)
    at V.onmessage (vscode-file://vscode-app/opt/visual-studio-code/resources/app/out/vs/workbench/workbench.desktop.main.js:1632:7759)
2024-04-14 14:03:01.804 [error] Error: Invalid debug adapter
    at h.p (vscode-file://vscode-app/opt/visual-studio-code/resources/app/out/vs/workbench/workbench.desktop.main.js:1877:95)
    at h.$acceptDAError (vscode-file://vscode-app/opt/visual-studio-code/resources/app/out/vs/workbench/workbench.desktop.main.js:1876:15492)
    at g.S (vscode-file://vscode-app/opt/visual-studio-code/resources/app/out/vs/workbench/workbench.desktop.main.js:1609:13967)
    at g.Q (vscode-file://vscode-app/opt/visual-studio-code/resources/app/out/vs/workbench/workbench.desktop.main.js:1609:13733)
    at g.M (vscode-file://vscode-app/opt/visual-studio-code/resources/app/out/vs/workbench/workbench.desktop.main.js:1609:12826)
    at g.L (vscode-file://vscode-app/opt/visual-studio-code/resources/app/out/vs/workbench/workbench.desktop.main.js:1609:11905)
    at l.value (vscode-file://vscode-app/opt/visual-studio-code/resources/app/out/vs/workbench/workbench.desktop.main.js:1609:10692)
    at o.y (vscode-file://vscode-app/opt/visual-studio-code/resources/app/out/vs/workbench/workbench.desktop.main.js:87:1902)
    at o.fire (vscode-file://vscode-app/opt/visual-studio-code/resources/app/out/vs/workbench/workbench.desktop.main.js:87:2119)
    at r.fire (vscode-file://vscode-app/opt/visual-studio-code/resources/app/out/vs/workbench/workbench.desktop.main.js:624:14439)
    at V.onmessage (vscode-file://vscode-app/opt/visual-studio-code/resources/app/out/vs/workbench/workbench.desktop.main.js:1632:7759)
2024-04-14 14:05:09.935 [info] ExtensionService#_doActivateExtension vscode.media-preview, startup: false, activationEvent: 'onCustomEditor:imagePreview.previewEditor'
2024-04-14 14:05:46.514 [error] Error: Invalid debug adapter
    at h.p (vscode-file://vscode-app/opt/visual-studio-code/resources/app/out/vs/workbench/workbench.desktop.main.js:1877:95)
    at h.$acceptDAError (vscode-file://vscode-app/opt/visual-studio-code/resources/app/out/vs/workbench/workbench.desktop.main.js:1876:15492)
    at g.S (vscode-file://vscode-app/opt/visual-studio-code/resources/app/out/vs/workbench/workbench.desktop.main.js:1609:13967)
    at g.Q (vscode-file://vscode-app/opt/visual-studio-code/resources/app/out/vs/workbench/workbench.desktop.main.js:1609:13733)
    at g.M (vscode-file://vscode-app/opt/visual-studio-code/resources/app/out/vs/workbench/workbench.desktop.main.js:1609:12826)
    at g.L (vscode-file://vscode-app/opt/visual-studio-code/resources/app/out/vs/workbench/workbench.desktop.main.js:1609:11905)
    at l.value (vscode-file://vscode-app/opt/visual-studio-code/resources/app/out/vs/workbench/workbench.desktop.main.js:1609:10692)
    at o.y (vscode-file://vscode-app/opt/visual-studio-code/resources/app/out/vs/workbench/workbench.desktop.main.js:87:1902)
    at o.fire (vscode-file://vscode-app/opt/visual-studio-code/resources/app/out/vs/workbench/workbench.desktop.main.js:87:2119)
    at r.fire (vscode-file://vscode-app/opt/visual-studio-code/resources/app/out/vs/workbench/workbench.desktop.main.js:624:14439)
    at V.onmessage (vscode-file://vscode-app/opt/visual-studio-code/resources/app/out/vs/workbench/workbench.desktop.main.js:1632:7759)
2024-04-14 14:05:46.515 [error] Error: Invalid debug adapter
    at h.p (vscode-file://vscode-app/opt/visual-studio-code/resources/app/out/vs/workbench/workbench.desktop.main.js:1877:95)
    at h.$acceptDAExit (vscode-file://vscode-app/opt/visual-studio-code/resources/app/out/vs/workbench/workbench.desktop.main.js:1877:35)
    at g.S (vscode-file://vscode-app/opt/visual-studio-code/resources/app/out/vs/workbench/workbench.desktop.main.js:1609:13967)
    at g.Q (vscode-file://vscode-app/opt/visual-studio-code/resources/app/out/vs/workbench/workbench.desktop.main.js:1609:13733)
    at g.M (vscode-file://vscode-app/opt/visual-studio-code/resources/app/out/vs/workbench/workbench.desktop.main.js:1609:12826)
    at g.L (vscode-file://vscode-app/opt/visual-studio-code/resources/app/out/vs/workbench/workbench.desktop.main.js:1609:12044)
    at l.value (vscode-file://vscode-app/opt/visual-studio-code/resources/app/out/vs/workbench/workbench.desktop.main.js:1609:10692)
    at o.y (vscode-file://vscode-app/opt/visual-studio-code/resources/app/out/vs/workbench/workbench.desktop.main.js:87:1902)
    at o.fire (vscode-file://vscode-app/opt/visual-studio-code/resources/app/out/vs/workbench/workbench.desktop.main.js:87:2119)
    at r.fire (vscode-file://vscode-app/opt/visual-studio-code/resources/app/out/vs/workbench/workbench.desktop.main.js:624:14439)
    at V.onmessage (vscode-file://vscode-app/opt/visual-studio-code/resources/app/out/vs/workbench/workbench.desktop.main.js:1632:7759)
2024-04-14 14:06:34.970 [info] ExtensionService#_doActivateExtension vscode.extension-editing, startup: false, activationEvent: 'onLanguage:json'
2024-04-14 14:06:34.983 [info] ExtensionService#_doActivateExtension vscode.json-language-features, startup: false, activationEvent: 'onLanguage:json'
2024-04-14 14:08:33.555 [error] Error: Invalid debug adapter
    at h.p (vscode-file://vscode-app/opt/visual-studio-code/resources/app/out/vs/workbench/workbench.desktop.main.js:1877:95)
    at h.$acceptDAExit (vscode-file://vscode-app/opt/visual-studio-code/resources/app/out/vs/workbench/workbench.desktop.main.js:1877:35)
    at g.S (vscode-file://vscode-app/opt/visual-studio-code/resources/app/out/vs/workbench/workbench.desktop.main.js:1609:13967)
    at g.Q (vscode-file://vscode-app/opt/visual-studio-code/resources/app/out/vs/workbench/workbench.desktop.main.js:1609:13733)
    at g.M (vscode-file://vscode-app/opt/visual-studio-code/resources/app/out/vs/workbench/workbench.desktop.main.js:1609:12826)
    at g.L (vscode-file://vscode-app/opt/visual-studio-code/resources/app/out/vs/workbench/workbench.desktop.main.js:1609:12044)
    at l.value (vscode-file://vscode-app/opt/visual-studio-code/resources/app/out/vs/workbench/workbench.desktop.main.js:1609:10692)
    at o.y (vscode-file://vscode-app/opt/visual-studio-code/resources/app/out/vs/workbench/workbench.desktop.main.js:87:1902)
    at o.fire (vscode-file://vscode-app/opt/visual-studio-code/resources/app/out/vs/workbench/workbench.desktop.main.js:87:2119)
    at r.fire (vscode-file://vscode-app/opt/visual-studio-code/resources/app/out/vs/workbench/workbench.desktop.main.js:624:14439)
    at V.onmessage (vscode-file://vscode-app/opt/visual-studio-code/resources/app/out/vs/workbench/workbench.desktop.main.js:1632:7759)
2024-04-14 14:08:33.555 [error] Error: Invalid debug adapter
    at h.p (vscode-file://vscode-app/opt/visual-studio-code/resources/app/out/vs/workbench/workbench.desktop.main.js:1877:95)
    at h.$acceptDAError (vscode-file://vscode-app/opt/visual-studio-code/resources/app/out/vs/workbench/workbench.desktop.main.js:1876:15492)
    at g.S (vscode-file://vscode-app/opt/visual-studio-code/resources/app/out/vs/workbench/workbench.desktop.main.js:1609:13967)
    at g.Q (vscode-file://vscode-app/opt/visual-studio-code/resources/app/out/vs/workbench/workbench.desktop.main.js:1609:13733)
    at g.M (vscode-file://vscode-app/opt/visual-studio-code/resources/app/out/vs/workbench/workbench.desktop.main.js:1609:12826)
    at g.L (vscode-file://vscode-app/opt/visual-studio-code/resources/app/out/vs/workbench/workbench.desktop.main.js:1609:11905)
    at l.value (vscode-file://vscode-app/opt/visual-studio-code/resources/app/out/vs/workbench/workbench.desktop.main.js:1609:10692)
    at o.y (vscode-file://vscode-app/opt/visual-studio-code/resources/app/out/vs/workbench/workbench.desktop.main.js:87:1902)
    at o.fire (vscode-file://vscode-app/opt/visual-studio-code/resources/app/out/vs/workbench/workbench.desktop.main.js:87:2119)
    at r.fire (vscode-file://vscode-app/opt/visual-studio-code/resources/app/out/vs/workbench/workbench.desktop.main.js:624:14439)
    at V.onmessage (vscode-file://vscode-app/opt/visual-studio-code/resources/app/out/vs/workbench/workbench.desktop.main.js:1632:7759)
2024-04-14 14:10:09.031 [error] Error: Invalid debug adapter
    at h.p (vscode-file://vscode-app/opt/visual-studio-code/resources/app/out/vs/workbench/workbench.desktop.main.js:1877:95)
    at h.$acceptDAExit (vscode-file://vscode-app/opt/visual-studio-code/resources/app/out/vs/workbench/workbench.desktop.main.js:1877:35)
    at g.S (vscode-file://vscode-app/opt/visual-studio-code/resources/app/out/vs/workbench/workbench.desktop.main.js:1609:13967)
    at g.Q (vscode-file://vscode-app/opt/visual-studio-code/resources/app/out/vs/workbench/workbench.desktop.main.js:1609:13733)
    at g.M (vscode-file://vscode-app/opt/visual-studio-code/resources/app/out/vs/workbench/workbench.desktop.main.js:1609:12826)
    at g.L (vscode-file://vscode-app/opt/visual-studio-code/resources/app/out/vs/workbench/workbench.desktop.main.js:1609:12044)
    at l.value (vscode-file://vscode-app/opt/visual-studio-code/resources/app/out/vs/workbench/workbench.desktop.main.js:1609:10692)
    at o.y (vscode-file://vscode-app/opt/visual-studio-code/resources/app/out/vs/workbench/workbench.desktop.main.js:87:1902)
    at o.fire (vscode-file://vscode-app/opt/visual-studio-code/resources/app/out/vs/workbench/workbench.desktop.main.js:87:2119)
    at r.fire (vscode-file://vscode-app/opt/visual-studio-code/resources/app/out/vs/workbench/workbench.desktop.main.js:624:14439)
    at V.onmessage (vscode-file://vscode-app/opt/visual-studio-code/resources/app/out/vs/workbench/workbench.desktop.main.js:1632:7759)
2024-04-14 14:10:09.036 [error] Error: Invalid debug adapter
    at h.p (vscode-file://vscode-app/opt/visual-studio-code/resources/app/out/vs/workbench/workbench.desktop.main.js:1877:95)
    at h.$acceptDAError (vscode-file://vscode-app/opt/visual-studio-code/resources/app/out/vs/workbench/workbench.desktop.main.js:1876:15492)
    at g.S (vscode-file://vscode-app/opt/visual-studio-code/resources/app/out/vs/workbench/workbench.desktop.main.js:1609:13967)
    at g.Q (vscode-file://vscode-app/opt/visual-studio-code/resources/app/out/vs/workbench/workbench.desktop.main.js:1609:13733)
    at g.M (vscode-file://vscode-app/opt/visual-studio-code/resources/app/out/vs/workbench/workbench.desktop.main.js:1609:12826)
    at g.L (vscode-file://vscode-app/opt/visual-studio-code/resources/app/out/vs/workbench/workbench.desktop.main.js:1609:11905)
    at l.value (vscode-file://vscode-app/opt/visual-studio-code/resources/app/out/vs/workbench/workbench.desktop.main.js:1609:10692)
    at o.y (vscode-file://vscode-app/opt/visual-studio-code/resources/app/out/vs/workbench/workbench.desktop.main.js:87:1902)
    at o.fire (vscode-file://vscode-app/opt/visual-studio-code/resources/app/out/vs/workbench/workbench.desktop.main.js:87:2119)
    at r.fire (vscode-file://vscode-app/opt/visual-studio-code/resources/app/out/vs/workbench/workbench.desktop.main.js:624:14439)
    at V.onmessage (vscode-file://vscode-app/opt/visual-studio-code/resources/app/out/vs/workbench/workbench.desktop.main.js:1632:7759)
2024-04-14 14:10:43.313 [error] Error: Invalid debug adapter
    at h.p (vscode-file://vscode-app/opt/visual-studio-code/resources/app/out/vs/workbench/workbench.desktop.main.js:1877:95)
    at h.$acceptDAExit (vscode-file://vscode-app/opt/visual-studio-code/resources/app/out/vs/workbench/workbench.desktop.main.js:1877:35)
    at g.S (vscode-file://vscode-app/opt/visual-studio-code/resources/app/out/vs/workbench/workbench.desktop.main.js:1609:13967)
    at g.Q (vscode-file://vscode-app/opt/visual-studio-code/resources/app/out/vs/workbench/workbench.desktop.main.js:1609:13733)
    at g.M (vscode-file://vscode-app/opt/visual-studio-code/resources/app/out/vs/workbench/workbench.desktop.main.js:1609:12826)
    at g.L (vscode-file://vscode-app/opt/visual-studio-code/resources/app/out/vs/workbench/workbench.desktop.main.js:1609:12044)
    at l.value (vscode-file://vscode-app/opt/visual-studio-code/resources/app/out/vs/workbench/workbench.desktop.main.js:1609:10692)
    at o.y (vscode-file://vscode-app/opt/visual-studio-code/resources/app/out/vs/workbench/workbench.desktop.main.js:87:1902)
    at o.fire (vscode-file://vscode-app/opt/visual-studio-code/resources/app/out/vs/workbench/workbench.desktop.main.js:87:2119)
    at r.fire (vscode-file://vscode-app/opt/visual-studio-code/resources/app/out/vs/workbench/workbench.desktop.main.js:624:14439)
    at V.onmessage (vscode-file://vscode-app/opt/visual-studio-code/resources/app/out/vs/workbench/workbench.desktop.main.js:1632:7759)
2024-04-14 14:10:43.314 [error] Error: Invalid debug adapter
    at h.p (vscode-file://vscode-app/opt/visual-studio-code/resources/app/out/vs/workbench/workbench.desktop.main.js:1877:95)
    at h.$acceptDAError (vscode-file://vscode-app/opt/visual-studio-code/resources/app/out/vs/workbench/workbench.desktop.main.js:1876:15492)
    at g.S (vscode-file://vscode-app/opt/visual-studio-code/resources/app/out/vs/workbench/workbench.desktop.main.js:1609:13967)
    at g.Q (vscode-file://vscode-app/opt/visual-studio-code/resources/app/out/vs/workbench/workbench.desktop.main.js:1609:13733)
    at g.M (vscode-file://vscode-app/opt/visual-studio-code/resources/app/out/vs/workbench/workbench.desktop.main.js:1609:12826)
    at g.L (vscode-file://vscode-app/opt/visual-studio-code/resources/app/out/vs/workbench/workbench.desktop.main.js:1609:11905)
    at l.value (vscode-file://vscode-app/opt/visual-studio-code/resources/app/out/vs/workbench/workbench.desktop.main.js:1609:10692)
    at o.y (vscode-file://vscode-app/opt/visual-studio-code/resources/app/out/vs/workbench/workbench.desktop.main.js:87:1902)
    at o.fire (vscode-file://vscode-app/opt/visual-studio-code/resources/app/out/vs/workbench/workbench.desktop.main.js:87:2119)
    at r.fire (vscode-file://vscode-app/opt/visual-studio-code/resources/app/out/vs/workbench/workbench.desktop.main.js:624:14439)
    at V.onmessage (vscode-file://vscode-app/opt/visual-studio-code/resources/app/out/vs/workbench/workbench.desktop.main.js:1632:7759)
2024-04-14 14:17:34.641 [error] Error: Invalid debug adapter
    at h.p (vscode-file://vscode-app/opt/visual-studio-code/resources/app/out/vs/workbench/workbench.desktop.main.js:1877:95)
    at h.$acceptDAError (vscode-file://vscode-app/opt/visual-studio-code/resources/app/out/vs/workbench/workbench.desktop.main.js:1876:15492)
    at g.S (vscode-file://vscode-app/opt/visual-studio-code/resources/app/out/vs/workbench/workbench.desktop.main.js:1609:13967)
    at g.Q (vscode-file://vscode-app/opt/visual-studio-code/resources/app/out/vs/workbench/workbench.desktop.main.js:1609:13733)
    at g.M (vscode-file://vscode-app/opt/visual-studio-code/resources/app/out/vs/workbench/workbench.desktop.main.js:1609:12826)
    at g.L (vscode-file://vscode-app/opt/visual-studio-code/resources/app/out/vs/workbench/workbench.desktop.main.js:1609:11905)
    at l.value (vscode-file://vscode-app/opt/visual-studio-code/resources/app/out/vs/workbench/workbench.desktop.main.js:1609:10692)
    at o.y (vscode-file://vscode-app/opt/visual-studio-code/resources/app/out/vs/workbench/workbench.desktop.main.js:87:1902)
    at o.fire (vscode-file://vscode-app/opt/visual-studio-code/resources/app/out/vs/workbench/workbench.desktop.main.js:87:2119)
    at r.fire (vscode-file://vscode-app/opt/visual-studio-code/resources/app/out/vs/workbench/workbench.desktop.main.js:624:14439)
    at V.onmessage (vscode-file://vscode-app/opt/visual-studio-code/resources/app/out/vs/workbench/workbench.desktop.main.js:1632:7759)
2024-04-14 14:17:34.662 [error] Error: Invalid debug adapter
    at h.p (vscode-file://vscode-app/opt/visual-studio-code/resources/app/out/vs/workbench/workbench.desktop.main.js:1877:95)
    at h.$acceptDAExit (vscode-file://vscode-app/opt/visual-studio-code/resources/app/out/vs/workbench/workbench.desktop.main.js:1877:35)
    at g.S (vscode-file://vscode-app/opt/visual-studio-code/resources/app/out/vs/workbench/workbench.desktop.main.js:1609:13967)
    at g.Q (vscode-file://vscode-app/opt/visual-studio-code/resources/app/out/vs/workbench/workbench.desktop.main.js:1609:13733)
    at g.M (vscode-file://vscode-app/opt/visual-studio-code/resources/app/out/vs/workbench/workbench.desktop.main.js:1609:12826)
    at g.L (vscode-file://vscode-app/opt/visual-studio-code/resources/app/out/vs/workbench/workbench.desktop.main.js:1609:12044)
    at l.value (vscode-file://vscode-app/opt/visual-studio-code/resources/app/out/vs/workbench/workbench.desktop.main.js:1609:10692)
    at o.y (vscode-file://vscode-app/opt/visual-studio-code/resources/app/out/vs/workbench/workbench.desktop.main.js:87:1902)
    at o.fire (vscode-file://vscode-app/opt/visual-studio-code/resources/app/out/vs/workbench/workbench.desktop.main.js:87:2119)
    at r.fire (vscode-file://vscode-app/opt/visual-studio-code/resources/app/out/vs/workbench/workbench.desktop.main.js:624:14439)
    at V.onmessage (vscode-file://vscode-app/opt/visual-studio-code/resources/app/out/vs/workbench/workbench.desktop.main.js:1632:7759)
2024-04-14 15:28:02.953 [warning] Illegal argument: TextEditor(vs.editor.ICodeEditor:1,$model156)
2024-04-14 15:32:53.138 [error] [Dart-Code.dart-code] provider FAILED
2024-04-14 15:32:53.138 [error] TypeError: Cannot read properties of undefined (reading 'label')
	at shouldTriggerCompletionAgain (/home/arch/.vscode/extensions/dart-code.dart-code-3.86.0/out/dist/extension.js:5383:39)
	at LspAnalyzer.<anonymous> (/home/arch/.vscode/extensions/dart-code.dart-code-3.86.0/out/dist/extension.js:5467:25)
	at Generator.next (<anonymous>)
	at fulfilled (/home/arch/.vscode/extensions/dart-code.dart-code-3.86.0/out/dist/extension.js:5274:58)
	at runNextTicks (node:internal/process/task_queues:60:5)
	at process.processImmediate (node:internal/timers:447:9)
2024-04-14 15:45:42.653 [error] Error: Invalid debug adapter
    at h.p (vscode-file://vscode-app/opt/visual-studio-code/resources/app/out/vs/workbench/workbench.desktop.main.js:1877:95)
    at h.$acceptDAExit (vscode-file://vscode-app/opt/visual-studio-code/resources/app/out/vs/workbench/workbench.desktop.main.js:1877:35)
    at g.S (vscode-file://vscode-app/opt/visual-studio-code/resources/app/out/vs/workbench/workbench.desktop.main.js:1609:13967)
    at g.Q (vscode-file://vscode-app/opt/visual-studio-code/resources/app/out/vs/workbench/workbench.desktop.main.js:1609:13733)
    at g.M (vscode-file://vscode-app/opt/visual-studio-code/resources/app/out/vs/workbench/workbench.desktop.main.js:1609:12826)
    at g.L (vscode-file://vscode-app/opt/visual-studio-code/resources/app/out/vs/workbench/workbench.desktop.main.js:1609:12044)
    at l.value (vscode-file://vscode-app/opt/visual-studio-code/resources/app/out/vs/workbench/workbench.desktop.main.js:1609:10692)
    at o.y (vscode-file://vscode-app/opt/visual-studio-code/resources/app/out/vs/workbench/workbench.desktop.main.js:87:1902)
    at o.fire (vscode-file://vscode-app/opt/visual-studio-code/resources/app/out/vs/workbench/workbench.desktop.main.js:87:2119)
    at r.fire (vscode-file://vscode-app/opt/visual-studio-code/resources/app/out/vs/workbench/workbench.desktop.main.js:624:14439)
    at V.onmessage (vscode-file://vscode-app/opt/visual-studio-code/resources/app/out/vs/workbench/workbench.desktop.main.js:1632:7759)
2024-04-14 15:45:42.664 [error] Error: Invalid debug adapter
    at h.p (vscode-file://vscode-app/opt/visual-studio-code/resources/app/out/vs/workbench/workbench.desktop.main.js:1877:95)
    at h.$acceptDAError (vscode-file://vscode-app/opt/visual-studio-code/resources/app/out/vs/workbench/workbench.desktop.main.js:1876:15492)
    at g.S (vscode-file://vscode-app/opt/visual-studio-code/resources/app/out/vs/workbench/workbench.desktop.main.js:1609:13967)
    at g.Q (vscode-file://vscode-app/opt/visual-studio-code/resources/app/out/vs/workbench/workbench.desktop.main.js:1609:13733)
    at g.M (vscode-file://vscode-app/opt/visual-studio-code/resources/app/out/vs/workbench/workbench.desktop.main.js:1609:12826)
    at g.L (vscode-file://vscode-app/opt/visual-studio-code/resources/app/out/vs/workbench/workbench.desktop.main.js:1609:11905)
    at l.value (vscode-file://vscode-app/opt/visual-studio-code/resources/app/out/vs/workbench/workbench.desktop.main.js:1609:10692)
    at o.y (vscode-file://vscode-app/opt/visual-studio-code/resources/app/out/vs/workbench/workbench.desktop.main.js:87:1902)
    at o.fire (vscode-file://vscode-app/opt/visual-studio-code/resources/app/out/vs/workbench/workbench.desktop.main.js:87:2119)
    at r.fire (vscode-file://vscode-app/opt/visual-studio-code/resources/app/out/vs/workbench/workbench.desktop.main.js:624:14439)
    at V.onmessage (vscode-file://vscode-app/opt/visual-studio-code/resources/app/out/vs/workbench/workbench.desktop.main.js:1632:7759)
2024-04-14 16:02:01.963 [warning] Illegal argument: TextEditor(vs.editor.ICodeEditor:1,$model576)
2024-04-14 16:02:01.965 [warning] Illegal argument: TextEditor(vs.editor.ICodeEditor:1,$model576)
2024-04-14 16:02:01.965 [warning] Illegal argument: TextEditor(vs.editor.ICodeEditor:1,$model576)
2024-04-14 16:02:01.966 [warning] Illegal argument: TextEditor(vs.editor.ICodeEditor:1,$model576)
2024-04-14 16:02:01.968 [warning] Illegal argument: TextEditor(vs.editor.ICodeEditor:1,$model576)
2024-04-14 16:12:07.085 [error] Error: Invalid debug adapter
    at h.p (vscode-file://vscode-app/opt/visual-studio-code/resources/app/out/vs/workbench/workbench.desktop.main.js:1877:95)
    at h.$acceptDAExit (vscode-file://vscode-app/opt/visual-studio-code/resources/app/out/vs/workbench/workbench.desktop.main.js:1877:35)
    at g.S (vscode-file://vscode-app/opt/visual-studio-code/resources/app/out/vs/workbench/workbench.desktop.main.js:1609:13967)
    at g.Q (vscode-file://vscode-app/opt/visual-studio-code/resources/app/out/vs/workbench/workbench.desktop.main.js:1609:13733)
    at g.M (vscode-file://vscode-app/opt/visual-studio-code/resources/app/out/vs/workbench/workbench.desktop.main.js:1609:12826)
    at g.L (vscode-file://vscode-app/opt/visual-studio-code/resources/app/out/vs/workbench/workbench.desktop.main.js:1609:12044)
    at l.value (vscode-file://vscode-app/opt/visual-studio-code/resources/app/out/vs/workbench/workbench.desktop.main.js:1609:10692)
    at o.y (vscode-file://vscode-app/opt/visual-studio-code/resources/app/out/vs/workbench/workbench.desktop.main.js:87:1902)
    at o.fire (vscode-file://vscode-app/opt/visual-studio-code/resources/app/out/vs/workbench/workbench.desktop.main.js:87:2119)
    at r.fire (vscode-file://vscode-app/opt/visual-studio-code/resources/app/out/vs/workbench/workbench.desktop.main.js:624:14439)
    at V.onmessage (vscode-file://vscode-app/opt/visual-studio-code/resources/app/out/vs/workbench/workbench.desktop.main.js:1632:7759)
2024-04-14 16:12:07.086 [error] Error: Invalid debug adapter
    at h.p (vscode-file://vscode-app/opt/visual-studio-code/resources/app/out/vs/workbench/workbench.desktop.main.js:1877:95)
    at h.$acceptDAError (vscode-file://vscode-app/opt/visual-studio-code/resources/app/out/vs/workbench/workbench.desktop.main.js:1876:15492)
    at g.S (vscode-file://vscode-app/opt/visual-studio-code/resources/app/out/vs/workbench/workbench.desktop.main.js:1609:13967)
    at g.Q (vscode-file://vscode-app/opt/visual-studio-code/resources/app/out/vs/workbench/workbench.desktop.main.js:1609:13733)
    at g.M (vscode-file://vscode-app/opt/visual-studio-code/resources/app/out/vs/workbench/workbench.desktop.main.js:1609:12826)
    at g.L (vscode-file://vscode-app/opt/visual-studio-code/resources/app/out/vs/workbench/workbench.desktop.main.js:1609:11905)
    at l.value (vscode-file://vscode-app/opt/visual-studio-code/resources/app/out/vs/workbench/workbench.desktop.main.js:1609:10692)
    at o.y (vscode-file://vscode-app/opt/visual-studio-code/resources/app/out/vs/workbench/workbench.desktop.main.js:87:1902)
    at o.fire (vscode-file://vscode-app/opt/visual-studio-code/resources/app/out/vs/workbench/workbench.desktop.main.js:87:2119)
    at r.fire (vscode-file://vscode-app/opt/visual-studio-code/resources/app/out/vs/workbench/workbench.desktop.main.js:624:14439)
    at V.onmessage (vscode-file://vscode-app/opt/visual-studio-code/resources/app/out/vs/workbench/workbench.desktop.main.js:1632:7759)
2024-04-14 16:28:54.107 [error] [Dart-Code.dart-code] provider FAILED
2024-04-14 16:28:54.107 [error] TypeError: Cannot read properties of undefined (reading 'label')
	at shouldTriggerCompletionAgain (/home/arch/.vscode/extensions/dart-code.dart-code-3.86.0/out/dist/extension.js:5383:39)
	at LspAnalyzer.<anonymous> (/home/arch/.vscode/extensions/dart-code.dart-code-3.86.0/out/dist/extension.js:5467:25)
	at Generator.next (<anonymous>)
	at fulfilled (/home/arch/.vscode/extensions/dart-code.dart-code-3.86.0/out/dist/extension.js:5274:58)
	at runNextTicks (node:internal/process/task_queues:60:5)
	at process.processImmediate (node:internal/timers:447:9)
2024-04-14 16:44:04.484 [error] Error: Invalid debug adapter
    at h.p (vscode-file://vscode-app/opt/visual-studio-code/resources/app/out/vs/workbench/workbench.desktop.main.js:1877:95)
    at h.$acceptDAError (vscode-file://vscode-app/opt/visual-studio-code/resources/app/out/vs/workbench/workbench.desktop.main.js:1876:15492)
    at g.S (vscode-file://vscode-app/opt/visual-studio-code/resources/app/out/vs/workbench/workbench.desktop.main.js:1609:13967)
    at g.Q (vscode-file://vscode-app/opt/visual-studio-code/resources/app/out/vs/workbench/workbench.desktop.main.js:1609:13733)
    at g.M (vscode-file://vscode-app/opt/visual-studio-code/resources/app/out/vs/workbench/workbench.desktop.main.js:1609:12826)
    at g.L (vscode-file://vscode-app/opt/visual-studio-code/resources/app/out/vs/workbench/workbench.desktop.main.js:1609:11905)
    at l.value (vscode-file://vscode-app/opt/visual-studio-code/resources/app/out/vs/workbench/workbench.desktop.main.js:1609:10692)
    at o.y (vscode-file://vscode-app/opt/visual-studio-code/resources/app/out/vs/workbench/workbench.desktop.main.js:87:1902)
    at o.fire (vscode-file://vscode-app/opt/visual-studio-code/resources/app/out/vs/workbench/workbench.desktop.main.js:87:2119)
    at r.fire (vscode-file://vscode-app/opt/visual-studio-code/resources/app/out/vs/workbench/workbench.desktop.main.js:624:14439)
    at V.onmessage (vscode-file://vscode-app/opt/visual-studio-code/resources/app/out/vs/workbench/workbench.desktop.main.js:1632:7759)
2024-04-14 16:44:04.508 [error] Error: Invalid debug adapter
    at h.p (vscode-file://vscode-app/opt/visual-studio-code/resources/app/out/vs/workbench/workbench.desktop.main.js:1877:95)
    at h.$acceptDAExit (vscode-file://vscode-app/opt/visual-studio-code/resources/app/out/vs/workbench/workbench.desktop.main.js:1877:35)
    at g.S (vscode-file://vscode-app/opt/visual-studio-code/resources/app/out/vs/workbench/workbench.desktop.main.js:1609:13967)
    at g.Q (vscode-file://vscode-app/opt/visual-studio-code/resources/app/out/vs/workbench/workbench.desktop.main.js:1609:13733)
    at g.M (vscode-file://vscode-app/opt/visual-studio-code/resources/app/out/vs/workbench/workbench.desktop.main.js:1609:12826)
    at g.L (vscode-file://vscode-app/opt/visual-studio-code/resources/app/out/vs/workbench/workbench.desktop.main.js:1609:12044)
    at l.value (vscode-file://vscode-app/opt/visual-studio-code/resources/app/out/vs/workbench/workbench.desktop.main.js:1609:10692)
    at o.y (vscode-file://vscode-app/opt/visual-studio-code/resources/app/out/vs/workbench/workbench.desktop.main.js:87:1902)
    at o.fire (vscode-file://vscode-app/opt/visual-studio-code/resources/app/out/vs/workbench/workbench.desktop.main.js:87:2119)
    at r.fire (vscode-file://vscode-app/opt/visual-studio-code/resources/app/out/vs/workbench/workbench.desktop.main.js:624:14439)
    at V.onmessage (vscode-file://vscode-app/opt/visual-studio-code/resources/app/out/vs/workbench/workbench.desktop.main.js:1632:7759)
2024-04-14 16:47:12.285 [error] Error: Invalid debug adapter
    at h.p (vscode-file://vscode-app/opt/visual-studio-code/resources/app/out/vs/workbench/workbench.desktop.main.js:1877:95)
    at h.$acceptDAExit (vscode-file://vscode-app/opt/visual-studio-code/resources/app/out/vs/workbench/workbench.desktop.main.js:1877:35)
    at g.S (vscode-file://vscode-app/opt/visual-studio-code/resources/app/out/vs/workbench/workbench.desktop.main.js:1609:13967)
    at g.Q (vscode-file://vscode-app/opt/visual-studio-code/resources/app/out/vs/workbench/workbench.desktop.main.js:1609:13733)
    at g.M (vscode-file://vscode-app/opt/visual-studio-code/resources/app/out/vs/workbench/workbench.desktop.main.js:1609:12826)
    at g.L (vscode-file://vscode-app/opt/visual-studio-code/resources/app/out/vs/workbench/workbench.desktop.main.js:1609:12044)
    at l.value (vscode-file://vscode-app/opt/visual-studio-code/resources/app/out/vs/workbench/workbench.desktop.main.js:1609:10692)
    at o.y (vscode-file://vscode-app/opt/visual-studio-code/resources/app/out/vs/workbench/workbench.desktop.main.js:87:1902)
    at o.fire (vscode-file://vscode-app/opt/visual-studio-code/resources/app/out/vs/workbench/workbench.desktop.main.js:87:2119)
    at r.fire (vscode-file://vscode-app/opt/visual-studio-code/resources/app/out/vs/workbench/workbench.desktop.main.js:624:14439)
    at V.onmessage (vscode-file://vscode-app/opt/visual-studio-code/resources/app/out/vs/workbench/workbench.desktop.main.js:1632:7759)
2024-04-14 16:47:12.286 [error] Error: Invalid debug adapter
    at h.p (vscode-file://vscode-app/opt/visual-studio-code/resources/app/out/vs/workbench/workbench.desktop.main.js:1877:95)
    at h.$acceptDAError (vscode-file://vscode-app/opt/visual-studio-code/resources/app/out/vs/workbench/workbench.desktop.main.js:1876:15492)
    at g.S (vscode-file://vscode-app/opt/visual-studio-code/resources/app/out/vs/workbench/workbench.desktop.main.js:1609:13967)
    at g.Q (vscode-file://vscode-app/opt/visual-studio-code/resources/app/out/vs/workbench/workbench.desktop.main.js:1609:13733)
    at g.M (vscode-file://vscode-app/opt/visual-studio-code/resources/app/out/vs/workbench/workbench.desktop.main.js:1609:12826)
    at g.L (vscode-file://vscode-app/opt/visual-studio-code/resources/app/out/vs/workbench/workbench.desktop.main.js:1609:11905)
    at l.value (vscode-file://vscode-app/opt/visual-studio-code/resources/app/out/vs/workbench/workbench.desktop.main.js:1609:10692)
    at o.y (vscode-file://vscode-app/opt/visual-studio-code/resources/app/out/vs/workbench/workbench.desktop.main.js:87:1902)
    at o.fire (vscode-file://vscode-app/opt/visual-studio-code/resources/app/out/vs/workbench/workbench.desktop.main.js:87:2119)
    at r.fire (vscode-file://vscode-app/opt/visual-studio-code/resources/app/out/vs/workbench/workbench.desktop.main.js:624:14439)
    at V.onmessage (vscode-file://vscode-app/opt/visual-studio-code/resources/app/out/vs/workbench/workbench.desktop.main.js:1632:7759)
2024-04-14 19:01:46.891 [error] Error: Invalid debug adapter
    at h.p (vscode-file://vscode-app/opt/visual-studio-code/resources/app/out/vs/workbench/workbench.desktop.main.js:1877:95)
    at h.$acceptDAExit (vscode-file://vscode-app/opt/visual-studio-code/resources/app/out/vs/workbench/workbench.desktop.main.js:1877:35)
    at g.S (vscode-file://vscode-app/opt/visual-studio-code/resources/app/out/vs/workbench/workbench.desktop.main.js:1609:13967)
    at g.Q (vscode-file://vscode-app/opt/visual-studio-code/resources/app/out/vs/workbench/workbench.desktop.main.js:1609:13733)
    at g.M (vscode-file://vscode-app/opt/visual-studio-code/resources/app/out/vs/workbench/workbench.desktop.main.js:1609:12826)
    at g.L (vscode-file://vscode-app/opt/visual-studio-code/resources/app/out/vs/workbench/workbench.desktop.main.js:1609:12044)
    at l.value (vscode-file://vscode-app/opt/visual-studio-code/resources/app/out/vs/workbench/workbench.desktop.main.js:1609:10692)
    at o.y (vscode-file://vscode-app/opt/visual-studio-code/resources/app/out/vs/workbench/workbench.desktop.main.js:87:1902)
    at o.fire (vscode-file://vscode-app/opt/visual-studio-code/resources/app/out/vs/workbench/workbench.desktop.main.js:87:2119)
    at r.fire (vscode-file://vscode-app/opt/visual-studio-code/resources/app/out/vs/workbench/workbench.desktop.main.js:624:14439)
    at V.onmessage (vscode-file://vscode-app/opt/visual-studio-code/resources/app/out/vs/workbench/workbench.desktop.main.js:1632:7759)
2024-04-14 19:01:46.892 [error] Error: Invalid debug adapter
    at h.p (vscode-file://vscode-app/opt/visual-studio-code/resources/app/out/vs/workbench/workbench.desktop.main.js:1877:95)
    at h.$acceptDAError (vscode-file://vscode-app/opt/visual-studio-code/resources/app/out/vs/workbench/workbench.desktop.main.js:1876:15492)
    at g.S (vscode-file://vscode-app/opt/visual-studio-code/resources/app/out/vs/workbench/workbench.desktop.main.js:1609:13967)
    at g.Q (vscode-file://vscode-app/opt/visual-studio-code/resources/app/out/vs/workbench/workbench.desktop.main.js:1609:13733)
    at g.M (vscode-file://vscode-app/opt/visual-studio-code/resources/app/out/vs/workbench/workbench.desktop.main.js:1609:12826)
    at g.L (vscode-file://vscode-app/opt/visual-studio-code/resources/app/out/vs/workbench/workbench.desktop.main.js:1609:11905)
    at l.value (vscode-file://vscode-app/opt/visual-studio-code/resources/app/out/vs/workbench/workbench.desktop.main.js:1609:10692)
    at o.y (vscode-file://vscode-app/opt/visual-studio-code/resources/app/out/vs/workbench/workbench.desktop.main.js:87:1902)
    at o.fire (vscode-file://vscode-app/opt/visual-studio-code/resources/app/out/vs/workbench/workbench.desktop.main.js:87:2119)
    at r.fire (vscode-file://vscode-app/opt/visual-studio-code/resources/app/out/vs/workbench/workbench.desktop.main.js:624:14439)
    at V.onmessage (vscode-file://vscode-app/opt/visual-studio-code/resources/app/out/vs/workbench/workbench.desktop.main.js:1632:7759)
2024-04-15 09:24:13.380 [error] Error: Invalid debug adapter
    at h.p (vscode-file://vscode-app/opt/visual-studio-code/resources/app/out/vs/workbench/workbench.desktop.main.js:1877:95)
    at h.$acceptDAExit (vscode-file://vscode-app/opt/visual-studio-code/resources/app/out/vs/workbench/workbench.desktop.main.js:1877:35)
    at g.S (vscode-file://vscode-app/opt/visual-studio-code/resources/app/out/vs/workbench/workbench.desktop.main.js:1609:13967)
    at g.Q (vscode-file://vscode-app/opt/visual-studio-code/resources/app/out/vs/workbench/workbench.desktop.main.js:1609:13733)
    at g.M (vscode-file://vscode-app/opt/visual-studio-code/resources/app/out/vs/workbench/workbench.desktop.main.js:1609:12826)
    at g.L (vscode-file://vscode-app/opt/visual-studio-code/resources/app/out/vs/workbench/workbench.desktop.main.js:1609:12044)
    at l.value (vscode-file://vscode-app/opt/visual-studio-code/resources/app/out/vs/workbench/workbench.desktop.main.js:1609:10692)
    at o.y (vscode-file://vscode-app/opt/visual-studio-code/resources/app/out/vs/workbench/workbench.desktop.main.js:87:1902)
    at o.fire (vscode-file://vscode-app/opt/visual-studio-code/resources/app/out/vs/workbench/workbench.desktop.main.js:87:2119)
    at r.fire (vscode-file://vscode-app/opt/visual-studio-code/resources/app/out/vs/workbench/workbench.desktop.main.js:624:14439)
    at V.onmessage (vscode-file://vscode-app/opt/visual-studio-code/resources/app/out/vs/workbench/workbench.desktop.main.js:1632:7759)
2024-04-15 09:24:13.389 [error] Error: Invalid debug adapter
    at h.p (vscode-file://vscode-app/opt/visual-studio-code/resources/app/out/vs/workbench/workbench.desktop.main.js:1877:95)
    at h.$acceptDAError (vscode-file://vscode-app/opt/visual-studio-code/resources/app/out/vs/workbench/workbench.desktop.main.js:1876:15492)
    at g.S (vscode-file://vscode-app/opt/visual-studio-code/resources/app/out/vs/workbench/workbench.desktop.main.js:1609:13967)
    at g.Q (vscode-file://vscode-app/opt/visual-studio-code/resources/app/out/vs/workbench/workbench.desktop.main.js:1609:13733)
    at g.M (vscode-file://vscode-app/opt/visual-studio-code/resources/app/out/vs/workbench/workbench.desktop.main.js:1609:12826)
    at g.L (vscode-file://vscode-app/opt/visual-studio-code/resources/app/out/vs/workbench/workbench.desktop.main.js:1609:11905)
    at l.value (vscode-file://vscode-app/opt/visual-studio-code/resources/app/out/vs/workbench/workbench.desktop.main.js:1609:10692)
    at o.y (vscode-file://vscode-app/opt/visual-studio-code/resources/app/out/vs/workbench/workbench.desktop.main.js:87:1902)
    at o.fire (vscode-file://vscode-app/opt/visual-studio-code/resources/app/out/vs/workbench/workbench.desktop.main.js:87:2119)
    at r.fire (vscode-file://vscode-app/opt/visual-studio-code/resources/app/out/vs/workbench/workbench.desktop.main.js:624:14439)
    at V.onmessage (vscode-file://vscode-app/opt/visual-studio-code/resources/app/out/vs/workbench/workbench.desktop.main.js:1632:7759)
2024-04-15 10:13:50.871 [warning] Illegal argument: TextEditor(vs.editor.ICodeEditor:1,$model905)
2024-04-15 10:54:10.266 [warning] Illegal argument: TextEditor(vs.editor.ICodeEditor:1,$model1027)
2024-04-15 11:14:50.633 [warning] Illegal argument: TextEditor(vs.editor.ICodeEditor:1,$model1076)
2024-04-15 12:32:45.051 [error] Error: Invalid debug adapter
    at h.p (vscode-file://vscode-app/opt/visual-studio-code/resources/app/out/vs/workbench/workbench.desktop.main.js:1877:95)
    at h.$acceptDAExit (vscode-file://vscode-app/opt/visual-studio-code/resources/app/out/vs/workbench/workbench.desktop.main.js:1877:35)
    at g.S (vscode-file://vscode-app/opt/visual-studio-code/resources/app/out/vs/workbench/workbench.desktop.main.js:1609:13967)
    at g.Q (vscode-file://vscode-app/opt/visual-studio-code/resources/app/out/vs/workbench/workbench.desktop.main.js:1609:13733)
    at g.M (vscode-file://vscode-app/opt/visual-studio-code/resources/app/out/vs/workbench/workbench.desktop.main.js:1609:12826)
    at g.L (vscode-file://vscode-app/opt/visual-studio-code/resources/app/out/vs/workbench/workbench.desktop.main.js:1609:12044)
    at l.value (vscode-file://vscode-app/opt/visual-studio-code/resources/app/out/vs/workbench/workbench.desktop.main.js:1609:10692)
    at o.y (vscode-file://vscode-app/opt/visual-studio-code/resources/app/out/vs/workbench/workbench.desktop.main.js:87:1902)
    at o.fire (vscode-file://vscode-app/opt/visual-studio-code/resources/app/out/vs/workbench/workbench.desktop.main.js:87:2119)
    at r.fire (vscode-file://vscode-app/opt/visual-studio-code/resources/app/out/vs/workbench/workbench.desktop.main.js:624:14439)
    at V.onmessage (vscode-file://vscode-app/opt/visual-studio-code/resources/app/out/vs/workbench/workbench.desktop.main.js:1632:7759)
2024-04-15 12:32:45.051 [error] Error: Invalid debug adapter
    at h.p (vscode-file://vscode-app/opt/visual-studio-code/resources/app/out/vs/workbench/workbench.desktop.main.js:1877:95)
    at h.$acceptDAError (vscode-file://vscode-app/opt/visual-studio-code/resources/app/out/vs/workbench/workbench.desktop.main.js:1876:15492)
    at g.S (vscode-file://vscode-app/opt/visual-studio-code/resources/app/out/vs/workbench/workbench.desktop.main.js:1609:13967)
    at g.Q (vscode-file://vscode-app/opt/visual-studio-code/resources/app/out/vs/workbench/workbench.desktop.main.js:1609:13733)
    at g.M (vscode-file://vscode-app/opt/visual-studio-code/resources/app/out/vs/workbench/workbench.desktop.main.js:1609:12826)
    at g.L (vscode-file://vscode-app/opt/visual-studio-code/resources/app/out/vs/workbench/workbench.desktop.main.js:1609:11905)
    at l.value (vscode-file://vscode-app/opt/visual-studio-code/resources/app/out/vs/workbench/workbench.desktop.main.js:1609:10692)
    at o.y (vscode-file://vscode-app/opt/visual-studio-code/resources/app/out/vs/workbench/workbench.desktop.main.js:87:1902)
    at o.fire (vscode-file://vscode-app/opt/visual-studio-code/resources/app/out/vs/workbench/workbench.desktop.main.js:87:2119)
    at r.fire (vscode-file://vscode-app/opt/visual-studio-code/resources/app/out/vs/workbench/workbench.desktop.main.js:624:14439)
    at V.onmessage (vscode-file://vscode-app/opt/visual-studio-code/resources/app/out/vs/workbench/workbench.desktop.main.js:1632:7759)
2024-04-15 13:14:52.433 [info] Extension host terminating: renderer closed the MessagePort
2024-04-15 13:14:52.465 [warning] TextEditor is closed/disposed
2024-04-15 13:14:52.465 [warning] TextEditor is closed/disposed
2024-04-15 13:14:52.465 [warning] TextEditor is closed/disposed
2024-04-15 13:14:52.465 [warning] TextEditor is closed/disposed
2024-04-15 13:14:52.465 [warning] TextEditor is closed/disposed
2024-04-15 13:14:52.465 [warning] TextEditor is closed/disposed
2024-04-15 13:14:52.465 [warning] TextEditor is closed/disposed
2024-04-15 13:14:52.465 [warning] TextEditor is closed/disposed
2024-04-15 13:14:52.465 [warning] TextEditor is closed/disposed
2024-04-15 13:14:52.465 [warning] TextEditor is closed/disposed
2024-04-15 13:14:52.465 [warning] TextEditor is closed/disposed
2024-04-15 13:14:52.465 [warning] TextEditor is closed/disposed
2024-04-15 13:14:52.465 [warning] TextEditor is closed/disposed
2024-04-15 13:14:52.465 [warning] TextEditor is closed/disposed
2024-04-15 13:14:52.465 [warning] TextEditor is closed/disposed
2024-04-15 13:14:52.465 [warning] TextEditor is closed/disposed
2024-04-15 13:14:52.465 [warning] TextEditor is closed/disposed
2024-04-15 13:14:52.487 [error] Canceled: Canceled
	at new $ (/opt/visual-studio-code/resources/app/out/vs/workbench/api/node/extensionHostProcess.js:140:45885)
	at s.U (/opt/visual-studio-code/resources/app/out/vs/workbench/api/node/extensionHostProcess.js:147:5556)
	at z.<computed>.T.charCodeAt.z.<computed> (/opt/visual-studio-code/resources/app/out/vs/workbench/api/node/extensionHostProcess.js:147:3007)
	at l.g (/opt/visual-studio-code/resources/app/out/vs/workbench/api/node/extensionHostProcess.js:150:184300)
	at l.executeCommand (/opt/visual-studio-code/resources/app/out/vs/workbench/api/node/extensionHostProcess.js:150:183738)
	at f.registerCommand.description (/opt/visual-studio-code/resources/app/out/vs/workbench/api/node/extensionHostProcess.js:150:183062)
	at l.h (/opt/visual-studio-code/resources/app/out/vs/workbench/api/node/extensionHostProcess.js:150:184839)
	at l.g (/opt/visual-studio-code/resources/app/out/vs/workbench/api/node/extensionHostProcess.js:150:183831)
	at l.executeCommand (/opt/visual-studio-code/resources/app/out/vs/workbench/api/node/extensionHostProcess.js:150:183738)
	at Object.executeCommand (/opt/visual-studio-code/resources/app/out/vs/workbench/api/node/extensionHostProcess.js:160:21654)
	at w.O [as value] (/opt/visual-studio-code/resources/app/extensions/git/dist/main.js:2:943479)
	at n.y (/opt/visual-studio-code/resources/app/out/vs/workbench/api/node/extensionHostProcess.js:80:1902)
	at n.z (/opt/visual-studio-code/resources/app/out/vs/workbench/api/node/extensionHostProcess.js:80:1972)
	at n.fire (/opt/visual-studio-code/resources/app/out/vs/workbench/api/node/extensionHostProcess.js:80:2188)
	at Object.m [as dispose] (/opt/visual-studio-code/resources/app/extensions/git/dist/main.js:2:962791)
	at /opt/visual-studio-code/resources/app/extensions/git/dist/main.js:2:968825
	at Array.forEach (<anonymous>)
	at f.dispose (/opt/visual-studio-code/resources/app/extensions/git/dist/main.js:2:968811)
	at u.<anonymous> (/opt/visual-studio-code/resources/app/out/vs/workbench/api/node/extensionHostProcess.js:148:3704)
	at u.dispose (/opt/visual-studio-code/resources/app/out/vs/workbench/api/node/extensionHostProcess.js:148:3801)
	at u.<anonymous> (/opt/visual-studio-code/resources/app/extensions/git/dist/main.js:2:945736)
	at u.dispose (/opt/visual-studio-code/resources/app/out/vs/workbench/api/node/extensionHostProcess.js:148:3801)
	at o (/opt/visual-studio-code/resources/app/out/vs/workbench/api/node/extensionHostProcess.js:30:754)
	at w.cb (/opt/visual-studio-code/resources/app/out/vs/workbench/api/node/extensionHostProcess.js:156:9882)
	at /opt/visual-studio-code/resources/app/out/vs/workbench/api/node/extensionHostProcess.js:156:7816
	at Array.map (<anonymous>)
	at w.Y (/opt/visual-studio-code/resources/app/out/vs/workbench/api/node/extensionHostProcess.js:156:7803)
	at w.terminate (/opt/visual-studio-code/resources/app/out/vs/workbench/api/node/extensionHostProcess.js:156:8076)
	at o.terminate (/opt/visual-studio-code/resources/app/out/vs/workbench/api/node/extensionHostProcess.js:160:1513)
	at t (/opt/visual-studio-code/resources/app/out/vs/workbench/api/node/extensionHostProcess.js:173:9949)
	at MessagePortMain.<anonymous> (/opt/visual-studio-code/resources/app/out/vs/workbench/api/node/extensionHostProcess.js:173:6374)
	at MessagePortMain.emit (node:events:514:28)
	at Object.emit (node:electron/js2c/utility_init:2:2285) setContext undefined
2024-04-15 13:14:52.489 [error] Canceled: Canceled
	at new $ (/opt/visual-studio-code/resources/app/out/vs/workbench/api/node/extensionHostProcess.js:140:45885)
	at s.U (/opt/visual-studio-code/resources/app/out/vs/workbench/api/node/extensionHostProcess.js:147:5556)
	at z.<computed>.T.charCodeAt.z.<computed> (/opt/visual-studio-code/resources/app/out/vs/workbench/api/node/extensionHostProcess.js:147:3007)
	at l.g (/opt/visual-studio-code/resources/app/out/vs/workbench/api/node/extensionHostProcess.js:150:184300)
	at l.executeCommand (/opt/visual-studio-code/resources/app/out/vs/workbench/api/node/extensionHostProcess.js:150:183738)
	at f.registerCommand.description (/opt/visual-studio-code/resources/app/out/vs/workbench/api/node/extensionHostProcess.js:150:183062)
	at l.h (/opt/visual-studio-code/resources/app/out/vs/workbench/api/node/extensionHostProcess.js:150:184839)
	at l.g (/opt/visual-studio-code/resources/app/out/vs/workbench/api/node/extensionHostProcess.js:150:183831)
	at l.executeCommand (/opt/visual-studio-code/resources/app/out/vs/workbench/api/node/extensionHostProcess.js:150:183738)
	at Object.executeCommand (/opt/visual-studio-code/resources/app/out/vs/workbench/api/node/extensionHostProcess.js:160:21654)
	at set hasGitHubRepositories [as hasGitHubRepositories] (/opt/visual-studio-code/resources/app/extensions/github/dist/extension.js:2:325214)
	at /opt/visual-studio-code/resources/app/extensions/github/dist/extension.js:2:326173
	at w.value (/opt/visual-studio-code/resources/app/extensions/git/dist/main.js:2:1050811)
	at n.y (/opt/visual-studio-code/resources/app/out/vs/workbench/api/node/extensionHostProcess.js:80:1902)
	at n.z (/opt/visual-studio-code/resources/app/out/vs/workbench/api/node/extensionHostProcess.js:80:1972)
	at n.fire (/opt/visual-studio-code/resources/app/out/vs/workbench/api/node/extensionHostProcess.js:80:2188)
	at Object.m [as dispose] (/opt/visual-studio-code/resources/app/extensions/git/dist/main.js:2:962791)
	at /opt/visual-studio-code/resources/app/extensions/git/dist/main.js:2:968825
	at Array.forEach (<anonymous>)
	at f.dispose (/opt/visual-studio-code/resources/app/extensions/git/dist/main.js:2:968811)
	at u.<anonymous> (/opt/visual-studio-code/resources/app/out/vs/workbench/api/node/extensionHostProcess.js:148:3704)
	at u.dispose (/opt/visual-studio-code/resources/app/out/vs/workbench/api/node/extensionHostProcess.js:148:3801)
	at u.<anonymous> (/opt/visual-studio-code/resources/app/extensions/git/dist/main.js:2:945736)
	at u.dispose (/opt/visual-studio-code/resources/app/out/vs/workbench/api/node/extensionHostProcess.js:148:3801)
	at o (/opt/visual-studio-code/resources/app/out/vs/workbench/api/node/extensionHostProcess.js:30:754)
	at w.cb (/opt/visual-studio-code/resources/app/out/vs/workbench/api/node/extensionHostProcess.js:156:9882)
	at /opt/visual-studio-code/resources/app/out/vs/workbench/api/node/extensionHostProcess.js:156:7816
	at Array.map (<anonymous>)
	at w.Y (/opt/visual-studio-code/resources/app/out/vs/workbench/api/node/extensionHostProcess.js:156:7803)
	at w.terminate (/opt/visual-studio-code/resources/app/out/vs/workbench/api/node/extensionHostProcess.js:156:8076)
	at o.terminate (/opt/visual-studio-code/resources/app/out/vs/workbench/api/node/extensionHostProcess.js:160:1513)
	at t (/opt/visual-studio-code/resources/app/out/vs/workbench/api/node/extensionHostProcess.js:173:9949)
	at MessagePortMain.<anonymous> (/opt/visual-studio-code/resources/app/out/vs/workbench/api/node/extensionHostProcess.js:173:6374)
	at MessagePortMain.emit (node:events:514:28)
	at Object.emit (node:electron/js2c/utility_init:2:2285) setContext undefined
2024-04-15 13:14:52.489 [error] Canceled: Canceled
	at new $ (/opt/visual-studio-code/resources/app/out/vs/workbench/api/node/extensionHostProcess.js:140:45885)
	at s.U (/opt/visual-studio-code/resources/app/out/vs/workbench/api/node/extensionHostProcess.js:147:5556)
	at z.<computed>.T.charCodeAt.z.<computed> (/opt/visual-studio-code/resources/app/out/vs/workbench/api/node/extensionHostProcess.js:147:3007)
	at l.g (/opt/visual-studio-code/resources/app/out/vs/workbench/api/node/extensionHostProcess.js:150:184300)
	at l.executeCommand (/opt/visual-studio-code/resources/app/out/vs/workbench/api/node/extensionHostProcess.js:150:183738)
	at f.registerCommand.description (/opt/visual-studio-code/resources/app/out/vs/workbench/api/node/extensionHostProcess.js:150:183062)
	at l.h (/opt/visual-studio-code/resources/app/out/vs/workbench/api/node/extensionHostProcess.js:150:184839)
	at l.g (/opt/visual-studio-code/resources/app/out/vs/workbench/api/node/extensionHostProcess.js:150:183831)
	at l.executeCommand (/opt/visual-studio-code/resources/app/out/vs/workbench/api/node/extensionHostProcess.js:150:183738)
	at Object.executeCommand (/opt/visual-studio-code/resources/app/out/vs/workbench/api/node/extensionHostProcess.js:160:21654)
	at setCommandVisiblity (/home/arch/.vscode/extensions/dart-code.dart-code-3.86.0/out/dist/extension.js:14305:22)
	at Object.<anonymous> (/home/arch/.vscode/extensions/dart-code.dart-code-3.86.0/out/dist/extension.js:14287:9)
	at Generator.next (<anonymous>)
	at /home/arch/.vscode/extensions/dart-code.dart-code-3.86.0/out/dist/extension.js:13412:71
	at new Promise (<anonymous>)
	at __webpack_modules__.1892.__awaiter (/home/arch/.vscode/extensions/dart-code.dart-code-3.86.0/out/dist/extension.js:13408:12)
	at Object.deactivate (/home/arch/.vscode/extensions/dart-code.dart-code-3.86.0/out/dist/extension.js:14286:12)
	at w.cb (/opt/visual-studio-code/resources/app/out/vs/workbench/api/node/extensionHostProcess.js:156:9687)
	at /opt/visual-studio-code/resources/app/out/vs/workbench/api/node/extensionHostProcess.js:156:7816
	at Array.map (<anonymous>)
	at w.Y (/opt/visual-studio-code/resources/app/out/vs/workbench/api/node/extensionHostProcess.js:156:7803)
	at w.terminate (/opt/visual-studio-code/resources/app/out/vs/workbench/api/node/extensionHostProcess.js:156:8076)
	at o.terminate (/opt/visual-studio-code/resources/app/out/vs/workbench/api/node/extensionHostProcess.js:160:1513)
	at t (/opt/visual-studio-code/resources/app/out/vs/workbench/api/node/extensionHostProcess.js:173:9949)
	at MessagePortMain.<anonymous> (/opt/visual-studio-code/resources/app/out/vs/workbench/api/node/extensionHostProcess.js:173:6374)
	at MessagePortMain.emit (node:events:514:28)
	at Object.emit (node:electron/js2c/utility_init:2:2285) setContext undefined
2024-04-15 13:14:52.489 [error] Canceled: Canceled
	at new $ (/opt/visual-studio-code/resources/app/out/vs/workbench/api/node/extensionHostProcess.js:140:45885)
	at s.U (/opt/visual-studio-code/resources/app/out/vs/workbench/api/node/extensionHostProcess.js:147:5556)
	at z.<computed>.T.charCodeAt.z.<computed> (/opt/visual-studio-code/resources/app/out/vs/workbench/api/node/extensionHostProcess.js:147:3007)
	at l.g (/opt/visual-studio-code/resources/app/out/vs/workbench/api/node/extensionHostProcess.js:150:184300)
	at l.executeCommand (/opt/visual-studio-code/resources/app/out/vs/workbench/api/node/extensionHostProcess.js:150:183738)
	at f.registerCommand.description (/opt/visual-studio-code/resources/app/out/vs/workbench/api/node/extensionHostProcess.js:150:183062)
	at l.h (/opt/visual-studio-code/resources/app/out/vs/workbench/api/node/extensionHostProcess.js:150:184839)
	at l.g (/opt/visual-studio-code/resources/app/out/vs/workbench/api/node/extensionHostProcess.js:150:183831)
	at l.executeCommand (/opt/visual-studio-code/resources/app/out/vs/workbench/api/node/extensionHostProcess.js:150:183738)
	at Object.executeCommand (/opt/visual-studio-code/resources/app/out/vs/workbench/api/node/extensionHostProcess.js:160:21654)
	at setCommandVisiblity (/home/arch/.vscode/extensions/dart-code.dart-code-3.86.0/out/dist/extension.js:14306:22)
	at Object.<anonymous> (/home/arch/.vscode/extensions/dart-code.dart-code-3.86.0/out/dist/extension.js:14287:9)
	at Generator.next (<anonymous>)
	at /home/arch/.vscode/extensions/dart-code.dart-code-3.86.0/out/dist/extension.js:13412:71
	at new Promise (<anonymous>)
	at __webpack_modules__.1892.__awaiter (/home/arch/.vscode/extensions/dart-code.dart-code-3.86.0/out/dist/extension.js:13408:12)
	at Object.deactivate (/home/arch/.vscode/extensions/dart-code.dart-code-3.86.0/out/dist/extension.js:14286:12)
	at w.cb (/opt/visual-studio-code/resources/app/out/vs/workbench/api/node/extensionHostProcess.js:156:9687)
	at /opt/visual-studio-code/resources/app/out/vs/workbench/api/node/extensionHostProcess.js:156:7816
	at Array.map (<anonymous>)
	at w.Y (/opt/visual-studio-code/resources/app/out/vs/workbench/api/node/extensionHostProcess.js:156:7803)
	at w.terminate (/opt/visual-studio-code/resources/app/out/vs/workbench/api/node/extensionHostProcess.js:156:8076)
	at o.terminate (/opt/visual-studio-code/resources/app/out/vs/workbench/api/node/extensionHostProcess.js:160:1513)
	at t (/opt/visual-studio-code/resources/app/out/vs/workbench/api/node/extensionHostProcess.js:173:9949)
	at MessagePortMain.<anonymous> (/opt/visual-studio-code/resources/app/out/vs/workbench/api/node/extensionHostProcess.js:173:6374)
	at MessagePortMain.emit (node:events:514:28)
	at Object.emit (node:electron/js2c/utility_init:2:2285) setContext undefined
2024-04-15 13:14:52.489 [error] Canceled: Canceled
	at new $ (/opt/visual-studio-code/resources/app/out/vs/workbench/api/node/extensionHostProcess.js:140:45885)
	at s.U (/opt/visual-studio-code/resources/app/out/vs/workbench/api/node/extensionHostProcess.js:147:5556)
	at z.<computed>.T.charCodeAt.z.<computed> (/opt/visual-studio-code/resources/app/out/vs/workbench/api/node/extensionHostProcess.js:147:3007)
	at l.g (/opt/visual-studio-code/resources/app/out/vs/workbench/api/node/extensionHostProcess.js:150:184300)
	at l.executeCommand (/opt/visual-studio-code/resources/app/out/vs/workbench/api/node/extensionHostProcess.js:150:183738)
	at f.registerCommand.description (/opt/visual-studio-code/resources/app/out/vs/workbench/api/node/extensionHostProcess.js:150:183062)
	at l.h (/opt/visual-studio-code/resources/app/out/vs/workbench/api/node/extensionHostProcess.js:150:184839)
	at l.g (/opt/visual-studio-code/resources/app/out/vs/workbench/api/node/extensionHostProcess.js:150:183831)
	at l.executeCommand (/opt/visual-studio-code/resources/app/out/vs/workbench/api/node/extensionHostProcess.js:150:183738)
	at Object.executeCommand (/opt/visual-studio-code/resources/app/out/vs/workbench/api/node/extensionHostProcess.js:160:21654)
	at setCommandVisiblity (/home/arch/.vscode/extensions/dart-code.dart-code-3.86.0/out/dist/extension.js:14307:22)
	at Object.<anonymous> (/home/arch/.vscode/extensions/dart-code.dart-code-3.86.0/out/dist/extension.js:14287:9)
	at Generator.next (<anonymous>)
	at /home/arch/.vscode/extensions/dart-code.dart-code-3.86.0/out/dist/extension.js:13412:71
	at new Promise (<anonymous>)
	at __webpack_modules__.1892.__awaiter (/home/arch/.vscode/extensions/dart-code.dart-code-3.86.0/out/dist/extension.js:13408:12)
	at Object.deactivate (/home/arch/.vscode/extensions/dart-code.dart-code-3.86.0/out/dist/extension.js:14286:12)
	at w.cb (/opt/visual-studio-code/resources/app/out/vs/workbench/api/node/extensionHostProcess.js:156:9687)
	at /opt/visual-studio-code/resources/app/out/vs/workbench/api/node/extensionHostProcess.js:156:7816
	at Array.map (<anonymous>)
	at w.Y (/opt/visual-studio-code/resources/app/out/vs/workbench/api/node/extensionHostProcess.js:156:7803)
	at w.terminate (/opt/visual-studio-code/resources/app/out/vs/workbench/api/node/extensionHostProcess.js:156:8076)
	at o.terminate (/opt/visual-studio-code/resources/app/out/vs/workbench/api/node/extensionHostProcess.js:160:1513)
	at t (/opt/visual-studio-code/resources/app/out/vs/workbench/api/node/extensionHostProcess.js:173:9949)
	at MessagePortMain.<anonymous> (/opt/visual-studio-code/resources/app/out/vs/workbench/api/node/extensionHostProcess.js:173:6374)
	at MessagePortMain.emit (node:events:514:28)
	at Object.emit (node:electron/js2c/utility_init:2:2285) setContext undefined
2024-04-15 13:14:52.489 [error] Canceled: Canceled
	at new $ (/opt/visual-studio-code/resources/app/out/vs/workbench/api/node/extensionHostProcess.js:140:45885)
	at s.U (/opt/visual-studio-code/resources/app/out/vs/workbench/api/node/extensionHostProcess.js:147:5556)
	at z.<computed>.T.charCodeAt.z.<computed> (/opt/visual-studio-code/resources/app/out/vs/workbench/api/node/extensionHostProcess.js:147:3007)
	at l.g (/opt/visual-studio-code/resources/app/out/vs/workbench/api/node/extensionHostProcess.js:150:184300)
	at l.executeCommand (/opt/visual-studio-code/resources/app/out/vs/workbench/api/node/extensionHostProcess.js:150:183738)
	at f.registerCommand.description (/opt/visual-studio-code/resources/app/out/vs/workbench/api/node/extensionHostProcess.js:150:183062)
	at l.h (/opt/visual-studio-code/resources/app/out/vs/workbench/api/node/extensionHostProcess.js:150:184839)
	at l.g (/opt/visual-studio-code/resources/app/out/vs/workbench/api/node/extensionHostProcess.js:150:183831)
	at l.executeCommand (/opt/visual-studio-code/resources/app/out/vs/workbench/api/node/extensionHostProcess.js:150:183738)
	at Object.executeCommand (/opt/visual-studio-code/resources/app/out/vs/workbench/api/node/extensionHostProcess.js:160:21654)
	at setCommandVisiblity (/home/arch/.vscode/extensions/dart-code.dart-code-3.86.0/out/dist/extension.js:14308:22)
	at Object.<anonymous> (/home/arch/.vscode/extensions/dart-code.dart-code-3.86.0/out/dist/extension.js:14287:9)
	at Generator.next (<anonymous>)
	at /home/arch/.vscode/extensions/dart-code.dart-code-3.86.0/out/dist/extension.js:13412:71
	at new Promise (<anonymous>)
	at __webpack_modules__.1892.__awaiter (/home/arch/.vscode/extensions/dart-code.dart-code-3.86.0/out/dist/extension.js:13408:12)
	at Object.deactivate (/home/arch/.vscode/extensions/dart-code.dart-code-3.86.0/out/dist/extension.js:14286:12)
	at w.cb (/opt/visual-studio-code/resources/app/out/vs/workbench/api/node/extensionHostProcess.js:156:9687)
	at /opt/visual-studio-code/resources/app/out/vs/workbench/api/node/extensionHostProcess.js:156:7816
	at Array.map (<anonymous>)
	at w.Y (/opt/visual-studio-code/resources/app/out/vs/workbench/api/node/extensionHostProcess.js:156:7803)
	at w.terminate (/opt/visual-studio-code/resources/app/out/vs/workbench/api/node/extensionHostProcess.js:156:8076)
	at o.terminate (/opt/visual-studio-code/resources/app/out/vs/workbench/api/node/extensionHostProcess.js:160:1513)
	at t (/opt/visual-studio-code/resources/app/out/vs/workbench/api/node/extensionHostProcess.js:173:9949)
	at MessagePortMain.<anonymous> (/opt/visual-studio-code/resources/app/out/vs/workbench/api/node/extensionHostProcess.js:173:6374)
	at MessagePortMain.emit (node:events:514:28)
	at Object.emit (node:electron/js2c/utility_init:2:2285) setContext undefined
2024-04-15 13:14:52.532 [error] Canceled: Canceled
	at new $ (/opt/visual-studio-code/resources/app/out/vs/workbench/api/node/extensionHostProcess.js:140:45885)
	at s.U (/opt/visual-studio-code/resources/app/out/vs/workbench/api/node/extensionHostProcess.js:147:5556)
	at z.<computed>.T.charCodeAt.z.<computed> (/opt/visual-studio-code/resources/app/out/vs/workbench/api/node/extensionHostProcess.js:147:3007)
	at l.g (/opt/visual-studio-code/resources/app/out/vs/workbench/api/node/extensionHostProcess.js:150:184300)
	at l.executeCommand (/opt/visual-studio-code/resources/app/out/vs/workbench/api/node/extensionHostProcess.js:150:183738)
	at f.registerCommand.description (/opt/visual-studio-code/resources/app/out/vs/workbench/api/node/extensionHostProcess.js:150:183062)
	at l.h (/opt/visual-studio-code/resources/app/out/vs/workbench/api/node/extensionHostProcess.js:150:184839)
	at l.g (/opt/visual-studio-code/resources/app/out/vs/workbench/api/node/extensionHostProcess.js:150:183831)
	at l.executeCommand (/opt/visual-studio-code/resources/app/out/vs/workbench/api/node/extensionHostProcess.js:150:183738)
	at Object.executeCommand (/opt/visual-studio-code/resources/app/out/vs/workbench/api/node/extensionHostProcess.js:160:21654)
	at Object.<anonymous> (/home/arch/.vscode/extensions/dart-code.dart-code-3.86.0/out/dist/extension.js:14294:26)
	at Generator.next (<anonymous>)
	at fulfilled (/home/arch/.vscode/extensions/dart-code.dart-code-3.86.0/out/dist/extension.js:13409:58) setContext undefined
2024-04-15 13:14:52.532 [error] Canceled: Canceled
	at new $ (/opt/visual-studio-code/resources/app/out/vs/workbench/api/node/extensionHostProcess.js:140:45885)
	at s.U (/opt/visual-studio-code/resources/app/out/vs/workbench/api/node/extensionHostProcess.js:147:5556)
	at z.<computed>.T.charCodeAt.z.<computed> (/opt/visual-studio-code/resources/app/out/vs/workbench/api/node/extensionHostProcess.js:147:3007)
	at l.g (/opt/visual-studio-code/resources/app/out/vs/workbench/api/node/extensionHostProcess.js:150:184300)
	at l.executeCommand (/opt/visual-studio-code/resources/app/out/vs/workbench/api/node/extensionHostProcess.js:150:183738)
	at f.registerCommand.description (/opt/visual-studio-code/resources/app/out/vs/workbench/api/node/extensionHostProcess.js:150:183062)
	at l.h (/opt/visual-studio-code/resources/app/out/vs/workbench/api/node/extensionHostProcess.js:150:184839)
	at l.g (/opt/visual-studio-code/resources/app/out/vs/workbench/api/node/extensionHostProcess.js:150:183831)
	at l.executeCommand (/opt/visual-studio-code/resources/app/out/vs/workbench/api/node/extensionHostProcess.js:150:183738)
	at Object.executeCommand (/opt/visual-studio-code/resources/app/out/vs/workbench/api/node/extensionHostProcess.js:160:21654)
	at Object.<anonymous> (/home/arch/.vscode/extensions/dart-code.dart-code-3.86.0/out/dist/extension.js:14296:30)
	at Generator.next (<anonymous>)
	at fulfilled (/home/arch/.vscode/extensions/dart-code.dart-code-3.86.0/out/dist/extension.js:13409:58) setContext undefined
2024-04-15 13:14:52.532 [error] Canceled: Canceled
	at new $ (/opt/visual-studio-code/resources/app/out/vs/workbench/api/node/extensionHostProcess.js:140:45885)
	at s.U (/opt/visual-studio-code/resources/app/out/vs/workbench/api/node/extensionHostProcess.js:147:5556)
	at z.<computed>.T.charCodeAt.z.<computed> (/opt/visual-studio-code/resources/app/out/vs/workbench/api/node/extensionHostProcess.js:147:3007)
	at l.g (/opt/visual-studio-code/resources/app/out/vs/workbench/api/node/extensionHostProcess.js:150:184300)
	at l.executeCommand (/opt/visual-studio-code/resources/app/out/vs/workbench/api/node/extensionHostProcess.js:150:183738)
	at f.registerCommand.description (/opt/visual-studio-code/resources/app/out/vs/workbench/api/node/extensionHostProcess.js:150:183062)
	at l.h (/opt/visual-studio-code/resources/app/out/vs/workbench/api/node/extensionHostProcess.js:150:184839)
	at l.g (/opt/visual-studio-code/resources/app/out/vs/workbench/api/node/extensionHostProcess.js:150:183831)
	at l.executeCommand (/opt/visual-studio-code/resources/app/out/vs/workbench/api/node/extensionHostProcess.js:150:183738)
	at Object.executeCommand (/opt/visual-studio-code/resources/app/out/vs/workbench/api/node/extensionHostProcess.js:160:21654)
	at Object.<anonymous> (/home/arch/.vscode/extensions/dart-code.dart-code-3.86.0/out/dist/extension.js:14297:30)
	at Generator.next (<anonymous>)
	at fulfilled (/home/arch/.vscode/extensions/dart-code.dart-code-3.86.0/out/dist/extension.js:13409:58) setContext undefined
2024-04-15 13:14:52.541 [info] Extension host with pid 1403707 exiting with code 0
