2024-04-13 17:17:14.596 [info] Log level: Info
2024-04-13 17:17:14.596 [info] Validating found git in: "git"
2024-04-13 17:17:14.596 [info] Using git "2.44.0" from "git"
2024-04-13 17:17:14.596 [info] > git rev-parse --show-toplevel [2ms]
2024-04-13 17:17:14.596 [info] > git rev-parse --git-dir --git-common-dir [3ms]
2024-04-13 17:17:14.596 [info] Open repository: /home/arch/Documents/e-Commerce-Dart-Flutter
2024-04-13 17:17:14.615 [info] > git rev-parse --show-toplevel [3ms]
2024-04-13 17:17:14.615 [info] fatal: this operation must be run in a work tree
2024-04-13 17:17:14.615 [info] > git config --get commit.template [12ms]
2024-04-13 17:17:14.634 [info] > git rev-parse --show-toplevel [10ms]
2024-04-13 17:17:14.641 [info] > git for-each-ref --format=%(refname)%00%(upstream:short)%00%(objectname)%00%(upstream:track)%00%(upstream:remotename)%00%(upstream:remoteref) refs/heads/main refs/remotes/main [9ms]
2024-04-13 17:17:14.905 [info] > git rev-parse --show-toplevel [265ms]
2024-04-13 17:17:14.939 [info] > git rev-parse --show-toplevel [14ms]
2024-04-13 17:17:14.956 [info] > git status -z -uall [19ms]
2024-04-13 17:17:15.115 [info] > git rev-parse --show-toplevel [161ms]
2024-04-13 17:17:15.127 [info] > git config --get commit.template [78ms]
2024-04-13 17:17:15.155 [info] > git rev-parse --show-toplevel [30ms]
2024-04-13 17:17:15.185 [info] > git for-each-ref --format=%(refname)%00%(upstream:short)%00%(objectname)%00%(upstream:track)%00%(upstream:remotename)%00%(upstream:remoteref) refs/heads/main refs/remotes/main [15ms]
2024-04-13 17:17:15.197 [info] > git rev-parse --show-toplevel [16ms]
2024-04-13 17:17:15.214 [info] > git rev-parse --show-toplevel [5ms]
2024-04-13 17:17:15.233 [info] > git status -z -uall [9ms]
2024-04-13 17:17:15.482 [info] > git check-ignore -v -z --stdin [49ms]
2024-04-13 17:17:20.863 [info] > git show --textconv :.git/COMMIT_EDITMSG [37ms]
2024-04-13 17:17:20.869 [info] > git ls-files --stage -- /home/arch/Documents/e-Commerce-Dart-Flutter/.git/COMMIT_EDITMSG [10ms]
2024-04-13 17:17:29.490 [info] > git config --get commit.template [2ms]
2024-04-13 17:17:29.511 [info] > git for-each-ref --format=%(refname)%00%(upstream:short)%00%(objectname)%00%(upstream:track)%00%(upstream:remotename)%00%(upstream:remoteref) refs/heads/main refs/remotes/main [2ms]
2024-04-13 17:17:29.534 [info] > git status -z -uall [3ms]
2024-04-13 17:17:37.341 [info] > git config --get commit.template [11ms]
2024-04-13 17:17:37.342 [info] > git for-each-ref --format=%(refname)%00%(upstream:short)%00%(objectname)%00%(upstream:track)%00%(upstream:remotename)%00%(upstream:remoteref) refs/heads/main refs/remotes/main [2ms]
2024-04-13 17:17:37.355 [info] > git status -z -uall [3ms]
2024-04-13 17:17:42.374 [info] > git config --get commit.template [2ms]
2024-04-13 17:17:42.401 [info] > git for-each-ref --format=%(refname)%00%(upstream:short)%00%(objectname)%00%(upstream:track)%00%(upstream:remotename)%00%(upstream:remoteref) refs/heads/main refs/remotes/main [1ms]
2024-04-13 17:17:42.430 [info] > git status -z -uall [4ms]
2024-04-13 17:17:47.459 [info] > git config --get commit.template [10ms]
2024-04-13 17:17:47.459 [info] > git for-each-ref --format=%(refname)%00%(upstream:short)%00%(objectname)%00%(upstream:track)%00%(upstream:remotename)%00%(upstream:remoteref) refs/heads/main refs/remotes/main [1ms]
2024-04-13 17:17:47.473 [info] > git status -z -uall [0ms]
2024-04-13 17:17:52.490 [info] > git config --get commit.template [2ms]
2024-04-13 17:17:52.502 [info] > git for-each-ref --format=%(refname)%00%(upstream:short)%00%(objectname)%00%(upstream:track)%00%(upstream:remotename)%00%(upstream:remoteref) refs/heads/main refs/remotes/main [1ms]
2024-04-13 17:17:52.515 [info] > git status -z -uall [2ms]
2024-04-13 17:17:57.536 [info] > git config --get commit.template [10ms]
2024-04-13 17:17:57.537 [info] > git for-each-ref --format=%(refname)%00%(upstream:short)%00%(objectname)%00%(upstream:track)%00%(upstream:remotename)%00%(upstream:remoteref) refs/heads/main refs/remotes/main [2ms]
2024-04-13 17:17:57.550 [info] > git status -z -uall [3ms]
2024-04-13 17:18:02.566 [info] > git config --get commit.template [1ms]
2024-04-13 17:18:02.578 [info] > git for-each-ref --format=%(refname)%00%(upstream:short)%00%(objectname)%00%(upstream:track)%00%(upstream:remotename)%00%(upstream:remoteref) refs/heads/main refs/remotes/main [1ms]
2024-04-13 17:18:02.594 [info] > git status -z -uall [4ms]
2024-04-13 17:18:08.573 [info] > git config --get commit.template [1ms]
2024-04-13 17:18:08.585 [info] > git for-each-ref --format=%(refname)%00%(upstream:short)%00%(objectname)%00%(upstream:track)%00%(upstream:remotename)%00%(upstream:remoteref) refs/heads/main refs/remotes/main [2ms]
2024-04-13 17:18:08.595 [info] > git status -z -uall [2ms]
2024-04-13 17:18:13.631 [info] > git config --get commit.template [14ms]
2024-04-13 17:18:13.632 [info] > git for-each-ref --format=%(refname)%00%(upstream:short)%00%(objectname)%00%(upstream:track)%00%(upstream:remotename)%00%(upstream:remoteref) refs/heads/main refs/remotes/main [2ms]
2024-04-13 17:18:13.645 [info] > git status -z -uall [2ms]
2024-04-13 17:19:31.410 [info] > git check-ignore -v -z --stdin [3ms]
2024-04-13 17:19:31.897 [info] > git show --textconv :lib/View/home/home.dart [8ms]
2024-04-13 17:19:31.898 [info] > git ls-files --stage -- /home/arch/Documents/e-Commerce-Dart-Flutter/lib/View/home/home.dart [1ms]
2024-04-13 17:19:31.908 [info] > git cat-file -s 98cf8c2286acd7898f694efbeb52fa2ebb50f92a [2ms]
2024-04-13 17:19:39.265 [info] > git show --textconv :lib/View/login/register.dart [12ms]
2024-04-13 17:19:39.267 [info] > git ls-files --stage -- /home/arch/Documents/e-Commerce-Dart-Flutter/lib/View/login/register.dart [3ms]
2024-04-13 17:19:39.282 [info] > git cat-file -s a8d426cb03e77f93e012020d550ff3e31f6f0e58 [4ms]
