2024-04-16 05:18:38.953 [info] Log level: Info
2024-04-16 05:18:38.953 [info] Validating found git in: "git"
2024-04-16 05:18:38.953 [info] Using git "2.44.0" from "git"
2024-04-16 05:18:38.953 [info] > git rev-parse --show-toplevel [6ms]
2024-04-16 05:18:38.953 [info] > git rev-parse --git-dir --git-common-dir [1ms]
2024-04-16 05:18:38.953 [info] Open repository: /home/arch/Documents/e-Commerce-Dart-Flutter
2024-04-16 05:18:38.953 [info] > git config --get commit.template [6ms]
2024-04-16 05:18:38.953 [info] > git rev-parse --show-toplevel [3ms]
2024-04-16 05:18:38.953 [info] > git rev-parse --show-toplevel [2ms]
2024-04-16 05:18:38.953 [info] > git for-each-ref --format=%(refname)%00%(upstream:short)%00%(objectname)%00%(upstream:track)%00%(upstream:remotename)%00%(upstream:remoteref) refs/heads/main refs/remotes/main [16ms]
2024-04-16 05:18:38.953 [info] > git rev-parse --show-toplevel [5ms]
2024-04-16 05:18:38.953 [info] > git rev-parse --show-toplevel [11ms]
2024-04-16 05:18:38.953 [info] > git status -z -uall [7ms]
2024-04-16 05:18:38.953 [info] > git rev-parse --show-toplevel [18ms]
2024-04-16 05:18:38.953 [info] > git config --get commit.template [7ms]
2024-04-16 05:18:38.953 [info] > git rev-parse --show-toplevel [2ms]
2024-04-16 05:18:38.953 [info] > git for-each-ref --format=%(refname)%00%(upstream:short)%00%(objectname)%00%(upstream:track)%00%(upstream:remotename)%00%(upstream:remoteref) refs/heads/main refs/remotes/main [8ms]
2024-04-16 05:18:38.953 [info] > git rev-parse --show-toplevel [5ms]
2024-04-16 05:18:38.953 [info] > git rev-parse --show-toplevel [2ms]
2024-04-16 05:18:38.953 [info] > git status -z -uall [3ms]
2024-04-16 05:18:39.860 [info] > git check-ignore -v -z --stdin [17ms]
2024-04-16 05:18:45.163 [info] > git show --textconv :lib/Model/init_database.dart [18ms]
2024-04-16 05:18:45.165 [info] > git ls-files --stage -- /home/arch/Documents/e-Commerce-Dart-Flutter/lib/Model/init_database.dart [3ms]
2024-04-16 05:18:45.174 [info] > git cat-file -s 156c97b710b083f1afe6153dc7266fcc96de2c87 [1ms]
2024-04-16 05:18:50.997 [info] > git config --get commit.template [2ms]
2024-04-16 05:18:51.005 [info] > git for-each-ref --format=%(refname)%00%(upstream:short)%00%(objectname)%00%(upstream:track)%00%(upstream:remotename)%00%(upstream:remoteref) refs/heads/main refs/remotes/main [2ms]
2024-04-16 05:18:51.016 [info] > git status -z -uall [2ms]
2024-04-16 05:18:51.097 [info] > git ls-files --stage -- /home/arch/Documents/e-Commerce-Dart-Flutter/lib/Model/init_database.dart [1ms]
2024-04-16 05:18:51.107 [info] > git cat-file -s 156c97b710b083f1afe6153dc7266fcc96de2c87 [2ms]
2024-04-16 05:18:51.121 [info] > git show --textconv :lib/Model/init_database.dart [1ms]
2024-04-16 05:18:52.908 [info] > git check-ignore -v -z --stdin [1ms]
2024-04-16 05:18:53.055 [info] > git ls-files --stage -- /home/arch/Documents/e-Commerce-Dart-Flutter/lib/Model/init_database.dart [1ms]
2024-04-16 05:18:53.068 [info] > git cat-file -s 1427a557194964fa4c71f5421eae91d8cf4bcf3f [1ms]
2024-04-16 05:18:53.084 [info] > git show --textconv :lib/Model/init_database.dart [1ms]
2024-04-16 05:18:56.038 [info] > git config --get commit.template [8ms]
2024-04-16 05:18:56.040 [info] > git for-each-ref --format=%(refname)%00%(upstream:short)%00%(objectname)%00%(upstream:track)%00%(upstream:remotename)%00%(upstream:remoteref) refs/heads/main refs/remotes/main [3ms]
2024-04-16 05:18:56.053 [info] > git status -z -uall [4ms]
2024-04-16 05:19:01.084 [info] > git config --get commit.template [7ms]
2024-04-16 05:19:01.084 [info] > git for-each-ref --format=%(refname)%00%(upstream:short)%00%(objectname)%00%(upstream:track)%00%(upstream:remotename)%00%(upstream:remoteref) refs/heads/main refs/remotes/main [2ms]
2024-04-16 05:19:01.095 [info] > git status -z -uall [4ms]
2024-04-16 05:19:03.341 [info] > git check-ignore -v -z --stdin [2ms]
2024-04-16 05:19:04.452 [info] > git check-ignore -v -z --stdin [1ms]
2024-04-16 05:19:06.140 [info] > git config --get commit.template [17ms]
2024-04-16 05:19:06.141 [info] > git for-each-ref --format=%(refname)%00%(upstream:short)%00%(objectname)%00%(upstream:track)%00%(upstream:remotename)%00%(upstream:remoteref) refs/heads/main refs/remotes/main [2ms]
2024-04-16 05:19:06.160 [info] > git status -z -uall [6ms]
2024-04-16 05:19:11.203 [info] > git config --get commit.template [12ms]
2024-04-16 05:19:11.203 [info] > git for-each-ref --format=%(refname)%00%(upstream:short)%00%(objectname)%00%(upstream:track)%00%(upstream:remotename)%00%(upstream:remoteref) refs/heads/main refs/remotes/main [2ms]
2024-04-16 05:19:11.220 [info] > git status -z -uall [6ms]
2024-04-16 05:19:16.237 [info] > git config --get commit.template [7ms]
2024-04-16 05:19:16.238 [info] > git for-each-ref --format=%(refname)%00%(upstream:short)%00%(objectname)%00%(upstream:track)%00%(upstream:remotename)%00%(upstream:remoteref) refs/heads/main refs/remotes/main [1ms]
2024-04-16 05:19:16.247 [info] > git status -z -uall [3ms]
2024-04-16 05:19:21.698 [info] > git config --get commit.template [1ms]
2024-04-16 05:19:21.707 [info] > git for-each-ref --format=%(refname)%00%(upstream:short)%00%(objectname)%00%(upstream:track)%00%(upstream:remotename)%00%(upstream:remoteref) refs/heads/main refs/remotes/main [1ms]
2024-04-16 05:19:21.718 [info] > git status -z -uall [4ms]
2024-04-16 05:19:30.368 [info] > git show --textconv :lib/View/produto/dedtalhes_produto.dart [19ms]
2024-04-16 05:19:30.373 [info] > git ls-files --stage -- /home/arch/Documents/e-Commerce-Dart-Flutter/lib/View/produto/dedtalhes_produto.dart [7ms]
2024-04-16 05:19:30.388 [info] > git cat-file -s 0c6fda9691228402b449e227bb66e813606e9f78 [2ms]
2024-04-16 05:19:30.937 [info] > git show --textconv :lib/main.dart [20ms]
2024-04-16 05:19:30.939 [info] > git ls-files --stage -- /home/arch/Documents/e-Commerce-Dart-Flutter/lib/main.dart [3ms]
2024-04-16 05:19:30.956 [info] > git cat-file -s 068455c861a6dfd9d5aa352d11a6b4029646778d [5ms]
2024-04-16 05:19:31.331 [info] > git config --get commit.template [2ms]
2024-04-16 05:19:31.341 [info] > git for-each-ref --format=%(refname)%00%(upstream:short)%00%(objectname)%00%(upstream:track)%00%(upstream:remotename)%00%(upstream:remoteref) refs/heads/main refs/remotes/main [4ms]
2024-04-16 05:19:31.354 [info] > git status -z -uall [3ms]
2024-04-16 05:19:31.783 [info] > git show --textconv :lib/Model/open_database.dart [11ms]
2024-04-16 05:19:31.785 [info] > git ls-files --stage -- /home/arch/Documents/e-Commerce-Dart-Flutter/lib/Model/open_database.dart [3ms]
2024-04-16 05:19:31.797 [info] > git cat-file -s 0b5d278c77d4156a96ced19dd88d1288f36592ab [1ms]
2024-04-16 05:19:36.365 [info] > git config --get commit.template [1ms]
2024-04-16 05:19:36.374 [info] > git for-each-ref --format=%(refname)%00%(upstream:short)%00%(objectname)%00%(upstream:track)%00%(upstream:remotename)%00%(upstream:remoteref) refs/heads/main refs/remotes/main [2ms]
2024-04-16 05:19:36.385 [info] > git status -z -uall [3ms]
2024-04-16 05:19:38.997 [info] > git show --textconv :lib/main.dart [1ms]
2024-04-16 05:19:39.021 [info] > git ls-files --stage -- /home/arch/Documents/e-Commerce-Dart-Flutter/lib/main.dart [5ms]
2024-04-16 05:19:39.043 [info] > git cat-file -s 068455c861a6dfd9d5aa352d11a6b4029646778d [3ms]
2024-04-16 05:19:41.411 [info] > git config --get commit.template [10ms]
2024-04-16 05:19:41.412 [info] > git for-each-ref --format=%(refname)%00%(upstream:short)%00%(objectname)%00%(upstream:track)%00%(upstream:remotename)%00%(upstream:remoteref) refs/heads/main refs/remotes/main [2ms]
2024-04-16 05:19:41.425 [info] > git status -z -uall [4ms]
2024-04-16 05:19:46.446 [info] > git config --get commit.template [7ms]
2024-04-16 05:19:46.446 [info] > git for-each-ref --format=%(refname)%00%(upstream:short)%00%(objectname)%00%(upstream:track)%00%(upstream:remotename)%00%(upstream:remoteref) refs/heads/main refs/remotes/main [2ms]
2024-04-16 05:19:46.457 [info] > git status -z -uall [2ms]
2024-04-16 05:19:51.470 [info] > git config --get commit.template [5ms]
2024-04-16 05:19:51.470 [info] > git for-each-ref --format=%(refname)%00%(upstream:short)%00%(objectname)%00%(upstream:track)%00%(upstream:remotename)%00%(upstream:remoteref) refs/heads/main refs/remotes/main [1ms]
2024-04-16 05:19:51.477 [info] > git status -z -uall [2ms]
2024-04-16 05:21:09.055 [info] > git show --textconv :lib/View/compra.dart [12ms]
2024-04-16 05:21:09.056 [info] > git ls-files --stage -- /home/arch/Documents/e-Commerce-Dart-Flutter/lib/View/compra.dart [2ms]
2024-04-16 05:21:09.075 [info] > git cat-file -s 1054e21cfd2e3a329865dad1788f7f7d1adad50f [5ms]
2024-04-16 05:21:11.768 [info] > git check-ignore -v -z --stdin [1ms]
2024-04-16 05:21:26.098 [info] > git config --get commit.template [9ms]
2024-04-16 05:21:26.099 [info] > git for-each-ref --format=%(refname)%00%(upstream:short)%00%(objectname)%00%(upstream:track)%00%(upstream:remotename)%00%(upstream:remoteref) refs/heads/main refs/remotes/main [2ms]
2024-04-16 05:21:26.109 [info] > git status -z -uall [4ms]
2024-04-16 05:21:31.122 [info] > git config --get commit.template [1ms]
2024-04-16 05:21:31.131 [info] > git for-each-ref --format=%(refname)%00%(upstream:short)%00%(objectname)%00%(upstream:track)%00%(upstream:remotename)%00%(upstream:remoteref) refs/heads/main refs/remotes/main [2ms]
2024-04-16 05:21:31.141 [info] > git status -z -uall [3ms]
2024-04-16 05:21:36.163 [info] > git config --get commit.template [8ms]
2024-04-16 05:21:36.164 [info] > git for-each-ref --format=%(refname)%00%(upstream:short)%00%(objectname)%00%(upstream:track)%00%(upstream:remotename)%00%(upstream:remoteref) refs/heads/main refs/remotes/main [2ms]
2024-04-16 05:21:36.179 [info] > git status -z -uall [6ms]
2024-04-16 05:21:41.199 [info] > git config --get commit.template [7ms]
2024-04-16 05:21:41.200 [info] > git for-each-ref --format=%(refname)%00%(upstream:short)%00%(objectname)%00%(upstream:track)%00%(upstream:remotename)%00%(upstream:remoteref) refs/heads/main refs/remotes/main [1ms]
2024-04-16 05:21:41.212 [info] > git status -z -uall [3ms]
2024-04-16 05:21:46.223 [info] > git config --get commit.template [1ms]
2024-04-16 05:21:46.233 [info] > git for-each-ref --format=%(refname)%00%(upstream:short)%00%(objectname)%00%(upstream:track)%00%(upstream:remotename)%00%(upstream:remoteref) refs/heads/main refs/remotes/main [1ms]
2024-04-16 05:21:46.242 [info] > git status -z -uall [3ms]
2024-04-16 05:21:58.111 [info] > git config --get commit.template [1ms]
2024-04-16 05:21:58.120 [info] > git for-each-ref --format=%(refname)%00%(upstream:short)%00%(objectname)%00%(upstream:track)%00%(upstream:remotename)%00%(upstream:remoteref) refs/heads/main refs/remotes/main [1ms]
2024-04-16 05:21:58.128 [info] > git status -z -uall [2ms]
2024-04-16 05:22:03.145 [info] > git config --get commit.template [1ms]
2024-04-16 05:22:03.163 [info] > git for-each-ref --format=%(refname)%00%(upstream:short)%00%(objectname)%00%(upstream:track)%00%(upstream:remotename)%00%(upstream:remoteref) refs/heads/main refs/remotes/main [1ms]
2024-04-16 05:22:03.183 [info] > git status -z -uall [5ms]
2024-04-16 05:22:08.202 [info] > git config --get commit.template [8ms]
2024-04-16 05:22:08.203 [info] > git for-each-ref --format=%(refname)%00%(upstream:short)%00%(objectname)%00%(upstream:track)%00%(upstream:remotename)%00%(upstream:remoteref) refs/heads/main refs/remotes/main [2ms]
2024-04-16 05:22:08.213 [info] > git status -z -uall [3ms]
2024-04-16 05:25:23.322 [info] > git show --textconv :lib/View/home/side_menu.dart [25ms]
2024-04-16 05:25:23.326 [info] > git ls-files --stage -- /home/arch/Documents/e-Commerce-Dart-Flutter/lib/View/home/side_menu.dart [6ms]
2024-04-16 05:25:23.352 [info] > git cat-file -s 2c862c0660fc1f3c92f72f5cc1d7ea177a62d576 [5ms]
2024-04-16 05:25:24.553 [info] > git show --textconv :lib/View/home/side_menu_deslogado.dart [10ms]
2024-04-16 05:25:24.554 [info] > git ls-files --stage -- /home/arch/Documents/e-Commerce-Dart-Flutter/lib/View/home/side_menu_deslogado.dart [2ms]
2024-04-16 05:25:24.565 [info] > git cat-file -s a2936d4bd3e939c8cae441bfed0df5a1d92760c2 [3ms]
2024-04-16 05:26:24.640 [info] > git config --get commit.template [2ms]
2024-04-16 05:26:24.647 [info] > git for-each-ref --format=%(refname)%00%(upstream:short)%00%(objectname)%00%(upstream:track)%00%(upstream:remotename)%00%(upstream:remoteref) refs/heads/main refs/remotes/main [2ms]
2024-04-16 05:26:24.656 [info] > git status -z -uall [3ms]
2024-04-16 05:26:57.451 [info] > git config --get commit.template [2ms]
2024-04-16 05:26:57.469 [info] > git for-each-ref --format=%(refname)%00%(upstream:short)%00%(objectname)%00%(upstream:track)%00%(upstream:remotename)%00%(upstream:remoteref) refs/heads/main refs/remotes/main [6ms]
2024-04-16 05:26:57.501 [info] > git status -z -uall [5ms]
2024-04-16 05:27:52.412 [info] > git show --textconv :lib/View/home/side_menu.dart [27ms]
2024-04-16 05:27:52.417 [info] > git ls-files --stage -- /home/arch/Documents/e-Commerce-Dart-Flutter/lib/View/home/side_menu.dart [8ms]
2024-04-16 05:27:52.448 [info] > git cat-file -s 2c862c0660fc1f3c92f72f5cc1d7ea177a62d576 [5ms]
2024-04-16 05:28:42.511 [info] > git show --textconv :lib/View/home/side_menu_deslogado.dart [23ms]
2024-04-16 05:28:42.511 [info] > git ls-files --stage -- /home/arch/Documents/e-Commerce-Dart-Flutter/lib/View/home/side_menu_deslogado.dart [1ms]
2024-04-16 05:28:42.532 [info] > git cat-file -s a2936d4bd3e939c8cae441bfed0df5a1d92760c2 [7ms]
2024-04-16 05:28:53.146 [info] > git show --textconv :lib/View/home/side_menu.dart [22ms]
2024-04-16 05:28:53.149 [info] > git ls-files --stage -- /home/arch/Documents/e-Commerce-Dart-Flutter/lib/View/home/side_menu.dart [4ms]
2024-04-16 05:28:53.169 [info] > git cat-file -s 2c862c0660fc1f3c92f72f5cc1d7ea177a62d576 [6ms]
2024-04-16 05:28:57.762 [info] > git config --get commit.template [13ms]
2024-04-16 05:28:57.763 [info] > git for-each-ref --format=%(refname)%00%(upstream:short)%00%(objectname)%00%(upstream:track)%00%(upstream:remotename)%00%(upstream:remoteref) refs/heads/main refs/remotes/main [2ms]
2024-04-16 05:28:57.778 [info] > git status -z -uall [4ms]
2024-04-16 05:29:07.504 [info] > git show --textconv :lib/main.dart [13ms]
2024-04-16 05:29:07.504 [info] > git ls-files --stage -- /home/arch/Documents/e-Commerce-Dart-Flutter/lib/main.dart [3ms]
2024-04-16 05:29:07.513 [info] > git cat-file -s 068455c861a6dfd9d5aa352d11a6b4029646778d [2ms]
2024-04-16 05:29:11.099 [info] > git for-each-ref --format=%(refname)%00%(upstream:short)%00%(objectname)%00%(upstream:track)%00%(upstream:remotename)%00%(upstream:remoteref) refs/heads/main refs/remotes/main [1ms]
2024-04-16 05:29:11.099 [info] > git config --get commit.template [13ms]
2024-04-16 05:29:11.117 [info] > git status -z -uall [4ms]
2024-04-16 05:29:16.137 [info] > git config --get commit.template [8ms]
2024-04-16 05:29:16.138 [info] > git for-each-ref --format=%(refname)%00%(upstream:short)%00%(objectname)%00%(upstream:track)%00%(upstream:remotename)%00%(upstream:remoteref) refs/heads/main refs/remotes/main [3ms]
2024-04-16 05:29:16.155 [info] > git status -z -uall [7ms]
2024-04-16 05:29:21.176 [info] > git config --get commit.template [6ms]
2024-04-16 05:29:21.176 [info] > git for-each-ref --format=%(refname)%00%(upstream:short)%00%(objectname)%00%(upstream:track)%00%(upstream:remotename)%00%(upstream:remoteref) refs/heads/main refs/remotes/main [1ms]
2024-04-16 05:29:21.187 [info] > git status -z -uall [3ms]
2024-04-16 05:29:26.201 [info] > git config --get commit.template [6ms]
2024-04-16 05:29:26.201 [info] > git for-each-ref --format=%(refname)%00%(upstream:short)%00%(objectname)%00%(upstream:track)%00%(upstream:remotename)%00%(upstream:remoteref) refs/heads/main refs/remotes/main [1ms]
2024-04-16 05:29:26.210 [info] > git status -z -uall [3ms]
2024-04-16 05:29:31.230 [info] > git config --get commit.template [3ms]
2024-04-16 05:29:31.250 [info] > git for-each-ref --format=%(refname)%00%(upstream:short)%00%(objectname)%00%(upstream:track)%00%(upstream:remotename)%00%(upstream:remoteref) refs/heads/main refs/remotes/main [6ms]
2024-04-16 05:29:31.280 [info] > git status -z -uall [9ms]
2024-04-16 05:29:36.301 [info] > git config --get commit.template [7ms]
2024-04-16 05:29:36.302 [info] > git for-each-ref --format=%(refname)%00%(upstream:short)%00%(objectname)%00%(upstream:track)%00%(upstream:remotename)%00%(upstream:remoteref) refs/heads/main refs/remotes/main [2ms]
2024-04-16 05:29:36.316 [info] > git status -z -uall [4ms]
2024-04-16 05:32:09.543 [info] > git show --textconv :lib/View/historico_compras.dart [10ms]
2024-04-16 05:32:09.544 [info] > git ls-files --stage -- /home/arch/Documents/e-Commerce-Dart-Flutter/lib/View/historico_compras.dart [2ms]
2024-04-16 05:32:09.555 [info] > git cat-file -s 8167f6ffaec196b2f57e2b802ae0282730b93da4 [3ms]
2024-04-16 05:32:52.883 [info] > git show --textconv :lib/Model/compra.dart [7ms]
2024-04-16 05:32:52.884 [info] > git ls-files --stage -- /home/arch/Documents/e-Commerce-Dart-Flutter/lib/Model/compra.dart [2ms]
2024-04-16 05:32:52.892 [info] > git cat-file -s b9e30651695f8c10b73999b3082d687b7def72d4 [1ms]
2024-04-16 05:33:31.991 [info] > git show --textconv :lib/Model/carrinho.dart [24ms]
2024-04-16 05:33:31.995 [info] > git ls-files --stage -- /home/arch/Documents/e-Commerce-Dart-Flutter/lib/Model/carrinho.dart [6ms]
2024-04-16 05:33:32.018 [info] > git cat-file -s 253984d83f25053c5f213b873c0d5c4dabecb247 [5ms]
2024-04-16 05:34:21.628 [info] > git show --textconv :lib/Model/login_atual.dart [8ms]
2024-04-16 05:34:21.629 [info] > git ls-files --stage -- /home/arch/Documents/e-Commerce-Dart-Flutter/lib/Model/login_atual.dart [1ms]
2024-04-16 05:34:21.635 [info] > git cat-file -s 235a38b87e29617df062a564758939a708ca53f7 [1ms]
2024-04-16 05:34:28.740 [info] > git show --textconv :lib/Model/produto.dart [9ms]
2024-04-16 05:34:28.741 [info] > git ls-files --stage -- /home/arch/Documents/e-Commerce-Dart-Flutter/lib/Model/produto.dart [2ms]
2024-04-16 05:34:28.751 [info] > git cat-file -s 895282ea2731cb1b77a7e378dbe4db1f45f866bd [2ms]
2024-04-16 05:34:30.043 [info] > git show --textconv :lib/Model/produtos_database.dart [33ms]
2024-04-16 05:34:30.051 [info] > git ls-files --stage -- /home/arch/Documents/e-Commerce-Dart-Flutter/lib/Model/produtos_database.dart [8ms]
2024-04-16 05:34:30.081 [info] > git cat-file -s 59870c7ed29d1b00f0a0fe402905732fa474c434 [7ms]
2024-04-16 05:34:30.675 [info] > git show --textconv :lib/Model/usuario.dart [8ms]
2024-04-16 05:34:30.676 [info] > git ls-files --stage -- /home/arch/Documents/e-Commerce-Dart-Flutter/lib/Model/usuario.dart [2ms]
2024-04-16 05:34:30.687 [info] > git cat-file -s 345b88fdbfbb7cd8a7554e3346d7b37e45256da9 [2ms]
2024-04-16 05:34:32.165 [info] > git check-ignore -v -z --stdin [5ms]
2024-04-16 05:34:32.708 [info] > git show --textconv :lib/View/carrinho/carrinho_view.dart [16ms]
2024-04-16 05:34:32.711 [info] > git ls-files --stage -- /home/arch/Documents/e-Commerce-Dart-Flutter/lib/View/carrinho/carrinho_view.dart [4ms]
2024-04-16 05:34:32.727 [info] > git cat-file -s 9e4878512ccbf78682a7255df8c125f6c8eae894 [4ms]
2024-04-16 05:34:33.402 [info] > git show --textconv :lib/View/carrinho/cart_item.dart [8ms]
2024-04-16 05:34:33.402 [info] > git ls-files --stage -- /home/arch/Documents/e-Commerce-Dart-Flutter/lib/View/carrinho/cart_item.dart [1ms]
2024-04-16 05:34:33.409 [info] > git cat-file -s 37d78baf1d14fa8310fae5f49b4ae5d3b7739598 [1ms]
2024-04-16 05:34:43.476 [info] > git show --textconv :lib/widgets/search_bar.dart [21ms]
2024-04-16 05:34:43.479 [info] > git ls-files --stage -- /home/arch/Documents/e-Commerce-Dart-Flutter/lib/widgets/search_bar.dart [4ms]
2024-04-16 05:34:43.502 [info] > git cat-file -s 6f12c130baa95b1d55971a846e7b559cddeffbe8 [5ms]
2024-04-16 05:34:49.582 [info] > git show --textconv :lib/View/search/results.dart [20ms]
2024-04-16 05:34:49.587 [info] > git ls-files --stage -- /home/arch/Documents/e-Commerce-Dart-Flutter/lib/View/search/results.dart [7ms]
2024-04-16 05:34:49.601 [info] > git cat-file -s c9aed6daad6a401eb8b68d3aae17992a6e6632f4 [2ms]
2024-04-16 05:34:52.141 [info] > git show --textconv :lib/View/produto/dedtalhes_produto.dart [7ms]
2024-04-16 05:34:52.142 [info] > git ls-files --stage -- /home/arch/Documents/e-Commerce-Dart-Flutter/lib/View/produto/dedtalhes_produto.dart [2ms]
2024-04-16 05:34:52.149 [info] > git cat-file -s 0c6fda9691228402b449e227bb66e813606e9f78 [1ms]
2024-04-16 05:35:25.626 [info] > git check-ignore -v -z --stdin [3ms]
2024-04-16 05:35:26.394 [info] > git show --textconv :lib/View/pagina_selecao/pagina_pesquisa.dart [25ms]
2024-04-16 05:35:26.398 [info] > git ls-files --stage -- /home/arch/Documents/e-Commerce-Dart-Flutter/lib/View/pagina_selecao/pagina_pesquisa.dart [7ms]
2024-04-16 05:35:26.422 [info] > git cat-file -s f3775caa009a43e7cc730cc2760b9280f09c7150 [4ms]
2024-04-16 05:35:27.160 [info] > git show --textconv :lib/View/pagina_selecao/selecao_produtos.dart [14ms]
2024-04-16 05:35:27.161 [info] > git ls-files --stage -- /home/arch/Documents/e-Commerce-Dart-Flutter/lib/View/pagina_selecao/selecao_produtos.dart [3ms]
2024-04-16 05:35:27.176 [info] > git cat-file -s 396f5b857b149d3a9083c546b065e16b8a446120 [2ms]
2024-04-16 05:35:37.261 [info] > git show --textconv :lib/View/pagina_selecao/pagina_pesquisa.dart [8ms]
2024-04-16 05:35:37.262 [info] > git ls-files --stage -- /home/arch/Documents/e-Commerce-Dart-Flutter/lib/View/pagina_selecao/pagina_pesquisa.dart [1ms]
2024-04-16 05:35:37.268 [info] > git cat-file -s f3775caa009a43e7cc730cc2760b9280f09c7150 [1ms]
2024-04-16 05:35:41.728 [info] > git show --textconv :lib/main.dart [9ms]
2024-04-16 05:35:41.729 [info] > git ls-files --stage -- /home/arch/Documents/e-Commerce-Dart-Flutter/lib/main.dart [2ms]
2024-04-16 05:35:41.739 [info] > git cat-file -s 068455c861a6dfd9d5aa352d11a6b4029646778d [2ms]
2024-04-16 05:35:42.325 [info] > git show --textconv :lib/widgets/search_bar.dart [7ms]
2024-04-16 05:35:42.325 [info] > git ls-files --stage -- /home/arch/Documents/e-Commerce-Dart-Flutter/lib/widgets/search_bar.dart [1ms]
2024-04-16 05:35:42.331 [info] > git cat-file -s 6f12c130baa95b1d55971a846e7b559cddeffbe8 [1ms]
2024-04-16 05:35:48.240 [info] > git show --textconv :lib/ViewModel/horizontal_scroll_list.dart [10ms]
2024-04-16 05:35:48.241 [info] > git ls-files --stage -- /home/arch/Documents/e-Commerce-Dart-Flutter/lib/ViewModel/horizontal_scroll_list.dart [2ms]
2024-04-16 05:35:48.253 [info] > git cat-file -s 2f89324c820c4f00b4df01e81d4c56731f0d99e4 [3ms]
2024-04-16 05:35:52.609 [info] > git show --textconv :lib/ViewModel/horizontal_scroll_itens.dart [22ms]
2024-04-16 05:35:52.613 [info] > git ls-files --stage -- /home/arch/Documents/e-Commerce-Dart-Flutter/lib/ViewModel/horizontal_scroll_itens.dart [6ms]
2024-04-16 05:35:52.638 [info] > git cat-file -s 456ea2d5e7966aabe1fdaeaa9007d85544f63dea [5ms]
2024-04-16 05:35:53.912 [info] > git show --textconv :lib/ViewModel/horizontal_scroll_list.dart [7ms]
2024-04-16 05:35:53.912 [info] > git ls-files --stage -- /home/arch/Documents/e-Commerce-Dart-Flutter/lib/ViewModel/horizontal_scroll_list.dart [1ms]
2024-04-16 05:35:53.919 [info] > git cat-file -s 2f89324c820c4f00b4df01e81d4c56731f0d99e4 [1ms]
2024-04-16 05:36:36.804 [info] > git show --textconv :lib/ViewModel/login_viewmodel.dart [7ms]
2024-04-16 05:36:36.806 [info] > git ls-files --stage -- /home/arch/Documents/e-Commerce-Dart-Flutter/lib/ViewModel/login_viewmodel.dart [3ms]
2024-04-16 05:36:36.814 [info] > git cat-file -s 055f1a822580aefbd9ef207e5354fe1f79ff65dc [2ms]
2024-04-16 05:36:38.056 [info] > git show --textconv :lib/ViewModel/produto_card.dart [7ms]
2024-04-16 05:36:38.057 [info] > git ls-files --stage -- /home/arch/Documents/e-Commerce-Dart-Flutter/lib/ViewModel/produto_card.dart [1ms]
2024-04-16 05:36:38.065 [info] > git cat-file -s 0bdde12d64afcd757c7bce05af760fca8dc575e3 [2ms]
2024-04-16 05:36:39.073 [info] > git show --textconv :lib/ViewModel/vertical_scroll_itens.dart [8ms]
2024-04-16 05:36:39.074 [info] > git ls-files --stage -- /home/arch/Documents/e-Commerce-Dart-Flutter/lib/ViewModel/vertical_scroll_itens.dart [2ms]
2024-04-16 05:36:39.080 [info] > git cat-file -s 7645c20e7bae19995070cfafbba8daa01f99d21b [1ms]
2024-04-16 05:36:53.488 [info] > git show --textconv :lib/ViewModel/produto_card.dart [19ms]
2024-04-16 05:36:53.494 [info] > git ls-files --stage -- /home/arch/Documents/e-Commerce-Dart-Flutter/lib/ViewModel/produto_card.dart [8ms]
2024-04-16 05:36:53.517 [info] > git cat-file -s 0bdde12d64afcd757c7bce05af760fca8dc575e3 [5ms]
2024-04-16 05:36:57.706 [info] > git show --textconv :lib/ViewModel/produto_card_selecao.dart [7ms]
2024-04-16 05:36:57.707 [info] > git ls-files --stage -- /home/arch/Documents/e-Commerce-Dart-Flutter/lib/ViewModel/produto_card_selecao.dart [1ms]
2024-04-16 05:36:57.714 [info] > git cat-file -s c5f0054a2f6376d58ac058dd0625d2a599fe69be [1ms]
2024-04-16 05:37:01.637 [info] > git show --textconv :lib/ViewModel/login_viewmodel.dart [8ms]
2024-04-16 05:37:01.638 [info] > git ls-files --stage -- /home/arch/Documents/e-Commerce-Dart-Flutter/lib/ViewModel/login_viewmodel.dart [2ms]
2024-04-16 05:37:01.644 [info] > git cat-file -s 055f1a822580aefbd9ef207e5354fe1f79ff65dc [1ms]
2024-04-16 05:37:22.121 [info] > git show --textconv :lib/ViewModel/horizontal_scroll_list.dart [8ms]
2024-04-16 05:37:22.122 [info] > git ls-files --stage -- /home/arch/Documents/e-Commerce-Dart-Flutter/lib/ViewModel/horizontal_scroll_list.dart [1ms]
2024-04-16 05:37:22.128 [info] > git cat-file -s 2f89324c820c4f00b4df01e81d4c56731f0d99e4 [1ms]
2024-04-16 05:37:35.975 [info] > git show --textconv :lib/View/pagina_selecao/selecao_produtos.dart [8ms]
2024-04-16 05:37:35.975 [info] > git ls-files --stage -- /home/arch/Documents/e-Commerce-Dart-Flutter/lib/View/pagina_selecao/selecao_produtos.dart [1ms]
2024-04-16 05:37:35.981 [info] > git cat-file -s 396f5b857b149d3a9083c546b065e16b8a446120 [1ms]
2024-04-16 05:37:48.429 [info] > git show --textconv :lib/View/login/login.dart [10ms]
2024-04-16 05:37:48.430 [info] > git ls-files --stage -- /home/arch/Documents/e-Commerce-Dart-Flutter/lib/View/login/login.dart [2ms]
2024-04-16 05:37:48.440 [info] > git cat-file -s 14f61d15c5b325db9093e3f41c74fd372fa75db7 [2ms]
2024-04-16 05:39:10.719 [info] > git show --textconv :lib/ViewModel/login_viewmodel.dart [6ms]
2024-04-16 05:39:10.720 [info] > git ls-files --stage -- /home/arch/Documents/e-Commerce-Dart-Flutter/lib/ViewModel/login_viewmodel.dart [1ms]
2024-04-16 05:39:10.727 [info] > git cat-file -s 055f1a822580aefbd9ef207e5354fe1f79ff65dc [1ms]
2024-04-16 05:39:18.294 [info] > git show --textconv :lib/View/login/register.dart [6ms]
2024-04-16 05:39:18.294 [info] > git ls-files --stage -- /home/arch/Documents/e-Commerce-Dart-Flutter/lib/View/login/register.dart [1ms]
2024-04-16 05:39:18.302 [info] > git cat-file -s f410978da655cc8001586bb4532a21f984e908a9 [1ms]
2024-04-16 05:40:40.371 [info] > git show --textconv :lib/Model/adiciona_usuarios.dart [22ms]
2024-04-16 05:40:40.374 [info] > git ls-files --stage -- /home/arch/Documents/e-Commerce-Dart-Flutter/lib/Model/adiciona_usuarios.dart [4ms]
2024-04-16 05:40:40.407 [info] > git cat-file -s cc3a8701c08b9db7329c3ad438e8e8ce4f91b383 [6ms]
2024-04-16 05:40:49.123 [info] > git show --textconv :lib/View/produto/dedtalhes_produto.dart [24ms]
2024-04-16 05:40:49.123 [info] > git ls-files --stage -- /home/arch/Documents/e-Commerce-Dart-Flutter/lib/View/produto/dedtalhes_produto.dart [6ms]
2024-04-16 05:40:49.145 [info] > git cat-file -s 0c6fda9691228402b449e227bb66e813606e9f78 [4ms]
2024-04-16 05:40:52.272 [info] > git config --get commit.template [15ms]
2024-04-16 05:40:52.274 [info] > git for-each-ref --format=%(refname)%00%(upstream:short)%00%(objectname)%00%(upstream:track)%00%(upstream:remotename)%00%(upstream:remoteref) refs/heads/main refs/remotes/main [2ms]
2024-04-16 05:40:52.286 [info] > git status -z -uall [4ms]
2024-04-16 05:42:34.203 [info] > git show --textconv :lib/View/home/side_menu_deslogado.dart [13ms]
2024-04-16 05:42:34.204 [info] > git ls-files --stage -- /home/arch/Documents/e-Commerce-Dart-Flutter/lib/View/home/side_menu_deslogado.dart [2ms]
2024-04-16 05:42:34.218 [info] > git cat-file -s a2936d4bd3e939c8cae441bfed0df5a1d92760c2 [2ms]
2024-04-16 05:42:40.605 [info] > git config --get commit.template [1ms]
2024-04-16 05:42:40.610 [info] > git for-each-ref --format=%(refname)%00%(upstream:short)%00%(objectname)%00%(upstream:track)%00%(upstream:remotename)%00%(upstream:remoteref) refs/heads/main refs/remotes/main [1ms]
2024-04-16 05:42:40.617 [info] > git status -z -uall [2ms]
2024-04-16 05:42:40.723 [info] > git ls-files --stage -- /home/arch/Documents/e-Commerce-Dart-Flutter/lib/View/home/side_menu_deslogado.dart [4ms]
2024-04-16 05:42:40.745 [info] > git cat-file -s a2936d4bd3e939c8cae441bfed0df5a1d92760c2 [3ms]
2024-04-16 05:42:40.764 [info] > git show --textconv :lib/View/home/side_menu_deslogado.dart [2ms]
2024-04-16 05:42:47.253 [info] > git config --get commit.template [10ms]
2024-04-16 05:42:47.255 [info] > git for-each-ref --format=%(refname)%00%(upstream:short)%00%(objectname)%00%(upstream:track)%00%(upstream:remotename)%00%(upstream:remoteref) refs/heads/main refs/remotes/main [1ms]
2024-04-16 05:42:47.268 [info] > git status -z -uall [4ms]
2024-04-16 05:42:47.347 [info] > git ls-files --stage -- /home/arch/Documents/e-Commerce-Dart-Flutter/lib/View/home/side_menu_deslogado.dart [3ms]
2024-04-16 05:42:47.362 [info] > git cat-file -s a2936d4bd3e939c8cae441bfed0df5a1d92760c2 [2ms]
2024-04-16 05:42:47.383 [info] > git show --textconv :lib/View/home/side_menu_deslogado.dart [6ms]
2024-04-16 05:42:53.410 [info] > git config --get commit.template [6ms]
2024-04-16 05:42:53.410 [info] > git for-each-ref --format=%(refname)%00%(upstream:short)%00%(objectname)%00%(upstream:track)%00%(upstream:remotename)%00%(upstream:remoteref) refs/heads/UI-login refs/remotes/UI-login [1ms]
2024-04-16 05:42:53.420 [info] > git status -z -uall [2ms]
2024-04-16 05:42:53.507 [info] > git ls-files --stage -- /home/arch/Documents/e-Commerce-Dart-Flutter/lib/View/home/side_menu_deslogado.dart [2ms]
2024-04-16 05:42:53.519 [info] > git cat-file -s 5ef8edf26d6709e2bd437e3cda8a92737151575f [2ms]
2024-04-16 05:42:53.537 [info] > git show --textconv :lib/View/home/side_menu_deslogado.dart [2ms]
2024-04-16 05:42:57.667 [info] > git ls-files --stage -- /home/arch/Documents/e-Commerce-Dart-Flutter/lib/View/home/side_menu_deslogado.dart [1ms]
2024-04-16 05:42:57.673 [info] > git cat-file -s 5ef8edf26d6709e2bd437e3cda8a92737151575f [1ms]
2024-04-16 05:42:57.679 [info] > git show --textconv :lib/View/home/side_menu_deslogado.dart [1ms]
2024-04-16 05:42:58.437 [info] > git config --get commit.template [6ms]
2024-04-16 05:42:58.437 [info] > git for-each-ref --format=%(refname)%00%(upstream:short)%00%(objectname)%00%(upstream:track)%00%(upstream:remotename)%00%(upstream:remoteref) refs/heads/UI-login refs/remotes/UI-login [1ms]
2024-04-16 05:42:58.444 [info] > git status -z -uall [2ms]
2024-04-16 05:42:59.526 [info] > git ls-files --stage -- /home/arch/Documents/e-Commerce-Dart-Flutter/lib/View/home/side_menu_deslogado.dart [1ms]
2024-04-16 05:42:59.531 [info] > git cat-file -s 5ef8edf26d6709e2bd437e3cda8a92737151575f [1ms]
2024-04-16 05:42:59.537 [info] > git show --textconv :lib/View/home/side_menu_deslogado.dart [1ms]
2024-04-16 05:43:03.485 [info] > git config --get commit.template [18ms]
2024-04-16 05:43:03.487 [info] > git for-each-ref --format=%(refname)%00%(upstream:short)%00%(objectname)%00%(upstream:track)%00%(upstream:remotename)%00%(upstream:remoteref) refs/heads/UI-login refs/remotes/UI-login [3ms]
2024-04-16 05:43:03.503 [info] > git status -z -uall [5ms]
2024-04-16 05:43:04.935 [info] > git ls-files --stage -- /home/arch/Documents/e-Commerce-Dart-Flutter/lib/View/home/side_menu_deslogado.dart [1ms]
2024-04-16 05:43:04.940 [info] > git cat-file -s 5ef8edf26d6709e2bd437e3cda8a92737151575f [1ms]
2024-04-16 05:43:04.947 [info] > git show --textconv :lib/View/home/side_menu_deslogado.dart [2ms]
2024-04-16 05:43:07.093 [info] > git ls-files --stage -- /home/arch/Documents/e-Commerce-Dart-Flutter/lib/View/home/side_menu_deslogado.dart [3ms]
2024-04-16 05:43:07.112 [info] > git cat-file -s 5ef8edf26d6709e2bd437e3cda8a92737151575f [5ms]
2024-04-16 05:43:07.140 [info] > git show --textconv :lib/View/home/side_menu_deslogado.dart [4ms]
2024-04-16 05:43:08.517 [info] > git config --get commit.template [6ms]
2024-04-16 05:43:08.518 [info] > git for-each-ref --format=%(refname)%00%(upstream:short)%00%(objectname)%00%(upstream:track)%00%(upstream:remotename)%00%(upstream:remoteref) refs/heads/UI-login refs/remotes/UI-login [1ms]
2024-04-16 05:43:08.525 [info] > git status -z -uall [2ms]
2024-04-16 05:43:11.689 [info] > git ls-files --stage -- /home/arch/Documents/e-Commerce-Dart-Flutter/lib/View/home/side_menu_deslogado.dart [4ms]
2024-04-16 05:43:11.716 [info] > git cat-file -s a2936d4bd3e939c8cae441bfed0df5a1d92760c2 [5ms]
2024-04-16 05:43:11.740 [info] > git show --textconv :lib/View/home/side_menu_deslogado.dart [4ms]
2024-04-16 05:43:13.563 [info] > git config --get commit.template [17ms]
2024-04-16 05:43:13.564 [info] > git for-each-ref --format=%(refname)%00%(upstream:short)%00%(objectname)%00%(upstream:track)%00%(upstream:remotename)%00%(upstream:remoteref) refs/heads/UI-login refs/remotes/UI-login [3ms]
2024-04-16 05:43:13.588 [info] > git status -z -uall [8ms]
2024-04-16 05:43:28.837 [info] > git config --get commit.template [12ms]
2024-04-16 05:43:28.840 [info] > git for-each-ref --format=%(refname)%00%(upstream:short)%00%(objectname)%00%(upstream:track)%00%(upstream:remotename)%00%(upstream:remoteref) refs/heads/UI-login refs/remotes/UI-login [3ms]
2024-04-16 05:43:28.869 [info] > git status -z -uall [11ms]
2024-04-16 05:43:30.689 [info] > git show --textconv :lib/View/home/side_menu.dart [10ms]
2024-04-16 05:43:30.690 [info] > git ls-files --stage -- /home/arch/Documents/e-Commerce-Dart-Flutter/lib/View/home/side_menu.dart [2ms]
2024-04-16 05:43:30.699 [info] > git cat-file -s 2c862c0660fc1f3c92f72f5cc1d7ea177a62d576 [2ms]
2024-04-16 05:43:37.237 [info] > git config --get commit.template [21ms]
2024-04-16 05:43:37.238 [info] > git for-each-ref --format=%(refname)%00%(upstream:short)%00%(objectname)%00%(upstream:track)%00%(upstream:remotename)%00%(upstream:remoteref) refs/heads/UI-login refs/remotes/UI-login [3ms]
2024-04-16 05:43:37.259 [info] > git status -z -uall [6ms]
2024-04-16 05:43:42.189 [info] > git ls-files --stage -- /home/arch/Documents/e-Commerce-Dart-Flutter/lib/View/home/side_menu.dart [3ms]
2024-04-16 05:43:42.210 [info] > git cat-file -s 2d706b5862b671d272d9453b09ba3d5f83c8e86e [4ms]
2024-04-16 05:43:42.237 [info] > git show --textconv :lib/View/home/side_menu.dart [2ms]
2024-04-16 05:43:42.275 [info] > git config --get commit.template [7ms]
2024-04-16 05:43:42.276 [info] > git for-each-ref --format=%(refname)%00%(upstream:short)%00%(objectname)%00%(upstream:track)%00%(upstream:remotename)%00%(upstream:remoteref) refs/heads/UI-login refs/remotes/UI-login [1ms]
2024-04-16 05:43:42.284 [info] > git status -z -uall [3ms]
2024-04-16 05:43:50.714 [info] > git config --get commit.template [13ms]
2024-04-16 05:43:50.715 [info] > git for-each-ref --format=%(refname)%00%(upstream:short)%00%(objectname)%00%(upstream:track)%00%(upstream:remotename)%00%(upstream:remoteref) refs/heads/UI-login refs/remotes/UI-login [2ms]
2024-04-16 05:43:50.727 [info] > git status -z -uall [4ms]
2024-04-16 05:43:50.793 [info] > git ls-files --stage -- /home/arch/Documents/e-Commerce-Dart-Flutter/lib/View/home/side_menu.dart [2ms]
2024-04-16 05:43:50.799 [info] > git cat-file -s 2d706b5862b671d272d9453b09ba3d5f83c8e86e [1ms]
2024-04-16 05:43:50.807 [info] > git show --textconv :lib/View/home/side_menu.dart [2ms]
2024-04-16 05:58:07.410 [info] > git config --get commit.template [9ms]
2024-04-16 05:58:07.411 [info] > git for-each-ref --format=%(refname)%00%(upstream:short)%00%(objectname)%00%(upstream:track)%00%(upstream:remotename)%00%(upstream:remoteref) refs/heads/main refs/remotes/main [2ms]
2024-04-16 05:58:07.420 [info] > git status -z -uall [3ms]
2024-04-16 05:58:07.508 [info] > git ls-files --stage -- /home/arch/Documents/e-Commerce-Dart-Flutter/lib/View/home/side_menu.dart [2ms]
2024-04-16 05:58:07.517 [info] > git cat-file -s 2c862c0660fc1f3c92f72f5cc1d7ea177a62d576 [1ms]
2024-04-16 05:58:07.527 [info] > git show --textconv :lib/View/home/side_menu.dart [1ms]
2024-04-16 05:58:09.587 [info] > git show --textconv :README.md [13ms]
2024-04-16 05:58:09.596 [info] > git ls-files --stage -- /home/arch/Documents/e-Commerce-Dart-Flutter/README.md [9ms]
2024-04-16 05:58:09.612 [info] > git cat-file -s 1b77dc3d24d2ec665253acc9922d0baa2001f485 [4ms]
2024-04-16 06:15:29.392 [info] > git show --textconv :lib/View/pagina_selecao/selecao_produtos.dart [35ms]
2024-04-16 06:15:29.397 [info] > git ls-files --stage -- /home/arch/Documents/e-Commerce-Dart-Flutter/lib/View/pagina_selecao/selecao_produtos.dart [7ms]
2024-04-16 06:15:29.424 [info] > git cat-file -s 396f5b857b149d3a9083c546b065e16b8a446120 [7ms]
2024-04-16 06:42:32.875 [info] > git ls-files --stage -- /home/arch/Documents/e-Commerce-Dart-Flutter/README.md [18ms]
2024-04-16 06:42:32.914 [info] > git show --textconv :README.md [73ms]
2024-04-16 06:42:32.914 [info] > git cat-file -s 1b77dc3d24d2ec665253acc9922d0baa2001f485 [33ms]
2024-04-16 06:42:35.889 [info] > git show --textconv :lib/View/pagina_selecao/selecao_produtos.dart [11ms]
2024-04-16 06:42:35.890 [info] > git ls-files --stage -- /home/arch/Documents/e-Commerce-Dart-Flutter/lib/View/pagina_selecao/selecao_produtos.dart [2ms]
2024-04-16 06:42:35.900 [info] > git cat-file -s 396f5b857b149d3a9083c546b065e16b8a446120 [2ms]
2024-04-16 06:42:41.533 [info] > git show --textconv :lib/View/home/side_menu.dart [10ms]
2024-04-16 06:42:41.534 [info] > git ls-files --stage -- /home/arch/Documents/e-Commerce-Dart-Flutter/lib/View/home/side_menu.dart [1ms]
2024-04-16 06:42:41.542 [info] > git cat-file -s 2c862c0660fc1f3c92f72f5cc1d7ea177a62d576 [1ms]
2024-04-16 06:42:42.956 [info] > git show --textconv :lib/View/home/side_menu_deslogado.dart [8ms]
2024-04-16 06:42:42.957 [info] > git ls-files --stage -- /home/arch/Documents/e-Commerce-Dart-Flutter/lib/View/home/side_menu_deslogado.dart [1ms]
2024-04-16 06:42:42.966 [info] > git cat-file -s a2936d4bd3e939c8cae441bfed0df5a1d92760c2 [2ms]
2024-04-16 06:42:45.482 [info] > git show --textconv :lib/View/pagina_selecao/selecao_produtos.dart [23ms]
2024-04-16 06:42:45.485 [info] > git ls-files --stage -- /home/arch/Documents/e-Commerce-Dart-Flutter/lib/View/pagina_selecao/selecao_produtos.dart [5ms]
2024-04-16 06:42:45.506 [info] > git cat-file -s 396f5b857b149d3a9083c546b065e16b8a446120 [4ms]
