2024-04-12 05:55:39.239 [error] [uncaught exception in sharedProcess]: Event not found: onDidChange: CodeExpectedError: Event not found: onDidChange
    at Object.listen (/opt/visual-studio-code/resources/app/out/vs/code/node/sharedProcess/sharedProcessMain.js:45:4960)
    at E.t (/opt/visual-studio-code/resources/app/out/vs/code/node/sharedProcess/sharedProcessMain.js:44:251)
    at E.q (/opt/visual-studio-code/resources/app/out/vs/code/node/sharedProcess/sharedProcessMain.js:43:4371)
    at y.value (/opt/visual-studio-code/resources/app/out/vs/code/node/sharedProcess/sharedProcessMain.js:43:3602)
    at d.y (/opt/visual-studio-code/resources/app/out/vs/code/node/sharedProcess/sharedProcessMain.js:38:1902)
    at d.z (/opt/visual-studio-code/resources/app/out/vs/code/node/sharedProcess/sharedProcessMain.js:38:1972)
    at d.fire (/opt/visual-studio-code/resources/app/out/vs/code/node/sharedProcess/sharedProcessMain.js:38:2188)
    at MessagePortMain.fe (/opt/visual-studio-code/resources/app/out/vs/code/node/sharedProcess/sharedProcessMain.js:36:30382)
    at MessagePortMain.emit (node:events:514:28)
    at Object.emit (node:electron/js2c/utility_init:2:2285)
2024-04-12 05:55:44.758 [info] Getting Manifest... ms-vscode.vscode-typescript-next
2024-04-12 05:55:44.791 [info] Installing extension: ms-vscode.vscode-typescript-next
2024-04-12 05:55:46.069 [warning] Extension signature verification failed with error 'UnknownError': ms-vscode.vscode-typescript-next
2024-04-12 05:55:46.256 [info] Extracted extension to file:///home/arch/.vscode/extensions/ms-vscode.vscode-typescript-next-5.5.20240411: ms-vscode.vscode-typescript-next
2024-04-12 05:55:46.261 [info] Renamed to /home/arch/.vscode/extensions/ms-vscode.vscode-typescript-next-5.5.20240411
2024-04-12 05:55:46.263 [info] Extracting extension completed. ms-vscode.vscode-typescript-next
2024-04-12 05:55:46.277 [info] Extension installed successfully: ms-vscode.vscode-typescript-next
2024-04-12 05:55:46.280 [info] Marked extension as uninstalled ms-vscode.vscode-typescript-next-5.5.20240410
2024-04-12 05:55:46.347 [error] [uncaught exception in sharedProcess]: Error: ENOENT: no such file or directory, stat '/home/arch/.vscode/extensions/extensions.json.vsctmp': EntryNotFound (FileSystemError): Error: ENOENT: no such file or directory, stat '/home/arch/.vscode/extensions/extensions.json.vsctmp'
    at r.create (/opt/visual-studio-code/resources/app/out/vs/code/node/sharedProcess/sharedProcessMain.js:51:30083)
    at a (/opt/visual-studio-code/resources/app/out/vs/code/node/sharedProcess/sharedProcessMain.js:51:30198)
    at i.fb (/opt/visual-studio-code/resources/app/out/vs/code/node/sharedProcess/sharedProcessMain.js:56:36634)
    at i.stat (/opt/visual-studio-code/resources/app/out/vs/code/node/sharedProcess/sharedProcessMain.js:56:29080)
    at async v.stat (/opt/visual-studio-code/resources/app/out/vs/code/node/sharedProcess/sharedProcessMain.js:56:16226)
    at async X.sb (/opt/visual-studio-code/resources/app/out/vs/code/node/sharedProcess/sharedProcessMain.js:102:107729)
2024-04-12 05:55:46.901 [error] [uncaught exception in sharedProcess]: Event not found: onDidChange: CodeExpectedError: Event not found: onDidChange
    at Object.listen (/opt/visual-studio-code/resources/app/out/vs/code/node/sharedProcess/sharedProcessMain.js:45:4960)
    at E.t (/opt/visual-studio-code/resources/app/out/vs/code/node/sharedProcess/sharedProcessMain.js:44:251)
    at E.q (/opt/visual-studio-code/resources/app/out/vs/code/node/sharedProcess/sharedProcessMain.js:43:4371)
    at y.value (/opt/visual-studio-code/resources/app/out/vs/code/node/sharedProcess/sharedProcessMain.js:43:3602)
    at d.y (/opt/visual-studio-code/resources/app/out/vs/code/node/sharedProcess/sharedProcessMain.js:38:1902)
    at d.z (/opt/visual-studio-code/resources/app/out/vs/code/node/sharedProcess/sharedProcessMain.js:38:1972)
    at d.fire (/opt/visual-studio-code/resources/app/out/vs/code/node/sharedProcess/sharedProcessMain.js:38:2188)
    at MessagePortMain.fe (/opt/visual-studio-code/resources/app/out/vs/code/node/sharedProcess/sharedProcessMain.js:36:30382)
    at MessagePortMain.emit (node:events:514:28)
    at Object.emit (node:electron/js2c/utility_init:2:2285)
