2024-04-14 17:16:37.634 [info] Extension host with pid 328183 started
2024-04-14 17:16:37.683 [info] ExtensionService#_doActivateExtension vscode.git-base, startup: true, activationEvent: '*', root cause: vscode.git
2024-04-14 17:16:37.694 [info] ExtensionService#_doActivateExtension vscode.git, startup: true, activationEvent: '*'
2024-04-14 17:16:37.733 [info] ExtensionService#_doActivateExtension vscode.github, startup: true, activationEvent: '*'
2024-04-14 17:16:37.803 [info] Eager extensions activated
2024-04-14 17:16:37.811 [info] ExtensionService#_doActivateExtension vscode.debug-auto-launch, startup: false, activationEvent: 'onStartupFinished'
2024-04-14 17:16:37.815 [info] ExtensionService#_doActivateExtension vscode.merge-conflict, startup: false, activationEvent: 'onStartupFinished'
2024-04-14 17:16:37.829 [info] ExtensionService#_doActivateExtension dbaeumer.vscode-eslint, startup: false, activationEvent: 'onStartupFinished'
2024-04-14 17:17:11.585 [info] Extension host terminating: renderer closed the MessagePort
2024-04-14 17:17:11.604 [info] Extension host with pid 328183 exiting with code 0
2024-04-14 17:17:12.915 [info] Extension host with pid 336206 started
2024-04-14 17:17:12.915 [info] Skipping acquiring lock for /home/arch/.config/Code/User/workspaceStorage/fa837bfd1c9d182e8655f232f5d14f9b.
2024-04-14 17:17:12.988 [info] ExtensionService#_doActivateExtension vscode.git-base, startup: true, activationEvent: '*'
2024-04-14 17:17:13.024 [info] ExtensionService#_doActivateExtension vscode.github, startup: true, activationEvent: '*'
2024-04-14 17:17:13.081 [info] Eager extensions activated
2024-04-14 17:17:13.183 [info] ExtensionService#_doActivateExtension vscode.debug-auto-launch, startup: false, activationEvent: 'onStartupFinished'
2024-04-14 17:17:13.185 [info] ExtensionService#_doActivateExtension vscode.merge-conflict, startup: false, activationEvent: 'onStartupFinished'
2024-04-14 17:17:14.781 [info] ExtensionService#_doActivateExtension vscode.git, startup: false, activationEvent: 'api', root cause: vscode.github
2024-04-14 17:17:14.879 [info] ExtensionService#_doActivateExtension dbaeumer.vscode-eslint, startup: false, activationEvent: 'onStartupFinished'
2024-04-14 17:17:15.823 [info] ExtensionService#_doActivateExtension vscode.emmet, startup: false, activationEvent: 'onLanguage'
2024-04-14 17:17:26.770 [info] ExtensionService#_doActivateExtension ms-toolsai.jupyter, startup: false, activationEvent: 'onWalkthrough:jupyterWelcome'
2024-04-14 17:17:27.598 [info] ExtensionService#_doActivateExtension ms-toolsai.jupyter-renderers, startup: false, activationEvent: 'api', root cause: ms-toolsai.jupyter
2024-04-14 17:17:43.791 [info] ExtensionService#_doActivateExtension vscode.ipynb, startup: false, activationEvent: 'onNotebookSerializer:jupyter-notebook'
2024-04-14 17:17:43.811 [info] ExtensionService#_doActivateExtension vscode.extension-editing, startup: false, activationEvent: 'onLanguage:json'
2024-04-14 17:17:43.818 [info] ExtensionService#_doActivateExtension vscode.json-language-features, startup: false, activationEvent: 'onLanguage:json'
2024-04-14 17:17:43.847 [info] ExtensionService#_doActivateExtension vscode.npm, startup: false, activationEvent: 'onLanguage:json'
2024-04-14 17:17:43.990 [info] ExtensionService#_doActivateExtension ms-toolsai.vscode-jupyter-cell-tags, startup: false, activationEvent: 'onNotebook:jupyter-notebook'
2024-04-14 17:17:43.995 [info] ExtensionService#_doActivateExtension ms-toolsai.vscode-jupyter-slideshow, startup: false, activationEvent: 'onNotebook:jupyter-notebook'
2024-04-14 17:17:44.170 [info] ExtensionService#_doActivateExtension VisualStudioExptTeam.intellicode-api-usage-examples, startup: false, activationEvent: 'onLanguage:python'
2024-04-14 17:17:44.386 [info] ExtensionService#_doActivateExtension VisualStudioExptTeam.vscodeintellicode, startup: false, activationEvent: 'onLanguage:python'
2024-04-14 17:21:54.613 [error] Canceled: Canceled
	at Object.execute (/home/arch/.vscode/extensions/ms-toolsai.jupyter-2024.2.0-linux-x64/dist/extension.node.js:341:115195)
	at $p.selectItem (/home/arch/.vscode/extensions/ms-toolsai.jupyter-2024.2.0-linux-x64/dist/extension.node.js:296:12118)
	at async GT.selectKernel (/home/arch/.vscode/extensions/ms-toolsai.jupyter-2024.2.0-linux-x64/dist/extension.node.js:341:115937)
	at async ab.selectLocalKernel (/home/arch/.vscode/extensions/ms-toolsai.jupyter-2024.2.0-linux-x64/dist/extension.node.js:341:117985)
	at async ib.onSelectLocalKernel (/home/arch/.vscode/extensions/ms-toolsai.jupyter-2024.2.0-linux-x64/dist/extension.node.js:341:94138)
	at async l.h (/opt/visual-studio-code/resources/app/out/vs/workbench/api/node/extensionHostProcess.js:150:184831) jupyter.kernel.selectLocalPythonEnvironment {"value":"ms-toolsai.jupyter","_lower":"ms-toolsai.jupyter"}
2024-04-14 17:22:12.166 [info] ExtensionService#_doActivateExtension ms-python.python, startup: false, activationEvent: 'api', root cause: ms-toolsai.jupyter
2024-04-14 17:22:13.345 [info] ExtensionService#_doActivateExtension ms-python.debugpy, startup: false, activationEvent: 'onLanguage:python'
2024-04-14 17:22:13.495 [info] ExtensionService#_doActivateExtension ms-python.vscode-pylance, startup: false, activationEvent: 'onLanguage:python'
2024-04-14 17:36:41.092 [info] ExtensionService#_doActivateExtension vscode.markdown-language-features, startup: false, activationEvent: 'onLanguage:markdown'
2024-04-14 17:36:41.982 [info] ExtensionService#_doActivateExtension vscode.markdown-math, startup: false, activationEvent: 'api', root cause: vscode.markdown-language-features
2024-04-14 17:39:52.986 [info] Extension host terminating: renderer closed the MessagePort
2024-04-14 17:39:53.045 [error] Canceled: Canceled
	at new $ (/opt/visual-studio-code/resources/app/out/vs/workbench/api/node/extensionHostProcess.js:140:45885)
	at s.U (/opt/visual-studio-code/resources/app/out/vs/workbench/api/node/extensionHostProcess.js:147:5556)
	at z.<computed>.T.charCodeAt.z.<computed> (/opt/visual-studio-code/resources/app/out/vs/workbench/api/node/extensionHostProcess.js:147:3007)
	at l.g (/opt/visual-studio-code/resources/app/out/vs/workbench/api/node/extensionHostProcess.js:150:184300)
	at l.executeCommand (/opt/visual-studio-code/resources/app/out/vs/workbench/api/node/extensionHostProcess.js:150:183738)
	at f.registerCommand.description (/opt/visual-studio-code/resources/app/out/vs/workbench/api/node/extensionHostProcess.js:150:183062)
	at l.h (/opt/visual-studio-code/resources/app/out/vs/workbench/api/node/extensionHostProcess.js:150:184839)
	at l.g (/opt/visual-studio-code/resources/app/out/vs/workbench/api/node/extensionHostProcess.js:150:183831)
	at l.executeCommand (/opt/visual-studio-code/resources/app/out/vs/workbench/api/node/extensionHostProcess.js:150:183738)
	at Object.executeCommand (/opt/visual-studio-code/resources/app/out/vs/workbench/api/node/extensionHostProcess.js:160:21654)
	at ir.set (/home/arch/.vscode/extensions/ms-toolsai.jupyter-2024.2.0-linux-x64/dist/extension.node.js:341:139735)
	at pI.updateContextOfActiveNotebookKernel (/home/arch/.vscode/extensions/ms-toolsai.jupyter-2024.2.0-linux-x64/dist/extension.node.js:411:11475)
	at pI.onDidKernelStatusChange (/home/arch/.vscode/extensions/ms-toolsai.jupyter-2024.2.0-linux-x64/dist/extension.node.js:411:13065)
	at n.y (/opt/visual-studio-code/resources/app/out/vs/workbench/api/node/extensionHostProcess.js:80:1902)
	at n.z (/opt/visual-studio-code/resources/app/out/vs/workbench/api/node/extensionHostProcess.js:80:1972)
	at n.fire (/opt/visual-studio-code/resources/app/out/vs/workbench/api/node/extensionHostProcess.js:80:2188)
	at Cy.<anonymous> (/home/arch/.vscode/extensions/ms-toolsai.jupyter-2024.2.0-linux-x64/dist/extension.node.js:327:2878)
	at n.y (/opt/visual-studio-code/resources/app/out/vs/workbench/api/node/extensionHostProcess.js:80:1902)
	at n.z (/opt/visual-studio-code/resources/app/out/vs/workbench/api/node/extensionHostProcess.js:80:1972)
	at n.fire (/opt/visual-studio-code/resources/app/out/vs/workbench/api/node/extensionHostProcess.js:80:2188)
	at e (/home/arch/.vscode/extensions/ms-toolsai.jupyter-2024.2.0-linux-x64/dist/extension.node.js:311:31573)
	at ED.dispose (/home/arch/.vscode/extensions/ms-toolsai.jupyter-2024.2.0-linux-x64/dist/extension.node.js:311:31696)
	at /home/arch/.vscode/extensions/ms-toolsai.jupyter-2024.2.0-linux-x64/dist/extension.node.js:204:1164
	at Array.map (<anonymous>)
	at yg.dispose (/home/arch/.vscode/extensions/ms-toolsai.jupyter-2024.2.0-linux-x64/dist/extension.node.js:204:1155)
	at Object.tIe (/home/arch/.vscode/extensions/ms-toolsai.jupyter-2024.2.0-linux-x64/dist/extension.node.js:436:14390)
	at Object.m (/home/arch/.vscode/extensions/ms-toolsai.jupyter-2024.2.0-linux-x64/dist/extension.node.proxy.js:1:1025)
	at w.cb (/opt/visual-studio-code/resources/app/out/vs/workbench/api/node/extensionHostProcess.js:156:9687)
	at /opt/visual-studio-code/resources/app/out/vs/workbench/api/node/extensionHostProcess.js:156:7816
	at Array.map (<anonymous>)
	at w.Y (/opt/visual-studio-code/resources/app/out/vs/workbench/api/node/extensionHostProcess.js:156:7803)
	at w.terminate (/opt/visual-studio-code/resources/app/out/vs/workbench/api/node/extensionHostProcess.js:156:8076)
	at o.terminate (/opt/visual-studio-code/resources/app/out/vs/workbench/api/node/extensionHostProcess.js:160:1513)
	at t (/opt/visual-studio-code/resources/app/out/vs/workbench/api/node/extensionHostProcess.js:173:9949)
	at MessagePortMain.<anonymous> (/opt/visual-studio-code/resources/app/out/vs/workbench/api/node/extensionHostProcess.js:173:6374)
	at MessagePortMain.emit (node:events:514:28)
	at Object.emit (node:electron/js2c/utility_init:2:2285) setContext undefined
2024-04-14 17:39:53.061 [info] Extension host with pid 336206 exiting with code 0
