[flutter] flutter doctor -v
[✓] Flutter (Channel stable, 3.19.5, on Arch Linux 6.8.1-arch1-1, locale en_US.UTF-8)
    • Flutter version 3.19.5 on channel stable at /home/arch/snap/flutter/common/flutter
    • Upstream repository https://github.com/flutter/flutter.git
    • Framework revision 300451adae (2 weeks ago), 2024-03-27 21:54:07 -0500
    • Engine revision e76c956498
    • Dart version 3.3.3
    • DevTools version 2.31.1

[!] Android toolchain - develop for Android devices (Android SDK version 34.0.0)
    • Android SDK at /home/arch/Android/Sdk
    ✗ cmdline-tools component is missing
      Run `path/to/sdkmanager --install "cmdline-tools;latest"`
      See https://developer.android.com/studio/command-line for more details.
    ✗ Android license status unknown.
      Run `flutter doctor --android-licenses` to accept the SDK licenses.
      See https://flutter.dev/docs/get-started/install/linux#android-setup for more details.

[✗] Chrome - develop for the web (Cannot find Chrome executable at google-chrome)
    ! Cannot find Chrome. Try setting CHROME_EXECUTABLE to a Chrome executable.

[✓] Linux toolchain - develop for Linux desktop
    • clang version 10.0.0-4ubuntu1
    • cmake version 3.16.3
    • ninja version 1.10.0
    • pkg-config version 0.29.1

[✓] Android Studio (version 2023.2)
    • Android Studio at /opt/android-studio
    • Flutter plugin can be installed from:
      🔨 https://plugins.jetbrains.com/plugin/9212-flutter
    • Dart plugin can be installed from:
      🔨 https://plugins.jetbrains.com/plugin/6351-dart
    • Java version OpenJDK Runtime Environment (build 17.0.9+0-17.0.9b1087.7-11185874)

Error 1 retrieving device properties for sdk gphone64 x86 64:
error: closed

[✓] Connected device (2 available)
    • sdk gphone64 x86 64 (mobile) • emulator-5554 • android-arm • Android null (API null)
    • Linux (desktop)              • linux         • linux-x64   • Arch Linux 6.8.1-arch1-1
    ! Device emulator-5554 is offline.

[✓] Network resources
    • All expected network resources are available.

! Doctor found issues in 2 categories.
exit code 0
