2024-04-16 05:18:35.700 [info] Added views:workbench.panel.markers.view in workbench.panel.markers
2024-04-16 05:18:35.700 [info] Added views:workbench.panel.output in workbench.panel.output
2024-04-16 05:18:35.700 [info] Added views:terminal in terminal
2024-04-16 05:18:35.700 [info] Added views:outline in workbench.view.explorer
2024-04-16 05:18:35.700 [info] Added views:workbench.scm in workbench.view.scm
2024-04-16 05:18:35.700 [info] Added views:workbench.view.search in workbench.view.search
2024-04-16 05:18:35.700 [info] Added views:timeline in workbench.view.explorer
2024-04-16 05:18:35.700 [info] Added views:workbench.explorer.fileView in workbench.view.explorer
2024-04-16 05:18:36.030 [info] Added views:workbench.debug.welcome in workbench.view.debug
2024-04-16 05:18:37.714 [info] Added views:workbench.panel.repl.view in workbench.panel.repl
2024-04-16 05:18:38.143 [info] Added views:workbench.view.testing in workbench.view.extension.test
2024-04-16 05:18:38.215 [info] Added views:dartDependencyTree in workbench.view.explorer
2024-04-16 05:18:38.218 [info] Added views:dartFlutterSidebar,dartFlutterOutline in workbench.view.extension.flutter
2024-04-16 05:18:39.686 [info] Added views:javaProjectExplorer in workbench.view.explorer
2024-04-16 05:18:44.503 [info] Added views:~remote.forwardedPorts in ~remote.forwardedPortsContainer
2024-04-16 05:19:52.702 [info] Added views:workbench.debug.breakPointsView in workbench.view.debug
2024-04-16 05:21:23.135 [info] Removed views:workbench.debug.welcome from workbench.view.debug
2024-04-16 05:21:23.137 [info] Added views:workbench.debug.variablesView,workbench.debug.watchExpressionsView,workbench.debug.callStackView in workbench.view.debug
2024-04-16 05:27:41.485 [info] Removed views:workbench.debug.callStackView,workbench.debug.watchExpressionsView,workbench.debug.variablesView from workbench.view.debug
2024-04-16 05:27:41.487 [info] Added views:workbench.debug.welcome in workbench.view.debug
2024-04-16 05:29:11.156 [info] Removed views:workbench.debug.welcome from workbench.view.debug
2024-04-16 05:29:11.158 [info] Added views:workbench.debug.variablesView,workbench.debug.watchExpressionsView,workbench.debug.callStackView in workbench.view.debug
2024-04-16 05:42:22.358 [info] Removed views:workbench.debug.callStackView,workbench.debug.watchExpressionsView,workbench.debug.variablesView from workbench.view.debug
2024-04-16 05:42:22.361 [info] Added views:workbench.debug.welcome in workbench.view.debug
2024-04-16 06:42:50.343 [info] Removed views:workbench.view.testing from workbench.view.extension.test
