2024-04-12 05:55:49.911 [info] Log level: Info
2024-04-12 05:55:49.911 [info] Validating found git in: "git"
2024-04-12 05:55:49.911 [info] Using git "2.44.0" from "git"
2024-04-12 05:55:49.911 [info] > git rev-parse --show-toplevel [129ms]
2024-04-12 05:55:49.911 [info] > git rev-parse --git-dir --git-common-dir [15ms]
2024-04-12 05:55:49.911 [info] Open repository: /home/arch/Documents/e-Commerce-Dart-Flutter
2024-04-12 05:55:50.020 [info] > git rev-parse --show-toplevel [69ms]
2024-04-12 05:55:50.021 [info] > git config --get commit.template [81ms]
2024-04-12 05:55:50.119 [info] > git rev-parse --show-toplevel [47ms]
2024-04-12 05:55:50.133 [info] > git for-each-ref --format=%(refname)%00%(upstream:short)%00%(objectname)%00%(upstream:track)%00%(upstream:remotename)%00%(upstream:remoteref) refs/heads/main refs/remotes/main [44ms]
2024-04-12 05:55:50.135 [info] > git rev-parse --show-toplevel [3ms]
2024-04-12 05:55:50.143 [warning] ENOENT: no such file or directory, open '/home/arch/Documents/e-Commerce-Dart-Flutter/.git/refs/remotes/origin/main'
2024-04-12 05:55:50.166 [info] > git rev-parse --show-toplevel [8ms]
2024-04-12 05:55:50.167 [info] > git rev-parse refs/remotes/origin/main [23ms]
2024-04-12 05:55:50.203 [info] > git status -z -uall [28ms]
2024-04-12 05:55:50.203 [info] > git rev-parse --show-toplevel [13ms]
2024-04-12 05:55:50.282 [info] > git config --get commit.template [34ms]
2024-04-12 05:55:50.282 [info] > git rev-parse --show-toplevel [47ms]
2024-04-12 05:55:50.407 [info] > git for-each-ref --format=%(refname)%00%(upstream:short)%00%(objectname)%00%(upstream:track)%00%(upstream:remotename)%00%(upstream:remoteref) refs/heads/main refs/remotes/main [85ms]
2024-04-12 05:55:50.408 [info] > git rev-parse --show-toplevel [105ms]
2024-04-12 05:55:50.443 [warning] ENOENT: no such file or directory, open '/home/arch/Documents/e-Commerce-Dart-Flutter/.git/refs/remotes/origin/main'
2024-04-12 05:55:50.446 [info] > git rev-parse refs/remotes/origin/main [2ms]
2024-04-12 05:55:50.466 [info] > git status -z -uall [8ms]
2024-04-12 05:55:50.653 [info] > git check-ignore -v -z --stdin [4ms]
2024-04-12 05:55:51.602 [info] > git check-ignore -v -z --stdin [1ms]
2024-04-12 05:55:54.200 [info] > git check-ignore -v -z --stdin [1ms]
2024-04-12 05:55:55.512 [info] > git show --textconv :lib/main.dart [24ms]
2024-04-12 05:55:55.512 [info] > git ls-files --stage -- /home/arch/Documents/e-Commerce-Dart-Flutter/lib/main.dart [3ms]
2024-04-12 05:55:55.530 [info] > git cat-file -s edd84f1217ab1d13c3a12beefa8d80b57c490aa6 [2ms]
2024-04-12 05:56:06.868 [info] > git config --get commit.template [1ms]
2024-04-12 05:56:06.888 [info] > git for-each-ref --format=%(refname)%00%(upstream:short)%00%(objectname)%00%(upstream:track)%00%(upstream:remotename)%00%(upstream:remoteref) refs/heads/main refs/remotes/main [2ms]
2024-04-12 05:56:06.906 [warning] ENOENT: no such file or directory, open '/home/arch/Documents/e-Commerce-Dart-Flutter/.git/refs/remotes/origin/main'
2024-04-12 05:56:06.907 [info] > git rev-parse refs/remotes/origin/main [1ms]
2024-04-12 05:56:06.934 [info] > git status -z -uall [5ms]
2024-04-12 05:56:11.984 [info] > git config --get commit.template [20ms]
2024-04-12 05:56:11.985 [info] > git for-each-ref --format=%(refname)%00%(upstream:short)%00%(objectname)%00%(upstream:track)%00%(upstream:remotename)%00%(upstream:remoteref) refs/heads/main refs/remotes/main [3ms]
2024-04-12 05:56:12.003 [warning] ENOENT: no such file or directory, open '/home/arch/Documents/e-Commerce-Dart-Flutter/.git/refs/remotes/origin/main'
2024-04-12 05:56:12.007 [info] > git rev-parse refs/remotes/origin/main [3ms]
2024-04-12 05:56:12.039 [info] > git status -z -uall [16ms]
2024-04-12 05:56:14.521 [info] > git check-ignore -v -z --stdin [2ms]
2024-04-12 05:56:17.088 [info] > git config --get commit.template [21ms]
2024-04-12 05:56:17.090 [info] > git for-each-ref --format=%(refname)%00%(upstream:short)%00%(objectname)%00%(upstream:track)%00%(upstream:remotename)%00%(upstream:remoteref) refs/heads/main refs/remotes/main [5ms]
2024-04-12 05:56:17.109 [warning] ENOENT: no such file or directory, open '/home/arch/Documents/e-Commerce-Dart-Flutter/.git/refs/remotes/origin/main'
2024-04-12 05:56:17.113 [info] > git rev-parse refs/remotes/origin/main [4ms]
2024-04-12 05:56:17.143 [info] > git status -z -uall [12ms]
2024-04-12 05:56:46.002 [info] > git check-ignore -v -z --stdin [2ms]
2024-04-12 05:56:54.517 [info] > git show --textconv :lib/up_app_bar.dart [29ms]
2024-04-12 05:56:54.521 [info] > git ls-files --stage -- /home/arch/Documents/e-Commerce-Dart-Flutter/lib/up_app_bar.dart [8ms]
2024-04-12 05:56:54.544 [info] > git cat-file -s c00e906bb4433eb3c7d798228f90d04e1d5f99fc [5ms]
2024-04-12 05:57:05.429 [info] > git show --textconv :lib/home/home.dart [29ms]
2024-04-12 05:57:05.433 [info] > git ls-files --stage -- /home/arch/Documents/e-Commerce-Dart-Flutter/lib/home/home.dart [5ms]
2024-04-12 05:57:05.458 [info] > git cat-file -s 525b9824a6339a349427e12f1db546dc8292de81 [5ms]
2024-04-12 05:58:15.025 [info] > git check-ignore -v -z --stdin [1ms]
2024-04-12 05:58:15.393 [info] > git config --get commit.template [14ms]
2024-04-12 05:58:15.395 [info] > git for-each-ref --format=%(refname)%00%(upstream:short)%00%(objectname)%00%(upstream:track)%00%(upstream:remotename)%00%(upstream:remoteref) refs/heads/main refs/remotes/main [2ms]
2024-04-12 05:58:15.407 [warning] ENOENT: no such file or directory, open '/home/arch/Documents/e-Commerce-Dart-Flutter/.git/refs/remotes/origin/main'
2024-04-12 05:58:15.409 [info] > git rev-parse refs/remotes/origin/main [2ms]
2024-04-12 05:58:15.427 [info] > git status -z -uall [8ms]
2024-04-12 05:58:44.603 [info] > git show --textconv :lib/main.dart [14ms]
2024-04-12 05:58:44.605 [info] > git ls-files --stage -- /home/arch/Documents/e-Commerce-Dart-Flutter/lib/main.dart [3ms]
2024-04-12 05:58:44.618 [info] > git cat-file -s edd84f1217ab1d13c3a12beefa8d80b57c490aa6 [2ms]
2024-04-12 05:58:51.827 [info] > git config --get commit.template [1ms]
2024-04-12 05:58:51.840 [info] > git for-each-ref --format=%(refname)%00%(upstream:short)%00%(objectname)%00%(upstream:track)%00%(upstream:remotename)%00%(upstream:remoteref) refs/heads/main refs/remotes/main [2ms]
2024-04-12 05:58:51.849 [warning] ENOENT: no such file or directory, open '/home/arch/Documents/e-Commerce-Dart-Flutter/.git/refs/remotes/origin/main'
2024-04-12 05:58:51.851 [info] > git rev-parse refs/remotes/origin/main [2ms]
2024-04-12 05:58:52.030 [info] > git status -z -uall [171ms]
2024-04-12 05:58:53.694 [info] > git check-ignore -v -z --stdin [3ms]
2024-04-12 05:58:57.070 [info] > git config --get commit.template [3ms]
2024-04-12 05:58:57.093 [info] > git for-each-ref --format=%(refname)%00%(upstream:short)%00%(objectname)%00%(upstream:track)%00%(upstream:remotename)%00%(upstream:remoteref) refs/heads/main refs/remotes/main [2ms]
2024-04-12 05:58:57.107 [warning] ENOENT: no such file or directory, open '/home/arch/Documents/e-Commerce-Dart-Flutter/.git/refs/remotes/origin/main'
2024-04-12 05:58:57.109 [info] > git rev-parse refs/remotes/origin/main [2ms]
2024-04-12 05:58:57.136 [info] > git status -z -uall [12ms]
2024-04-12 05:59:16.184 [info] > git config --get commit.template [12ms]
2024-04-12 05:59:16.185 [info] > git for-each-ref --format=%(refname)%00%(upstream:short)%00%(objectname)%00%(upstream:track)%00%(upstream:remotename)%00%(upstream:remoteref) refs/heads/main refs/remotes/main [4ms]
2024-04-12 05:59:16.195 [warning] ENOENT: no such file or directory, open '/home/arch/Documents/e-Commerce-Dart-Flutter/.git/refs/remotes/origin/main'
2024-04-12 05:59:16.196 [info] > git rev-parse refs/remotes/origin/main [2ms]
2024-04-12 05:59:16.214 [info] > git status -z -uall [9ms]
2024-04-12 05:59:20.833 [info] > git show --textconv :lib/home/home.dart [10ms]
2024-04-12 05:59:20.835 [info] > git ls-files --stage -- /home/arch/Documents/e-Commerce-Dart-Flutter/lib/home/home.dart [3ms]
2024-04-12 05:59:20.845 [info] > git cat-file -s 525b9824a6339a349427e12f1db546dc8292de81 [1ms]
2024-04-12 05:59:21.236 [info] > git config --get commit.template [9ms]
2024-04-12 05:59:21.237 [info] > git for-each-ref --format=%(refname)%00%(upstream:short)%00%(objectname)%00%(upstream:track)%00%(upstream:remotename)%00%(upstream:remoteref) refs/heads/main refs/remotes/main [1ms]
2024-04-12 05:59:21.244 [warning] ENOENT: no such file or directory, open '/home/arch/Documents/e-Commerce-Dart-Flutter/.git/refs/remotes/origin/main'
2024-04-12 05:59:21.245 [info] > git rev-parse refs/remotes/origin/main [1ms]
2024-04-12 05:59:21.259 [info] > git status -z -uall [6ms]
2024-04-12 05:59:41.283 [info] > git config --get commit.template [1ms]
2024-04-12 05:59:41.295 [info] > git for-each-ref --format=%(refname)%00%(upstream:short)%00%(objectname)%00%(upstream:track)%00%(upstream:remotename)%00%(upstream:remoteref) refs/heads/main refs/remotes/main [2ms]
2024-04-12 05:59:41.303 [warning] ENOENT: no such file or directory, open '/home/arch/Documents/e-Commerce-Dart-Flutter/.git/refs/remotes/origin/main'
2024-04-12 05:59:41.305 [info] > git rev-parse refs/remotes/origin/main [2ms]
2024-04-12 05:59:41.318 [info] > git status -z -uall [6ms]
2024-04-12 05:59:46.338 [info] > git config --get commit.template [8ms]
2024-04-12 05:59:46.339 [info] > git for-each-ref --format=%(refname)%00%(upstream:short)%00%(objectname)%00%(upstream:track)%00%(upstream:remotename)%00%(upstream:remoteref) refs/heads/main refs/remotes/main [1ms]
2024-04-12 05:59:46.349 [warning] ENOENT: no such file or directory, open '/home/arch/Documents/e-Commerce-Dart-Flutter/.git/refs/remotes/origin/main'
2024-04-12 05:59:46.351 [info] > git rev-parse refs/remotes/origin/main [1ms]
2024-04-12 05:59:46.370 [info] > git status -z -uall [8ms]
2024-04-12 05:59:51.397 [info] > git config --get commit.template [3ms]
2024-04-12 05:59:51.411 [info] > git for-each-ref --format=%(refname)%00%(upstream:short)%00%(objectname)%00%(upstream:track)%00%(upstream:remotename)%00%(upstream:remoteref) refs/heads/main refs/remotes/main [0ms]
2024-04-12 05:59:51.420 [warning] ENOENT: no such file or directory, open '/home/arch/Documents/e-Commerce-Dart-Flutter/.git/refs/remotes/origin/main'
2024-04-12 05:59:51.421 [info] > git rev-parse refs/remotes/origin/main [1ms]
2024-04-12 05:59:51.441 [info] > git status -z -uall [9ms]
2024-04-12 05:59:56.466 [info] > git config --get commit.template [1ms]
2024-04-12 05:59:56.484 [info] > git for-each-ref --format=%(refname)%00%(upstream:short)%00%(objectname)%00%(upstream:track)%00%(upstream:remotename)%00%(upstream:remoteref) refs/heads/main refs/remotes/main [2ms]
2024-04-12 05:59:56.497 [warning] ENOENT: no such file or directory, open '/home/arch/Documents/e-Commerce-Dart-Flutter/.git/refs/remotes/origin/main'
2024-04-12 05:59:56.498 [info] > git rev-parse refs/remotes/origin/main [1ms]
2024-04-12 05:59:56.522 [info] > git status -z -uall [10ms]
2024-04-12 06:00:02.485 [info] > git config --get commit.template [3ms]
2024-04-12 06:00:02.506 [info] > git for-each-ref --format=%(refname)%00%(upstream:short)%00%(objectname)%00%(upstream:track)%00%(upstream:remotename)%00%(upstream:remoteref) refs/heads/main refs/remotes/main [2ms]
2024-04-12 06:00:02.516 [warning] ENOENT: no such file or directory, open '/home/arch/Documents/e-Commerce-Dart-Flutter/.git/refs/remotes/origin/main'
2024-04-12 06:00:02.518 [info] > git rev-parse refs/remotes/origin/main [2ms]
2024-04-12 06:00:02.542 [info] > git status -z -uall [10ms]
2024-04-12 06:00:24.587 [info] > git config --get commit.template [3ms]
2024-04-12 06:00:24.603 [info] > git for-each-ref --format=%(refname)%00%(upstream:short)%00%(objectname)%00%(upstream:track)%00%(upstream:remotename)%00%(upstream:remoteref) refs/heads/main refs/remotes/main [0ms]
2024-04-12 06:00:24.615 [warning] ENOENT: no such file or directory, open '/home/arch/Documents/e-Commerce-Dart-Flutter/.git/refs/remotes/origin/main'
2024-04-12 06:00:24.616 [info] > git rev-parse refs/remotes/origin/main [1ms]
2024-04-12 06:00:24.655 [info] > git status -z -uall [12ms]
2024-04-12 06:00:29.688 [info] > git config --get commit.template [2ms]
2024-04-12 06:00:29.700 [info] > git for-each-ref --format=%(refname)%00%(upstream:short)%00%(objectname)%00%(upstream:track)%00%(upstream:remotename)%00%(upstream:remoteref) refs/heads/main refs/remotes/main [2ms]
2024-04-12 06:00:29.708 [warning] ENOENT: no such file or directory, open '/home/arch/Documents/e-Commerce-Dart-Flutter/.git/refs/remotes/origin/main'
2024-04-12 06:00:29.710 [info] > git rev-parse refs/remotes/origin/main [2ms]
2024-04-12 06:00:29.722 [info] > git status -z -uall [5ms]
2024-04-12 06:02:43.412 [info] > git show --textconv :lib/main.dart [8ms]
2024-04-12 06:02:43.414 [info] > git ls-files --stage -- /home/arch/Documents/e-Commerce-Dart-Flutter/lib/main.dart [2ms]
2024-04-12 06:02:43.431 [info] > git cat-file -s edd84f1217ab1d13c3a12beefa8d80b57c490aa6 [7ms]
2024-04-12 06:03:08.034 [info] > git config --get commit.template [8ms]
2024-04-12 06:03:08.049 [info] > git for-each-ref --format=%(refname)%00%(upstream:short)%00%(objectname)%00%(upstream:track)%00%(upstream:remotename)%00%(upstream:remoteref) refs/heads/main refs/remotes/main [2ms]
2024-04-12 06:03:08.083 [warning] ENOENT: no such file or directory, open '/home/arch/Documents/e-Commerce-Dart-Flutter/.git/refs/remotes/origin/main'
2024-04-12 06:03:08.091 [info] > git rev-parse refs/remotes/origin/main [7ms]
2024-04-12 06:03:08.141 [info] > git status -z -uall [22ms]
2024-04-12 06:03:38.745 [info] > git config --get commit.template [18ms]
2024-04-12 06:03:38.746 [info] > git for-each-ref --format=%(refname)%00%(upstream:short)%00%(objectname)%00%(upstream:track)%00%(upstream:remotename)%00%(upstream:remoteref) refs/heads/main refs/remotes/main [3ms]
2024-04-12 06:03:38.758 [warning] ENOENT: no such file or directory, open '/home/arch/Documents/e-Commerce-Dart-Flutter/.git/refs/remotes/origin/main'
2024-04-12 06:03:38.761 [info] > git rev-parse refs/remotes/origin/main [2ms]
2024-04-12 06:03:38.783 [info] > git status -z -uall [8ms]
2024-04-12 06:03:47.197 [info] > git config --get commit.template [16ms]
2024-04-12 06:03:47.199 [info] > git for-each-ref --format=%(refname)%00%(upstream:short)%00%(objectname)%00%(upstream:track)%00%(upstream:remotename)%00%(upstream:remoteref) refs/heads/main refs/remotes/main [3ms]
2024-04-12 06:03:47.208 [warning] ENOENT: no such file or directory, open '/home/arch/Documents/e-Commerce-Dart-Flutter/.git/refs/remotes/origin/main'
2024-04-12 06:03:47.211 [info] > git rev-parse refs/remotes/origin/main [3ms]
2024-04-12 06:03:47.233 [info] > git status -z -uall [7ms]
2024-04-12 06:04:16.705 [info] > git config --get commit.template [1ms]
2024-04-12 06:04:16.745 [info] > git for-each-ref --format=%(refname)%00%(upstream:short)%00%(objectname)%00%(upstream:track)%00%(upstream:remotename)%00%(upstream:remoteref) refs/heads/main refs/remotes/main [15ms]
2024-04-12 06:04:16.766 [warning] ENOENT: no such file or directory, open '/home/arch/Documents/e-Commerce-Dart-Flutter/.git/refs/remotes/origin/main'
2024-04-12 06:04:16.773 [info] > git rev-parse refs/remotes/origin/main [7ms]
2024-04-12 06:04:16.800 [info] > git status -z -uall [11ms]
2024-04-12 06:04:21.838 [info] > git config --get commit.template [18ms]
2024-04-12 06:04:21.839 [info] > git for-each-ref --format=%(refname)%00%(upstream:short)%00%(objectname)%00%(upstream:track)%00%(upstream:remotename)%00%(upstream:remoteref) refs/heads/main refs/remotes/main [5ms]
2024-04-12 06:04:21.860 [warning] ENOENT: no such file or directory, open '/home/arch/Documents/e-Commerce-Dart-Flutter/.git/refs/remotes/origin/main'
2024-04-12 06:04:21.861 [info] > git rev-parse refs/remotes/origin/main [7ms]
2024-04-12 06:04:21.885 [info] > git status -z -uall [10ms]
2024-04-12 06:04:26.931 [info] > git config --get commit.template [2ms]
2024-04-12 06:04:26.966 [info] > git for-each-ref --format=%(refname)%00%(upstream:short)%00%(objectname)%00%(upstream:track)%00%(upstream:remotename)%00%(upstream:remoteref) refs/heads/main refs/remotes/main [12ms]
2024-04-12 06:04:26.986 [warning] ENOENT: no such file or directory, open '/home/arch/Documents/e-Commerce-Dart-Flutter/.git/refs/remotes/origin/main'
2024-04-12 06:04:26.989 [info] > git rev-parse refs/remotes/origin/main [4ms]
2024-04-12 06:04:27.010 [info] > git status -z -uall [10ms]
2024-04-12 06:04:32.033 [info] > git config --get commit.template [4ms]
2024-04-12 06:04:32.053 [info] > git for-each-ref --format=%(refname)%00%(upstream:short)%00%(objectname)%00%(upstream:track)%00%(upstream:remotename)%00%(upstream:remoteref) refs/heads/main refs/remotes/main [1ms]
2024-04-12 06:04:32.065 [warning] ENOENT: no such file or directory, open '/home/arch/Documents/e-Commerce-Dart-Flutter/.git/refs/remotes/origin/main'
2024-04-12 06:04:32.067 [info] > git rev-parse refs/remotes/origin/main [2ms]
2024-04-12 06:04:32.084 [info] > git status -z -uall [6ms]
2024-04-12 06:06:35.013 [info] > git show --textconv :lib/up_app_bar.dart [14ms]
2024-04-12 06:06:35.015 [info] > git ls-files --stage -- /home/arch/Documents/e-Commerce-Dart-Flutter/lib/up_app_bar.dart [4ms]
2024-04-12 06:06:35.026 [info] > git cat-file -s c00e906bb4433eb3c7d798228f90d04e1d5f99fc [2ms]
2024-04-12 06:07:13.218 [info] > git show --textconv :lib/home/home.dart [28ms]
2024-04-12 06:07:13.218 [info] > git ls-files --stage -- /home/arch/Documents/e-Commerce-Dart-Flutter/lib/home/home.dart [3ms]
2024-04-12 06:07:13.248 [info] > git cat-file -s 525b9824a6339a349427e12f1db546dc8292de81 [15ms]
2024-04-12 06:07:19.622 [info] > git show --textconv :lib/main.dart [15ms]
2024-04-12 06:07:19.624 [info] > git ls-files --stage -- /home/arch/Documents/e-Commerce-Dart-Flutter/lib/main.dart [2ms]
2024-04-12 06:07:19.635 [info] > git cat-file -s edd84f1217ab1d13c3a12beefa8d80b57c490aa6 [2ms]
2024-04-12 06:07:36.007 [info] > git show --textconv :lib/home/home.dart [16ms]
2024-04-12 06:07:36.009 [info] > git ls-files --stage -- /home/arch/Documents/e-Commerce-Dart-Flutter/lib/home/home.dart [4ms]
2024-04-12 06:07:36.023 [info] > git cat-file -s 525b9824a6339a349427e12f1db546dc8292de81 [2ms]
2024-04-12 06:07:41.786 [info] > git show --textconv :lib/main.dart [11ms]
2024-04-12 06:07:41.787 [info] > git ls-files --stage -- /home/arch/Documents/e-Commerce-Dart-Flutter/lib/main.dart [4ms]
2024-04-12 06:07:41.799 [info] > git cat-file -s edd84f1217ab1d13c3a12beefa8d80b57c490aa6 [2ms]
2024-04-12 06:07:50.062 [info] > git show --textconv :lib/home/login.dart [12ms]
2024-04-12 06:07:50.064 [info] > git ls-files --stage -- /home/arch/Documents/e-Commerce-Dart-Flutter/lib/home/login.dart [3ms]
2024-04-12 06:07:50.323 [info] > git check-ignore -v -z --stdin [2ms]
2024-04-12 06:07:50.915 [info] > git for-each-ref --format=%(refname)%00%(upstream:short)%00%(objectname)%00%(upstream:track)%00%(upstream:remotename)%00%(upstream:remoteref) refs/heads/main refs/remotes/main [8ms]
2024-04-12 06:07:50.915 [info] > git config --get commit.template [32ms]
2024-04-12 06:07:50.933 [warning] ENOENT: no such file or directory, open '/home/arch/Documents/e-Commerce-Dart-Flutter/.git/refs/remotes/origin/main'
2024-04-12 06:07:50.938 [info] > git rev-parse refs/remotes/origin/main [5ms]
2024-04-12 06:07:50.985 [info] > git status -z -uall [20ms]
2024-04-12 06:07:51.328 [info] > git show --textconv :lib/home/home.dart [10ms]
2024-04-12 06:07:51.331 [info] > git ls-files --stage -- /home/arch/Documents/e-Commerce-Dart-Flutter/lib/home/home.dart [4ms]
2024-04-12 06:07:51.343 [info] > git cat-file -s 525b9824a6339a349427e12f1db546dc8292de81 [3ms]
2024-04-12 06:08:06.647 [info] > git show --textconv :lib/main.dart [9ms]
2024-04-12 06:08:06.648 [info] > git ls-files --stage -- /home/arch/Documents/e-Commerce-Dart-Flutter/lib/main.dart [2ms]
2024-04-12 06:08:06.657 [info] > git cat-file -s edd84f1217ab1d13c3a12beefa8d80b57c490aa6 [1ms]
2024-04-12 06:08:10.639 [info] > git show --textconv :lib/home/login.dart [9ms]
2024-04-12 06:08:10.641 [info] > git ls-files --stage -- /home/arch/Documents/e-Commerce-Dart-Flutter/lib/home/login.dart [3ms]
2024-04-12 06:08:11.848 [info] > git show --textconv :lib/main.dart [10ms]
2024-04-12 06:08:11.849 [info] > git ls-files --stage -- /home/arch/Documents/e-Commerce-Dart-Flutter/lib/main.dart [2ms]
2024-04-12 06:08:11.858 [info] > git cat-file -s edd84f1217ab1d13c3a12beefa8d80b57c490aa6 [2ms]
2024-04-12 06:08:13.332 [info] > git show --textconv :lib/home/home.dart [7ms]
2024-04-12 06:08:13.333 [info] > git ls-files --stage -- /home/arch/Documents/e-Commerce-Dart-Flutter/lib/home/home.dart [1ms]
2024-04-12 06:08:13.342 [info] > git cat-file -s 525b9824a6339a349427e12f1db546dc8292de81 [1ms]
2024-04-12 06:08:23.736 [info] > git show --textconv :lib/main.dart [10ms]
2024-04-12 06:08:23.739 [info] > git ls-files --stage -- /home/arch/Documents/e-Commerce-Dart-Flutter/lib/main.dart [3ms]
2024-04-12 06:08:23.748 [info] > git cat-file -s edd84f1217ab1d13c3a12beefa8d80b57c490aa6 [1ms]
2024-04-12 06:08:24.897 [info] > git show --textconv :lib/home/home.dart [15ms]
2024-04-12 06:08:24.898 [info] > git ls-files --stage -- /home/arch/Documents/e-Commerce-Dart-Flutter/lib/home/home.dart [3ms]
2024-04-12 06:08:24.913 [info] > git cat-file -s 525b9824a6339a349427e12f1db546dc8292de81 [3ms]
2024-04-12 06:08:28.572 [info] > git show --textconv :lib/home/login.dart [25ms]
2024-04-12 06:08:28.576 [info] > git ls-files --stage -- /home/arch/Documents/e-Commerce-Dart-Flutter/lib/home/login.dart [6ms]
2024-04-12 06:08:33.615 [info] > git show --textconv :lib/main.dart [9ms]
2024-04-12 06:08:33.616 [info] > git ls-files --stage -- /home/arch/Documents/e-Commerce-Dart-Flutter/lib/main.dart [2ms]
2024-04-12 06:08:33.625 [info] > git cat-file -s edd84f1217ab1d13c3a12beefa8d80b57c490aa6 [1ms]
2024-04-12 06:08:34.115 [info] > git show --textconv :lib/home/login.dart [7ms]
2024-04-12 06:08:34.116 [info] > git ls-files --stage -- /home/arch/Documents/e-Commerce-Dart-Flutter/lib/home/login.dart [1ms]
2024-04-12 06:08:40.204 [info] > git show --textconv :lib/home/home.dart [11ms]
2024-04-12 06:08:40.206 [info] > git ls-files --stage -- /home/arch/Documents/e-Commerce-Dart-Flutter/lib/home/home.dart [3ms]
2024-04-12 06:08:40.217 [info] > git cat-file -s 525b9824a6339a349427e12f1db546dc8292de81 [2ms]
2024-04-12 06:08:42.427 [info] > git show --textconv :lib/main.dart [7ms]
2024-04-12 06:08:42.428 [info] > git ls-files --stage -- /home/arch/Documents/e-Commerce-Dart-Flutter/lib/main.dart [1ms]
2024-04-12 06:08:42.436 [info] > git cat-file -s edd84f1217ab1d13c3a12beefa8d80b57c490aa6 [2ms]
2024-04-12 06:08:44.324 [info] > git show --textconv :lib/home/login.dart [23ms]
2024-04-12 06:08:44.327 [info] > git ls-files --stage -- /home/arch/Documents/e-Commerce-Dart-Flutter/lib/home/login.dart [5ms]
2024-04-12 06:08:45.076 [info] > git show --textconv :lib/main.dart [12ms]
2024-04-12 06:08:45.077 [info] > git ls-files --stage -- /home/arch/Documents/e-Commerce-Dart-Flutter/lib/main.dart [2ms]
2024-04-12 06:08:45.086 [info] > git cat-file -s edd84f1217ab1d13c3a12beefa8d80b57c490aa6 [1ms]
2024-04-12 06:08:46.878 [info] > git show --textconv :lib/home/login.dart [11ms]
2024-04-12 06:08:46.880 [info] > git ls-files --stage -- /home/arch/Documents/e-Commerce-Dart-Flutter/lib/home/login.dart [2ms]
2024-04-12 06:08:52.471 [info] > git show --textconv :lib/main.dart [7ms]
2024-04-12 06:08:52.472 [info] > git ls-files --stage -- /home/arch/Documents/e-Commerce-Dart-Flutter/lib/main.dart [1ms]
2024-04-12 06:08:52.480 [info] > git cat-file -s edd84f1217ab1d13c3a12beefa8d80b57c490aa6 [2ms]
2024-04-12 06:08:54.000 [info] > git show --textconv :lib/home/login.dart [11ms]
2024-04-12 06:08:54.002 [info] > git ls-files --stage -- /home/arch/Documents/e-Commerce-Dart-Flutter/lib/home/login.dart [3ms]
2024-04-12 06:09:03.347 [info] > git show --textconv :lib/main.dart [7ms]
2024-04-12 06:09:03.348 [info] > git ls-files --stage -- /home/arch/Documents/e-Commerce-Dart-Flutter/lib/main.dart [1ms]
2024-04-12 06:09:03.357 [info] > git cat-file -s edd84f1217ab1d13c3a12beefa8d80b57c490aa6 [2ms]
2024-04-12 06:09:07.755 [info] > git show --textconv :lib/home/login.dart [10ms]
2024-04-12 06:09:07.756 [info] > git ls-files --stage -- /home/arch/Documents/e-Commerce-Dart-Flutter/lib/home/login.dart [2ms]
2024-04-12 06:09:10.629 [info] > git show --textconv :lib/main.dart [9ms]
2024-04-12 06:09:10.630 [info] > git ls-files --stage -- /home/arch/Documents/e-Commerce-Dart-Flutter/lib/main.dart [2ms]
2024-04-12 06:09:10.636 [info] > git cat-file -s edd84f1217ab1d13c3a12beefa8d80b57c490aa6 [1ms]
2024-04-12 06:09:13.915 [info] > git show --textconv :lib/home/home.dart [10ms]
2024-04-12 06:09:13.917 [info] > git ls-files --stage -- /home/arch/Documents/e-Commerce-Dart-Flutter/lib/home/home.dart [2ms]
2024-04-12 06:09:13.929 [info] > git cat-file -s 525b9824a6339a349427e12f1db546dc8292de81 [2ms]
2024-04-12 06:09:19.758 [info] > git show --textconv :lib/home/login.dart [31ms]
2024-04-12 06:09:19.758 [info] > git ls-files --stage -- /home/arch/Documents/e-Commerce-Dart-Flutter/lib/home/login.dart [3ms]
2024-04-12 06:09:27.085 [info] > git show --textconv :lib/main.dart [11ms]
2024-04-12 06:09:27.086 [info] > git ls-files --stage -- /home/arch/Documents/e-Commerce-Dart-Flutter/lib/main.dart [2ms]
2024-04-12 06:09:27.095 [info] > git cat-file -s edd84f1217ab1d13c3a12beefa8d80b57c490aa6 [1ms]
2024-04-12 06:09:28.606 [info] > git show --textconv :lib/home/home.dart [9ms]
2024-04-12 06:09:28.607 [info] > git ls-files --stage -- /home/arch/Documents/e-Commerce-Dart-Flutter/lib/home/home.dart [2ms]
2024-04-12 06:09:28.615 [info] > git cat-file -s 525b9824a6339a349427e12f1db546dc8292de81 [2ms]
2024-04-12 06:09:32.254 [info] > git show --textconv :lib/home/login.dart [31ms]
2024-04-12 06:09:32.267 [info] > git ls-files --stage -- /home/arch/Documents/e-Commerce-Dart-Flutter/lib/home/login.dart [15ms]
2024-04-12 06:09:45.074 [info] > git show --textconv :lib/main.dart [12ms]
2024-04-12 06:09:45.076 [info] > git ls-files --stage -- /home/arch/Documents/e-Commerce-Dart-Flutter/lib/main.dart [3ms]
2024-04-12 06:09:45.088 [info] > git cat-file -s edd84f1217ab1d13c3a12beefa8d80b57c490aa6 [2ms]
2024-04-12 06:09:50.388 [info] > git show --textconv :lib/home/home.dart [13ms]
2024-04-12 06:09:50.390 [info] > git ls-files --stage -- /home/arch/Documents/e-Commerce-Dart-Flutter/lib/home/home.dart [3ms]
2024-04-12 06:09:50.407 [info] > git cat-file -s 525b9824a6339a349427e12f1db546dc8292de81 [2ms]
2024-04-12 06:10:00.213 [info] > git show --textconv :lib/home/login.dart [5ms]
2024-04-12 06:10:00.242 [info] > git ls-files --stage -- /home/arch/Documents/e-Commerce-Dart-Flutter/lib/home/login.dart [2ms]
2024-04-12 06:10:04.128 [info] > git config --get commit.template [2ms]
2024-04-12 06:10:04.144 [info] > git for-each-ref --format=%(refname)%00%(upstream:short)%00%(objectname)%00%(upstream:track)%00%(upstream:remotename)%00%(upstream:remoteref) refs/heads/main refs/remotes/main [3ms]
2024-04-12 06:10:04.157 [warning] ENOENT: no such file or directory, open '/home/arch/Documents/e-Commerce-Dart-Flutter/.git/refs/remotes/origin/main'
2024-04-12 06:10:04.161 [info] > git rev-parse refs/remotes/origin/main [4ms]
2024-04-12 06:10:04.193 [info] > git status -z -uall [16ms]
2024-04-12 06:10:04.579 [info] > git show --textconv :lib/home/home.dart [19ms]
2024-04-12 06:10:04.581 [info] > git ls-files --stage -- /home/arch/Documents/e-Commerce-Dart-Flutter/lib/home/home.dart [3ms]
2024-04-12 06:10:04.596 [info] > git cat-file -s 525b9824a6339a349427e12f1db546dc8292de81 [3ms]
2024-04-12 06:10:09.600 [info] > git show --textconv :lib/home/login.dart [22ms]
2024-04-12 06:10:09.601 [info] > git ls-files --stage -- /home/arch/Documents/e-Commerce-Dart-Flutter/lib/home/login.dart [4ms]
2024-04-12 06:10:18.263 [info] > git show --textconv :lib/home/home.dart [7ms]
2024-04-12 06:10:18.264 [info] > git ls-files --stage -- /home/arch/Documents/e-Commerce-Dart-Flutter/lib/home/home.dart [2ms]
2024-04-12 06:10:18.273 [info] > git cat-file -s 525b9824a6339a349427e12f1db546dc8292de81 [2ms]
2024-04-12 06:10:19.644 [info] > git show --textconv :lib/home/login.dart [37ms]
2024-04-12 06:10:19.649 [info] > git ls-files --stage -- /home/arch/Documents/e-Commerce-Dart-Flutter/lib/home/login.dart [8ms]
2024-04-12 06:10:24.258 [info] > git show --textconv :lib/home/home.dart [1ms]
2024-04-12 06:10:24.274 [info] > git ls-files --stage -- /home/arch/Documents/e-Commerce-Dart-Flutter/lib/home/home.dart [3ms]
2024-04-12 06:10:24.283 [info] > git cat-file -s 525b9824a6339a349427e12f1db546dc8292de81 [2ms]
2024-04-12 06:10:25.900 [info] > git show --textconv :lib/home/login.dart [21ms]
2024-04-12 06:10:25.906 [info] > git ls-files --stage -- /home/arch/Documents/e-Commerce-Dart-Flutter/lib/home/login.dart [7ms]
2024-04-12 06:10:28.784 [info] > git show --textconv :lib/home/home.dart [28ms]
2024-04-12 06:10:28.788 [info] > git ls-files --stage -- /home/arch/Documents/e-Commerce-Dart-Flutter/lib/home/home.dart [8ms]
2024-04-12 06:10:28.805 [info] > git cat-file -s 525b9824a6339a349427e12f1db546dc8292de81 [3ms]
2024-04-12 06:10:30.001 [info] > git show --textconv :lib/home/login.dart [32ms]
2024-04-12 06:10:30.009 [info] > git ls-files --stage -- /home/arch/Documents/e-Commerce-Dart-Flutter/lib/home/login.dart [10ms]
2024-04-12 06:10:37.313 [info] > git show --textconv :lib/home/home.dart [21ms]
2024-04-12 06:10:37.317 [info] > git ls-files --stage -- /home/arch/Documents/e-Commerce-Dart-Flutter/lib/home/home.dart [7ms]
2024-04-12 06:10:37.340 [info] > git cat-file -s 525b9824a6339a349427e12f1db546dc8292de81 [6ms]
2024-04-12 06:11:03.761 [info] > git show --textconv :lib/home/login.dart [10ms]
2024-04-12 06:11:03.763 [info] > git ls-files --stage -- /home/arch/Documents/e-Commerce-Dart-Flutter/lib/home/login.dart [3ms]
2024-04-12 06:11:06.827 [info] > git show --textconv :lib/home/home.dart [18ms]
2024-04-12 06:11:06.828 [info] > git ls-files --stage -- /home/arch/Documents/e-Commerce-Dart-Flutter/lib/home/home.dart [2ms]
2024-04-12 06:11:06.844 [info] > git cat-file -s 525b9824a6339a349427e12f1db546dc8292de81 [3ms]
2024-04-12 06:11:09.166 [info] > git show --textconv :lib/home/login.dart [17ms]
2024-04-12 06:11:09.168 [info] > git ls-files --stage -- /home/arch/Documents/e-Commerce-Dart-Flutter/lib/home/login.dart [2ms]
2024-04-12 06:11:18.039 [info] > git show --textconv :lib/home/home.dart [24ms]
2024-04-12 06:11:18.042 [info] > git ls-files --stage -- /home/arch/Documents/e-Commerce-Dart-Flutter/lib/home/home.dart [3ms]
2024-04-12 06:11:18.064 [info] > git cat-file -s 525b9824a6339a349427e12f1db546dc8292de81 [6ms]
2024-04-12 06:11:23.076 [info] > git show --textconv :lib/home/login.dart [9ms]
2024-04-12 06:11:23.077 [info] > git ls-files --stage -- /home/arch/Documents/e-Commerce-Dart-Flutter/lib/home/login.dart [2ms]
2024-04-12 06:12:21.353 [info] > git show --textconv :lib/home/home.dart [13ms]
2024-04-12 06:12:21.355 [info] > git ls-files --stage -- /home/arch/Documents/e-Commerce-Dart-Flutter/lib/home/home.dart [2ms]
2024-04-12 06:12:21.370 [info] > git cat-file -s 525b9824a6339a349427e12f1db546dc8292de81 [3ms]
2024-04-12 06:12:24.986 [info] > git show --textconv :lib/home/login.dart [15ms]
2024-04-12 06:12:24.989 [info] > git ls-files --stage -- /home/arch/Documents/e-Commerce-Dart-Flutter/lib/home/login.dart [5ms]
2024-04-12 06:12:43.713 [info] > git show --textconv :lib/home/home.dart [18ms]
2024-04-12 06:12:43.716 [info] > git ls-files --stage -- /home/arch/Documents/e-Commerce-Dart-Flutter/lib/home/home.dart [5ms]
2024-04-12 06:12:43.730 [info] > git cat-file -s 525b9824a6339a349427e12f1db546dc8292de81 [2ms]
2024-04-12 06:12:48.287 [info] > git show --textconv :lib/home/login.dart [17ms]
2024-04-12 06:12:48.292 [info] > git ls-files --stage -- /home/arch/Documents/e-Commerce-Dart-Flutter/lib/home/login.dart [7ms]
2024-04-12 06:12:51.320 [info] > git show --textconv :lib/home/home.dart [25ms]
2024-04-12 06:12:51.328 [info] > git ls-files --stage -- /home/arch/Documents/e-Commerce-Dart-Flutter/lib/home/home.dart [9ms]
2024-04-12 06:12:51.363 [info] > git cat-file -s 525b9824a6339a349427e12f1db546dc8292de81 [7ms]
2024-04-12 06:12:52.395 [info] > git show --textconv :lib/home/login.dart [8ms]
2024-04-12 06:12:52.396 [info] > git ls-files --stage -- /home/arch/Documents/e-Commerce-Dart-Flutter/lib/home/login.dart [2ms]
2024-04-12 06:12:57.212 [info] > git show --textconv :lib/home/home.dart [13ms]
2024-04-12 06:12:57.214 [info] > git ls-files --stage -- /home/arch/Documents/e-Commerce-Dart-Flutter/lib/home/home.dart [2ms]
2024-04-12 06:12:57.231 [info] > git cat-file -s 525b9824a6339a349427e12f1db546dc8292de81 [4ms]
2024-04-12 06:12:58.142 [info] > git show --textconv :lib/home/login.dart [8ms]
2024-04-12 06:12:58.143 [info] > git ls-files --stage -- /home/arch/Documents/e-Commerce-Dart-Flutter/lib/home/login.dart [1ms]
2024-04-12 06:13:00.055 [info] > git show --textconv :lib/home/home.dart [10ms]
2024-04-12 06:13:00.056 [info] > git ls-files --stage -- /home/arch/Documents/e-Commerce-Dart-Flutter/lib/home/home.dart [2ms]
2024-04-12 06:13:00.065 [info] > git cat-file -s 525b9824a6339a349427e12f1db546dc8292de81 [2ms]
2024-04-12 06:13:01.301 [info] > git show --textconv :lib/home/login.dart [10ms]
2024-04-12 06:13:01.302 [info] > git ls-files --stage -- /home/arch/Documents/e-Commerce-Dart-Flutter/lib/home/login.dart [2ms]
2024-04-12 06:13:13.477 [info] > git show --textconv :lib/home/home.dart [9ms]
2024-04-12 06:13:13.478 [info] > git ls-files --stage -- /home/arch/Documents/e-Commerce-Dart-Flutter/lib/home/home.dart [1ms]
2024-04-12 06:13:13.486 [info] > git cat-file -s 525b9824a6339a349427e12f1db546dc8292de81 [1ms]
2024-04-12 06:13:14.767 [info] > git show --textconv :lib/home/login.dart [9ms]
2024-04-12 06:13:14.768 [info] > git ls-files --stage -- /home/arch/Documents/e-Commerce-Dart-Flutter/lib/home/login.dart [2ms]
2024-04-12 06:13:20.860 [info] > git show --textconv :lib/home/home.dart [7ms]
2024-04-12 06:13:20.861 [info] > git ls-files --stage -- /home/arch/Documents/e-Commerce-Dart-Flutter/lib/home/home.dart [1ms]
2024-04-12 06:13:20.869 [info] > git cat-file -s 525b9824a6339a349427e12f1db546dc8292de81 [1ms]
2024-04-12 06:13:21.827 [info] > git show --textconv :lib/home/login.dart [8ms]
2024-04-12 06:13:21.828 [info] > git ls-files --stage -- /home/arch/Documents/e-Commerce-Dart-Flutter/lib/home/login.dart [1ms]
2024-04-12 06:13:26.415 [info] > git config --get commit.template [25ms]
2024-04-12 06:13:26.417 [info] > git for-each-ref --format=%(refname)%00%(upstream:short)%00%(objectname)%00%(upstream:track)%00%(upstream:remotename)%00%(upstream:remoteref) refs/heads/main refs/remotes/main [5ms]
2024-04-12 06:13:26.437 [warning] ENOENT: no such file or directory, open '/home/arch/Documents/e-Commerce-Dart-Flutter/.git/refs/remotes/origin/main'
2024-04-12 06:13:26.441 [info] > git rev-parse refs/remotes/origin/main [4ms]
2024-04-12 06:13:26.480 [info] > git status -z -uall [17ms]
2024-04-12 06:13:46.438 [info] > git config --get commit.template [22ms]
2024-04-12 06:13:46.442 [info] > git for-each-ref --format=%(refname)%00%(upstream:short)%00%(objectname)%00%(upstream:track)%00%(upstream:remotename)%00%(upstream:remoteref) refs/heads/main refs/remotes/main [6ms]
2024-04-12 06:13:46.461 [warning] ENOENT: no such file or directory, open '/home/arch/Documents/e-Commerce-Dart-Flutter/.git/refs/remotes/origin/main'
2024-04-12 06:13:46.465 [info] > git rev-parse refs/remotes/origin/main [4ms]
2024-04-12 06:13:46.506 [info] > git status -z -uall [19ms]
2024-04-12 06:13:51.547 [info] > git config --get commit.template [5ms]
2024-04-12 06:13:51.567 [info] > git for-each-ref --format=%(refname)%00%(upstream:short)%00%(objectname)%00%(upstream:track)%00%(upstream:remotename)%00%(upstream:remoteref) refs/heads/main refs/remotes/main [3ms]
2024-04-12 06:13:51.577 [warning] ENOENT: no such file or directory, open '/home/arch/Documents/e-Commerce-Dart-Flutter/.git/refs/remotes/origin/main'
2024-04-12 06:13:51.579 [info] > git rev-parse refs/remotes/origin/main [2ms]
2024-04-12 06:13:51.596 [info] > git status -z -uall [7ms]
2024-04-12 06:13:56.631 [info] > git config --get commit.template [16ms]
2024-04-12 06:13:56.632 [info] > git for-each-ref --format=%(refname)%00%(upstream:short)%00%(objectname)%00%(upstream:track)%00%(upstream:remotename)%00%(upstream:remoteref) refs/heads/main refs/remotes/main [2ms]
2024-04-12 06:13:56.644 [warning] ENOENT: no such file or directory, open '/home/arch/Documents/e-Commerce-Dart-Flutter/.git/refs/remotes/origin/main'
2024-04-12 06:13:56.645 [info] > git rev-parse refs/remotes/origin/main [1ms]
2024-04-12 06:13:56.667 [info] > git status -z -uall [9ms]
2024-04-12 06:14:01.708 [info] > git for-each-ref --format=%(refname)%00%(upstream:short)%00%(objectname)%00%(upstream:track)%00%(upstream:remotename)%00%(upstream:remoteref) refs/heads/main refs/remotes/main [5ms]
2024-04-12 06:14:01.708 [info] > git config --get commit.template [21ms]
2024-04-12 06:14:01.725 [warning] ENOENT: no such file or directory, open '/home/arch/Documents/e-Commerce-Dart-Flutter/.git/refs/remotes/origin/main'
2024-04-12 06:14:01.727 [info] > git rev-parse refs/remotes/origin/main [2ms]
2024-04-12 06:14:01.758 [info] > git status -z -uall [11ms]
2024-04-12 06:14:06.808 [info] > git config --get commit.template [23ms]
2024-04-12 06:14:06.810 [info] > git for-each-ref --format=%(refname)%00%(upstream:short)%00%(objectname)%00%(upstream:track)%00%(upstream:remotename)%00%(upstream:remoteref) refs/heads/main refs/remotes/main [3ms]
2024-04-12 06:14:06.825 [warning] ENOENT: no such file or directory, open '/home/arch/Documents/e-Commerce-Dart-Flutter/.git/refs/remotes/origin/main'
2024-04-12 06:14:06.828 [info] > git rev-parse refs/remotes/origin/main [2ms]
2024-04-12 06:14:06.851 [info] > git status -z -uall [9ms]
2024-04-12 06:14:09.576 [info] > git show --textconv :lib/main.dart [16ms]
2024-04-12 06:14:09.577 [info] > git ls-files --stage -- /home/arch/Documents/e-Commerce-Dart-Flutter/lib/main.dart [2ms]
2024-04-12 06:14:09.591 [info] > git cat-file -s edd84f1217ab1d13c3a12beefa8d80b57c490aa6 [2ms]
2024-04-12 06:14:35.038 [info] > git config --get commit.template [9ms]
2024-04-12 06:14:35.039 [info] > git for-each-ref --format=%(refname)%00%(upstream:short)%00%(objectname)%00%(upstream:track)%00%(upstream:remotename)%00%(upstream:remoteref) refs/heads/main refs/remotes/main [2ms]
2024-04-12 06:14:35.046 [warning] ENOENT: no such file or directory, open '/home/arch/Documents/e-Commerce-Dart-Flutter/.git/refs/remotes/origin/main'
2024-04-12 06:14:35.047 [info] > git rev-parse refs/remotes/origin/main [1ms]
2024-04-12 06:14:35.059 [info] > git status -z -uall [5ms]
2024-04-12 06:14:48.892 [info] > git config --get commit.template [14ms]
2024-04-12 06:14:48.894 [info] > git for-each-ref --format=%(refname)%00%(upstream:short)%00%(objectname)%00%(upstream:track)%00%(upstream:remotename)%00%(upstream:remoteref) refs/heads/main refs/remotes/main [3ms]
2024-04-12 06:14:48.909 [warning] ENOENT: no such file or directory, open '/home/arch/Documents/e-Commerce-Dart-Flutter/.git/refs/remotes/origin/main'
2024-04-12 06:14:48.913 [info] > git rev-parse refs/remotes/origin/main [4ms]
2024-04-12 06:14:48.949 [info] > git status -z -uall [14ms]
2024-04-12 06:15:03.493 [info] > git show --textconv :lib/home/login.dart [8ms]
2024-04-12 06:15:03.494 [info] > git ls-files --stage -- /home/arch/Documents/e-Commerce-Dart-Flutter/lib/home/login.dart [1ms]
2024-04-12 06:19:35.451 [info] > git config --get commit.template [26ms]
2024-04-12 06:19:35.453 [info] > git for-each-ref --format=%(refname)%00%(upstream:short)%00%(objectname)%00%(upstream:track)%00%(upstream:remotename)%00%(upstream:remoteref) refs/heads/main refs/remotes/main [4ms]
2024-04-12 06:19:35.474 [warning] ENOENT: no such file or directory, open '/home/arch/Documents/e-Commerce-Dart-Flutter/.git/refs/remotes/origin/main'
2024-04-12 06:19:35.480 [info] > git rev-parse refs/remotes/origin/main [6ms]
2024-04-12 06:19:35.521 [info] > git status -z -uall [22ms]
2024-04-12 06:20:06.190 [info] > git config --get commit.template [6ms]
2024-04-12 06:20:06.190 [info] > git for-each-ref --format=%(refname)%00%(upstream:short)%00%(objectname)%00%(upstream:track)%00%(upstream:remotename)%00%(upstream:remoteref) refs/heads/main refs/remotes/main [1ms]
2024-04-12 06:20:06.195 [warning] ENOENT: no such file or directory, open '/home/arch/Documents/e-Commerce-Dart-Flutter/.git/refs/remotes/origin/main'
2024-04-12 06:20:06.196 [info] > git rev-parse refs/remotes/origin/main [1ms]
2024-04-12 06:20:06.208 [info] > git status -z -uall [6ms]
2024-04-12 06:20:16.927 [info] > git config --get commit.template [11ms]
2024-04-12 06:20:16.928 [info] > git for-each-ref --format=%(refname)%00%(upstream:short)%00%(objectname)%00%(upstream:track)%00%(upstream:remotename)%00%(upstream:remoteref) refs/heads/main refs/remotes/main [2ms]
2024-04-12 06:20:16.940 [warning] ENOENT: no such file or directory, open '/home/arch/Documents/e-Commerce-Dart-Flutter/.git/refs/remotes/origin/main'
2024-04-12 06:20:16.941 [info] > git rev-parse refs/remotes/origin/main [1ms]
2024-04-12 06:20:16.961 [info] > git status -z -uall [10ms]
2024-04-12 06:22:24.232 [info] > git config --get commit.template [19ms]
2024-04-12 06:22:24.246 [info] > git for-each-ref --format=%(refname)%00%(upstream:short)%00%(objectname)%00%(upstream:track)%00%(upstream:remotename)%00%(upstream:remoteref) refs/heads/main refs/remotes/main [2ms]
2024-04-12 06:22:24.255 [warning] ENOENT: no such file or directory, open '/home/arch/Documents/e-Commerce-Dart-Flutter/.git/refs/remotes/origin/main'
2024-04-12 06:22:24.256 [info] > git rev-parse refs/remotes/origin/main [1ms]
2024-04-12 06:22:24.274 [info] > git status -z -uall [7ms]
2024-04-12 06:23:00.614 [info] > git config --get commit.template [15ms]
2024-04-12 06:23:00.616 [info] > git for-each-ref --format=%(refname)%00%(upstream:short)%00%(objectname)%00%(upstream:track)%00%(upstream:remotename)%00%(upstream:remoteref) refs/heads/main refs/remotes/main [2ms]
2024-04-12 06:23:00.626 [warning] ENOENT: no such file or directory, open '/home/arch/Documents/e-Commerce-Dart-Flutter/.git/refs/remotes/origin/main'
2024-04-12 06:23:00.627 [info] > git rev-parse refs/remotes/origin/main [2ms]
2024-04-12 06:23:00.640 [info] > git status -z -uall [5ms]
2024-04-12 06:23:33.352 [info] > git config --get commit.template [3ms]
2024-04-12 06:23:33.368 [info] > git for-each-ref --format=%(refname)%00%(upstream:short)%00%(objectname)%00%(upstream:track)%00%(upstream:remotename)%00%(upstream:remoteref) refs/heads/main refs/remotes/main [1ms]
2024-04-12 06:23:33.378 [warning] ENOENT: no such file or directory, open '/home/arch/Documents/e-Commerce-Dart-Flutter/.git/refs/remotes/origin/main'
2024-04-12 06:23:33.379 [info] > git rev-parse refs/remotes/origin/main [2ms]
2024-04-12 06:23:33.391 [info] > git status -z -uall [5ms]
2024-04-12 06:24:03.133 [info] > git config --get commit.template [18ms]
2024-04-12 06:24:03.133 [info] > git for-each-ref --format=%(refname)%00%(upstream:short)%00%(objectname)%00%(upstream:track)%00%(upstream:remotename)%00%(upstream:remoteref) refs/heads/main refs/remotes/main [1ms]
2024-04-12 06:24:03.145 [warning] ENOENT: no such file or directory, open '/home/arch/Documents/e-Commerce-Dart-Flutter/.git/refs/remotes/origin/main'
2024-04-12 06:24:03.147 [info] > git rev-parse refs/remotes/origin/main [1ms]
2024-04-12 06:24:03.178 [info] > git status -z -uall [5ms]
2024-04-12 06:24:08.715 [info] > git config --get commit.template [1ms]
2024-04-12 06:24:08.727 [info] > git for-each-ref --format=%(refname)%00%(upstream:short)%00%(objectname)%00%(upstream:track)%00%(upstream:remotename)%00%(upstream:remoteref) refs/heads/main refs/remotes/main [1ms]
2024-04-12 06:24:08.739 [warning] ENOENT: no such file or directory, open '/home/arch/Documents/e-Commerce-Dart-Flutter/.git/refs/remotes/origin/main'
2024-04-12 06:24:08.744 [info] > git rev-parse refs/remotes/origin/main [4ms]
2024-04-12 06:24:08.761 [info] > git status -z -uall [3ms]
2024-04-12 06:24:13.774 [info] > git config --get commit.template [1ms]
2024-04-12 06:24:13.784 [info] > git for-each-ref --format=%(refname)%00%(upstream:short)%00%(objectname)%00%(upstream:track)%00%(upstream:remotename)%00%(upstream:remoteref) refs/heads/main refs/remotes/main [2ms]
2024-04-12 06:24:13.793 [warning] ENOENT: no such file or directory, open '/home/arch/Documents/e-Commerce-Dart-Flutter/.git/refs/remotes/origin/main'
2024-04-12 06:24:13.795 [info] > git rev-parse refs/remotes/origin/main [2ms]
2024-04-12 06:24:13.808 [info] > git status -z -uall [5ms]
2024-04-12 06:25:10.327 [info] > git config --get commit.template [15ms]
2024-04-12 06:25:10.329 [info] > git for-each-ref --format=%(refname)%00%(upstream:short)%00%(objectname)%00%(upstream:track)%00%(upstream:remotename)%00%(upstream:remoteref) refs/heads/main refs/remotes/main [4ms]
2024-04-12 06:25:10.344 [warning] ENOENT: no such file or directory, open '/home/arch/Documents/e-Commerce-Dart-Flutter/.git/refs/remotes/origin/main'
2024-04-12 06:25:10.347 [info] > git rev-parse refs/remotes/origin/main [3ms]
2024-04-12 06:25:10.368 [info] > git status -z -uall [10ms]
2024-04-12 06:25:54.262 [info] > git config --get commit.template [2ms]
2024-04-12 06:25:54.277 [info] > git for-each-ref --format=%(refname)%00%(upstream:short)%00%(objectname)%00%(upstream:track)%00%(upstream:remotename)%00%(upstream:remoteref) refs/heads/main refs/remotes/main [1ms]
2024-04-12 06:25:54.289 [warning] ENOENT: no such file or directory, open '/home/arch/Documents/e-Commerce-Dart-Flutter/.git/refs/remotes/origin/main'
2024-04-12 06:25:54.291 [info] > git rev-parse refs/remotes/origin/main [2ms]
2024-04-12 06:25:54.310 [info] > git status -z -uall [8ms]
2024-04-12 06:26:39.674 [info] > git config --get commit.template [8ms]
2024-04-12 06:26:39.675 [info] > git for-each-ref --format=%(refname)%00%(upstream:short)%00%(objectname)%00%(upstream:track)%00%(upstream:remotename)%00%(upstream:remoteref) refs/heads/main refs/remotes/main [1ms]
2024-04-12 06:26:39.684 [warning] ENOENT: no such file or directory, open '/home/arch/Documents/e-Commerce-Dart-Flutter/.git/refs/remotes/origin/main'
2024-04-12 06:26:39.686 [info] > git rev-parse refs/remotes/origin/main [2ms]
2024-04-12 06:26:39.699 [info] > git status -z -uall [5ms]
2024-04-12 06:26:45.403 [info] > git config --get commit.template [31ms]
2024-04-12 06:26:45.406 [info] > git for-each-ref --format=%(refname)%00%(upstream:short)%00%(objectname)%00%(upstream:track)%00%(upstream:remotename)%00%(upstream:remoteref) refs/heads/main refs/remotes/main [6ms]
2024-04-12 06:26:45.431 [warning] ENOENT: no such file or directory, open '/home/arch/Documents/e-Commerce-Dart-Flutter/.git/refs/remotes/origin/main'
2024-04-12 06:26:45.436 [info] > git rev-parse refs/remotes/origin/main [5ms]
2024-04-12 06:26:45.462 [info] > git status -z -uall [9ms]
2024-04-12 06:27:17.910 [info] > git config --get commit.template [28ms]
2024-04-12 06:27:17.913 [info] > git for-each-ref --format=%(refname)%00%(upstream:short)%00%(objectname)%00%(upstream:track)%00%(upstream:remotename)%00%(upstream:remoteref) refs/heads/main refs/remotes/main [4ms]
2024-04-12 06:27:17.929 [warning] ENOENT: no such file or directory, open '/home/arch/Documents/e-Commerce-Dart-Flutter/.git/refs/remotes/origin/main'
2024-04-12 06:27:17.931 [info] > git rev-parse refs/remotes/origin/main [2ms]
2024-04-12 06:27:17.952 [info] > git status -z -uall [7ms]
2024-04-12 06:27:22.982 [info] > git config --get commit.template [5ms]
2024-04-12 06:27:23.007 [info] > git for-each-ref --format=%(refname)%00%(upstream:short)%00%(objectname)%00%(upstream:track)%00%(upstream:remotename)%00%(upstream:remoteref) refs/heads/main refs/remotes/main [4ms]
2024-04-12 06:27:23.026 [warning] ENOENT: no such file or directory, open '/home/arch/Documents/e-Commerce-Dart-Flutter/.git/refs/remotes/origin/main'
2024-04-12 06:27:23.029 [info] > git rev-parse refs/remotes/origin/main [2ms]
2024-04-12 06:27:23.057 [info] > git status -z -uall [11ms]
2024-04-12 06:27:36.057 [info] > git config --get commit.template [6ms]
2024-04-12 06:27:36.084 [info] > git for-each-ref --format=%(refname)%00%(upstream:short)%00%(objectname)%00%(upstream:track)%00%(upstream:remotename)%00%(upstream:remoteref) refs/heads/main refs/remotes/main [5ms]
2024-04-12 06:27:36.111 [warning] ENOENT: no such file or directory, open '/home/arch/Documents/e-Commerce-Dart-Flutter/.git/refs/remotes/origin/main'
2024-04-12 06:27:36.116 [info] > git rev-parse refs/remotes/origin/main [6ms]
2024-04-12 06:27:36.141 [info] > git status -z -uall [9ms]
2024-04-12 06:28:30.256 [info] > git config --get commit.template [2ms]
2024-04-12 06:28:30.269 [info] > git for-each-ref --format=%(refname)%00%(upstream:short)%00%(objectname)%00%(upstream:track)%00%(upstream:remotename)%00%(upstream:remoteref) refs/heads/main refs/remotes/main [1ms]
2024-04-12 06:28:30.278 [warning] ENOENT: no such file or directory, open '/home/arch/Documents/e-Commerce-Dart-Flutter/.git/refs/remotes/origin/main'
2024-04-12 06:28:30.280 [info] > git rev-parse refs/remotes/origin/main [2ms]
2024-04-12 06:28:30.293 [info] > git status -z -uall [5ms]
2024-04-12 06:28:36.109 [info] > git config --get commit.template [27ms]
2024-04-12 06:28:36.112 [info] > git for-each-ref --format=%(refname)%00%(upstream:short)%00%(objectname)%00%(upstream:track)%00%(upstream:remotename)%00%(upstream:remoteref) refs/heads/main refs/remotes/main [5ms]
2024-04-12 06:28:36.135 [warning] ENOENT: no such file or directory, open '/home/arch/Documents/e-Commerce-Dart-Flutter/.git/refs/remotes/origin/main'
2024-04-12 06:28:36.140 [info] > git rev-parse refs/remotes/origin/main [4ms]
2024-04-12 06:28:36.183 [info] > git status -z -uall [19ms]
2024-04-12 06:28:51.435 [info] > git config --get commit.template [26ms]
2024-04-12 06:28:51.438 [info] > git for-each-ref --format=%(refname)%00%(upstream:short)%00%(objectname)%00%(upstream:track)%00%(upstream:remotename)%00%(upstream:remoteref) refs/heads/main refs/remotes/main [6ms]
2024-04-12 06:28:51.460 [warning] ENOENT: no such file or directory, open '/home/arch/Documents/e-Commerce-Dart-Flutter/.git/refs/remotes/origin/main'
2024-04-12 06:28:51.464 [info] > git rev-parse refs/remotes/origin/main [4ms]
2024-04-12 06:28:51.502 [info] > git status -z -uall [15ms]
2024-04-12 06:29:08.439 [info] > git config --get commit.template [27ms]
2024-04-12 06:29:08.441 [info] > git for-each-ref --format=%(refname)%00%(upstream:short)%00%(objectname)%00%(upstream:track)%00%(upstream:remotename)%00%(upstream:remoteref) refs/heads/main refs/remotes/main [5ms]
2024-04-12 06:29:08.461 [warning] ENOENT: no such file or directory, open '/home/arch/Documents/e-Commerce-Dart-Flutter/.git/refs/remotes/origin/main'
2024-04-12 06:29:08.465 [info] > git rev-parse refs/remotes/origin/main [3ms]
2024-04-12 06:29:08.506 [info] > git status -z -uall [19ms]
2024-04-12 06:29:17.757 [info] > git config --get commit.template [20ms]
2024-04-12 06:29:17.760 [info] > git for-each-ref --format=%(refname)%00%(upstream:short)%00%(objectname)%00%(upstream:track)%00%(upstream:remotename)%00%(upstream:remoteref) refs/heads/main refs/remotes/main [4ms]
2024-04-12 06:29:17.776 [warning] ENOENT: no such file or directory, open '/home/arch/Documents/e-Commerce-Dart-Flutter/.git/refs/remotes/origin/main'
2024-04-12 06:29:17.779 [info] > git rev-parse refs/remotes/origin/main [3ms]
2024-04-12 06:29:17.815 [info] > git status -z -uall [16ms]
2024-04-12 06:30:08.332 [info] > git config --get commit.template [17ms]
2024-04-12 06:30:08.334 [info] > git for-each-ref --format=%(refname)%00%(upstream:short)%00%(objectname)%00%(upstream:track)%00%(upstream:remotename)%00%(upstream:remoteref) refs/heads/main refs/remotes/main [5ms]
2024-04-12 06:30:08.360 [warning] ENOENT: no such file or directory, open '/home/arch/Documents/e-Commerce-Dart-Flutter/.git/refs/remotes/origin/main'
2024-04-12 06:30:08.363 [info] > git rev-parse refs/remotes/origin/main [4ms]
2024-04-12 06:30:08.405 [info] > git status -z -uall [21ms]
2024-04-12 06:30:14.542 [info] > git config --get commit.template [10ms]
2024-04-12 06:30:14.543 [info] > git for-each-ref --format=%(refname)%00%(upstream:short)%00%(objectname)%00%(upstream:track)%00%(upstream:remotename)%00%(upstream:remoteref) refs/heads/main refs/remotes/main [1ms]
2024-04-12 06:30:14.551 [warning] ENOENT: no such file or directory, open '/home/arch/Documents/e-Commerce-Dart-Flutter/.git/refs/remotes/origin/main'
2024-04-12 06:30:14.552 [info] > git rev-parse refs/remotes/origin/main [1ms]
2024-04-12 06:30:14.568 [info] > git status -z -uall [7ms]
2024-04-12 06:30:20.477 [info] > git show --textconv :lib/home/home.dart [13ms]
2024-04-12 06:30:20.480 [info] > git ls-files --stage -- /home/arch/Documents/e-Commerce-Dart-Flutter/lib/home/home.dart [2ms]
2024-04-12 06:30:20.490 [info] > git cat-file -s 525b9824a6339a349427e12f1db546dc8292de81 [1ms]
2024-04-12 06:30:22.980 [info] > git show --textconv :lib/home/login.dart [11ms]
2024-04-12 06:30:22.981 [info] > git ls-files --stage -- /home/arch/Documents/e-Commerce-Dart-Flutter/lib/home/login.dart [2ms]
2024-04-12 06:30:26.214 [info] > git config --get commit.template [4ms]
2024-04-12 06:30:26.234 [info] > git for-each-ref --format=%(refname)%00%(upstream:short)%00%(objectname)%00%(upstream:track)%00%(upstream:remotename)%00%(upstream:remoteref) refs/heads/main refs/remotes/main [1ms]
2024-04-12 06:30:26.244 [warning] ENOENT: no such file or directory, open '/home/arch/Documents/e-Commerce-Dart-Flutter/.git/refs/remotes/origin/main'
2024-04-12 06:30:26.245 [info] > git rev-parse refs/remotes/origin/main [1ms]
2024-04-12 06:30:26.261 [info] > git status -z -uall [7ms]
2024-04-12 06:32:12.283 [info] > git config --get commit.template [9ms]
2024-04-12 06:32:12.284 [info] > git for-each-ref --format=%(refname)%00%(upstream:short)%00%(objectname)%00%(upstream:track)%00%(upstream:remotename)%00%(upstream:remoteref) refs/heads/main refs/remotes/main [1ms]
2024-04-12 06:32:12.292 [warning] ENOENT: no such file or directory, open '/home/arch/Documents/e-Commerce-Dart-Flutter/.git/refs/remotes/origin/main'
2024-04-12 06:32:12.293 [info] > git rev-parse refs/remotes/origin/main [1ms]
2024-04-12 06:32:12.307 [info] > git status -z -uall [6ms]
2024-04-12 06:32:27.724 [info] > git config --get commit.template [8ms]
2024-04-12 06:32:27.725 [info] > git for-each-ref --format=%(refname)%00%(upstream:short)%00%(objectname)%00%(upstream:track)%00%(upstream:remotename)%00%(upstream:remoteref) refs/heads/main refs/remotes/main [1ms]
2024-04-12 06:32:27.732 [warning] ENOENT: no such file or directory, open '/home/arch/Documents/e-Commerce-Dart-Flutter/.git/refs/remotes/origin/main'
2024-04-12 06:32:27.733 [info] > git rev-parse refs/remotes/origin/main [1ms]
2024-04-12 06:32:27.747 [info] > git status -z -uall [6ms]
2024-04-12 06:32:40.606 [info] > git config --get commit.template [2ms]
2024-04-12 06:32:40.617 [info] > git for-each-ref --format=%(refname)%00%(upstream:short)%00%(objectname)%00%(upstream:track)%00%(upstream:remotename)%00%(upstream:remoteref) refs/heads/main refs/remotes/main [1ms]
2024-04-12 06:32:40.624 [warning] ENOENT: no such file or directory, open '/home/arch/Documents/e-Commerce-Dart-Flutter/.git/refs/remotes/origin/main'
2024-04-12 06:32:40.625 [info] > git rev-parse refs/remotes/origin/main [1ms]
2024-04-12 06:32:40.636 [info] > git status -z -uall [4ms]
2024-04-12 06:32:46.505 [info] > git config --get commit.template [10ms]
2024-04-12 06:32:46.506 [info] > git for-each-ref --format=%(refname)%00%(upstream:short)%00%(objectname)%00%(upstream:track)%00%(upstream:remotename)%00%(upstream:remoteref) refs/heads/main refs/remotes/main [1ms]
2024-04-12 06:32:46.513 [warning] ENOENT: no such file or directory, open '/home/arch/Documents/e-Commerce-Dart-Flutter/.git/refs/remotes/origin/main'
2024-04-12 06:32:46.514 [info] > git rev-parse refs/remotes/origin/main [1ms]
2024-04-12 06:32:46.527 [info] > git status -z -uall [6ms]
2024-04-12 06:33:04.317 [info] > git config --get commit.template [24ms]
2024-04-12 06:33:04.319 [info] > git for-each-ref --format=%(refname)%00%(upstream:short)%00%(objectname)%00%(upstream:track)%00%(upstream:remotename)%00%(upstream:remoteref) refs/heads/main refs/remotes/main [4ms]
2024-04-12 06:33:04.342 [warning] ENOENT: no such file or directory, open '/home/arch/Documents/e-Commerce-Dart-Flutter/.git/refs/remotes/origin/main'
2024-04-12 06:33:04.347 [info] > git rev-parse refs/remotes/origin/main [5ms]
2024-04-12 06:33:04.406 [info] > git status -z -uall [31ms]
2024-04-12 06:34:52.036 [info] > git config --get commit.template [1ms]
2024-04-12 06:34:52.050 [info] > git for-each-ref --format=%(refname)%00%(upstream:short)%00%(objectname)%00%(upstream:track)%00%(upstream:remotename)%00%(upstream:remoteref) refs/heads/main refs/remotes/main [1ms]
2024-04-12 06:34:52.056 [warning] ENOENT: no such file or directory, open '/home/arch/Documents/e-Commerce-Dart-Flutter/.git/refs/remotes/origin/main'
2024-04-12 06:34:52.057 [info] > git rev-parse refs/remotes/origin/main [1ms]
2024-04-12 06:34:52.069 [info] > git status -z -uall [6ms]
2024-04-12 06:35:03.276 [info] > git config --get commit.template [19ms]
2024-04-12 06:35:03.278 [info] > git for-each-ref --format=%(refname)%00%(upstream:short)%00%(objectname)%00%(upstream:track)%00%(upstream:remotename)%00%(upstream:remoteref) refs/heads/main refs/remotes/main [4ms]
2024-04-12 06:35:03.302 [warning] ENOENT: no such file or directory, open '/home/arch/Documents/e-Commerce-Dart-Flutter/.git/refs/remotes/origin/main'
2024-04-12 06:35:03.306 [info] > git rev-parse refs/remotes/origin/main [4ms]
2024-04-12 06:35:03.343 [info] > git status -z -uall [18ms]
2024-04-12 06:35:08.650 [info] > git config --get commit.template [23ms]
2024-04-12 06:35:08.653 [info] > git for-each-ref --format=%(refname)%00%(upstream:short)%00%(objectname)%00%(upstream:track)%00%(upstream:remotename)%00%(upstream:remoteref) refs/heads/main refs/remotes/main [5ms]
2024-04-12 06:35:08.674 [warning] ENOENT: no such file or directory, open '/home/arch/Documents/e-Commerce-Dart-Flutter/.git/refs/remotes/origin/main'
2024-04-12 06:35:08.678 [info] > git rev-parse refs/remotes/origin/main [4ms]
2024-04-12 06:35:08.719 [info] > git status -z -uall [19ms]
