2024-04-13 16:39:12.447 [info] Log level: Info
2024-04-13 16:39:12.447 [info] Validating found git in: "git"
2024-04-13 16:39:12.447 [info] Using git "2.44.0" from "git"
2024-04-13 16:39:12.447 [info] > git rev-parse --show-toplevel [75ms]
2024-04-13 16:39:12.447 [info] > git rev-parse --git-dir --git-common-dir [4ms]
2024-04-13 16:39:12.447 [info] Open repository: /home/arch/Documents/e-Commerce-Dart-Flutter
2024-04-13 16:39:12.496 [info] > git rev-parse --show-toplevel [26ms]
2024-04-13 16:39:12.496 [info] > git config --get commit.template [44ms]
2024-04-13 16:39:12.516 [info] > git rev-parse --show-toplevel [12ms]
2024-04-13 16:39:12.535 [info] > git for-each-ref --format=%(refname)%00%(upstream:short)%00%(objectname)%00%(upstream:track)%00%(upstream:remotename)%00%(upstream:remoteref) refs/heads/UI_test refs/remotes/UI_test [20ms]
2024-04-13 16:39:12.543 [info] > git rev-parse --show-toplevel [11ms]
2024-04-13 16:39:12.562 [info] > git rev-parse --show-toplevel [9ms]
2024-04-13 16:39:12.609 [info] > git status -z -uall [19ms]
2024-04-13 16:39:12.609 [info] > git rev-parse --show-toplevel [6ms]
2024-04-13 16:39:12.636 [info] > git config --get commit.template [4ms]
2024-04-13 16:39:12.637 [info] > git rev-parse --show-toplevel [11ms]
2024-04-13 16:39:12.706 [info] > git for-each-ref --format=%(refname)%00%(upstream:short)%00%(objectname)%00%(upstream:track)%00%(upstream:remotename)%00%(upstream:remoteref) refs/heads/UI_test refs/remotes/UI_test [33ms]
2024-04-13 16:39:12.707 [info] > git rev-parse --show-toplevel [44ms]
2024-04-13 16:39:12.714 [info] > git rev-parse --show-toplevel [2ms]
2024-04-13 16:39:12.728 [info] > git status -z -uall [8ms]
2024-04-13 16:39:12.731 [info] > git rev-parse --show-toplevel [4ms]
2024-04-13 16:39:12.743 [info] > git rev-parse --show-toplevel [3ms]
2024-04-13 16:39:12.753 [info] > git rev-parse --show-toplevel [1ms]
2024-04-13 16:39:12.954 [info] > git check-ignore -v -z --stdin [1ms]
2024-04-13 16:39:17.106 [info] > git show --textconv :lib/login/login.dart [22ms]
2024-04-13 16:39:17.107 [info] > git ls-files --stage -- /home/arch/Documents/e-Commerce-Dart-Flutter/lib/login/login.dart [4ms]
2024-04-13 16:39:17.126 [info] > git cat-file -s a19f905ba04f79fca8bb35341a3d3875b7554918 [5ms]
2024-04-13 16:39:25.476 [info] > git check-ignore -v -z --stdin [3ms]
2024-04-13 16:39:26.434 [info] > git show --textconv :lib/home/user_side_menu.dart [13ms]
2024-04-13 16:39:26.436 [info] > git ls-files --stage -- /home/arch/Documents/e-Commerce-Dart-Flutter/lib/home/user_side_menu.dart [3ms]
2024-04-13 16:39:26.448 [info] > git cat-file -s 23fd3fd71c46e0302aa9169549316aab2b9a5d49 [3ms]
2024-04-13 16:39:29.492 [info] > git config --get commit.template [8ms]
2024-04-13 16:39:29.493 [info] > git for-each-ref --format=%(refname)%00%(upstream:short)%00%(objectname)%00%(upstream:track)%00%(upstream:remotename)%00%(upstream:remoteref) refs/heads/UI_test refs/remotes/UI_test [2ms]
2024-04-13 16:39:29.506 [info] > git status -z -uall [4ms]
2024-04-13 16:39:34.524 [info] > git config --get commit.template [8ms]
2024-04-13 16:39:34.525 [info] > git for-each-ref --format=%(refname)%00%(upstream:short)%00%(objectname)%00%(upstream:track)%00%(upstream:remotename)%00%(upstream:remoteref) refs/heads/UI_test refs/remotes/UI_test [2ms]
2024-04-13 16:39:34.534 [info] > git status -z -uall [3ms]
2024-04-13 16:39:40.004 [info] > git config --get commit.template [9ms]
2024-04-13 16:39:40.005 [info] > git for-each-ref --format=%(refname)%00%(upstream:short)%00%(objectname)%00%(upstream:track)%00%(upstream:remotename)%00%(upstream:remoteref) refs/heads/UI_test refs/remotes/UI_test [2ms]
2024-04-13 16:39:40.021 [info] > git status -z -uall [5ms]
2024-04-13 16:39:45.066 [info] > git for-each-ref --format=%(refname)%00%(upstream:short)%00%(objectname)%00%(upstream:track)%00%(upstream:remotename)%00%(upstream:remoteref) refs/heads/UI_test refs/remotes/UI_test [3ms]
2024-04-13 16:39:45.067 [info] > git config --get commit.template [17ms]
2024-04-13 16:39:45.084 [info] > git status -z -uall [3ms]
2024-04-13 16:39:50.099 [info] > git config --get commit.template [1ms]
2024-04-13 16:39:50.111 [info] > git for-each-ref --format=%(refname)%00%(upstream:short)%00%(objectname)%00%(upstream:track)%00%(upstream:remotename)%00%(upstream:remoteref) refs/heads/UI_test refs/remotes/UI_test [3ms]
2024-04-13 16:39:50.125 [info] > git status -z -uall [4ms]
2024-04-13 16:39:55.155 [info] > git config --get commit.template [12ms]
2024-04-13 16:39:55.155 [info] > git for-each-ref --format=%(refname)%00%(upstream:short)%00%(objectname)%00%(upstream:track)%00%(upstream:remotename)%00%(upstream:remoteref) refs/heads/UI_test refs/remotes/UI_test [2ms]
2024-04-13 16:39:55.169 [info] > git status -z -uall [3ms]
2024-04-13 16:40:01.901 [info] > git config --get commit.template [8ms]
2024-04-13 16:40:01.902 [info] > git for-each-ref --format=%(refname)%00%(upstream:short)%00%(objectname)%00%(upstream:track)%00%(upstream:remotename)%00%(upstream:remoteref) refs/heads/UI_test refs/remotes/UI_test [2ms]
2024-04-13 16:40:01.910 [info] > git status -z -uall [2ms]
2024-04-13 16:40:11.654 [info] > git config --get commit.template [1ms]
2024-04-13 16:40:11.663 [info] > git for-each-ref --format=%(refname)%00%(upstream:short)%00%(objectname)%00%(upstream:track)%00%(upstream:remotename)%00%(upstream:remoteref) refs/heads/UI_test refs/remotes/UI_test [2ms]
2024-04-13 16:40:11.672 [info] > git status -z -uall [2ms]
2024-04-13 16:40:16.690 [info] > git config --get commit.template [8ms]
2024-04-13 16:40:16.691 [info] > git for-each-ref --format=%(refname)%00%(upstream:short)%00%(objectname)%00%(upstream:track)%00%(upstream:remotename)%00%(upstream:remoteref) refs/heads/UI_test refs/remotes/UI_test [1ms]
2024-04-13 16:40:16.701 [info] > git status -z -uall [3ms]
2024-04-13 16:40:23.908 [info] > git config --get commit.template [9ms]
2024-04-13 16:40:23.908 [info] > git for-each-ref --format=%(refname)%00%(upstream:short)%00%(objectname)%00%(upstream:track)%00%(upstream:remotename)%00%(upstream:remoteref) refs/heads/UI_test refs/remotes/UI_test [1ms]
2024-04-13 16:40:23.921 [info] > git status -z -uall [4ms]
2024-04-13 16:40:28.933 [info] > git config --get commit.template [1ms]
2024-04-13 16:40:28.940 [info] > git for-each-ref --format=%(refname)%00%(upstream:short)%00%(objectname)%00%(upstream:track)%00%(upstream:remotename)%00%(upstream:remoteref) refs/heads/UI_test refs/remotes/UI_test [1ms]
2024-04-13 16:40:28.950 [info] > git status -z -uall [3ms]
2024-04-13 16:40:33.970 [info] > git config --get commit.template [8ms]
2024-04-13 16:40:33.971 [info] > git for-each-ref --format=%(refname)%00%(upstream:short)%00%(objectname)%00%(upstream:track)%00%(upstream:remotename)%00%(upstream:remoteref) refs/heads/UI_test refs/remotes/UI_test [1ms]
2024-04-13 16:40:33.982 [info] > git status -z -uall [4ms]
2024-04-13 16:41:05.225 [info] > git config --get commit.template [6ms]
2024-04-13 16:41:05.225 [info] > git for-each-ref --format=%(refname)%00%(upstream:short)%00%(objectname)%00%(upstream:track)%00%(upstream:remotename)%00%(upstream:remoteref) refs/heads/UI_test refs/remotes/UI_test [1ms]
2024-04-13 16:41:05.233 [info] > git status -z -uall [2ms]
2024-04-13 16:42:49.645 [info] > git show --textconv :lib/login/register.dart [7ms]
2024-04-13 16:42:49.646 [info] > git ls-files --stage -- /home/arch/Documents/e-Commerce-Dart-Flutter/lib/login/register.dart [1ms]
2024-04-13 16:42:49.888 [info] > git check-ignore -v -z --stdin [2ms]
2024-04-13 16:42:50.479 [info] > git config --get commit.template [8ms]
2024-04-13 16:42:50.480 [info] > git for-each-ref --format=%(refname)%00%(upstream:short)%00%(objectname)%00%(upstream:track)%00%(upstream:remotename)%00%(upstream:remoteref) refs/heads/UI_test refs/remotes/UI_test [2ms]
2024-04-13 16:42:50.492 [info] > git status -z -uall [4ms]
2024-04-13 16:43:06.868 [info] > git config --get commit.template [8ms]
2024-04-13 16:43:06.869 [info] > git for-each-ref --format=%(refname)%00%(upstream:short)%00%(objectname)%00%(upstream:track)%00%(upstream:remotename)%00%(upstream:remoteref) refs/heads/UI_test refs/remotes/UI_test [2ms]
2024-04-13 16:43:06.883 [info] > git status -z -uall [4ms]
2024-04-13 16:43:23.824 [info] > git show --textconv :lib/main.dart [10ms]
2024-04-13 16:43:23.825 [info] > git ls-files --stage -- /home/arch/Documents/e-Commerce-Dart-Flutter/lib/main.dart [2ms]
2024-04-13 16:43:23.833 [info] > git cat-file -s 3aaef156141e8b6793699dcc1d0673aa533c2d7a [1ms]
2024-04-13 16:43:30.372 [info] > git show --textconv :lib/login/register.dart [8ms]
2024-04-13 16:43:30.373 [info] > git ls-files --stage -- /home/arch/Documents/e-Commerce-Dart-Flutter/lib/login/register.dart [2ms]
2024-04-13 16:43:40.876 [info] > git show --textconv :lib/main.dart [12ms]
2024-04-13 16:43:40.878 [info] > git ls-files --stage -- /home/arch/Documents/e-Commerce-Dart-Flutter/lib/main.dart [3ms]
2024-04-13 16:43:40.891 [info] > git cat-file -s 3aaef156141e8b6793699dcc1d0673aa533c2d7a [4ms]
2024-04-13 16:43:44.230 [info] > git config --get commit.template [7ms]
2024-04-13 16:43:44.276 [info] > git for-each-ref --format=%(refname)%00%(upstream:short)%00%(objectname)%00%(upstream:track)%00%(upstream:remotename)%00%(upstream:remoteref) refs/heads/UI_test refs/remotes/UI_test [22ms]
2024-04-13 16:43:44.301 [info] > git status -z -uall [5ms]
2024-04-13 16:43:56.813 [info] > git config --get commit.template [11ms]
2024-04-13 16:43:56.815 [info] > git for-each-ref --format=%(refname)%00%(upstream:short)%00%(objectname)%00%(upstream:track)%00%(upstream:remotename)%00%(upstream:remoteref) refs/heads/UI_test refs/remotes/UI_test [4ms]
2024-04-13 16:43:56.835 [info] > git status -z -uall [7ms]
2024-04-13 16:44:03.828 [info] > git config --get commit.template [21ms]
2024-04-13 16:44:03.830 [info] > git for-each-ref --format=%(refname)%00%(upstream:short)%00%(objectname)%00%(upstream:track)%00%(upstream:remotename)%00%(upstream:remoteref) refs/heads/UI_test refs/remotes/UI_test [4ms]
2024-04-13 16:44:03.856 [info] > git status -z -uall [8ms]
2024-04-13 16:45:12.419 [info] > git config --get commit.template [11ms]
2024-04-13 16:45:12.457 [info] > git for-each-ref --format=%(refname)%00%(upstream:short)%00%(objectname)%00%(upstream:track)%00%(upstream:remotename)%00%(upstream:remoteref) refs/heads/UI_test refs/remotes/UI_test [20ms]
2024-04-13 16:45:12.481 [info] > git status -z -uall [10ms]
2024-04-13 16:45:17.531 [info] > git config --get commit.template [5ms]
2024-04-13 16:45:17.552 [info] > git for-each-ref --format=%(refname)%00%(upstream:short)%00%(objectname)%00%(upstream:track)%00%(upstream:remotename)%00%(upstream:remoteref) refs/heads/UI_test refs/remotes/UI_test [6ms]
2024-04-13 16:45:17.580 [info] > git status -z -uall [11ms]
2024-04-13 16:45:22.606 [info] > git config --get commit.template [3ms]
2024-04-13 16:45:22.626 [info] > git for-each-ref --format=%(refname)%00%(upstream:short)%00%(objectname)%00%(upstream:track)%00%(upstream:remotename)%00%(upstream:remoteref) refs/heads/UI_test refs/remotes/UI_test [4ms]
2024-04-13 16:45:22.650 [info] > git status -z -uall [6ms]
2024-04-13 16:45:28.442 [info] > git config --get commit.template [1ms]
2024-04-13 16:45:28.455 [info] > git for-each-ref --format=%(refname)%00%(upstream:short)%00%(objectname)%00%(upstream:track)%00%(upstream:remotename)%00%(upstream:remoteref) refs/heads/UI_test refs/remotes/UI_test [3ms]
2024-04-13 16:45:28.476 [info] > git status -z -uall [2ms]
2024-04-13 16:45:33.496 [info] > git config --get commit.template [8ms]
2024-04-13 16:45:33.496 [info] > git for-each-ref --format=%(refname)%00%(upstream:short)%00%(objectname)%00%(upstream:track)%00%(upstream:remotename)%00%(upstream:remoteref) refs/heads/UI_test refs/remotes/UI_test [1ms]
2024-04-13 16:45:33.506 [info] > git status -z -uall [2ms]
2024-04-13 16:45:38.522 [info] > git config --get commit.template [7ms]
2024-04-13 16:45:38.523 [info] > git for-each-ref --format=%(refname)%00%(upstream:short)%00%(objectname)%00%(upstream:track)%00%(upstream:remotename)%00%(upstream:remoteref) refs/heads/UI_test refs/remotes/UI_test [2ms]
2024-04-13 16:45:38.532 [info] > git status -z -uall [3ms]
2024-04-13 16:45:43.554 [info] > git config --get commit.template [9ms]
2024-04-13 16:45:43.554 [info] > git for-each-ref --format=%(refname)%00%(upstream:short)%00%(objectname)%00%(upstream:track)%00%(upstream:remotename)%00%(upstream:remoteref) refs/heads/UI_test refs/remotes/UI_test [1ms]
2024-04-13 16:45:43.568 [info] > git status -z -uall [5ms]
2024-04-13 16:46:03.234 [info] > git config --get commit.template [7ms]
2024-04-13 16:46:03.235 [info] > git for-each-ref --format=%(refname)%00%(upstream:short)%00%(objectname)%00%(upstream:track)%00%(upstream:remotename)%00%(upstream:remoteref) refs/heads/UI_test refs/remotes/UI_test [1ms]
2024-04-13 16:46:03.248 [info] > git status -z -uall [3ms]
2024-04-13 16:46:14.827 [info] > git config --get commit.template [1ms]
2024-04-13 16:46:14.844 [info] > git for-each-ref --format=%(refname)%00%(upstream:short)%00%(objectname)%00%(upstream:track)%00%(upstream:remotename)%00%(upstream:remoteref) refs/heads/UI_test refs/remotes/UI_test [3ms]
2024-04-13 16:46:14.870 [info] > git status -z -uall [7ms]
2024-04-13 16:46:19.889 [info] > git config --get commit.template [8ms]
2024-04-13 16:46:19.889 [info] > git for-each-ref --format=%(refname)%00%(upstream:short)%00%(objectname)%00%(upstream:track)%00%(upstream:remotename)%00%(upstream:remoteref) refs/heads/UI_test refs/remotes/UI_test [1ms]
2024-04-13 16:46:19.901 [info] > git status -z -uall [3ms]
2024-04-13 16:47:52.055 [info] > git show --textconv :lib/login/login.dart [10ms]
2024-04-13 16:47:52.057 [info] > git ls-files --stage -- /home/arch/Documents/e-Commerce-Dart-Flutter/lib/login/login.dart [3ms]
2024-04-13 16:47:52.068 [info] > git cat-file -s a19f905ba04f79fca8bb35341a3d3875b7554918 [1ms]
2024-04-13 16:48:22.240 [info] > git show --textconv :lib/login/register.dart [9ms]
2024-04-13 16:48:22.241 [info] > git ls-files --stage -- /home/arch/Documents/e-Commerce-Dart-Flutter/lib/login/register.dart [2ms]
2024-04-13 16:48:37.141 [info] > git config --get commit.template [19ms]
2024-04-13 16:48:37.143 [info] > git for-each-ref --format=%(refname)%00%(upstream:short)%00%(objectname)%00%(upstream:track)%00%(upstream:remotename)%00%(upstream:remoteref) refs/heads/UI_test refs/remotes/UI_test [4ms]
2024-04-13 16:48:37.176 [info] > git status -z -uall [11ms]
2024-04-13 16:48:48.750 [info] > git config --get commit.template [13ms]
2024-04-13 16:48:48.751 [info] > git for-each-ref --format=%(refname)%00%(upstream:short)%00%(objectname)%00%(upstream:track)%00%(upstream:remotename)%00%(upstream:remoteref) refs/heads/UI_test refs/remotes/UI_test [3ms]
2024-04-13 16:48:48.764 [info] > git status -z -uall [4ms]
2024-04-13 16:49:09.683 [info] > git config --get commit.template [11ms]
2024-04-13 16:49:09.684 [info] > git for-each-ref --format=%(refname)%00%(upstream:short)%00%(objectname)%00%(upstream:track)%00%(upstream:remotename)%00%(upstream:remoteref) refs/heads/UI_test refs/remotes/UI_test [2ms]
2024-04-13 16:49:09.700 [info] > git status -z -uall [6ms]
2024-04-13 16:49:22.426 [info] > git config --get commit.template [2ms]
2024-04-13 16:49:22.438 [info] > git for-each-ref --format=%(refname)%00%(upstream:short)%00%(objectname)%00%(upstream:track)%00%(upstream:remotename)%00%(upstream:remoteref) refs/heads/UI_test refs/remotes/UI_test [3ms]
2024-04-13 16:49:22.452 [info] > git status -z -uall [3ms]
2024-04-13 16:49:27.501 [info] > git config --get commit.template [22ms]
2024-04-13 16:49:27.503 [info] > git for-each-ref --format=%(refname)%00%(upstream:short)%00%(objectname)%00%(upstream:track)%00%(upstream:remotename)%00%(upstream:remoteref) refs/heads/UI_test refs/remotes/UI_test [4ms]
2024-04-13 16:49:27.533 [info] > git status -z -uall [9ms]
2024-04-13 16:50:24.570 [info] > git config --get commit.template [11ms]
2024-04-13 16:50:24.571 [info] > git for-each-ref --format=%(refname)%00%(upstream:short)%00%(objectname)%00%(upstream:track)%00%(upstream:remotename)%00%(upstream:remoteref) refs/heads/UI_test refs/remotes/UI_test [2ms]
2024-04-13 16:50:24.587 [info] > git status -z -uall [5ms]
2024-04-13 16:50:31.484 [info] > git config --get commit.template [7ms]
2024-04-13 16:50:31.485 [info] > git for-each-ref --format=%(refname)%00%(upstream:short)%00%(objectname)%00%(upstream:track)%00%(upstream:remotename)%00%(upstream:remoteref) refs/heads/UI_test refs/remotes/UI_test [1ms]
2024-04-13 16:50:31.496 [info] > git status -z -uall [4ms]
2024-04-13 16:50:44.149 [info] > git config --get commit.template [7ms]
2024-04-13 16:50:44.149 [info] > git for-each-ref --format=%(refname)%00%(upstream:short)%00%(objectname)%00%(upstream:track)%00%(upstream:remotename)%00%(upstream:remoteref) refs/heads/UI_test refs/remotes/UI_test [2ms]
2024-04-13 16:50:44.160 [info] > git status -z -uall [4ms]
2024-04-13 16:51:17.880 [info] > git config --get commit.template [19ms]
2024-04-13 16:51:17.882 [info] > git for-each-ref --format=%(refname)%00%(upstream:short)%00%(objectname)%00%(upstream:track)%00%(upstream:remotename)%00%(upstream:remoteref) refs/heads/UI_test refs/remotes/UI_test [4ms]
2024-04-13 16:51:17.914 [info] > git status -z -uall [13ms]
2024-04-13 16:51:45.194 [info] > git config --get commit.template [7ms]
2024-04-13 16:51:45.194 [info] > git for-each-ref --format=%(refname)%00%(upstream:short)%00%(objectname)%00%(upstream:track)%00%(upstream:remotename)%00%(upstream:remoteref) refs/heads/UI_test refs/remotes/UI_test [1ms]
2024-04-13 16:51:45.204 [info] > git status -z -uall [3ms]
2024-04-13 16:51:51.473 [info] > git config --get commit.template [12ms]
2024-04-13 16:51:51.474 [info] > git for-each-ref --format=%(refname)%00%(upstream:short)%00%(objectname)%00%(upstream:track)%00%(upstream:remotename)%00%(upstream:remoteref) refs/heads/UI_test refs/remotes/UI_test [2ms]
2024-04-13 16:51:51.487 [info] > git status -z -uall [4ms]
2024-04-13 16:52:02.142 [info] > git config --get commit.template [14ms]
2024-04-13 16:52:02.143 [info] > git for-each-ref --format=%(refname)%00%(upstream:short)%00%(objectname)%00%(upstream:track)%00%(upstream:remotename)%00%(upstream:remoteref) refs/heads/UI_test refs/remotes/UI_test [3ms]
2024-04-13 16:52:02.158 [info] > git status -z -uall [4ms]
2024-04-13 16:53:58.264 [info] > git config --get commit.template [23ms]
2024-04-13 16:53:58.267 [info] > git for-each-ref --format=%(refname)%00%(upstream:short)%00%(objectname)%00%(upstream:track)%00%(upstream:remotename)%00%(upstream:remoteref) refs/heads/UI_test refs/remotes/UI_test [3ms]
2024-04-13 16:53:58.279 [info] > git status -z -uall [4ms]
2024-04-13 16:54:03.320 [info] > git config --get commit.template [14ms]
2024-04-13 16:54:03.322 [info] > git for-each-ref --format=%(refname)%00%(upstream:short)%00%(objectname)%00%(upstream:track)%00%(upstream:remotename)%00%(upstream:remoteref) refs/heads/UI_test refs/remotes/UI_test [3ms]
2024-04-13 16:54:03.341 [info] > git status -z -uall [5ms]
2024-04-13 16:54:10.246 [info] > git config --get commit.template [21ms]
2024-04-13 16:54:10.248 [info] > git for-each-ref --format=%(refname)%00%(upstream:short)%00%(objectname)%00%(upstream:track)%00%(upstream:remotename)%00%(upstream:remoteref) refs/heads/UI_test refs/remotes/UI_test [5ms]
2024-04-13 16:54:10.285 [info] > git status -z -uall [11ms]
2024-04-13 16:55:58.069 [info] > git show --textconv :lib/main.dart [11ms]
2024-04-13 16:55:58.072 [info] > git ls-files --stage -- /home/arch/Documents/e-Commerce-Dart-Flutter/lib/main.dart [4ms]
2024-04-13 16:55:58.081 [info] > git cat-file -s 3aaef156141e8b6793699dcc1d0673aa533c2d7a [2ms]
2024-04-13 16:56:00.762 [info] > git config --get commit.template [6ms]
2024-04-13 16:56:00.762 [info] > git for-each-ref --format=%(refname)%00%(upstream:short)%00%(objectname)%00%(upstream:track)%00%(upstream:remotename)%00%(upstream:remoteref) refs/heads/UI_test refs/remotes/UI_test [1ms]
2024-04-13 16:56:00.770 [info] > git status -z -uall [2ms]
2024-04-13 16:56:02.481 [info] > git show --textconv :lib/login/register.dart [5ms]
2024-04-13 16:56:02.505 [info] > git ls-files --stage -- /home/arch/Documents/e-Commerce-Dart-Flutter/lib/login/register.dart [3ms]
2024-04-13 16:56:06.670 [info] > git config --get commit.template [3ms]
2024-04-13 16:56:06.687 [info] > git for-each-ref --format=%(refname)%00%(upstream:short)%00%(objectname)%00%(upstream:track)%00%(upstream:remotename)%00%(upstream:remoteref) refs/heads/UI_test refs/remotes/UI_test [5ms]
2024-04-13 16:56:06.706 [info] > git status -z -uall [6ms]
2024-04-13 16:56:16.572 [info] > git config --get commit.template [24ms]
2024-04-13 16:56:16.573 [info] > git for-each-ref --format=%(refname)%00%(upstream:short)%00%(objectname)%00%(upstream:track)%00%(upstream:remotename)%00%(upstream:remoteref) refs/heads/UI_test refs/remotes/UI_test [4ms]
2024-04-13 16:56:16.602 [info] > git status -z -uall [9ms]
2024-04-13 16:56:28.077 [info] > git config --get commit.template [26ms]
2024-04-13 16:56:28.080 [info] > git for-each-ref --format=%(refname)%00%(upstream:short)%00%(objectname)%00%(upstream:track)%00%(upstream:remotename)%00%(upstream:remoteref) refs/heads/UI_test refs/remotes/UI_test [5ms]
2024-04-13 16:56:28.110 [info] > git status -z -uall [9ms]
2024-04-13 16:56:47.624 [info] > git config --get commit.template [21ms]
2024-04-13 16:56:47.626 [info] > git for-each-ref --format=%(refname)%00%(upstream:short)%00%(objectname)%00%(upstream:track)%00%(upstream:remotename)%00%(upstream:remoteref) refs/heads/UI_test refs/remotes/UI_test [4ms]
2024-04-13 16:56:47.660 [info] > git status -z -uall [12ms]
2024-04-13 16:56:52.711 [info] > git config --get commit.template [23ms]
2024-04-13 16:56:52.714 [info] > git for-each-ref --format=%(refname)%00%(upstream:short)%00%(objectname)%00%(upstream:track)%00%(upstream:remotename)%00%(upstream:remoteref) refs/heads/UI_test refs/remotes/UI_test [6ms]
2024-04-13 16:56:52.745 [info] > git status -z -uall [10ms]
2024-04-13 16:56:58.821 [info] > git config --get commit.template [7ms]
2024-04-13 16:56:58.821 [info] > git for-each-ref --format=%(refname)%00%(upstream:short)%00%(objectname)%00%(upstream:track)%00%(upstream:remotename)%00%(upstream:remoteref) refs/heads/UI_test refs/remotes/UI_test [1ms]
2024-04-13 16:56:58.832 [info] > git status -z -uall [3ms]
2024-04-13 16:57:04.431 [info] > git config --get commit.template [18ms]
2024-04-13 16:57:04.433 [info] > git for-each-ref --format=%(refname)%00%(upstream:short)%00%(objectname)%00%(upstream:track)%00%(upstream:remotename)%00%(upstream:remoteref) refs/heads/UI_test refs/remotes/UI_test [3ms]
2024-04-13 16:57:04.462 [info] > git status -z -uall [12ms]
2024-04-13 16:57:11.287 [info] > git config --get commit.template [8ms]
2024-04-13 16:57:11.288 [info] > git for-each-ref --format=%(refname)%00%(upstream:short)%00%(objectname)%00%(upstream:track)%00%(upstream:remotename)%00%(upstream:remoteref) refs/heads/UI_test refs/remotes/UI_test [2ms]
2024-04-13 16:57:11.299 [info] > git status -z -uall [3ms]
2024-04-13 16:57:36.044 [info] > git config --get commit.template [17ms]
2024-04-13 16:57:36.046 [info] > git for-each-ref --format=%(refname)%00%(upstream:short)%00%(objectname)%00%(upstream:track)%00%(upstream:remotename)%00%(upstream:remoteref) refs/heads/UI_test refs/remotes/UI_test [4ms]
2024-04-13 16:57:36.075 [info] > git status -z -uall [10ms]
2024-04-13 16:57:44.381 [info] > git config --get commit.template [7ms]
2024-04-13 16:57:44.381 [info] > git for-each-ref --format=%(refname)%00%(upstream:short)%00%(objectname)%00%(upstream:track)%00%(upstream:remotename)%00%(upstream:remoteref) refs/heads/UI_test refs/remotes/UI_test [1ms]
2024-04-13 16:57:44.393 [info] > git status -z -uall [6ms]
2024-04-13 16:57:49.437 [info] > git config --get commit.template [22ms]
2024-04-13 16:57:49.440 [info] > git for-each-ref --format=%(refname)%00%(upstream:short)%00%(objectname)%00%(upstream:track)%00%(upstream:remotename)%00%(upstream:remoteref) refs/heads/UI_test refs/remotes/UI_test [5ms]
2024-04-13 16:57:49.465 [info] > git status -z -uall [9ms]
2024-04-13 16:57:57.301 [info] > git config --get commit.template [5ms]
2024-04-13 16:57:57.318 [info] > git for-each-ref --format=%(refname)%00%(upstream:short)%00%(objectname)%00%(upstream:track)%00%(upstream:remotename)%00%(upstream:remoteref) refs/heads/UI_test refs/remotes/UI_test [4ms]
2024-04-13 16:57:57.334 [info] > git status -z -uall [5ms]
2024-04-13 16:58:02.111 [info] > git show --textconv :lib/login/login.dart [3ms]
2024-04-13 16:58:02.123 [info] > git ls-files --stage -- /home/arch/Documents/e-Commerce-Dart-Flutter/lib/login/login.dart [2ms]
2024-04-13 16:58:02.135 [info] > git cat-file -s a19f905ba04f79fca8bb35341a3d3875b7554918 [3ms]
2024-04-13 16:58:07.500 [info] > git show --textconv :lib/login/register.dart [10ms]
2024-04-13 16:58:07.500 [info] > git ls-files --stage -- /home/arch/Documents/e-Commerce-Dart-Flutter/lib/login/register.dart [2ms]
2024-04-13 16:58:22.719 [info] > git config --get commit.template [13ms]
2024-04-13 16:58:22.719 [info] > git for-each-ref --format=%(refname)%00%(upstream:short)%00%(objectname)%00%(upstream:track)%00%(upstream:remotename)%00%(upstream:remoteref) refs/heads/UI_test refs/remotes/UI_test [3ms]
2024-04-13 16:58:22.736 [info] > git status -z -uall [6ms]
2024-04-13 16:58:27.770 [info] > git config --get commit.template [14ms]
2024-04-13 16:58:27.772 [info] > git for-each-ref --format=%(refname)%00%(upstream:short)%00%(objectname)%00%(upstream:track)%00%(upstream:remotename)%00%(upstream:remoteref) refs/heads/UI_test refs/remotes/UI_test [3ms]
2024-04-13 16:58:27.789 [info] > git status -z -uall [5ms]
2024-04-13 16:58:32.960 [info] > git config --get commit.template [18ms]
2024-04-13 16:58:32.961 [info] > git for-each-ref --format=%(refname)%00%(upstream:short)%00%(objectname)%00%(upstream:track)%00%(upstream:remotename)%00%(upstream:remoteref) refs/heads/UI_test refs/remotes/UI_test [2ms]
2024-04-13 16:58:32.975 [info] > git status -z -uall [4ms]
2024-04-13 16:58:43.055 [info] > git show --textconv :lib/login/login.dart [9ms]
2024-04-13 16:58:43.056 [info] > git ls-files --stage -- /home/arch/Documents/e-Commerce-Dart-Flutter/lib/login/login.dart [2ms]
2024-04-13 16:58:43.065 [info] > git cat-file -s a19f905ba04f79fca8bb35341a3d3875b7554918 [2ms]
2024-04-13 16:58:54.254 [info] > git show --textconv :lib/login/register.dart [19ms]
2024-04-13 16:58:54.261 [info] > git ls-files --stage -- /home/arch/Documents/e-Commerce-Dart-Flutter/lib/login/register.dart [9ms]
2024-04-13 16:59:03.018 [info] > git show --textconv :lib/main.dart [9ms]
2024-04-13 16:59:03.019 [info] > git ls-files --stage -- /home/arch/Documents/e-Commerce-Dart-Flutter/lib/main.dart [2ms]
2024-04-13 16:59:03.029 [info] > git cat-file -s 3aaef156141e8b6793699dcc1d0673aa533c2d7a [2ms]
2024-04-13 16:59:04.639 [info] > git show --textconv :lib/login/register.dart [9ms]
2024-04-13 16:59:04.640 [info] > git ls-files --stage -- /home/arch/Documents/e-Commerce-Dart-Flutter/lib/login/register.dart [1ms]
2024-04-13 16:59:05.908 [info] > git show --textconv :lib/login/login.dart [11ms]
2024-04-13 16:59:05.908 [info] > git ls-files --stage -- /home/arch/Documents/e-Commerce-Dart-Flutter/lib/login/login.dart [2ms]
2024-04-13 16:59:05.917 [info] > git cat-file -s a19f905ba04f79fca8bb35341a3d3875b7554918 [2ms]
2024-04-13 16:59:11.954 [info] > git show --textconv :lib/main.dart [8ms]
2024-04-13 16:59:11.955 [info] > git ls-files --stage -- /home/arch/Documents/e-Commerce-Dart-Flutter/lib/main.dart [1ms]
2024-04-13 16:59:11.963 [info] > git cat-file -s 3aaef156141e8b6793699dcc1d0673aa533c2d7a [1ms]
2024-04-13 16:59:13.121 [info] > git show --textconv :lib/login/register.dart [11ms]
2024-04-13 16:59:13.122 [info] > git ls-files --stage -- /home/arch/Documents/e-Commerce-Dart-Flutter/lib/login/register.dart [2ms]
2024-04-13 16:59:32.367 [info] > git config --get commit.template [17ms]
2024-04-13 16:59:32.368 [info] > git for-each-ref --format=%(refname)%00%(upstream:short)%00%(objectname)%00%(upstream:track)%00%(upstream:remotename)%00%(upstream:remoteref) refs/heads/UI_test refs/remotes/UI_test [3ms]
2024-04-13 16:59:32.400 [info] > git status -z -uall [11ms]
2024-04-13 17:00:44.867 [info] > git config --get commit.template [24ms]
2024-04-13 17:00:44.869 [info] > git for-each-ref --format=%(refname)%00%(upstream:short)%00%(objectname)%00%(upstream:track)%00%(upstream:remotename)%00%(upstream:remoteref) refs/heads/UI_test refs/remotes/UI_test [4ms]
2024-04-13 17:00:44.898 [info] > git status -z -uall [8ms]
2024-04-13 17:00:49.952 [info] > git config --get commit.template [25ms]
2024-04-13 17:00:49.956 [info] > git for-each-ref --format=%(refname)%00%(upstream:short)%00%(objectname)%00%(upstream:track)%00%(upstream:remotename)%00%(upstream:remoteref) refs/heads/UI_test refs/remotes/UI_test [5ms]
2024-04-13 17:00:49.981 [info] > git status -z -uall [6ms]
2024-04-13 17:00:58.394 [info] > git config --get commit.template [20ms]
2024-04-13 17:00:58.395 [info] > git for-each-ref --format=%(refname)%00%(upstream:short)%00%(objectname)%00%(upstream:track)%00%(upstream:remotename)%00%(upstream:remoteref) refs/heads/UI_test refs/remotes/UI_test [4ms]
2024-04-13 17:00:58.426 [info] > git status -z -uall [9ms]
2024-04-13 17:01:19.641 [info] > git config --get commit.template [6ms]
2024-04-13 17:01:19.641 [info] > git for-each-ref --format=%(refname)%00%(upstream:short)%00%(objectname)%00%(upstream:track)%00%(upstream:remotename)%00%(upstream:remoteref) refs/heads/UI_test refs/remotes/UI_test [1ms]
2024-04-13 17:01:19.648 [info] > git status -z -uall [2ms]
2024-04-13 17:01:42.619 [info] > git config --get commit.template [20ms]
2024-04-13 17:01:42.621 [info] > git for-each-ref --format=%(refname)%00%(upstream:short)%00%(objectname)%00%(upstream:track)%00%(upstream:remotename)%00%(upstream:remoteref) refs/heads/UI_test refs/remotes/UI_test [4ms]
2024-04-13 17:01:42.649 [info] > git status -z -uall [9ms]
2024-04-13 17:02:50.685 [info] > git config --get commit.template [21ms]
2024-04-13 17:02:50.688 [info] > git for-each-ref --format=%(refname)%00%(upstream:short)%00%(objectname)%00%(upstream:track)%00%(upstream:remotename)%00%(upstream:remoteref) refs/heads/UI_test refs/remotes/UI_test [5ms]
2024-04-13 17:02:50.707 [info] > git status -z -uall [5ms]
2024-04-13 17:03:02.279 [info] > git config --get commit.template [9ms]
2024-04-13 17:03:02.280 [info] > git for-each-ref --format=%(refname)%00%(upstream:short)%00%(objectname)%00%(upstream:track)%00%(upstream:remotename)%00%(upstream:remoteref) refs/heads/UI_test refs/remotes/UI_test [2ms]
2024-04-13 17:03:02.290 [info] > git status -z -uall [3ms]
2024-04-13 17:03:37.455 [info] > git config --get commit.template [1ms]
2024-04-13 17:03:37.467 [info] > git for-each-ref --format=%(refname)%00%(upstream:short)%00%(objectname)%00%(upstream:track)%00%(upstream:remotename)%00%(upstream:remoteref) refs/heads/UI_test refs/remotes/UI_test [1ms]
2024-04-13 17:03:37.479 [info] > git status -z -uall [0ms]
2024-04-13 17:03:48.158 [info] > git config --get commit.template [22ms]
2024-04-13 17:03:48.161 [info] > git for-each-ref --format=%(refname)%00%(upstream:short)%00%(objectname)%00%(upstream:track)%00%(upstream:remotename)%00%(upstream:remoteref) refs/heads/UI_test refs/remotes/UI_test [5ms]
2024-04-13 17:03:48.188 [info] > git status -z -uall [8ms]
2024-04-13 17:03:59.801 [info] > git config --get commit.template [0ms]
2024-04-13 17:03:59.810 [info] > git for-each-ref --format=%(refname)%00%(upstream:short)%00%(objectname)%00%(upstream:track)%00%(upstream:remotename)%00%(upstream:remoteref) refs/heads/UI_test refs/remotes/UI_test [1ms]
2024-04-13 17:03:59.818 [info] > git status -z -uall [2ms]
2024-04-13 17:03:59.898 [info] > git ls-files --stage -- /home/arch/Documents/e-Commerce-Dart-Flutter/lib/login/register.dart [1ms]
2024-04-13 17:03:59.908 [info] > git show --textconv :lib/login/register.dart [2ms]
2024-04-13 17:04:35.482 [info] > git show --textconv :lib/login/login.dart [13ms]
2024-04-13 17:04:35.484 [info] > git ls-files --stage -- /home/arch/Documents/e-Commerce-Dart-Flutter/lib/login/login.dart [2ms]
2024-04-13 17:04:35.497 [info] > git cat-file -s a19f905ba04f79fca8bb35341a3d3875b7554918 [4ms]
2024-04-13 17:04:36.318 [info] > git show --textconv :lib/login/register.dart [7ms]
2024-04-13 17:04:36.319 [info] > git ls-files --stage -- /home/arch/Documents/e-Commerce-Dart-Flutter/lib/login/register.dart [1ms]
2024-04-13 17:04:38.895 [info] > git show --textconv :lib/login/login.dart [12ms]
2024-04-13 17:04:38.896 [info] > git ls-files --stage -- /home/arch/Documents/e-Commerce-Dart-Flutter/lib/login/login.dart [2ms]
2024-04-13 17:04:38.910 [info] > git cat-file -s a19f905ba04f79fca8bb35341a3d3875b7554918 [2ms]
2024-04-13 17:04:39.718 [info] > git config --get commit.template [8ms]
2024-04-13 17:04:39.718 [info] > git for-each-ref --format=%(refname)%00%(upstream:short)%00%(objectname)%00%(upstream:track)%00%(upstream:remotename)%00%(upstream:remoteref) refs/heads/UI_test refs/remotes/UI_test [2ms]
2024-04-13 17:04:39.728 [info] > git status -z -uall [3ms]
2024-04-13 17:04:40.068 [info] > git show --textconv :lib/main.dart [10ms]
2024-04-13 17:04:40.069 [info] > git ls-files --stage -- /home/arch/Documents/e-Commerce-Dart-Flutter/lib/main.dart [1ms]
2024-04-13 17:04:40.079 [info] > git cat-file -s 3aaef156141e8b6793699dcc1d0673aa533c2d7a [2ms]
2024-04-13 17:04:48.760 [info] > git config --get commit.template [9ms]
2024-04-13 17:04:48.761 [info] > git for-each-ref --format=%(refname)%00%(upstream:short)%00%(objectname)%00%(upstream:track)%00%(upstream:remotename)%00%(upstream:remoteref) refs/heads/UI_test refs/remotes/UI_test [2ms]
2024-04-13 17:04:48.772 [info] > git status -z -uall [4ms]
2024-04-13 17:04:55.063 [info] > git config --get commit.template [19ms]
2024-04-13 17:04:55.065 [info] > git for-each-ref --format=%(refname)%00%(upstream:short)%00%(objectname)%00%(upstream:track)%00%(upstream:remotename)%00%(upstream:remoteref) refs/heads/UI_test refs/remotes/UI_test [4ms]
2024-04-13 17:04:55.090 [info] > git status -z -uall [8ms]
2024-04-13 17:04:55.139 [info] > git ls-files --stage -- /home/arch/Documents/e-Commerce-Dart-Flutter/lib/main.dart [2ms]
2024-04-13 17:04:55.148 [info] > git cat-file -s 3aaef156141e8b6793699dcc1d0673aa533c2d7a [2ms]
2024-04-13 17:04:55.158 [info] > git show --textconv :lib/main.dart [1ms]
2024-04-13 17:04:59.963 [info] > git check-ignore -v -z --stdin [2ms]
2024-04-13 17:05:00.055 [info] > git ls-files --stage -- /home/arch/Documents/e-Commerce-Dart-Flutter/lib/main.dart [2ms]
2024-04-13 17:05:00.067 [info] > git cat-file -s 07c1c884f06f92074d2c6aaad50a38fcec4d26f7 [1ms]
2024-04-13 17:05:00.089 [info] > git show --textconv :lib/main.dart [1ms]
2024-04-13 17:05:00.120 [info] > git for-each-ref --format=%(refname)%00%(upstream:short)%00%(objectname)%00%(upstream:track)%00%(upstream:remotename)%00%(upstream:remoteref) refs/heads/UI-login refs/remotes/UI-login [0ms]
2024-04-13 17:05:00.121 [info] > git config --get commit.template [13ms]
2024-04-13 17:05:00.135 [info] > git status -z -uall [5ms]
2024-04-13 17:05:05.162 [info] > git config --get commit.template [12ms]
2024-04-13 17:05:05.163 [info] > git for-each-ref --format=%(refname)%00%(upstream:short)%00%(objectname)%00%(upstream:track)%00%(upstream:remotename)%00%(upstream:remoteref) refs/heads/UI-login refs/remotes/UI-login [3ms]
2024-04-13 17:05:05.177 [info] > git status -z -uall [4ms]
2024-04-13 17:05:12.548 [info] > git show --textconv :lib/login/login.dart [20ms]
2024-04-13 17:05:12.552 [info] > git ls-files --stage -- /home/arch/Documents/e-Commerce-Dart-Flutter/lib/login/login.dart [6ms]
2024-04-13 17:05:12.576 [info] > git cat-file -s a19f905ba04f79fca8bb35341a3d3875b7554918 [5ms]
2024-04-13 17:05:19.012 [info] > git show --textconv :lib/login/register.dart [7ms]
2024-04-13 17:05:19.013 [info] > git ls-files --stage -- /home/arch/Documents/e-Commerce-Dart-Flutter/lib/login/register.dart [1ms]
2024-04-13 17:05:19.860 [info] > git config --get commit.template [24ms]
2024-04-13 17:05:19.862 [info] > git for-each-ref --format=%(refname)%00%(upstream:short)%00%(objectname)%00%(upstream:track)%00%(upstream:remotename)%00%(upstream:remoteref) refs/heads/UI-login refs/remotes/UI-login [4ms]
2024-04-13 17:05:19.890 [info] > git status -z -uall [8ms]
2024-04-13 17:05:22.571 [info] > git show --textconv :lib/main.dart [10ms]
2024-04-13 17:05:22.573 [info] > git ls-files --stage -- /home/arch/Documents/e-Commerce-Dart-Flutter/lib/main.dart [3ms]
2024-04-13 17:05:22.585 [info] > git cat-file -s 07c1c884f06f92074d2c6aaad50a38fcec4d26f7 [1ms]
2024-04-13 17:05:24.400 [info] > git show --textconv :lib/login/register.dart [8ms]
2024-04-13 17:05:24.401 [info] > git ls-files --stage -- /home/arch/Documents/e-Commerce-Dart-Flutter/lib/login/register.dart [1ms]
2024-04-13 17:05:24.918 [info] > git config --get commit.template [7ms]
2024-04-13 17:05:24.918 [info] > git for-each-ref --format=%(refname)%00%(upstream:short)%00%(objectname)%00%(upstream:track)%00%(upstream:remotename)%00%(upstream:remoteref) refs/heads/UI-login refs/remotes/UI-login [1ms]
2024-04-13 17:05:24.928 [info] > git status -z -uall [2ms]
2024-04-13 17:05:29.941 [info] > git config --get commit.template [6ms]
2024-04-13 17:05:29.942 [info] > git for-each-ref --format=%(refname)%00%(upstream:short)%00%(objectname)%00%(upstream:track)%00%(upstream:remotename)%00%(upstream:remoteref) refs/heads/UI-login refs/remotes/UI-login [1ms]
2024-04-13 17:05:29.955 [info] > git status -z -uall [8ms]
2024-04-13 17:05:29.956 [info] > git ls-files --stage -- /home/arch/Documents/e-Commerce-Dart-Flutter/lib/login/register.dart [2ms]
2024-04-13 17:05:29.965 [info] > git show --textconv :lib/login/register.dart [1ms]
2024-04-13 17:05:32.594 [info] > git ls-files --stage -- /home/arch/Documents/e-Commerce-Dart-Flutter/lib/login/register.dart [4ms]
2024-04-13 17:05:32.617 [info] > git cat-file -s a8d426cb03e77f93e012020d550ff3e31f6f0e58 [5ms]
2024-04-13 17:05:32.645 [info] > git show --textconv :lib/login/register.dart [5ms]
2024-04-13 17:05:34.985 [info] > git config --get commit.template [4ms]
2024-04-13 17:05:35.013 [info] > git for-each-ref --format=%(refname)%00%(upstream:short)%00%(objectname)%00%(upstream:track)%00%(upstream:remotename)%00%(upstream:remoteref) refs/heads/UI-login refs/remotes/UI-login [5ms]
2024-04-13 17:05:35.045 [info] > git status -z -uall [11ms]
2024-04-13 17:05:49.341 [info] > git config --get commit.template [13ms]
2024-04-13 17:05:49.343 [info] > git for-each-ref --format=%(refname)%00%(upstream:short)%00%(objectname)%00%(upstream:track)%00%(upstream:remotename)%00%(upstream:remoteref) refs/heads/UI-login refs/remotes/UI-login [3ms]
2024-04-13 17:05:49.362 [info] > git status -z -uall [6ms]
2024-04-13 17:05:49.424 [info] > git ls-files --stage -- /home/arch/Documents/e-Commerce-Dart-Flutter/lib/login/register.dart [2ms]
2024-04-13 17:05:49.432 [info] > git cat-file -s a8d426cb03e77f93e012020d550ff3e31f6f0e58 [2ms]
2024-04-13 17:05:49.441 [info] > git show --textconv :lib/login/register.dart [2ms]
2024-04-13 17:08:32.137 [info] > git for-each-ref --format=%(refname)%00%(upstream:short)%00%(objectname)%00%(upstream:track)%00%(upstream:remotename)%00%(upstream:remoteref) refs/heads/main refs/remotes/main [6ms]
2024-04-13 17:08:32.138 [info] > git config --get commit.template [27ms]
2024-04-13 17:08:32.169 [info] > git status -z -uall [9ms]
2024-04-13 17:08:32.249 [info] > git ls-files --stage -- /home/arch/Documents/e-Commerce-Dart-Flutter/lib/login/register.dart [1ms]
2024-04-13 17:08:32.259 [info] > git show --textconv :lib/login/register.dart [1ms]
2024-04-13 17:08:39.420 [info] > git config --get commit.template [6ms]
2024-04-13 17:08:39.420 [info] > git for-each-ref --format=%(refname)%00%(upstream:short)%00%(objectname)%00%(upstream:track)%00%(upstream:remotename)%00%(upstream:remoteref) refs/heads/main refs/remotes/main [1ms]
2024-04-13 17:08:39.427 [info] > git status -z -uall [2ms]
2024-04-13 17:08:39.532 [info] > git ls-files --stage -- /home/arch/Documents/e-Commerce-Dart-Flutter/lib/login/register.dart [4ms]
2024-04-13 17:08:39.551 [info] > git show --textconv :lib/login/register.dart [1ms]
2024-04-13 17:08:41.177 [info] > git check-ignore -v -z --stdin [2ms]
2024-04-13 17:08:41.592 [info] > git ls-files --stage -- /home/arch/Documents/e-Commerce-Dart-Flutter/lib/login/register.dart [4ms]
2024-04-13 17:08:41.622 [info] > git show --textconv :lib/login/register.dart [5ms]
2024-04-13 17:08:44.449 [info] > git config --get commit.template [11ms]
2024-04-13 17:08:44.450 [info] > git for-each-ref --format=%(refname)%00%(upstream:short)%00%(objectname)%00%(upstream:track)%00%(upstream:remotename)%00%(upstream:remoteref) refs/heads/main refs/remotes/main [2ms]
2024-04-13 17:08:44.462 [info] > git status -z -uall [4ms]
2024-04-13 17:08:46.805 [info] > git check-ignore -v -z --stdin [2ms]
2024-04-13 17:08:49.487 [info] > git config --get commit.template [9ms]
2024-04-13 17:08:49.488 [info] > git for-each-ref --format=%(refname)%00%(upstream:short)%00%(objectname)%00%(upstream:track)%00%(upstream:remotename)%00%(upstream:remoteref) refs/heads/main refs/remotes/main [2ms]
2024-04-13 17:08:49.500 [info] > git status -z -uall [4ms]
2024-04-13 17:08:51.487 [info] > git show --textconv :lib/main.dart [10ms]
2024-04-13 17:08:51.489 [info] > git ls-files --stage -- /home/arch/Documents/e-Commerce-Dart-Flutter/lib/main.dart [3ms]
2024-04-13 17:08:51.500 [info] > git cat-file -s d0132d02a0fa52effe566a6bc1e5b76a355c0bbc [2ms]
2024-04-13 17:08:53.346 [info] > git check-ignore -v -z --stdin [4ms]
2024-04-13 17:08:54.093 [info] > git check-ignore -v -z --stdin [4ms]
2024-04-13 17:08:54.456 [info] > git show --textconv :lib/View/home/home.dart [11ms]
2024-04-13 17:08:54.457 [info] > git ls-files --stage -- /home/arch/Documents/e-Commerce-Dart-Flutter/lib/View/home/home.dart [2ms]
2024-04-13 17:08:54.467 [info] > git cat-file -s 98cf8c2286acd7898f694efbeb52fa2ebb50f92a [2ms]
2024-04-13 17:08:59.491 [info] > git check-ignore -v -z --stdin [4ms]
2024-04-13 17:12:02.242 [info] > git for-each-ref --format=%(refname)%00%(upstream:short)%00%(objectname)%00%(upstream:track)%00%(upstream:remotename)%00%(upstream:remoteref) refs/heads/main refs/remotes/main [6ms]
2024-04-13 17:12:02.273 [info] > git status -z -uall [6ms]
2024-04-13 17:12:02.317 [info] > git ls-files --stage -- /home/arch/Documents/e-Commerce-Dart-Flutter/lib/View/home/home.dart [1ms]
2024-04-13 17:12:02.323 [info] > git cat-file -s 98cf8c2286acd7898f694efbeb52fa2ebb50f92a [1ms]
2024-04-13 17:12:02.330 [info] > git show --textconv :lib/View/home/home.dart [1ms]
2024-04-13 17:12:11.647 [info] > git check-ignore -v -z --stdin [1ms]
2024-04-13 17:13:33.910 [info] > git show -s --format=%H%n%aN%n%aE%n%at%n%ct%n%P%n%D%n%B -z HEAD [6ms]
2024-04-13 17:13:33.911 [info] > git show -s --format=%H%n%aN%n%aE%n%at%n%ct%n%P%n%D%n%B -z MERGE_HEAD [2ms]
2024-04-13 17:13:33.989 [info] > git show --textconv :1:lib/View/login/register.dart [34ms]
2024-04-13 17:13:33.989 [info] > git show --textconv 66cb2c6d6bb3ea22d3f89702eb06ef29556d2d9d:lib/View/login/register.dart [25ms]
2024-04-13 17:13:33.989 [info] > git show --textconv d947eb91efc1e2be77ed44b3959c01dfd2838fa5:lib/View/login/register.dart [19ms]
2024-04-13 17:13:33.990 [info] > git ls-tree -l 66cb2c6d6bb3ea22d3f89702eb06ef29556d2d9d -- /home/arch/Documents/e-Commerce-Dart-Flutter/lib/View/login/register.dart [7ms]
2024-04-13 17:13:33.990 [info] > git ls-tree -l :1 -- /home/arch/Documents/e-Commerce-Dart-Flutter/lib/View/login/register.dart [13ms]
2024-04-13 17:13:33.990 [info] fatal: Not a valid object name :1
2024-04-13 17:13:33.994 [info] > git ls-tree -l d947eb91efc1e2be77ed44b3959c01dfd2838fa5 -- /home/arch/Documents/e-Commerce-Dart-Flutter/lib/View/login/register.dart [5ms]
2024-04-13 17:14:21.087 [info] > git add -A -- /home/arch/Documents/e-Commerce-Dart-Flutter/lib/View/login/register.dart [2ms]
2024-04-13 17:14:21.097 [info] > git for-each-ref --format=%(refname)%00%(upstream:short)%00%(objectname)%00%(upstream:track)%00%(upstream:remotename)%00%(upstream:remoteref) refs/heads/main refs/remotes/main [2ms]
2024-04-13 17:14:21.104 [info] > git status -z -uall [2ms]
2024-04-13 17:14:21.203 [info] > git merge-base refs/heads/main refs/remotes/origin/main [3ms]
2024-04-13 17:14:21.226 [info] > git rev-list --count --left-right refs/heads/main...refs/remotes/origin/main [3ms]
2024-04-13 17:14:21.478 [info] > git show --textconv :lib/main.dart [8ms]
2024-04-13 17:14:21.479 [info] > git ls-files --stage -- /home/arch/Documents/e-Commerce-Dart-Flutter/lib/main.dart [2ms]
2024-04-13 17:14:21.487 [info] > git cat-file -s d0132d02a0fa52effe566a6bc1e5b76a355c0bbc [1ms]
2024-04-13 17:14:21.900 [info] > git check-ignore -v -z --stdin [3ms]
2024-04-13 17:14:22.278 [info] > git for-each-ref --format=%(refname)%00%(upstream:short)%00%(objectname)%00%(upstream:track)%00%(upstream:remotename)%00%(upstream:remoteref) refs/heads/main refs/remotes/main [5ms]
2024-04-13 17:14:22.308 [info] > git status -z -uall [8ms]
2024-04-13 17:14:22.373 [info] > git ls-files --stage -- /home/arch/Documents/e-Commerce-Dart-Flutter/lib/main.dart [2ms]
2024-04-13 17:14:22.386 [info] > git cat-file -s d0132d02a0fa52effe566a6bc1e5b76a355c0bbc [2ms]
2024-04-13 17:14:22.402 [info] > git show --textconv :lib/main.dart [3ms]
2024-04-13 17:14:27.344 [info] > git for-each-ref --format=%(refname)%00%(upstream:short)%00%(objectname)%00%(upstream:track)%00%(upstream:remotename)%00%(upstream:remoteref) refs/heads/main refs/remotes/main [4ms]
2024-04-13 17:14:27.374 [info] > git status -z -uall [10ms]
2024-04-13 17:14:31.080 [info] > git -c user.useConfigOnly=true commit --quiet --allow-empty-message --file - [16ms]
2024-04-13 17:14:31.104 [info] > git config --get commit.template [4ms]
2024-04-13 17:14:31.137 [info] > git config --get commit.template [15ms]
2024-04-13 17:14:31.138 [info] > git for-each-ref --format=%(refname)%00%(upstream:short)%00%(objectname)%00%(upstream:track)%00%(upstream:remotename)%00%(upstream:remoteref) refs/heads/main refs/remotes/main [2ms]
2024-04-13 17:14:31.153 [info] > git status -z -uall [3ms]
2024-04-13 17:14:31.236 [info] > git merge-base refs/heads/main refs/remotes/origin/main [4ms]
2024-04-13 17:14:31.249 [info] > git rev-list --count --left-right refs/heads/main...refs/remotes/origin/main [1ms]
2024-04-13 17:14:31.271 [info] > git config --get commit.template [3ms]
2024-04-13 17:14:31.301 [info] > git for-each-ref --format=%(refname)%00%(upstream:short)%00%(objectname)%00%(upstream:track)%00%(upstream:remotename)%00%(upstream:remoteref) refs/heads/main refs/remotes/main [4ms]
2024-04-13 17:14:31.316 [info] > git status -z -uall [3ms]
2024-04-13 17:14:32.332 [info] > git ls-files --stage -- /home/arch/Documents/e-Commerce-Dart-Flutter/lib/main.dart [3ms]
2024-04-13 17:14:32.355 [info] > git cat-file -s d0132d02a0fa52effe566a6bc1e5b76a355c0bbc [6ms]
2024-04-13 17:14:32.383 [info] > git show --textconv :lib/main.dart [4ms]
2024-04-13 17:14:33.354 [info] > git config --get commit.template [23ms]
2024-04-13 17:14:33.357 [info] > git for-each-ref --format=%(refname)%00%(upstream:short)%00%(objectname)%00%(upstream:track)%00%(upstream:remotename)%00%(upstream:remoteref) refs/heads/main refs/remotes/main [5ms]
2024-04-13 17:14:33.392 [info] > git status -z -uall [11ms]
2024-04-13 17:14:47.218 [info] > git add -A -- . [3ms]
2024-04-13 17:14:47.779 [info] > git show --textconv :.git/COMMIT_EDITMSG [31ms]
2024-04-13 17:14:47.784 [info] > git ls-files --stage -- /home/arch/Documents/e-Commerce-Dart-Flutter/.git/COMMIT_EDITMSG [6ms]
2024-04-13 17:14:48.057 [info] > git check-ignore -v -z --stdin [4ms]
2024-04-13 17:14:48.405 [info] > git ls-files --stage -- /home/arch/Documents/e-Commerce-Dart-Flutter/.git/COMMIT_EDITMSG [1ms]
2024-04-13 17:14:48.416 [info] > git show --textconv :.git/COMMIT_EDITMSG [1ms]
2024-04-13 17:15:35.861 [info] > git check-ignore -v -z --stdin [3ms]
2024-04-13 17:16:32.074 [info] > git ls-files --stage -- /home/arch/Documents/e-Commerce-Dart-Flutter/.git/COMMIT_EDITMSG [1ms]
2024-04-13 17:16:32.086 [info] > git show --textconv :.git/COMMIT_EDITMSG [1ms]
2024-04-13 17:16:53.811 [info] > git ls-files --stage -- /home/arch/Documents/e-Commerce-Dart-Flutter/.git/COMMIT_EDITMSG [2ms]
2024-04-13 17:16:53.821 [info] > git show --textconv :.git/COMMIT_EDITMSG [2ms]
2024-04-13 17:17:00.852 [info] > git ls-files --stage -- /home/arch/Documents/e-Commerce-Dart-Flutter/.git/COMMIT_EDITMSG [3ms]
2024-04-13 17:17:00.875 [info] > git show --textconv :.git/COMMIT_EDITMSG [3ms]
