2023-10-17T23:26:37.378Z 0: 

----------------------------------------------
2023-10-17T23:26:37.391Z 1: Discord starting: {"releaseChannel":"stable","version":"0.0.32"}, modulepath: /home/arch/.config/discord/0.0.32/modules
2023-10-17T23:26:37.396Z 2: ✅ webContents.created web1 ""
2023-10-17T23:26:37.398Z 3: ✅ window.created win1 "discord"
2023-10-17T23:26:38.349Z 4: ✅ webContents.did-finish-load web1
2023-10-17T23:26:47.480Z 5: ✅ webContents.created web2 ""
2023-10-17T23:26:47.487Z 6: ✅ window.created win2 "Discord"
2023-10-17T23:26:50.996Z 7: ✅ webContents.did-finish-load web2
2023-10-17T23:26:51.096Z 8: window.close win1
2023-10-17T23:26:51.103Z 9: webContents.destroyed web1
2023-10-17T23:26:51.106Z 10: window.closed win1
2023-10-17T23:27:01.226Z 11: window.close win2
2023-10-17T23:29:50.366Z 12: window.close win2
2023-10-17T23:29:52.976Z 13: window.close win2
2023-10-17T23:33:43.309Z 14: window.close win2
2023-10-18T04:56:57.177Z 0: 

----------------------------------------------
2023-10-18T04:56:57.198Z 1: Discord starting: {"releaseChannel":"stable","version":"0.0.32"}, modulepath: /home/arch/.config/discord/0.0.32/modules
2023-10-18T04:56:57.202Z 2: ✅ webContents.created web1 ""
2023-10-18T04:56:57.206Z 3: ✅ window.created win1 "discord"
2023-10-18T04:56:58.198Z 4: ✅ webContents.did-finish-load web1
2023-10-18T04:56:58.634Z 5: ✅ webContents.created web2 ""
2023-10-18T04:56:58.645Z 6: ✅ window.created win2 "Discord"
2023-10-18T04:57:02.266Z 7: ✅ webContents.did-finish-load web2
2023-10-18T04:57:02.365Z 8: window.close win1
2023-10-18T04:57:02.372Z 9: webContents.destroyed web1
2023-10-18T04:57:02.375Z 10: window.closed win1
2023-10-18T05:03:54.502Z 11: window.close win2
2023-10-18T05:04:21.194Z 12: window.close win2
2023-10-18T05:11:44.988Z 13: window.close win2
2023-10-18T16:04:39.258Z 0: 

----------------------------------------------
2023-10-18T16:04:39.278Z 1: Discord starting: {"releaseChannel":"stable","version":"0.0.32"}, modulepath: /home/arch/.config/discord/0.0.32/modules
2023-10-18T16:04:39.281Z 2: ✅ webContents.created web1 ""
2023-10-18T16:04:39.285Z 3: ✅ window.created win1 "discord"
2023-10-18T16:04:40.274Z 4: ✅ webContents.did-finish-load web1
2023-10-18T16:04:40.689Z 5: ✅ webContents.created web2 ""
2023-10-18T16:04:40.721Z 6: ✅ window.created win2 "Discord"
2023-10-18T16:04:46.375Z 7: ✅ webContents.did-finish-load web2
2023-10-18T16:04:46.474Z 8: window.close win1
2023-10-18T16:04:46.479Z 9: webContents.destroyed web1
2023-10-18T16:04:46.483Z 10: window.closed win1
