2024-04-14 17:22:13.205 [info] Experiment 'pythonRecommendTensorboardExt' is active
2024-04-14 17:22:13.205 [info] Experiment 'pythonREPLSmartSend' is active
2024-04-14 17:22:13.206 [info] Experiment 'pythonSurveyNotificationcf' is active
2024-04-14 17:22:13.206 [info] Experiment 'pythonTerminalEnvVarActivation' is active
2024-04-14 17:22:13.206 [info] Experiment 'pythonTestAdapter' is active
2024-04-14 17:22:13.278 [info] Default formatter is set to null for workspace /home/arch/mineracao
2024-04-14 17:22:13.925 [info] Test server listening.
2024-04-14 17:22:13.935 [info] > conda info --json
2024-04-14 17:22:13.946 [info] > hatch env show --json
2024-04-14 17:22:13.946 [info] cwd: .
2024-04-14 17:22:13.954 [info] > pyenv which python
2024-04-14 17:22:13.954 [info] cwd: .
2024-04-14 17:22:13.990 [info] > pyenv which python
2024-04-14 17:22:13.990 [info] cwd: .
2024-04-14 17:22:14.011 [info] Found: /bin/python --> /bin/python3.11
2024-04-14 17:22:14.034 [info] Found: /bin/python3 --> /bin/python3.11
2024-04-14 17:22:14.036 [info] Found: /bin/python3.11 --> /bin/python3.11
2024-04-14 17:22:14.068 [info] Found: /sbin/python --> /sbin/python3.11
2024-04-14 17:22:14.068 [info] Found: /sbin/python3 --> /sbin/python3.11
2024-04-14 17:22:14.068 [info] Found: /sbin/python3.11 --> /sbin/python3.11
2024-04-14 17:22:14.077 [info] Found: /usr/bin/python --> /usr/bin/python3.11
2024-04-14 17:22:14.077 [info] Found: /usr/bin/python3 --> /usr/bin/python3.11
2024-04-14 17:22:14.077 [info] Found: /usr/bin/python3.11 --> /usr/bin/python3.11
2024-04-14 17:22:14.110 [info] Found: /usr/sbin/python --> /usr/sbin/python3.11
2024-04-14 17:22:14.111 [info] Found: /usr/sbin/python3 --> /usr/sbin/python3.11
2024-04-14 17:22:14.111 [info] Found: /usr/sbin/python3.11 --> /usr/sbin/python3.11
2024-04-14 17:22:14.142 [info] > /bin/python -I ~/.vscode/extensions/ms-python.python-2024.4.1/python_files/get_output_via_markers.py ~/.vscode/extensions/ms-python.python-2024.4.1/python_files/interpreterInfo.py
2024-04-14 17:22:14.201 [info] > /sbin/python -I ~/.vscode/extensions/ms-python.python-2024.4.1/python_files/get_output_via_markers.py ~/.vscode/extensions/ms-python.python-2024.4.1/python_files/interpreterInfo.py
2024-04-14 17:22:14.348 [info] > /usr/bin/python -I ~/.vscode/extensions/ms-python.python-2024.4.1/python_files/get_output_via_markers.py ~/.vscode/extensions/ms-python.python-2024.4.1/python_files/interpreterInfo.py
2024-04-14 17:22:14.571 [info] > /usr/sbin/python -I ~/.vscode/extensions/ms-python.python-2024.4.1/python_files/get_output_via_markers.py ~/.vscode/extensions/ms-python.python-2024.4.1/python_files/interpreterInfo.py
2024-04-14 17:22:14.828 [info] Python interpreter path: /bin/python
2024-04-14 17:22:15.848 [warning] Shell integration may not be active, environment activated may be overridden by the shell.
2024-04-14 17:22:16.563 [info] Starting Pylance language server.
