2024-04-13 17:17:13.803 [info] Extension host with pid 567741 started
2024-04-13 17:17:13.803 [info] Skipping acquiring lock for /home/arch/.config/Code/User/workspaceStorage/809725cf7f4e58c8af4d87cf39fa6cae.
2024-04-13 17:17:14.067 [info] ExtensionService#_doActivateExtension vscode.emmet, startup: false, activationEvent: 'onLanguage'
2024-04-13 17:17:14.075 [info] ExtensionService#_doActivateExtension vscode.git-base, startup: false, activationEvent: 'onLanguage:git-commit'
2024-04-13 17:17:14.329 [info] ExtensionService#_doActivateExtension vscode.git, startup: true, activationEvent: '*'
2024-04-13 17:17:14.355 [info] ExtensionService#_doActivateExtension vscode.github, startup: true, activationEvent: '*'
2024-04-13 17:17:14.366 [info] ExtensionService#_doActivateExtension Dart-Code.dart-code, startup: true, activationEvent: 'workspaceContains:pubspec.yaml'
2024-04-13 17:17:14.647 [info] ExtensionService#_doActivateExtension redhat.java, startup: true, activationEvent: 'workspaceContains:*/pom.xml,*/build.gradle,*/settings.gradle,*/build.gradle.kts,*/settings.gradle.kts,*/.classpath', root cause: vscjava.vscode-java-test
2024-04-13 17:17:14.725 [info] ExtensionService#_doActivateExtension vscjava.vscode-java-debug, startup: true, activationEvent: 'workspaceContains:*/pom.xml,*/build.gradle,*/settings.gradle,*/build.gradle.kts,*/settings.gradle.kts,*/.classpath', root cause: vscjava.vscode-java-test
2024-04-13 17:17:14.771 [info] ExtensionService#_doActivateExtension vscjava.vscode-java-pack, startup: true, activationEvent: 'workspaceContains:*/pom.xml,*/build.gradle,*/settings.gradle,*/build.gradle.kts,*/settings.gradle.kts,*/.classpath'
2024-04-13 17:17:14.849 [info] ExtensionService#_doActivateExtension vscjava.vscode-java-dependency, startup: true, activationEvent: 'workspaceContains:*/pom.xml,*/build.gradle,*/settings.gradle,*/build.gradle.kts,*/settings.gradle.kts,*/.classpath'
2024-04-13 17:17:15.435 [info] ExtensionService#_doActivateExtension vscode.github-authentication, startup: false, activationEvent: 'onAuthenticationRequest:github'
2024-04-13 17:17:15.602 [info] ExtensionService#_doActivateExtension Dart-Code.flutter, startup: false, activationEvent: 'api', root cause: Dart-Code.dart-code
2024-04-13 17:17:16.327 [warning] [redhat.java] Accessing a resource scoped configuration without providing a resource is not expected. To get the effective value for '[java]', provide the URI of a resource or 'null' for any resource.
2024-04-13 17:17:16.525 [info] ExtensionService#_doActivateExtension vscjava.vscode-java-test, startup: true, activationEvent: 'workspaceContains:*/pom.xml,*/build.gradle,*/settings.gradle,*/build.gradle.kts,*/settings.gradle.kts,*/.classpath'
2024-04-13 17:17:17.092 [warning] [redhat.java] Accessing a resource scoped configuration without providing a resource is not expected. To get the effective value for '[java]', provide the URI of a resource or 'null' for any resource.
2024-04-13 17:17:24.204 [info] ExtensionService#_doActivateExtension vscode.debug-auto-launch, startup: false, activationEvent: 'onStartupFinished'
2024-04-13 17:17:24.217 [info] ExtensionService#_doActivateExtension vscode.merge-conflict, startup: false, activationEvent: 'onStartupFinished'
2024-04-13 17:17:24.239 [info] ExtensionService#_doActivateExtension dbaeumer.vscode-eslint, startup: false, activationEvent: 'onStartupFinished'
2024-04-13 17:17:54.935 [info] Eager extensions activated
