2024-04-14 17:16:37.874 [info] Log level: Info
2024-04-14 17:16:37.874 [info] Validating found git in: "git"
2024-04-14 17:16:37.874 [info] Using git "2.44.0" from "git"
2024-04-14 17:17:15.064 [info] Log level: Info
2024-04-14 17:17:15.064 [info] Validating found git in: "git"
2024-04-14 17:17:15.064 [info] Using git "2.44.0" from "git"
2024-04-14 17:17:15.064 [info] > git rev-parse --show-toplevel [4ms]
2024-04-14 17:17:15.064 [info] fatal: not a git repository (or any parent up to mount point /)
Stopping at filesystem boundary (GIT_DISCOVERY_ACROSS_FILESYSTEM not set).
2024-04-14 17:17:26.618 [info] > git rev-parse --show-toplevel [1ms]
2024-04-14 17:17:26.618 [info] fatal: not a git repository (or any parent up to mount point /)
Stopping at filesystem boundary (GIT_DISCOVERY_ACROSS_FILESYSTEM not set).
2024-04-14 17:17:27.126 [info] > git rev-parse --show-toplevel [2ms]
2024-04-14 17:17:27.126 [info] fatal: not a git repository (or any parent up to mount point /)
Stopping at filesystem boundary (GIT_DISCOVERY_ACROSS_FILESYSTEM not set).
2024-04-14 17:17:37.241 [info] > git rev-parse --show-toplevel [1ms]
2024-04-14 17:17:37.241 [info] fatal: not a git repository (or any parent up to mount point /)
Stopping at filesystem boundary (GIT_DISCOVERY_ACROSS_FILESYSTEM not set).
2024-04-14 17:22:11.934 [info] > git rev-parse --show-toplevel [2ms]
2024-04-14 17:22:11.934 [info] fatal: not a git repository (or any parent up to mount point /)
Stopping at filesystem boundary (GIT_DISCOVERY_ACROSS_FILESYSTEM not set).
2024-04-14 17:22:12.085 [info] > git rev-parse --show-toplevel [21ms]
2024-04-14 17:22:12.085 [info] fatal: not a git repository (or any parent up to mount point /)
Stopping at filesystem boundary (GIT_DISCOVERY_ACROSS_FILESYSTEM not set).
2024-04-14 17:32:51.253 [info] > git rev-parse --show-toplevel [14ms]
2024-04-14 17:32:51.253 [info] fatal: not a git repository (or any parent up to mount point /)
Stopping at filesystem boundary (GIT_DISCOVERY_ACROSS_FILESYSTEM not set).
