2024-04-12 05:55:38.229 [info] Started local extension host with pid 479276.
2024-04-12 05:55:40.979 [info] [perf] Render performance baseline is 48ms
2024-04-12 05:55:46.450 [info] Started local extension host with pid 481178.
2024-04-12 05:55:49.132 [info] [perf] Render performance baseline is 36ms
2024-04-12 05:55:50.472 [error] Cannot read properties of undefined (reading 'accessToken'): TypeError: Cannot read properties of undefined (reading 'accessToken')
    at g.f (vscode-file://vscode-app/opt/visual-studio-code/resources/app/out/vs/workbench/workbench.desktop.main.js:1678:21613)
    at l.value (vscode-file://vscode-app/opt/visual-studio-code/resources/app/out/vs/workbench/workbench.desktop.main.js:1678:21434)
2024-04-12 05:55:50.819 [error] ENOENT: no such file or directory, open '/home/arch/.config/Code/User/workspaceStorage/809725cf7f4e58c8af4d87cf39fa6cae/redhat.java/jdt_ws/.metadata/.log': Error: ENOENT: no such file or directory, open '/home/arch/.config/Code/User/workspaceStorage/809725cf7f4e58c8af4d87cf39fa6cae/redhat.java/jdt_ws/.metadata/.log'
2024-04-12 05:59:25.255 [error] Invalid debug adapter: Error: Invalid debug adapter
    at h.p (vscode-file://vscode-app/opt/visual-studio-code/resources/app/out/vs/workbench/workbench.desktop.main.js:1877:95)
    at h.$acceptDAExit (vscode-file://vscode-app/opt/visual-studio-code/resources/app/out/vs/workbench/workbench.desktop.main.js:1877:35)
    at g.S (vscode-file://vscode-app/opt/visual-studio-code/resources/app/out/vs/workbench/workbench.desktop.main.js:1609:13967)
    at g.Q (vscode-file://vscode-app/opt/visual-studio-code/resources/app/out/vs/workbench/workbench.desktop.main.js:1609:13733)
    at g.M (vscode-file://vscode-app/opt/visual-studio-code/resources/app/out/vs/workbench/workbench.desktop.main.js:1609:12826)
    at g.L (vscode-file://vscode-app/opt/visual-studio-code/resources/app/out/vs/workbench/workbench.desktop.main.js:1609:12044)
    at l.value (vscode-file://vscode-app/opt/visual-studio-code/resources/app/out/vs/workbench/workbench.desktop.main.js:1609:10692)
    at o.y (vscode-file://vscode-app/opt/visual-studio-code/resources/app/out/vs/workbench/workbench.desktop.main.js:87:1902)
    at o.fire (vscode-file://vscode-app/opt/visual-studio-code/resources/app/out/vs/workbench/workbench.desktop.main.js:87:2119)
    at r.fire (vscode-file://vscode-app/opt/visual-studio-code/resources/app/out/vs/workbench/workbench.desktop.main.js:624:14439)
    at V.onmessage (vscode-file://vscode-app/opt/visual-studio-code/resources/app/out/vs/workbench/workbench.desktop.main.js:1632:7759)
2024-04-12 05:59:25.256 [error] Invalid debug adapter: Error: Invalid debug adapter
    at h.p (vscode-file://vscode-app/opt/visual-studio-code/resources/app/out/vs/workbench/workbench.desktop.main.js:1877:95)
    at h.$acceptDAError (vscode-file://vscode-app/opt/visual-studio-code/resources/app/out/vs/workbench/workbench.desktop.main.js:1876:15492)
    at g.S (vscode-file://vscode-app/opt/visual-studio-code/resources/app/out/vs/workbench/workbench.desktop.main.js:1609:13967)
    at g.Q (vscode-file://vscode-app/opt/visual-studio-code/resources/app/out/vs/workbench/workbench.desktop.main.js:1609:13733)
    at g.M (vscode-file://vscode-app/opt/visual-studio-code/resources/app/out/vs/workbench/workbench.desktop.main.js:1609:12826)
    at g.L (vscode-file://vscode-app/opt/visual-studio-code/resources/app/out/vs/workbench/workbench.desktop.main.js:1609:11905)
    at l.value (vscode-file://vscode-app/opt/visual-studio-code/resources/app/out/vs/workbench/workbench.desktop.main.js:1609:10692)
    at o.y (vscode-file://vscode-app/opt/visual-studio-code/resources/app/out/vs/workbench/workbench.desktop.main.js:87:1902)
    at o.fire (vscode-file://vscode-app/opt/visual-studio-code/resources/app/out/vs/workbench/workbench.desktop.main.js:87:2119)
    at r.fire (vscode-file://vscode-app/opt/visual-studio-code/resources/app/out/vs/workbench/workbench.desktop.main.js:624:14439)
    at V.onmessage (vscode-file://vscode-app/opt/visual-studio-code/resources/app/out/vs/workbench/workbench.desktop.main.js:1632:7759)
2024-04-12 06:01:25.704 [error] Invalid debug adapter: Error: Invalid debug adapter
    at h.p (vscode-file://vscode-app/opt/visual-studio-code/resources/app/out/vs/workbench/workbench.desktop.main.js:1877:95)
    at h.$acceptDAExit (vscode-file://vscode-app/opt/visual-studio-code/resources/app/out/vs/workbench/workbench.desktop.main.js:1877:35)
    at g.S (vscode-file://vscode-app/opt/visual-studio-code/resources/app/out/vs/workbench/workbench.desktop.main.js:1609:13967)
    at g.Q (vscode-file://vscode-app/opt/visual-studio-code/resources/app/out/vs/workbench/workbench.desktop.main.js:1609:13733)
    at g.M (vscode-file://vscode-app/opt/visual-studio-code/resources/app/out/vs/workbench/workbench.desktop.main.js:1609:12826)
    at g.L (vscode-file://vscode-app/opt/visual-studio-code/resources/app/out/vs/workbench/workbench.desktop.main.js:1609:12044)
    at l.value (vscode-file://vscode-app/opt/visual-studio-code/resources/app/out/vs/workbench/workbench.desktop.main.js:1609:10692)
    at o.y (vscode-file://vscode-app/opt/visual-studio-code/resources/app/out/vs/workbench/workbench.desktop.main.js:87:1902)
    at o.fire (vscode-file://vscode-app/opt/visual-studio-code/resources/app/out/vs/workbench/workbench.desktop.main.js:87:2119)
    at r.fire (vscode-file://vscode-app/opt/visual-studio-code/resources/app/out/vs/workbench/workbench.desktop.main.js:624:14439)
    at V.onmessage (vscode-file://vscode-app/opt/visual-studio-code/resources/app/out/vs/workbench/workbench.desktop.main.js:1632:7759)
2024-04-12 06:01:25.705 [error] Invalid debug adapter: Error: Invalid debug adapter
    at h.p (vscode-file://vscode-app/opt/visual-studio-code/resources/app/out/vs/workbench/workbench.desktop.main.js:1877:95)
    at h.$acceptDAError (vscode-file://vscode-app/opt/visual-studio-code/resources/app/out/vs/workbench/workbench.desktop.main.js:1876:15492)
    at g.S (vscode-file://vscode-app/opt/visual-studio-code/resources/app/out/vs/workbench/workbench.desktop.main.js:1609:13967)
    at g.Q (vscode-file://vscode-app/opt/visual-studio-code/resources/app/out/vs/workbench/workbench.desktop.main.js:1609:13733)
    at g.M (vscode-file://vscode-app/opt/visual-studio-code/resources/app/out/vs/workbench/workbench.desktop.main.js:1609:12826)
    at g.L (vscode-file://vscode-app/opt/visual-studio-code/resources/app/out/vs/workbench/workbench.desktop.main.js:1609:11905)
    at l.value (vscode-file://vscode-app/opt/visual-studio-code/resources/app/out/vs/workbench/workbench.desktop.main.js:1609:10692)
    at o.y (vscode-file://vscode-app/opt/visual-studio-code/resources/app/out/vs/workbench/workbench.desktop.main.js:87:1902)
    at o.fire (vscode-file://vscode-app/opt/visual-studio-code/resources/app/out/vs/workbench/workbench.desktop.main.js:87:2119)
    at r.fire (vscode-file://vscode-app/opt/visual-studio-code/resources/app/out/vs/workbench/workbench.desktop.main.js:624:14439)
    at V.onmessage (vscode-file://vscode-app/opt/visual-studio-code/resources/app/out/vs/workbench/workbench.desktop.main.js:1632:7759)
2024-04-12 06:04:11.286 [error] Invalid debug adapter: Error: Invalid debug adapter
    at h.p (vscode-file://vscode-app/opt/visual-studio-code/resources/app/out/vs/workbench/workbench.desktop.main.js:1877:95)
    at h.$acceptDAExit (vscode-file://vscode-app/opt/visual-studio-code/resources/app/out/vs/workbench/workbench.desktop.main.js:1877:35)
    at g.S (vscode-file://vscode-app/opt/visual-studio-code/resources/app/out/vs/workbench/workbench.desktop.main.js:1609:13967)
    at g.Q (vscode-file://vscode-app/opt/visual-studio-code/resources/app/out/vs/workbench/workbench.desktop.main.js:1609:13733)
    at g.M (vscode-file://vscode-app/opt/visual-studio-code/resources/app/out/vs/workbench/workbench.desktop.main.js:1609:12826)
    at g.L (vscode-file://vscode-app/opt/visual-studio-code/resources/app/out/vs/workbench/workbench.desktop.main.js:1609:12044)
    at l.value (vscode-file://vscode-app/opt/visual-studio-code/resources/app/out/vs/workbench/workbench.desktop.main.js:1609:10692)
    at o.y (vscode-file://vscode-app/opt/visual-studio-code/resources/app/out/vs/workbench/workbench.desktop.main.js:87:1902)
    at o.fire (vscode-file://vscode-app/opt/visual-studio-code/resources/app/out/vs/workbench/workbench.desktop.main.js:87:2119)
    at r.fire (vscode-file://vscode-app/opt/visual-studio-code/resources/app/out/vs/workbench/workbench.desktop.main.js:624:14439)
    at V.onmessage (vscode-file://vscode-app/opt/visual-studio-code/resources/app/out/vs/workbench/workbench.desktop.main.js:1632:7759)
2024-04-12 06:04:11.292 [error] Invalid debug adapter: Error: Invalid debug adapter
    at h.p (vscode-file://vscode-app/opt/visual-studio-code/resources/app/out/vs/workbench/workbench.desktop.main.js:1877:95)
    at h.$acceptDAError (vscode-file://vscode-app/opt/visual-studio-code/resources/app/out/vs/workbench/workbench.desktop.main.js:1876:15492)
    at g.S (vscode-file://vscode-app/opt/visual-studio-code/resources/app/out/vs/workbench/workbench.desktop.main.js:1609:13967)
    at g.Q (vscode-file://vscode-app/opt/visual-studio-code/resources/app/out/vs/workbench/workbench.desktop.main.js:1609:13733)
    at g.M (vscode-file://vscode-app/opt/visual-studio-code/resources/app/out/vs/workbench/workbench.desktop.main.js:1609:12826)
    at g.L (vscode-file://vscode-app/opt/visual-studio-code/resources/app/out/vs/workbench/workbench.desktop.main.js:1609:11905)
    at l.value (vscode-file://vscode-app/opt/visual-studio-code/resources/app/out/vs/workbench/workbench.desktop.main.js:1609:10692)
    at o.y (vscode-file://vscode-app/opt/visual-studio-code/resources/app/out/vs/workbench/workbench.desktop.main.js:87:1902)
    at o.fire (vscode-file://vscode-app/opt/visual-studio-code/resources/app/out/vs/workbench/workbench.desktop.main.js:87:2119)
    at r.fire (vscode-file://vscode-app/opt/visual-studio-code/resources/app/out/vs/workbench/workbench.desktop.main.js:624:14439)
    at V.onmessage (vscode-file://vscode-app/opt/visual-studio-code/resources/app/out/vs/workbench/workbench.desktop.main.js:1632:7759)
2024-04-12 06:13:50.121 [warning] Semantic token with invalid length detected at lineNumber 45, column 1
