2024-04-12 05:55:38.036 [info] Added views:workbench.panel.markers.view in workbench.panel.markers
2024-04-12 05:55:38.036 [info] Added views:workbench.panel.output in workbench.panel.output
2024-04-12 05:55:38.036 [info] Added views:terminal in terminal
2024-04-12 05:55:38.036 [info] Added views:outline in workbench.view.explorer
2024-04-12 05:55:38.036 [info] Added views:workbench.scm in workbench.view.scm
2024-04-12 05:55:38.036 [info] Added views:workbench.view.search in workbench.view.search
2024-04-12 05:55:38.036 [info] Added views:timeline in workbench.view.explorer
2024-04-12 05:55:38.036 [info] Added views:workbench.explorer.emptyView in workbench.view.explorer
2024-04-12 05:55:38.272 [info] Added views:workbench.debug.welcome in workbench.view.debug
2024-04-12 05:55:38.403 [info] Added views:mavenProjects in workbench.view.explorer
2024-04-12 05:55:38.726 [info] Added views:workbench.panel.repl.view in workbench.panel.repl
2024-04-12 05:55:39.073 [info] Added views:~remote.forwardedPorts in ~remote.forwardedPortsContainer
2024-04-12 05:55:46.357 [info] Added views:workbench.panel.markers.view in workbench.panel.markers
2024-04-12 05:55:46.357 [info] Added views:workbench.panel.output in workbench.panel.output
2024-04-12 05:55:46.358 [info] Added views:terminal in terminal
2024-04-12 05:55:46.358 [info] Added views:outline in workbench.view.explorer
2024-04-12 05:55:46.358 [info] Added views:workbench.scm in workbench.view.scm
2024-04-12 05:55:46.358 [info] Added views:workbench.view.search in workbench.view.search
2024-04-12 05:55:46.358 [info] Added views:timeline in workbench.view.explorer
2024-04-12 05:55:46.358 [info] Added views:workbench.explorer.fileView in workbench.view.explorer
2024-04-12 05:55:46.705 [info] Added views:workbench.debug.variablesView,workbench.debug.watchExpressionsView,workbench.debug.callStackView,workbench.debug.breakPointsView in workbench.view.debug
2024-04-12 05:55:46.845 [info] Added views:workbench.panel.repl.view in workbench.panel.repl
2024-04-12 05:55:46.846 [info] Removed views:workbench.debug.breakPointsView,workbench.debug.callStackView,workbench.debug.watchExpressionsView,workbench.debug.variablesView from workbench.view.debug
2024-04-12 05:55:46.846 [info] Added views:workbench.debug.welcome in workbench.view.debug
2024-04-12 05:55:46.857 [info] Added views:~remote.forwardedPorts in ~remote.forwardedPortsContainer
2024-04-12 05:55:49.785 [info] Added views:javaProjectExplorer in workbench.view.explorer
2024-04-12 05:55:50.611 [info] Added views:workbench.view.testing in workbench.view.extension.test
2024-04-12 05:55:50.647 [info] Added views:dartDependencyTree in workbench.view.explorer
2024-04-12 05:55:50.656 [info] Added views:dartFlutterSidebar,dartFlutterOutline in workbench.view.extension.flutter
2024-04-12 05:58:50.670 [info] Added views:workbench.debug.breakPointsView in workbench.view.debug
2024-04-12 05:58:51.644 [info] Removed views:workbench.debug.welcome from workbench.view.debug
2024-04-12 05:58:51.646 [info] Added views:workbench.debug.variablesView,workbench.debug.watchExpressionsView,workbench.debug.callStackView in workbench.view.debug
2024-04-12 05:59:25.034 [info] Removed views:workbench.debug.callStackView,workbench.debug.watchExpressionsView,workbench.debug.variablesView from workbench.view.debug
2024-04-12 05:59:25.035 [info] Added views:workbench.debug.welcome in workbench.view.debug
2024-04-12 05:59:47.045 [info] Removed views:workbench.debug.welcome from workbench.view.debug
2024-04-12 05:59:47.047 [info] Added views:workbench.debug.variablesView,workbench.debug.watchExpressionsView,workbench.debug.callStackView in workbench.view.debug
2024-04-12 06:01:25.543 [info] Removed views:workbench.debug.callStackView,workbench.debug.watchExpressionsView,workbench.debug.variablesView from workbench.view.debug
2024-04-12 06:01:25.547 [info] Added views:workbench.debug.welcome in workbench.view.debug
2024-04-12 06:03:05.111 [info] Removed views:workbench.debug.welcome from workbench.view.debug
2024-04-12 06:03:05.114 [info] Added views:workbench.debug.variablesView,workbench.debug.watchExpressionsView,workbench.debug.callStackView in workbench.view.debug
2024-04-12 06:04:11.113 [info] Removed views:workbench.debug.callStackView,workbench.debug.watchExpressionsView,workbench.debug.variablesView from workbench.view.debug
2024-04-12 06:04:11.114 [info] Added views:workbench.debug.welcome in workbench.view.debug
2024-04-12 06:04:14.674 [info] Removed views:workbench.debug.welcome from workbench.view.debug
2024-04-12 06:04:14.675 [info] Added views:workbench.debug.variablesView,workbench.debug.watchExpressionsView,workbench.debug.callStackView in workbench.view.debug
