2023-10-17T23:26:37.358Z [Modules] Modules initializing
2023-10-17T23:26:37.358Z [Modules] Distribution: remote
2023-10-17T23:26:37.358Z [Modules] Host updates: enabled
2023-10-17T23:26:37.358Z [Modules] Module updates: enabled
2023-10-17T23:26:37.358Z [Modules] Module install path: /home/arch/.config/discord/0.0.32/modules
2023-10-17T23:26:37.358Z [Modules] Module installed file path: /home/arch/.config/discord/0.0.32/modules/installed.json
2023-10-17T23:26:37.359Z [Modules] Module download path: /home/arch/.config/discord/0.0.32/modules/pending
2023-10-17T23:26:38.280Z [Modules] Bootstrapping...
2023-10-17T23:26:38.281Z [Modules] Installing discord_desktop_core@0 from /opt/discord/resources/bootstrap/discord_desktop_core.zip
2023-10-17T23:26:38.285Z [Modules] Failed installing discord_desktop_core@0: Error: ENOENT: no such file or directory, open '/opt/discord/resources/bootstrap/discord_desktop_core.zip'
2023-10-17T23:26:38.286Z [Modules] Installing discord_erlpack@0 from /opt/discord/resources/bootstrap/discord_erlpack.zip
2023-10-17T23:26:38.287Z [Modules] Failed installing discord_erlpack@0: Error: ENOENT: no such file or directory, open '/opt/discord/resources/bootstrap/discord_erlpack.zip'
2023-10-17T23:26:38.287Z [Modules] Installing discord_spellcheck@0 from /opt/discord/resources/bootstrap/discord_spellcheck.zip
2023-10-17T23:26:38.289Z [Modules] Failed installing discord_spellcheck@0: Error: ENOENT: no such file or directory, open '/opt/discord/resources/bootstrap/discord_spellcheck.zip'
2023-10-17T23:26:38.289Z [Modules] Installing discord_utils@0 from /opt/discord/resources/bootstrap/discord_utils.zip
2023-10-17T23:26:38.290Z [Modules] Failed installing discord_utils@0: Error: ENOENT: no such file or directory, open '/opt/discord/resources/bootstrap/discord_utils.zip'
2023-10-17T23:26:38.291Z [Modules] Installing discord_voice@0 from /opt/discord/resources/bootstrap/discord_voice.zip
2023-10-17T23:26:38.291Z [Modules] Failed installing discord_voice@0: Error: ENOENT: no such file or directory, open '/opt/discord/resources/bootstrap/discord_voice.zip'
2023-10-17T23:26:38.291Z [Modules] Finished module installations. [success: 0] [failure: 5]
2023-10-17T23:26:38.292Z [Modules] Checking for host updates.
2023-10-17T23:26:38.595Z [Modules] Host is up to date.
2023-10-17T23:26:38.596Z [Modules] Checking for module updates at https://discord.com/api/modules/stable/versions.json
2023-10-17T23:26:38.688Z [Modules] Module update available: discord_desktop_core@1 [installed: 0]
2023-10-17T23:26:38.689Z [Modules] Module update available: discord_erlpack@1 [installed: 0]
2023-10-17T23:26:38.689Z [Modules] Module update available: discord_spellcheck@1 [installed: 0]
2023-10-17T23:26:38.689Z [Modules] Module update available: discord_utils@1 [installed: 0]
2023-10-17T23:26:38.690Z [Modules] Module update available: discord_voice@1 [installed: 0]
2023-10-17T23:26:38.692Z [Modules] Fetching discord_desktop_core@1 from https://discord.com/api/modules/stable/discord_desktop_core/1
2023-10-17T23:26:38.693Z [Modules] Streaming discord_desktop_core@1 to /home/arch/.config/discord/0.0.32/modules/pending/discord_desktop_core-1.zip
2023-10-17T23:26:39.081Z [Modules] Streaming discord_desktop_core@1 to /home/arch/.config/discord/0.0.32/modules/pending/discord_desktop_core-1.zip: 2%
2023-10-17T23:26:39.123Z [Modules] Streaming discord_desktop_core@1 to /home/arch/.config/discord/0.0.32/modules/pending/discord_desktop_core-1.zip: 3%
2023-10-17T23:26:39.168Z [Modules] Streaming discord_desktop_core@1 to /home/arch/.config/discord/0.0.32/modules/pending/discord_desktop_core-1.zip: 4%
2023-10-17T23:26:39.170Z [Modules] Streaming discord_desktop_core@1 to /home/arch/.config/discord/0.0.32/modules/pending/discord_desktop_core-1.zip: 5%
2023-10-17T23:26:39.207Z [Modules] Streaming discord_desktop_core@1 to /home/arch/.config/discord/0.0.32/modules/pending/discord_desktop_core-1.zip: 8%
2023-10-17T23:26:39.214Z [Modules] Streaming discord_desktop_core@1 to /home/arch/.config/discord/0.0.32/modules/pending/discord_desktop_core-1.zip: 11%
2023-10-17T23:26:39.261Z [Modules] Streaming discord_desktop_core@1 to /home/arch/.config/discord/0.0.32/modules/pending/discord_desktop_core-1.zip: 14%
2023-10-17T23:26:39.267Z [Modules] Streaming discord_desktop_core@1 to /home/arch/.config/discord/0.0.32/modules/pending/discord_desktop_core-1.zip: 17%
2023-10-17T23:26:39.271Z [Modules] Streaming discord_desktop_core@1 to /home/arch/.config/discord/0.0.32/modules/pending/discord_desktop_core-1.zip: 22%
2023-10-17T23:26:39.359Z [Modules] Streaming discord_desktop_core@1 to /home/arch/.config/discord/0.0.32/modules/pending/discord_desktop_core-1.zip: 25%
2023-10-17T23:26:39.362Z [Modules] Streaming discord_desktop_core@1 to /home/arch/.config/discord/0.0.32/modules/pending/discord_desktop_core-1.zip: 29%
2023-10-17T23:26:39.366Z [Modules] Streaming discord_desktop_core@1 to /home/arch/.config/discord/0.0.32/modules/pending/discord_desktop_core-1.zip: 30%
2023-10-17T23:26:39.414Z [Modules] Streaming discord_desktop_core@1 to /home/arch/.config/discord/0.0.32/modules/pending/discord_desktop_core-1.zip: 33%
2023-10-17T23:26:39.417Z [Modules] Streaming discord_desktop_core@1 to /home/arch/.config/discord/0.0.32/modules/pending/discord_desktop_core-1.zip: 36%
2023-10-17T23:26:39.437Z [Modules] Streaming discord_desktop_core@1 to /home/arch/.config/discord/0.0.32/modules/pending/discord_desktop_core-1.zip: 39%
2023-10-17T23:26:39.440Z [Modules] Streaming discord_desktop_core@1 to /home/arch/.config/discord/0.0.32/modules/pending/discord_desktop_core-1.zip: 40%
2023-10-17T23:26:39.445Z [Modules] Streaming discord_desktop_core@1 to /home/arch/.config/discord/0.0.32/modules/pending/discord_desktop_core-1.zip: 43%
2023-10-17T23:26:39.448Z [Modules] Streaming discord_desktop_core@1 to /home/arch/.config/discord/0.0.32/modules/pending/discord_desktop_core-1.zip: 45%
2023-10-17T23:26:39.450Z [Modules] Streaming discord_desktop_core@1 to /home/arch/.config/discord/0.0.32/modules/pending/discord_desktop_core-1.zip: 48%
2023-10-17T23:26:39.452Z [Modules] Streaming discord_desktop_core@1 to /home/arch/.config/discord/0.0.32/modules/pending/discord_desktop_core-1.zip: 51%
2023-10-17T23:26:39.454Z [Modules] Streaming discord_desktop_core@1 to /home/arch/.config/discord/0.0.32/modules/pending/discord_desktop_core-1.zip: 63%
2023-10-17T23:26:39.456Z [Modules] Streaming discord_desktop_core@1 to /home/arch/.config/discord/0.0.32/modules/pending/discord_desktop_core-1.zip: 74%
2023-10-17T23:26:39.539Z [Modules] Streaming discord_desktop_core@1 to /home/arch/.config/discord/0.0.32/modules/pending/discord_desktop_core-1.zip: 77%
2023-10-17T23:26:39.542Z [Modules] Streaming discord_desktop_core@1 to /home/arch/.config/discord/0.0.32/modules/pending/discord_desktop_core-1.zip: 80%
2023-10-17T23:26:39.546Z [Modules] Streaming discord_desktop_core@1 to /home/arch/.config/discord/0.0.32/modules/pending/discord_desktop_core-1.zip: 92%
2023-10-17T23:26:39.550Z [Modules] Streaming discord_desktop_core@1 to /home/arch/.config/discord/0.0.32/modules/pending/discord_desktop_core-1.zip: 95%
2023-10-17T23:26:39.553Z [Modules] Streaming discord_desktop_core@1 to /home/arch/.config/discord/0.0.32/modules/pending/discord_desktop_core-1.zip: 100%
2023-10-17T23:26:39.558Z [Modules] Fetching discord_erlpack@1 from https://discord.com/api/modules/stable/discord_erlpack/1
2023-10-17T23:26:39.559Z [Modules] Streaming discord_erlpack@1 to /home/arch/.config/discord/0.0.32/modules/pending/discord_erlpack-1.zip
2023-10-17T23:26:39.873Z [Modules] Streaming discord_erlpack@1 to /home/arch/.config/discord/0.0.32/modules/pending/discord_erlpack-1.zip: 3%
2023-10-17T23:26:39.876Z [Modules] Streaming discord_erlpack@1 to /home/arch/.config/discord/0.0.32/modules/pending/discord_erlpack-1.zip: 4%
2023-10-17T23:26:39.888Z [Modules] Streaming discord_erlpack@1 to /home/arch/.config/discord/0.0.32/modules/pending/discord_erlpack-1.zip: 15%
2023-10-17T23:26:39.894Z [Modules] Streaming discord_erlpack@1 to /home/arch/.config/discord/0.0.32/modules/pending/discord_erlpack-1.zip: 16%
2023-10-17T23:26:39.896Z [Modules] Streaming discord_erlpack@1 to /home/arch/.config/discord/0.0.32/modules/pending/discord_erlpack-1.zip: 17%
2023-10-17T23:26:39.899Z [Modules] Streaming discord_erlpack@1 to /home/arch/.config/discord/0.0.32/modules/pending/discord_erlpack-1.zip: 19%
2023-10-17T23:26:39.953Z [Modules] Streaming discord_erlpack@1 to /home/arch/.config/discord/0.0.32/modules/pending/discord_erlpack-1.zip: 23%
2023-10-17T23:26:39.954Z [Modules] Streaming discord_erlpack@1 to /home/arch/.config/discord/0.0.32/modules/pending/discord_erlpack-1.zip: 29%
2023-10-17T23:26:39.955Z [Modules] Streaming discord_erlpack@1 to /home/arch/.config/discord/0.0.32/modules/pending/discord_erlpack-1.zip: 30%
2023-10-17T23:26:39.997Z [Modules] Streaming discord_erlpack@1 to /home/arch/.config/discord/0.0.32/modules/pending/discord_erlpack-1.zip: 34%
2023-10-17T23:26:40.000Z [Modules] Streaming discord_erlpack@1 to /home/arch/.config/discord/0.0.32/modules/pending/discord_erlpack-1.zip: 41%
2023-10-17T23:26:40.011Z [Modules] Streaming discord_erlpack@1 to /home/arch/.config/discord/0.0.32/modules/pending/discord_erlpack-1.zip: 44%
2023-10-17T23:26:40.015Z [Modules] Streaming discord_erlpack@1 to /home/arch/.config/discord/0.0.32/modules/pending/discord_erlpack-1.zip: 53%
2023-10-17T23:26:40.020Z [Modules] Streaming discord_erlpack@1 to /home/arch/.config/discord/0.0.32/modules/pending/discord_erlpack-1.zip: 59%
2023-10-17T23:26:40.026Z [Modules] Streaming discord_erlpack@1 to /home/arch/.config/discord/0.0.32/modules/pending/discord_erlpack-1.zip: 71%
2023-10-17T23:26:40.032Z [Modules] Streaming discord_erlpack@1 to /home/arch/.config/discord/0.0.32/modules/pending/discord_erlpack-1.zip: 92%
2023-10-17T23:26:40.036Z [Modules] Streaming discord_erlpack@1 to /home/arch/.config/discord/0.0.32/modules/pending/discord_erlpack-1.zip: 98%
2023-10-17T23:26:40.040Z [Modules] Streaming discord_erlpack@1 to /home/arch/.config/discord/0.0.32/modules/pending/discord_erlpack-1.zip: 100%
2023-10-17T23:26:40.045Z [Modules] Fetching discord_spellcheck@1 from https://discord.com/api/modules/stable/discord_spellcheck/1
2023-10-17T23:26:40.045Z [Modules] Streaming discord_spellcheck@1 to /home/arch/.config/discord/0.0.32/modules/pending/discord_spellcheck-1.zip
2023-10-17T23:26:40.320Z [Modules] Streaming discord_spellcheck@1 to /home/arch/.config/discord/0.0.32/modules/pending/discord_spellcheck-1.zip: 1%
2023-10-17T23:26:40.329Z [Modules] Streaming discord_spellcheck@1 to /home/arch/.config/discord/0.0.32/modules/pending/discord_spellcheck-1.zip: 2%
2023-10-17T23:26:40.500Z [Modules] Streaming discord_spellcheck@1 to /home/arch/.config/discord/0.0.32/modules/pending/discord_spellcheck-1.zip: 3%
2023-10-17T23:26:40.602Z [Modules] Streaming discord_spellcheck@1 to /home/arch/.config/discord/0.0.32/modules/pending/discord_spellcheck-1.zip: 4%
2023-10-17T23:26:40.610Z [Modules] Streaming discord_spellcheck@1 to /home/arch/.config/discord/0.0.32/modules/pending/discord_spellcheck-1.zip: 5%
2023-10-17T23:26:40.616Z [Modules] Streaming discord_spellcheck@1 to /home/arch/.config/discord/0.0.32/modules/pending/discord_spellcheck-1.zip: 7%
2023-10-17T23:26:40.620Z [Modules] Streaming discord_spellcheck@1 to /home/arch/.config/discord/0.0.32/modules/pending/discord_spellcheck-1.zip: 8%
2023-10-17T23:26:40.622Z [Modules] Streaming discord_spellcheck@1 to /home/arch/.config/discord/0.0.32/modules/pending/discord_spellcheck-1.zip: 10%
2023-10-17T23:26:40.624Z [Modules] Streaming discord_spellcheck@1 to /home/arch/.config/discord/0.0.32/modules/pending/discord_spellcheck-1.zip: 12%
2023-10-17T23:26:40.627Z [Modules] Streaming discord_spellcheck@1 to /home/arch/.config/discord/0.0.32/modules/pending/discord_spellcheck-1.zip: 15%
2023-10-17T23:26:40.629Z [Modules] Streaming discord_spellcheck@1 to /home/arch/.config/discord/0.0.32/modules/pending/discord_spellcheck-1.zip: 17%
2023-10-17T23:26:40.631Z [Modules] Streaming discord_spellcheck@1 to /home/arch/.config/discord/0.0.32/modules/pending/discord_spellcheck-1.zip: 20%
2023-10-17T23:26:40.632Z [Modules] Streaming discord_spellcheck@1 to /home/arch/.config/discord/0.0.32/modules/pending/discord_spellcheck-1.zip: 22%
2023-10-17T23:26:40.640Z [Modules] Streaming discord_spellcheck@1 to /home/arch/.config/discord/0.0.32/modules/pending/discord_spellcheck-1.zip: 23%
2023-10-17T23:26:40.641Z [Modules] Streaming discord_spellcheck@1 to /home/arch/.config/discord/0.0.32/modules/pending/discord_spellcheck-1.zip: 25%
2023-10-17T23:26:40.641Z [Modules] Streaming discord_spellcheck@1 to /home/arch/.config/discord/0.0.32/modules/pending/discord_spellcheck-1.zip: 26%
2023-10-17T23:26:40.643Z [Modules] Streaming discord_spellcheck@1 to /home/arch/.config/discord/0.0.32/modules/pending/discord_spellcheck-1.zip: 30%
2023-10-17T23:26:40.745Z [Modules] Streaming discord_spellcheck@1 to /home/arch/.config/discord/0.0.32/modules/pending/discord_spellcheck-1.zip: 31%
2023-10-17T23:26:40.749Z [Modules] Streaming discord_spellcheck@1 to /home/arch/.config/discord/0.0.32/modules/pending/discord_spellcheck-1.zip: 33%
2023-10-17T23:26:40.752Z [Modules] Streaming discord_spellcheck@1 to /home/arch/.config/discord/0.0.32/modules/pending/discord_spellcheck-1.zip: 34%
2023-10-17T23:26:40.782Z [Modules] Streaming discord_spellcheck@1 to /home/arch/.config/discord/0.0.32/modules/pending/discord_spellcheck-1.zip: 35%
2023-10-17T23:26:40.786Z [Modules] Streaming discord_spellcheck@1 to /home/arch/.config/discord/0.0.32/modules/pending/discord_spellcheck-1.zip: 37%
2023-10-17T23:26:40.904Z [Modules] Streaming discord_spellcheck@1 to /home/arch/.config/discord/0.0.32/modules/pending/discord_spellcheck-1.zip: 38%
2023-10-17T23:26:40.907Z [Modules] Streaming discord_spellcheck@1 to /home/arch/.config/discord/0.0.32/modules/pending/discord_spellcheck-1.zip: 40%
2023-10-17T23:26:40.955Z [Modules] Streaming discord_spellcheck@1 to /home/arch/.config/discord/0.0.32/modules/pending/discord_spellcheck-1.zip: 41%
2023-10-17T23:26:40.959Z [Modules] Streaming discord_spellcheck@1 to /home/arch/.config/discord/0.0.32/modules/pending/discord_spellcheck-1.zip: 42%
2023-10-17T23:26:40.963Z [Modules] Streaming discord_spellcheck@1 to /home/arch/.config/discord/0.0.32/modules/pending/discord_spellcheck-1.zip: 44%
2023-10-17T23:26:40.967Z [Modules] Streaming discord_spellcheck@1 to /home/arch/.config/discord/0.0.32/modules/pending/discord_spellcheck-1.zip: 45%
2023-10-17T23:26:40.970Z [Modules] Streaming discord_spellcheck@1 to /home/arch/.config/discord/0.0.32/modules/pending/discord_spellcheck-1.zip: 47%
2023-10-17T23:26:40.973Z [Modules] Streaming discord_spellcheck@1 to /home/arch/.config/discord/0.0.32/modules/pending/discord_spellcheck-1.zip: 50%
2023-10-17T23:26:40.976Z [Modules] Streaming discord_spellcheck@1 to /home/arch/.config/discord/0.0.32/modules/pending/discord_spellcheck-1.zip: 53%
2023-10-17T23:26:40.979Z [Modules] Streaming discord_spellcheck@1 to /home/arch/.config/discord/0.0.32/modules/pending/discord_spellcheck-1.zip: 55%
2023-10-17T23:26:40.983Z [Modules] Streaming discord_spellcheck@1 to /home/arch/.config/discord/0.0.32/modules/pending/discord_spellcheck-1.zip: 58%
2023-10-17T23:26:40.987Z [Modules] Streaming discord_spellcheck@1 to /home/arch/.config/discord/0.0.32/modules/pending/discord_spellcheck-1.zip: 60%
2023-10-17T23:26:41.004Z [Modules] Streaming discord_spellcheck@1 to /home/arch/.config/discord/0.0.32/modules/pending/discord_spellcheck-1.zip: 61%
2023-10-17T23:26:41.060Z [Modules] Streaming discord_spellcheck@1 to /home/arch/.config/discord/0.0.32/modules/pending/discord_spellcheck-1.zip: 62%
2023-10-17T23:26:41.073Z [Modules] Streaming discord_spellcheck@1 to /home/arch/.config/discord/0.0.32/modules/pending/discord_spellcheck-1.zip: 63%
2023-10-17T23:26:41.081Z [Modules] Streaming discord_spellcheck@1 to /home/arch/.config/discord/0.0.32/modules/pending/discord_spellcheck-1.zip: 64%
2023-10-17T23:26:41.205Z [Modules] Streaming discord_spellcheck@1 to /home/arch/.config/discord/0.0.32/modules/pending/discord_spellcheck-1.zip: 65%
2023-10-17T23:26:41.210Z [Modules] Streaming discord_spellcheck@1 to /home/arch/.config/discord/0.0.32/modules/pending/discord_spellcheck-1.zip: 66%
2023-10-17T23:26:41.214Z [Modules] Streaming discord_spellcheck@1 to /home/arch/.config/discord/0.0.32/modules/pending/discord_spellcheck-1.zip: 67%
2023-10-17T23:26:41.220Z [Modules] Streaming discord_spellcheck@1 to /home/arch/.config/discord/0.0.32/modules/pending/discord_spellcheck-1.zip: 68%
2023-10-17T23:26:41.221Z [Modules] Streaming discord_spellcheck@1 to /home/arch/.config/discord/0.0.32/modules/pending/discord_spellcheck-1.zip: 69%
2023-10-17T23:26:41.232Z [Modules] Streaming discord_spellcheck@1 to /home/arch/.config/discord/0.0.32/modules/pending/discord_spellcheck-1.zip: 70%
2023-10-17T23:26:41.325Z [Modules] Streaming discord_spellcheck@1 to /home/arch/.config/discord/0.0.32/modules/pending/discord_spellcheck-1.zip: 71%
2023-10-17T23:26:41.328Z [Modules] Streaming discord_spellcheck@1 to /home/arch/.config/discord/0.0.32/modules/pending/discord_spellcheck-1.zip: 72%
2023-10-17T23:26:41.332Z [Modules] Streaming discord_spellcheck@1 to /home/arch/.config/discord/0.0.32/modules/pending/discord_spellcheck-1.zip: 73%
2023-10-17T23:26:41.336Z [Modules] Streaming discord_spellcheck@1 to /home/arch/.config/discord/0.0.32/modules/pending/discord_spellcheck-1.zip: 74%
2023-10-17T23:26:41.338Z [Modules] Streaming discord_spellcheck@1 to /home/arch/.config/discord/0.0.32/modules/pending/discord_spellcheck-1.zip: 76%
2023-10-17T23:26:41.342Z [Modules] Streaming discord_spellcheck@1 to /home/arch/.config/discord/0.0.32/modules/pending/discord_spellcheck-1.zip: 78%
2023-10-17T23:26:41.345Z [Modules] Streaming discord_spellcheck@1 to /home/arch/.config/discord/0.0.32/modules/pending/discord_spellcheck-1.zip: 81%
2023-10-17T23:26:41.349Z [Modules] Streaming discord_spellcheck@1 to /home/arch/.config/discord/0.0.32/modules/pending/discord_spellcheck-1.zip: 82%
2023-10-17T23:26:41.352Z [Modules] Streaming discord_spellcheck@1 to /home/arch/.config/discord/0.0.32/modules/pending/discord_spellcheck-1.zip: 86%
2023-10-17T23:26:41.355Z [Modules] Streaming discord_spellcheck@1 to /home/arch/.config/discord/0.0.32/modules/pending/discord_spellcheck-1.zip: 87%
2023-10-17T23:26:41.358Z [Modules] Streaming discord_spellcheck@1 to /home/arch/.config/discord/0.0.32/modules/pending/discord_spellcheck-1.zip: 88%
2023-10-17T23:26:41.412Z [Modules] Streaming discord_spellcheck@1 to /home/arch/.config/discord/0.0.32/modules/pending/discord_spellcheck-1.zip: 89%
2023-10-17T23:26:41.415Z [Modules] Streaming discord_spellcheck@1 to /home/arch/.config/discord/0.0.32/modules/pending/discord_spellcheck-1.zip: 90%
2023-10-17T23:26:41.418Z [Modules] Streaming discord_spellcheck@1 to /home/arch/.config/discord/0.0.32/modules/pending/discord_spellcheck-1.zip: 92%
2023-10-17T23:26:41.421Z [Modules] Streaming discord_spellcheck@1 to /home/arch/.config/discord/0.0.32/modules/pending/discord_spellcheck-1.zip: 93%
2023-10-17T23:26:41.431Z [Modules] Streaming discord_spellcheck@1 to /home/arch/.config/discord/0.0.32/modules/pending/discord_spellcheck-1.zip: 94%
2023-10-17T23:26:41.481Z [Modules] Streaming discord_spellcheck@1 to /home/arch/.config/discord/0.0.32/modules/pending/discord_spellcheck-1.zip: 95%
2023-10-17T23:26:41.488Z [Modules] Streaming discord_spellcheck@1 to /home/arch/.config/discord/0.0.32/modules/pending/discord_spellcheck-1.zip: 96%
2023-10-17T23:26:41.493Z [Modules] Streaming discord_spellcheck@1 to /home/arch/.config/discord/0.0.32/modules/pending/discord_spellcheck-1.zip: 97%
2023-10-17T23:26:41.500Z [Modules] Streaming discord_spellcheck@1 to /home/arch/.config/discord/0.0.32/modules/pending/discord_spellcheck-1.zip: 98%
2023-10-17T23:26:41.504Z [Modules] Streaming discord_spellcheck@1 to /home/arch/.config/discord/0.0.32/modules/pending/discord_spellcheck-1.zip: 99%
2023-10-17T23:26:41.508Z [Modules] Streaming discord_spellcheck@1 to /home/arch/.config/discord/0.0.32/modules/pending/discord_spellcheck-1.zip: 100%
2023-10-17T23:26:41.514Z [Modules] Fetching discord_utils@1 from https://discord.com/api/modules/stable/discord_utils/1
2023-10-17T23:26:41.515Z [Modules] Streaming discord_utils@1 to /home/arch/.config/discord/0.0.32/modules/pending/discord_utils-1.zip
2023-10-17T23:26:41.915Z [Modules] Streaming discord_utils@1 to /home/arch/.config/discord/0.0.32/modules/pending/discord_utils-1.zip: 2%
2023-10-17T23:26:41.918Z [Modules] Streaming discord_utils@1 to /home/arch/.config/discord/0.0.32/modules/pending/discord_utils-1.zip: 4%
2023-10-17T23:26:41.922Z [Modules] Streaming discord_utils@1 to /home/arch/.config/discord/0.0.32/modules/pending/discord_utils-1.zip: 11%
2023-10-17T23:26:41.925Z [Modules] Streaming discord_utils@1 to /home/arch/.config/discord/0.0.32/modules/pending/discord_utils-1.zip: 17%
2023-10-17T23:26:41.930Z [Modules] Streaming discord_utils@1 to /home/arch/.config/discord/0.0.32/modules/pending/discord_utils-1.zip: 18%
2023-10-17T23:26:41.933Z [Modules] Streaming discord_utils@1 to /home/arch/.config/discord/0.0.32/modules/pending/discord_utils-1.zip: 21%
2023-10-17T23:26:41.936Z [Modules] Streaming discord_utils@1 to /home/arch/.config/discord/0.0.32/modules/pending/discord_utils-1.zip: 24%
2023-10-17T23:26:41.938Z [Modules] Streaming discord_utils@1 to /home/arch/.config/discord/0.0.32/modules/pending/discord_utils-1.zip: 30%
2023-10-17T23:26:41.939Z [Modules] Streaming discord_utils@1 to /home/arch/.config/discord/0.0.32/modules/pending/discord_utils-1.zip: 32%
2023-10-17T23:26:41.983Z [Modules] Streaming discord_utils@1 to /home/arch/.config/discord/0.0.32/modules/pending/discord_utils-1.zip: 34%
2023-10-17T23:26:41.984Z [Modules] Streaming discord_utils@1 to /home/arch/.config/discord/0.0.32/modules/pending/discord_utils-1.zip: 36%
2023-10-17T23:26:41.985Z [Modules] Streaming discord_utils@1 to /home/arch/.config/discord/0.0.32/modules/pending/discord_utils-1.zip: 37%
2023-10-17T23:26:42.006Z [Modules] Streaming discord_utils@1 to /home/arch/.config/discord/0.0.32/modules/pending/discord_utils-1.zip: 38%
2023-10-17T23:26:42.009Z [Modules] Streaming discord_utils@1 to /home/arch/.config/discord/0.0.32/modules/pending/discord_utils-1.zip: 40%
2023-10-17T23:26:42.010Z [Modules] Streaming discord_utils@1 to /home/arch/.config/discord/0.0.32/modules/pending/discord_utils-1.zip: 42%
2023-10-17T23:26:42.012Z [Modules] Streaming discord_utils@1 to /home/arch/.config/discord/0.0.32/modules/pending/discord_utils-1.zip: 49%
2023-10-17T23:26:42.014Z [Modules] Streaming discord_utils@1 to /home/arch/.config/discord/0.0.32/modules/pending/discord_utils-1.zip: 53%
2023-10-17T23:26:42.018Z [Modules] Streaming discord_utils@1 to /home/arch/.config/discord/0.0.32/modules/pending/discord_utils-1.zip: 54%
2023-10-17T23:26:42.023Z [Modules] Streaming discord_utils@1 to /home/arch/.config/discord/0.0.32/modules/pending/discord_utils-1.zip: 55%
2023-10-17T23:26:42.025Z [Modules] Streaming discord_utils@1 to /home/arch/.config/discord/0.0.32/modules/pending/discord_utils-1.zip: 57%
2023-10-17T23:26:42.034Z [Modules] Streaming discord_utils@1 to /home/arch/.config/discord/0.0.32/modules/pending/discord_utils-1.zip: 58%
2023-10-17T23:26:42.037Z [Modules] Streaming discord_utils@1 to /home/arch/.config/discord/0.0.32/modules/pending/discord_utils-1.zip: 59%
2023-10-17T23:26:42.085Z [Modules] Streaming discord_utils@1 to /home/arch/.config/discord/0.0.32/modules/pending/discord_utils-1.zip: 60%
2023-10-17T23:26:42.088Z [Modules] Streaming discord_utils@1 to /home/arch/.config/discord/0.0.32/modules/pending/discord_utils-1.zip: 63%
2023-10-17T23:26:42.090Z [Modules] Streaming discord_utils@1 to /home/arch/.config/discord/0.0.32/modules/pending/discord_utils-1.zip: 65%
2023-10-17T23:26:42.112Z [Modules] Streaming discord_utils@1 to /home/arch/.config/discord/0.0.32/modules/pending/discord_utils-1.zip: 67%
2023-10-17T23:26:42.114Z [Modules] Streaming discord_utils@1 to /home/arch/.config/discord/0.0.32/modules/pending/discord_utils-1.zip: 69%
2023-10-17T23:26:42.116Z [Modules] Streaming discord_utils@1 to /home/arch/.config/discord/0.0.32/modules/pending/discord_utils-1.zip: 71%
2023-10-17T23:26:42.117Z [Modules] Streaming discord_utils@1 to /home/arch/.config/discord/0.0.32/modules/pending/discord_utils-1.zip: 77%
2023-10-17T23:26:42.151Z [Modules] Streaming discord_utils@1 to /home/arch/.config/discord/0.0.32/modules/pending/discord_utils-1.zip: 78%
2023-10-17T23:26:42.154Z [Modules] Streaming discord_utils@1 to /home/arch/.config/discord/0.0.32/modules/pending/discord_utils-1.zip: 80%
2023-10-17T23:26:42.157Z [Modules] Streaming discord_utils@1 to /home/arch/.config/discord/0.0.32/modules/pending/discord_utils-1.zip: 82%
2023-10-17T23:26:42.157Z [Modules] Streaming discord_utils@1 to /home/arch/.config/discord/0.0.32/modules/pending/discord_utils-1.zip: 84%
2023-10-17T23:26:42.158Z [Modules] Streaming discord_utils@1 to /home/arch/.config/discord/0.0.32/modules/pending/discord_utils-1.zip: 89%
2023-10-17T23:26:42.193Z [Modules] Streaming discord_utils@1 to /home/arch/.config/discord/0.0.32/modules/pending/discord_utils-1.zip: 91%
2023-10-17T23:26:42.194Z [Modules] Streaming discord_utils@1 to /home/arch/.config/discord/0.0.32/modules/pending/discord_utils-1.zip: 92%
2023-10-17T23:26:42.199Z [Modules] Streaming discord_utils@1 to /home/arch/.config/discord/0.0.32/modules/pending/discord_utils-1.zip: 94%
2023-10-17T23:26:42.200Z [Modules] Streaming discord_utils@1 to /home/arch/.config/discord/0.0.32/modules/pending/discord_utils-1.zip: 96%
2023-10-17T23:26:42.201Z [Modules] Streaming discord_utils@1 to /home/arch/.config/discord/0.0.32/modules/pending/discord_utils-1.zip: 100%
2023-10-17T23:26:42.202Z [Modules] Fetching discord_voice@1 from https://discord.com/api/modules/stable/discord_voice/1
2023-10-17T23:26:42.202Z [Modules] Streaming discord_voice@1 to /home/arch/.config/discord/0.0.32/modules/pending/discord_voice-1.zip
2023-10-17T23:26:42.591Z [Modules] Streaming discord_voice@1 to /home/arch/.config/discord/0.0.32/modules/pending/discord_voice-1.zip: 1%
2023-10-17T23:26:42.610Z [Modules] Streaming discord_voice@1 to /home/arch/.config/discord/0.0.32/modules/pending/discord_voice-1.zip: 2%
2023-10-17T23:26:42.628Z [Modules] Streaming discord_voice@1 to /home/arch/.config/discord/0.0.32/modules/pending/discord_voice-1.zip: 3%
2023-10-17T23:26:42.702Z [Modules] Streaming discord_voice@1 to /home/arch/.config/discord/0.0.32/modules/pending/discord_voice-1.zip: 4%
2023-10-17T23:26:42.706Z [Modules] Streaming discord_voice@1 to /home/arch/.config/discord/0.0.32/modules/pending/discord_voice-1.zip: 5%
2023-10-17T23:26:42.711Z [Modules] Streaming discord_voice@1 to /home/arch/.config/discord/0.0.32/modules/pending/discord_voice-1.zip: 6%
2023-10-17T23:26:42.719Z [Modules] Streaming discord_voice@1 to /home/arch/.config/discord/0.0.32/modules/pending/discord_voice-1.zip: 7%
2023-10-17T23:26:42.741Z [Modules] Streaming discord_voice@1 to /home/arch/.config/discord/0.0.32/modules/pending/discord_voice-1.zip: 8%
2023-10-17T23:26:42.744Z [Modules] Streaming discord_voice@1 to /home/arch/.config/discord/0.0.32/modules/pending/discord_voice-1.zip: 9%
2023-10-17T23:26:42.768Z [Modules] Streaming discord_voice@1 to /home/arch/.config/discord/0.0.32/modules/pending/discord_voice-1.zip: 10%
2023-10-17T23:26:42.786Z [Modules] Streaming discord_voice@1 to /home/arch/.config/discord/0.0.32/modules/pending/discord_voice-1.zip: 11%
2023-10-17T23:26:42.807Z [Modules] Streaming discord_voice@1 to /home/arch/.config/discord/0.0.32/modules/pending/discord_voice-1.zip: 12%
2023-10-17T23:26:42.808Z [Modules] Streaming discord_voice@1 to /home/arch/.config/discord/0.0.32/modules/pending/discord_voice-1.zip: 13%
2023-10-17T23:26:42.897Z [Modules] Streaming discord_voice@1 to /home/arch/.config/discord/0.0.32/modules/pending/discord_voice-1.zip: 14%
2023-10-17T23:26:42.899Z [Modules] Streaming discord_voice@1 to /home/arch/.config/discord/0.0.32/modules/pending/discord_voice-1.zip: 15%
2023-10-17T23:26:42.905Z [Modules] Streaming discord_voice@1 to /home/arch/.config/discord/0.0.32/modules/pending/discord_voice-1.zip: 16%
2023-10-17T23:26:42.923Z [Modules] Streaming discord_voice@1 to /home/arch/.config/discord/0.0.32/modules/pending/discord_voice-1.zip: 17%
2023-10-17T23:26:42.947Z [Modules] Streaming discord_voice@1 to /home/arch/.config/discord/0.0.32/modules/pending/discord_voice-1.zip: 18%
2023-10-17T23:26:43.005Z [Modules] Streaming discord_voice@1 to /home/arch/.config/discord/0.0.32/modules/pending/discord_voice-1.zip: 19%
2023-10-17T23:26:43.020Z [Modules] Streaming discord_voice@1 to /home/arch/.config/discord/0.0.32/modules/pending/discord_voice-1.zip: 20%
2023-10-17T23:26:43.023Z [Modules] Streaming discord_voice@1 to /home/arch/.config/discord/0.0.32/modules/pending/discord_voice-1.zip: 21%
2023-10-17T23:26:43.027Z [Modules] Streaming discord_voice@1 to /home/arch/.config/discord/0.0.32/modules/pending/discord_voice-1.zip: 22%
2023-10-17T23:26:43.053Z [Modules] Streaming discord_voice@1 to /home/arch/.config/discord/0.0.32/modules/pending/discord_voice-1.zip: 23%
2023-10-17T23:26:43.062Z [Modules] Streaming discord_voice@1 to /home/arch/.config/discord/0.0.32/modules/pending/discord_voice-1.zip: 24%
2023-10-17T23:26:43.095Z [Modules] Streaming discord_voice@1 to /home/arch/.config/discord/0.0.32/modules/pending/discord_voice-1.zip: 25%
2023-10-17T23:26:43.152Z [Modules] Streaming discord_voice@1 to /home/arch/.config/discord/0.0.32/modules/pending/discord_voice-1.zip: 26%
2023-10-17T23:26:43.156Z [Modules] Streaming discord_voice@1 to /home/arch/.config/discord/0.0.32/modules/pending/discord_voice-1.zip: 27%
2023-10-17T23:26:43.162Z [Modules] Streaming discord_voice@1 to /home/arch/.config/discord/0.0.32/modules/pending/discord_voice-1.zip: 28%
2023-10-17T23:26:43.211Z [Modules] Streaming discord_voice@1 to /home/arch/.config/discord/0.0.32/modules/pending/discord_voice-1.zip: 29%
2023-10-17T23:26:43.214Z [Modules] Streaming discord_voice@1 to /home/arch/.config/discord/0.0.32/modules/pending/discord_voice-1.zip: 30%
2023-10-17T23:26:43.220Z [Modules] Streaming discord_voice@1 to /home/arch/.config/discord/0.0.32/modules/pending/discord_voice-1.zip: 31%
2023-10-17T23:26:43.222Z [Modules] Streaming discord_voice@1 to /home/arch/.config/discord/0.0.32/modules/pending/discord_voice-1.zip: 32%
2023-10-17T23:26:43.259Z [Modules] Streaming discord_voice@1 to /home/arch/.config/discord/0.0.32/modules/pending/discord_voice-1.zip: 33%
2023-10-17T23:26:43.260Z [Modules] Streaming discord_voice@1 to /home/arch/.config/discord/0.0.32/modules/pending/discord_voice-1.zip: 34%
2023-10-17T23:26:43.262Z [Modules] Streaming discord_voice@1 to /home/arch/.config/discord/0.0.32/modules/pending/discord_voice-1.zip: 35%
2023-10-17T23:26:43.280Z [Modules] Streaming discord_voice@1 to /home/arch/.config/discord/0.0.32/modules/pending/discord_voice-1.zip: 36%
2023-10-17T23:26:43.296Z [Modules] Streaming discord_voice@1 to /home/arch/.config/discord/0.0.32/modules/pending/discord_voice-1.zip: 37%
2023-10-17T23:26:43.317Z [Modules] Streaming discord_voice@1 to /home/arch/.config/discord/0.0.32/modules/pending/discord_voice-1.zip: 38%
2023-10-17T23:26:43.379Z [Modules] Streaming discord_voice@1 to /home/arch/.config/discord/0.0.32/modules/pending/discord_voice-1.zip: 39%
2023-10-17T23:26:43.384Z [Modules] Streaming discord_voice@1 to /home/arch/.config/discord/0.0.32/modules/pending/discord_voice-1.zip: 40%
2023-10-17T23:26:43.452Z [Modules] Streaming discord_voice@1 to /home/arch/.config/discord/0.0.32/modules/pending/discord_voice-1.zip: 41%
2023-10-17T23:26:43.483Z [Modules] Streaming discord_voice@1 to /home/arch/.config/discord/0.0.32/modules/pending/discord_voice-1.zip: 42%
2023-10-17T23:26:43.488Z [Modules] Streaming discord_voice@1 to /home/arch/.config/discord/0.0.32/modules/pending/discord_voice-1.zip: 43%
2023-10-17T23:26:43.492Z [Modules] Streaming discord_voice@1 to /home/arch/.config/discord/0.0.32/modules/pending/discord_voice-1.zip: 44%
2023-10-17T23:26:43.542Z [Modules] Streaming discord_voice@1 to /home/arch/.config/discord/0.0.32/modules/pending/discord_voice-1.zip: 45%
2023-10-17T23:26:43.544Z [Modules] Streaming discord_voice@1 to /home/arch/.config/discord/0.0.32/modules/pending/discord_voice-1.zip: 46%
2023-10-17T23:26:43.546Z [Modules] Streaming discord_voice@1 to /home/arch/.config/discord/0.0.32/modules/pending/discord_voice-1.zip: 47%
2023-10-17T23:26:43.548Z [Modules] Streaming discord_voice@1 to /home/arch/.config/discord/0.0.32/modules/pending/discord_voice-1.zip: 48%
2023-10-17T23:26:43.550Z [Modules] Streaming discord_voice@1 to /home/arch/.config/discord/0.0.32/modules/pending/discord_voice-1.zip: 49%
2023-10-17T23:26:43.569Z [Modules] Streaming discord_voice@1 to /home/arch/.config/discord/0.0.32/modules/pending/discord_voice-1.zip: 50%
2023-10-17T23:26:43.572Z [Modules] Streaming discord_voice@1 to /home/arch/.config/discord/0.0.32/modules/pending/discord_voice-1.zip: 51%
2023-10-17T23:26:43.575Z [Modules] Streaming discord_voice@1 to /home/arch/.config/discord/0.0.32/modules/pending/discord_voice-1.zip: 52%
2023-10-17T23:26:43.658Z [Modules] Streaming discord_voice@1 to /home/arch/.config/discord/0.0.32/modules/pending/discord_voice-1.zip: 53%
2023-10-17T23:26:43.661Z [Modules] Streaming discord_voice@1 to /home/arch/.config/discord/0.0.32/modules/pending/discord_voice-1.zip: 54%
2023-10-17T23:26:43.686Z [Modules] Streaming discord_voice@1 to /home/arch/.config/discord/0.0.32/modules/pending/discord_voice-1.zip: 55%
2023-10-17T23:26:43.695Z [Modules] Streaming discord_voice@1 to /home/arch/.config/discord/0.0.32/modules/pending/discord_voice-1.zip: 56%
2023-10-17T23:26:43.698Z [Modules] Streaming discord_voice@1 to /home/arch/.config/discord/0.0.32/modules/pending/discord_voice-1.zip: 57%
2023-10-17T23:26:43.709Z [Modules] Streaming discord_voice@1 to /home/arch/.config/discord/0.0.32/modules/pending/discord_voice-1.zip: 58%
2023-10-17T23:26:43.712Z [Modules] Streaming discord_voice@1 to /home/arch/.config/discord/0.0.32/modules/pending/discord_voice-1.zip: 59%
2023-10-17T23:26:43.715Z [Modules] Streaming discord_voice@1 to /home/arch/.config/discord/0.0.32/modules/pending/discord_voice-1.zip: 60%
2023-10-17T23:26:43.731Z [Modules] Streaming discord_voice@1 to /home/arch/.config/discord/0.0.32/modules/pending/discord_voice-1.zip: 61%
2023-10-17T23:26:43.795Z [Modules] Streaming discord_voice@1 to /home/arch/.config/discord/0.0.32/modules/pending/discord_voice-1.zip: 62%
2023-10-17T23:26:43.846Z [Modules] Streaming discord_voice@1 to /home/arch/.config/discord/0.0.32/modules/pending/discord_voice-1.zip: 63%
2023-10-17T23:26:43.869Z [Modules] Streaming discord_voice@1 to /home/arch/.config/discord/0.0.32/modules/pending/discord_voice-1.zip: 64%
2023-10-17T23:26:43.897Z [Modules] Streaming discord_voice@1 to /home/arch/.config/discord/0.0.32/modules/pending/discord_voice-1.zip: 65%
2023-10-17T23:26:43.901Z [Modules] Streaming discord_voice@1 to /home/arch/.config/discord/0.0.32/modules/pending/discord_voice-1.zip: 66%
2023-10-17T23:26:43.904Z [Modules] Streaming discord_voice@1 to /home/arch/.config/discord/0.0.32/modules/pending/discord_voice-1.zip: 67%
2023-10-17T23:26:43.924Z [Modules] Streaming discord_voice@1 to /home/arch/.config/discord/0.0.32/modules/pending/discord_voice-1.zip: 68%
2023-10-17T23:26:43.939Z [Modules] Streaming discord_voice@1 to /home/arch/.config/discord/0.0.32/modules/pending/discord_voice-1.zip: 69%
2023-10-17T23:26:43.990Z [Modules] Streaming discord_voice@1 to /home/arch/.config/discord/0.0.32/modules/pending/discord_voice-1.zip: 70%
2023-10-17T23:26:43.993Z [Modules] Streaming discord_voice@1 to /home/arch/.config/discord/0.0.32/modules/pending/discord_voice-1.zip: 71%
2023-10-17T23:26:43.996Z [Modules] Streaming discord_voice@1 to /home/arch/.config/discord/0.0.32/modules/pending/discord_voice-1.zip: 72%
2023-10-17T23:26:44.055Z [Modules] Streaming discord_voice@1 to /home/arch/.config/discord/0.0.32/modules/pending/discord_voice-1.zip: 73%
2023-10-17T23:26:44.065Z [Modules] Streaming discord_voice@1 to /home/arch/.config/discord/0.0.32/modules/pending/discord_voice-1.zip: 74%
2023-10-17T23:26:44.067Z [Modules] Streaming discord_voice@1 to /home/arch/.config/discord/0.0.32/modules/pending/discord_voice-1.zip: 75%
2023-10-17T23:26:44.102Z [Modules] Streaming discord_voice@1 to /home/arch/.config/discord/0.0.32/modules/pending/discord_voice-1.zip: 76%
2023-10-17T23:26:44.104Z [Modules] Streaming discord_voice@1 to /home/arch/.config/discord/0.0.32/modules/pending/discord_voice-1.zip: 77%
2023-10-17T23:26:44.106Z [Modules] Streaming discord_voice@1 to /home/arch/.config/discord/0.0.32/modules/pending/discord_voice-1.zip: 78%
2023-10-17T23:26:44.134Z [Modules] Streaming discord_voice@1 to /home/arch/.config/discord/0.0.32/modules/pending/discord_voice-1.zip: 79%
2023-10-17T23:26:44.149Z [Modules] Streaming discord_voice@1 to /home/arch/.config/discord/0.0.32/modules/pending/discord_voice-1.zip: 80%
2023-10-17T23:26:44.162Z [Modules] Streaming discord_voice@1 to /home/arch/.config/discord/0.0.32/modules/pending/discord_voice-1.zip: 81%
2023-10-17T23:26:44.181Z [Modules] Streaming discord_voice@1 to /home/arch/.config/discord/0.0.32/modules/pending/discord_voice-1.zip: 82%
2023-10-17T23:26:44.205Z [Modules] Streaming discord_voice@1 to /home/arch/.config/discord/0.0.32/modules/pending/discord_voice-1.zip: 83%
2023-10-17T23:26:44.214Z [Modules] Streaming discord_voice@1 to /home/arch/.config/discord/0.0.32/modules/pending/discord_voice-1.zip: 84%
2023-10-17T23:26:44.243Z [Modules] Streaming discord_voice@1 to /home/arch/.config/discord/0.0.32/modules/pending/discord_voice-1.zip: 85%
2023-10-17T23:26:44.305Z [Modules] Streaming discord_voice@1 to /home/arch/.config/discord/0.0.32/modules/pending/discord_voice-1.zip: 86%
2023-10-17T23:26:44.307Z [Modules] Streaming discord_voice@1 to /home/arch/.config/discord/0.0.32/modules/pending/discord_voice-1.zip: 87%
2023-10-17T23:26:44.327Z [Modules] Streaming discord_voice@1 to /home/arch/.config/discord/0.0.32/modules/pending/discord_voice-1.zip: 88%
2023-10-17T23:26:44.342Z [Modules] Streaming discord_voice@1 to /home/arch/.config/discord/0.0.32/modules/pending/discord_voice-1.zip: 89%
2023-10-17T23:26:44.378Z [Modules] Streaming discord_voice@1 to /home/arch/.config/discord/0.0.32/modules/pending/discord_voice-1.zip: 90%
2023-10-17T23:26:44.395Z [Modules] Streaming discord_voice@1 to /home/arch/.config/discord/0.0.32/modules/pending/discord_voice-1.zip: 91%
2023-10-17T23:26:44.413Z [Modules] Streaming discord_voice@1 to /home/arch/.config/discord/0.0.32/modules/pending/discord_voice-1.zip: 92%
2023-10-17T23:26:44.431Z [Modules] Streaming discord_voice@1 to /home/arch/.config/discord/0.0.32/modules/pending/discord_voice-1.zip: 93%
2023-10-17T23:26:44.434Z [Modules] Streaming discord_voice@1 to /home/arch/.config/discord/0.0.32/modules/pending/discord_voice-1.zip: 94%
2023-10-17T23:26:44.436Z [Modules] Streaming discord_voice@1 to /home/arch/.config/discord/0.0.32/modules/pending/discord_voice-1.zip: 95%
2023-10-17T23:26:44.480Z [Modules] Streaming discord_voice@1 to /home/arch/.config/discord/0.0.32/modules/pending/discord_voice-1.zip: 96%
2023-10-17T23:26:44.481Z [Modules] Streaming discord_voice@1 to /home/arch/.config/discord/0.0.32/modules/pending/discord_voice-1.zip: 97%
2023-10-17T23:26:44.522Z [Modules] Streaming discord_voice@1 to /home/arch/.config/discord/0.0.32/modules/pending/discord_voice-1.zip: 98%
2023-10-17T23:26:44.523Z [Modules] Streaming discord_voice@1 to /home/arch/.config/discord/0.0.32/modules/pending/discord_voice-1.zip: 99%
2023-10-17T23:26:44.524Z [Modules] Streaming discord_voice@1 to /home/arch/.config/discord/0.0.32/modules/pending/discord_voice-1.zip: 100%
2023-10-17T23:26:44.525Z [Modules] Finished module downloads. [success: 5] [failure: 0]
2023-10-17T23:26:44.525Z [Modules] Installing updates...
2023-10-17T23:26:44.526Z [Modules] Installing discord_desktop_core@1 from /home/arch/.config/discord/0.0.32/modules/pending/discord_desktop_core-1.zip
2023-10-17T23:26:44.614Z [Modules] Installing discord_erlpack@1 from /home/arch/.config/discord/0.0.32/modules/pending/discord_erlpack-1.zip
2023-10-17T23:26:44.684Z [Modules] Installing discord_spellcheck@1 from /home/arch/.config/discord/0.0.32/modules/pending/discord_spellcheck-1.zip
2023-10-17T23:26:45.686Z [Modules] Installing discord_utils@1 from /home/arch/.config/discord/0.0.32/modules/pending/discord_utils-1.zip
2023-10-17T23:26:46.202Z [Modules] Installing discord_voice@1 from /home/arch/.config/discord/0.0.32/modules/pending/discord_voice-1.zip
2023-10-17T23:26:47.091Z [Modules] Finished module installations. [success: 5] [failure: 0]
2023-10-17T23:26:47.091Z [Modules] Checking for host updates.
2023-10-17T23:26:47.368Z [Modules] Host is up to date.
2023-10-17T23:26:47.368Z [Modules] Checking for module updates at https://discord.com/api/modules/stable/versions.json
2023-10-17T23:26:47.378Z [Modules] No module updates available.
2023-10-17T23:26:49.358Z [Modules] Starting to install discord_krisp...
2023-10-17T23:26:49.358Z [Modules] Fetching discord_krisp@1 from https://discord.com/api/modules/stable/discord_krisp/1
2023-10-17T23:26:49.359Z [Modules] Streaming discord_krisp@1 to /home/arch/.config/discord/0.0.32/modules/pending/discord_krisp-1.zip
2023-10-17T23:26:49.377Z [Modules] Starting to install discord_game_utils...
2023-10-17T23:26:49.725Z [Modules] Streaming discord_krisp@1 to /home/arch/.config/discord/0.0.32/modules/pending/discord_krisp-1.zip: 1%
2023-10-17T23:26:49.795Z [Modules] Streaming discord_krisp@1 to /home/arch/.config/discord/0.0.32/modules/pending/discord_krisp-1.zip: 2%
2023-10-17T23:26:49.816Z [Modules] Streaming discord_krisp@1 to /home/arch/.config/discord/0.0.32/modules/pending/discord_krisp-1.zip: 3%
2023-10-17T23:26:49.840Z [Modules] Streaming discord_krisp@1 to /home/arch/.config/discord/0.0.32/modules/pending/discord_krisp-1.zip: 4%
2023-10-17T23:26:49.856Z [Modules] Streaming discord_krisp@1 to /home/arch/.config/discord/0.0.32/modules/pending/discord_krisp-1.zip: 5%
2023-10-17T23:26:49.862Z [Modules] Streaming discord_krisp@1 to /home/arch/.config/discord/0.0.32/modules/pending/discord_krisp-1.zip: 6%
2023-10-17T23:26:49.865Z [Modules] Streaming discord_krisp@1 to /home/arch/.config/discord/0.0.32/modules/pending/discord_krisp-1.zip: 7%
2023-10-17T23:26:49.873Z [Modules] Streaming discord_krisp@1 to /home/arch/.config/discord/0.0.32/modules/pending/discord_krisp-1.zip: 8%
2023-10-17T23:26:49.876Z [Modules] Streaming discord_krisp@1 to /home/arch/.config/discord/0.0.32/modules/pending/discord_krisp-1.zip: 9%
2023-10-17T23:26:49.885Z [Modules] Streaming discord_krisp@1 to /home/arch/.config/discord/0.0.32/modules/pending/discord_krisp-1.zip: 10%
2023-10-17T23:26:49.890Z [Modules] Streaming discord_krisp@1 to /home/arch/.config/discord/0.0.32/modules/pending/discord_krisp-1.zip: 11%
2023-10-17T23:26:49.894Z [Modules] Streaming discord_krisp@1 to /home/arch/.config/discord/0.0.32/modules/pending/discord_krisp-1.zip: 12%
2023-10-17T23:26:49.896Z [Modules] Streaming discord_krisp@1 to /home/arch/.config/discord/0.0.32/modules/pending/discord_krisp-1.zip: 13%
2023-10-17T23:26:49.934Z [Modules] Streaming discord_krisp@1 to /home/arch/.config/discord/0.0.32/modules/pending/discord_krisp-1.zip: 14%
2023-10-17T23:26:49.964Z [Modules] Streaming discord_krisp@1 to /home/arch/.config/discord/0.0.32/modules/pending/discord_krisp-1.zip: 15%
2023-10-17T23:26:49.990Z [Modules] Streaming discord_krisp@1 to /home/arch/.config/discord/0.0.32/modules/pending/discord_krisp-1.zip: 16%
2023-10-17T23:26:50.055Z [Modules] Streaming discord_krisp@1 to /home/arch/.config/discord/0.0.32/modules/pending/discord_krisp-1.zip: 17%
2023-10-17T23:26:50.058Z [Modules] Streaming discord_krisp@1 to /home/arch/.config/discord/0.0.32/modules/pending/discord_krisp-1.zip: 18%
2023-10-17T23:26:50.062Z [Modules] Streaming discord_krisp@1 to /home/arch/.config/discord/0.0.32/modules/pending/discord_krisp-1.zip: 19%
2023-10-17T23:26:50.064Z [Modules] Streaming discord_krisp@1 to /home/arch/.config/discord/0.0.32/modules/pending/discord_krisp-1.zip: 20%
2023-10-17T23:26:50.066Z [Modules] Streaming discord_krisp@1 to /home/arch/.config/discord/0.0.32/modules/pending/discord_krisp-1.zip: 21%
2023-10-17T23:26:50.074Z [Modules] Streaming discord_krisp@1 to /home/arch/.config/discord/0.0.32/modules/pending/discord_krisp-1.zip: 22%
2023-10-17T23:26:50.155Z [Modules] Streaming discord_krisp@1 to /home/arch/.config/discord/0.0.32/modules/pending/discord_krisp-1.zip: 23%
2023-10-17T23:26:50.167Z [Modules] Streaming discord_krisp@1 to /home/arch/.config/discord/0.0.32/modules/pending/discord_krisp-1.zip: 24%
2023-10-17T23:26:50.191Z [Modules] Streaming discord_krisp@1 to /home/arch/.config/discord/0.0.32/modules/pending/discord_krisp-1.zip: 25%
2023-10-17T23:26:50.246Z [Modules] Streaming discord_krisp@1 to /home/arch/.config/discord/0.0.32/modules/pending/discord_krisp-1.zip: 26%
2023-10-17T23:26:50.247Z [Modules] Streaming discord_krisp@1 to /home/arch/.config/discord/0.0.32/modules/pending/discord_krisp-1.zip: 27%
2023-10-17T23:26:50.248Z [Modules] Streaming discord_krisp@1 to /home/arch/.config/discord/0.0.32/modules/pending/discord_krisp-1.zip: 28%
2023-10-17T23:26:50.248Z [Modules] Streaming discord_krisp@1 to /home/arch/.config/discord/0.0.32/modules/pending/discord_krisp-1.zip: 29%
2023-10-17T23:26:50.249Z [Modules] Streaming discord_krisp@1 to /home/arch/.config/discord/0.0.32/modules/pending/discord_krisp-1.zip: 30%
2023-10-17T23:26:50.266Z [Modules] Streaming discord_krisp@1 to /home/arch/.config/discord/0.0.32/modules/pending/discord_krisp-1.zip: 31%
2023-10-17T23:26:50.286Z [Modules] Streaming discord_krisp@1 to /home/arch/.config/discord/0.0.32/modules/pending/discord_krisp-1.zip: 32%
2023-10-17T23:26:50.389Z [Modules] Streaming discord_krisp@1 to /home/arch/.config/discord/0.0.32/modules/pending/discord_krisp-1.zip: 33%
2023-10-17T23:26:50.393Z [Modules] Streaming discord_krisp@1 to /home/arch/.config/discord/0.0.32/modules/pending/discord_krisp-1.zip: 34%
2023-10-17T23:26:50.419Z [Modules] Streaming discord_krisp@1 to /home/arch/.config/discord/0.0.32/modules/pending/discord_krisp-1.zip: 35%
2023-10-17T23:26:50.421Z [Modules] Streaming discord_krisp@1 to /home/arch/.config/discord/0.0.32/modules/pending/discord_krisp-1.zip: 36%
2023-10-17T23:26:50.520Z [Modules] Checking for host updates.
2023-10-17T23:26:50.545Z [Modules] Streaming discord_krisp@1 to /home/arch/.config/discord/0.0.32/modules/pending/discord_krisp-1.zip: 37%
2023-10-17T23:26:50.546Z [Modules] Streaming discord_krisp@1 to /home/arch/.config/discord/0.0.32/modules/pending/discord_krisp-1.zip: 38%
2023-10-17T23:26:50.547Z [Modules] Streaming discord_krisp@1 to /home/arch/.config/discord/0.0.32/modules/pending/discord_krisp-1.zip: 39%
2023-10-17T23:26:50.547Z [Modules] Streaming discord_krisp@1 to /home/arch/.config/discord/0.0.32/modules/pending/discord_krisp-1.zip: 40%
2023-10-17T23:26:50.551Z [Modules] Streaming discord_krisp@1 to /home/arch/.config/discord/0.0.32/modules/pending/discord_krisp-1.zip: 41%
2023-10-17T23:26:50.561Z [Modules] Streaming discord_krisp@1 to /home/arch/.config/discord/0.0.32/modules/pending/discord_krisp-1.zip: 42%
2023-10-17T23:26:50.562Z [Modules] Streaming discord_krisp@1 to /home/arch/.config/discord/0.0.32/modules/pending/discord_krisp-1.zip: 43%
2023-10-17T23:26:50.572Z [Modules] Streaming discord_krisp@1 to /home/arch/.config/discord/0.0.32/modules/pending/discord_krisp-1.zip: 44%
2023-10-17T23:26:50.591Z [Modules] Streaming discord_krisp@1 to /home/arch/.config/discord/0.0.32/modules/pending/discord_krisp-1.zip: 45%
2023-10-17T23:26:50.611Z [Modules] Streaming discord_krisp@1 to /home/arch/.config/discord/0.0.32/modules/pending/discord_krisp-1.zip: 46%
2023-10-17T23:26:50.638Z [Modules] Streaming discord_krisp@1 to /home/arch/.config/discord/0.0.32/modules/pending/discord_krisp-1.zip: 47%
2023-10-17T23:26:50.657Z [Modules] Streaming discord_krisp@1 to /home/arch/.config/discord/0.0.32/modules/pending/discord_krisp-1.zip: 48%
2023-10-17T23:26:50.724Z [Modules] Streaming discord_krisp@1 to /home/arch/.config/discord/0.0.32/modules/pending/discord_krisp-1.zip: 49%
2023-10-17T23:26:50.724Z [Modules] Host is up to date.
2023-10-17T23:26:50.725Z [Modules] Checking for module updates at https://discord.com/api/modules/stable/versions.json
2023-10-17T23:26:50.725Z [Modules] Streaming discord_krisp@1 to /home/arch/.config/discord/0.0.32/modules/pending/discord_krisp-1.zip: 50%
2023-10-17T23:26:50.726Z [Modules] Streaming discord_krisp@1 to /home/arch/.config/discord/0.0.32/modules/pending/discord_krisp-1.zip: 51%
2023-10-17T23:26:50.728Z [Modules] No module updates available.
2023-10-17T23:26:50.739Z [Modules] Streaming discord_krisp@1 to /home/arch/.config/discord/0.0.32/modules/pending/discord_krisp-1.zip: 52%
2023-10-17T23:26:50.740Z [Modules] Streaming discord_krisp@1 to /home/arch/.config/discord/0.0.32/modules/pending/discord_krisp-1.zip: 53%
2023-10-17T23:26:50.790Z [Modules] Streaming discord_krisp@1 to /home/arch/.config/discord/0.0.32/modules/pending/discord_krisp-1.zip: 54%
2023-10-17T23:26:50.810Z [Modules] Starting to install discord_rpc...
2023-10-17T23:26:50.847Z [Modules] Streaming discord_krisp@1 to /home/arch/.config/discord/0.0.32/modules/pending/discord_krisp-1.zip: 55%
2023-10-17T23:26:50.848Z [Modules] Streaming discord_krisp@1 to /home/arch/.config/discord/0.0.32/modules/pending/discord_krisp-1.zip: 56%
2023-10-17T23:26:50.940Z [Modules] Streaming discord_krisp@1 to /home/arch/.config/discord/0.0.32/modules/pending/discord_krisp-1.zip: 57%
2023-10-17T23:26:50.940Z [Modules] Streaming discord_krisp@1 to /home/arch/.config/discord/0.0.32/modules/pending/discord_krisp-1.zip: 58%
2023-10-17T23:26:50.941Z [Modules] Streaming discord_krisp@1 to /home/arch/.config/discord/0.0.32/modules/pending/discord_krisp-1.zip: 59%
2023-10-17T23:26:50.975Z [Modules] Streaming discord_krisp@1 to /home/arch/.config/discord/0.0.32/modules/pending/discord_krisp-1.zip: 60%
2023-10-17T23:26:50.981Z [Modules] Streaming discord_krisp@1 to /home/arch/.config/discord/0.0.32/modules/pending/discord_krisp-1.zip: 62%
2023-10-17T23:26:50.992Z [Modules] Streaming discord_krisp@1 to /home/arch/.config/discord/0.0.32/modules/pending/discord_krisp-1.zip: 63%
2023-10-17T23:26:51.003Z [Modules] Streaming discord_krisp@1 to /home/arch/.config/discord/0.0.32/modules/pending/discord_krisp-1.zip: 64%
2023-10-17T23:26:51.004Z [Modules] Streaming discord_krisp@1 to /home/arch/.config/discord/0.0.32/modules/pending/discord_krisp-1.zip: 65%
2023-10-17T23:26:51.050Z [Modules] Streaming discord_krisp@1 to /home/arch/.config/discord/0.0.32/modules/pending/discord_krisp-1.zip: 66%
2023-10-17T23:26:51.067Z [Modules] Streaming discord_krisp@1 to /home/arch/.config/discord/0.0.32/modules/pending/discord_krisp-1.zip: 67%
2023-10-17T23:26:51.086Z [Modules] Streaming discord_krisp@1 to /home/arch/.config/discord/0.0.32/modules/pending/discord_krisp-1.zip: 68%
2023-10-17T23:26:51.106Z [Modules] Streaming discord_krisp@1 to /home/arch/.config/discord/0.0.32/modules/pending/discord_krisp-1.zip: 69%
2023-10-17T23:26:51.128Z [Modules] Streaming discord_krisp@1 to /home/arch/.config/discord/0.0.32/modules/pending/discord_krisp-1.zip: 70%
2023-10-17T23:26:51.145Z [Modules] Streaming discord_krisp@1 to /home/arch/.config/discord/0.0.32/modules/pending/discord_krisp-1.zip: 71%
2023-10-17T23:26:51.213Z [Modules] Streaming discord_krisp@1 to /home/arch/.config/discord/0.0.32/modules/pending/discord_krisp-1.zip: 72%
2023-10-17T23:26:51.247Z [Modules] Streaming discord_krisp@1 to /home/arch/.config/discord/0.0.32/modules/pending/discord_krisp-1.zip: 73%
2023-10-17T23:26:51.302Z [Modules] Streaming discord_krisp@1 to /home/arch/.config/discord/0.0.32/modules/pending/discord_krisp-1.zip: 74%
2023-10-17T23:26:51.304Z [Modules] Streaming discord_krisp@1 to /home/arch/.config/discord/0.0.32/modules/pending/discord_krisp-1.zip: 75%
2023-10-17T23:26:51.306Z [Modules] Streaming discord_krisp@1 to /home/arch/.config/discord/0.0.32/modules/pending/discord_krisp-1.zip: 76%
2023-10-17T23:26:51.315Z [Modules] Streaming discord_krisp@1 to /home/arch/.config/discord/0.0.32/modules/pending/discord_krisp-1.zip: 77%
2023-10-17T23:26:51.316Z [Modules] Streaming discord_krisp@1 to /home/arch/.config/discord/0.0.32/modules/pending/discord_krisp-1.zip: 78%
2023-10-17T23:26:51.322Z [Modules] Streaming discord_krisp@1 to /home/arch/.config/discord/0.0.32/modules/pending/discord_krisp-1.zip: 79%
2023-10-17T23:26:51.324Z [Modules] Streaming discord_krisp@1 to /home/arch/.config/discord/0.0.32/modules/pending/discord_krisp-1.zip: 80%
2023-10-17T23:26:51.333Z [Modules] Streaming discord_krisp@1 to /home/arch/.config/discord/0.0.32/modules/pending/discord_krisp-1.zip: 81%
2023-10-17T23:26:51.438Z [Modules] Streaming discord_krisp@1 to /home/arch/.config/discord/0.0.32/modules/pending/discord_krisp-1.zip: 82%
2023-10-17T23:26:51.440Z [Modules] Streaming discord_krisp@1 to /home/arch/.config/discord/0.0.32/modules/pending/discord_krisp-1.zip: 83%
2023-10-17T23:26:51.474Z [Modules] Streaming discord_krisp@1 to /home/arch/.config/discord/0.0.32/modules/pending/discord_krisp-1.zip: 84%
2023-10-17T23:26:51.477Z [Modules] Streaming discord_krisp@1 to /home/arch/.config/discord/0.0.32/modules/pending/discord_krisp-1.zip: 85%
2023-10-17T23:26:51.485Z [Modules] Streaming discord_krisp@1 to /home/arch/.config/discord/0.0.32/modules/pending/discord_krisp-1.zip: 86%
2023-10-17T23:26:51.591Z [Modules] Streaming discord_krisp@1 to /home/arch/.config/discord/0.0.32/modules/pending/discord_krisp-1.zip: 87%
2023-10-17T23:26:51.592Z [Modules] Streaming discord_krisp@1 to /home/arch/.config/discord/0.0.32/modules/pending/discord_krisp-1.zip: 88%
2023-10-17T23:26:51.595Z [Modules] Streaming discord_krisp@1 to /home/arch/.config/discord/0.0.32/modules/pending/discord_krisp-1.zip: 89%
2023-10-17T23:26:51.612Z [Modules] Streaming discord_krisp@1 to /home/arch/.config/discord/0.0.32/modules/pending/discord_krisp-1.zip: 90%
2023-10-17T23:26:51.630Z [Modules] Streaming discord_krisp@1 to /home/arch/.config/discord/0.0.32/modules/pending/discord_krisp-1.zip: 91%
2023-10-17T23:26:51.631Z [Modules] Streaming discord_krisp@1 to /home/arch/.config/discord/0.0.32/modules/pending/discord_krisp-1.zip: 92%
2023-10-17T23:26:51.633Z [Modules] Streaming discord_krisp@1 to /home/arch/.config/discord/0.0.32/modules/pending/discord_krisp-1.zip: 93%
2023-10-17T23:26:51.704Z [Modules] Streaming discord_krisp@1 to /home/arch/.config/discord/0.0.32/modules/pending/discord_krisp-1.zip: 94%
2023-10-17T23:26:51.705Z [Modules] Streaming discord_krisp@1 to /home/arch/.config/discord/0.0.32/modules/pending/discord_krisp-1.zip: 95%
2023-10-17T23:26:51.751Z [Modules] Streaming discord_krisp@1 to /home/arch/.config/discord/0.0.32/modules/pending/discord_krisp-1.zip: 96%
2023-10-17T23:26:51.757Z [Modules] Streaming discord_krisp@1 to /home/arch/.config/discord/0.0.32/modules/pending/discord_krisp-1.zip: 97%
2023-10-17T23:26:51.761Z [Modules] Streaming discord_krisp@1 to /home/arch/.config/discord/0.0.32/modules/pending/discord_krisp-1.zip: 98%
2023-10-17T23:26:51.764Z [Modules] Streaming discord_krisp@1 to /home/arch/.config/discord/0.0.32/modules/pending/discord_krisp-1.zip: 99%
2023-10-17T23:26:51.784Z [Modules] Streaming discord_krisp@1 to /home/arch/.config/discord/0.0.32/modules/pending/discord_krisp-1.zip: 100%
2023-10-17T23:26:51.788Z [Modules] Fetching discord_game_utils@1 from https://discord.com/api/modules/stable/discord_game_utils/1
2023-10-17T23:26:51.789Z [Modules] Streaming discord_game_utils@1 to /home/arch/.config/discord/0.0.32/modules/pending/discord_game_utils-1.zip
2023-10-17T23:26:51.789Z [Modules] Installing discord_krisp@1 from /home/arch/.config/discord/0.0.32/modules/pending/discord_krisp-1.zip
2023-10-17T23:26:52.126Z [Modules] Streaming discord_game_utils@1 to /home/arch/.config/discord/0.0.32/modules/pending/discord_game_utils-1.zip: 3%
2023-10-17T23:26:52.127Z [Modules] Streaming discord_game_utils@1 to /home/arch/.config/discord/0.0.32/modules/pending/discord_game_utils-1.zip: 6%
2023-10-17T23:26:52.127Z [Modules] Streaming discord_game_utils@1 to /home/arch/.config/discord/0.0.32/modules/pending/discord_game_utils-1.zip: 10%
2023-10-17T23:26:52.152Z [Modules] Streaming discord_game_utils@1 to /home/arch/.config/discord/0.0.32/modules/pending/discord_game_utils-1.zip: 12%
2023-10-17T23:26:52.153Z [Modules] Streaming discord_game_utils@1 to /home/arch/.config/discord/0.0.32/modules/pending/discord_game_utils-1.zip: 13%
2023-10-17T23:26:52.157Z [Modules] Streaming discord_game_utils@1 to /home/arch/.config/discord/0.0.32/modules/pending/discord_game_utils-1.zip: 16%
2023-10-17T23:26:52.158Z [Modules] Streaming discord_game_utils@1 to /home/arch/.config/discord/0.0.32/modules/pending/discord_game_utils-1.zip: 17%
2023-10-17T23:26:52.166Z [Modules] Streaming discord_game_utils@1 to /home/arch/.config/discord/0.0.32/modules/pending/discord_game_utils-1.zip: 18%
2023-10-17T23:26:52.168Z [Modules] Streaming discord_game_utils@1 to /home/arch/.config/discord/0.0.32/modules/pending/discord_game_utils-1.zip: 21%
2023-10-17T23:26:52.168Z [Modules] Streaming discord_game_utils@1 to /home/arch/.config/discord/0.0.32/modules/pending/discord_game_utils-1.zip: 22%
2023-10-17T23:26:52.182Z [Modules] Streaming discord_game_utils@1 to /home/arch/.config/discord/0.0.32/modules/pending/discord_game_utils-1.zip: 24%
2023-10-17T23:26:52.182Z [Modules] Streaming discord_game_utils@1 to /home/arch/.config/discord/0.0.32/modules/pending/discord_game_utils-1.zip: 27%
2023-10-17T23:26:52.183Z [Modules] Streaming discord_game_utils@1 to /home/arch/.config/discord/0.0.32/modules/pending/discord_game_utils-1.zip: 29%
2023-10-17T23:26:52.202Z [Modules] Streaming discord_game_utils@1 to /home/arch/.config/discord/0.0.32/modules/pending/discord_game_utils-1.zip: 32%
2023-10-17T23:26:52.202Z [Modules] Streaming discord_game_utils@1 to /home/arch/.config/discord/0.0.32/modules/pending/discord_game_utils-1.zip: 33%
2023-10-17T23:26:52.203Z [Modules] Streaming discord_game_utils@1 to /home/arch/.config/discord/0.0.32/modules/pending/discord_game_utils-1.zip: 35%
2023-10-17T23:26:52.203Z [Modules] Streaming discord_game_utils@1 to /home/arch/.config/discord/0.0.32/modules/pending/discord_game_utils-1.zip: 40%
2023-10-17T23:26:52.203Z [Modules] Streaming discord_game_utils@1 to /home/arch/.config/discord/0.0.32/modules/pending/discord_game_utils-1.zip: 47%
2023-10-17T23:26:52.206Z [Modules] Streaming discord_game_utils@1 to /home/arch/.config/discord/0.0.32/modules/pending/discord_game_utils-1.zip: 49%
2023-10-17T23:26:52.251Z [Modules] Streaming discord_game_utils@1 to /home/arch/.config/discord/0.0.32/modules/pending/discord_game_utils-1.zip: 51%
2023-10-17T23:26:52.251Z [Modules] Streaming discord_game_utils@1 to /home/arch/.config/discord/0.0.32/modules/pending/discord_game_utils-1.zip: 52%
2023-10-17T23:26:52.252Z [Modules] Streaming discord_game_utils@1 to /home/arch/.config/discord/0.0.32/modules/pending/discord_game_utils-1.zip: 57%
2023-10-17T23:26:52.252Z [Modules] Streaming discord_game_utils@1 to /home/arch/.config/discord/0.0.32/modules/pending/discord_game_utils-1.zip: 60%
2023-10-17T23:26:52.274Z [Modules] Streaming discord_game_utils@1 to /home/arch/.config/discord/0.0.32/modules/pending/discord_game_utils-1.zip: 63%
2023-10-17T23:26:52.274Z [Modules] Streaming discord_game_utils@1 to /home/arch/.config/discord/0.0.32/modules/pending/discord_game_utils-1.zip: 64%
2023-10-17T23:26:52.275Z [Modules] Streaming discord_game_utils@1 to /home/arch/.config/discord/0.0.32/modules/pending/discord_game_utils-1.zip: 66%
2023-10-17T23:26:52.275Z [Modules] Streaming discord_game_utils@1 to /home/arch/.config/discord/0.0.32/modules/pending/discord_game_utils-1.zip: 72%
2023-10-17T23:26:52.275Z [Modules] Streaming discord_game_utils@1 to /home/arch/.config/discord/0.0.32/modules/pending/discord_game_utils-1.zip: 77%
2023-10-17T23:26:52.276Z [Modules] Streaming discord_game_utils@1 to /home/arch/.config/discord/0.0.32/modules/pending/discord_game_utils-1.zip: 79%
2023-10-17T23:26:52.276Z [Modules] Streaming discord_game_utils@1 to /home/arch/.config/discord/0.0.32/modules/pending/discord_game_utils-1.zip: 83%
2023-10-17T23:26:52.277Z [Modules] Streaming discord_game_utils@1 to /home/arch/.config/discord/0.0.32/modules/pending/discord_game_utils-1.zip: 88%
2023-10-17T23:26:52.277Z [Modules] Streaming discord_game_utils@1 to /home/arch/.config/discord/0.0.32/modules/pending/discord_game_utils-1.zip: 90%
2023-10-17T23:26:52.304Z [Modules] Streaming discord_game_utils@1 to /home/arch/.config/discord/0.0.32/modules/pending/discord_game_utils-1.zip: 93%
2023-10-17T23:26:52.305Z [Modules] Streaming discord_game_utils@1 to /home/arch/.config/discord/0.0.32/modules/pending/discord_game_utils-1.zip: 96%
2023-10-17T23:26:52.307Z [Modules] Streaming discord_game_utils@1 to /home/arch/.config/discord/0.0.32/modules/pending/discord_game_utils-1.zip: 100%
2023-10-17T23:26:52.308Z [Modules] Fetching discord_rpc@1 from https://discord.com/api/modules/stable/discord_rpc/1
2023-10-17T23:26:52.308Z [Modules] Streaming discord_rpc@1 to /home/arch/.config/discord/0.0.32/modules/pending/discord_rpc-1.zip
2023-10-17T23:26:52.337Z [Modules] Installing discord_game_utils@1 from /home/arch/.config/discord/0.0.32/modules/pending/discord_game_utils-1.zip
2023-10-17T23:26:52.408Z [Modules] Finished module installations. [success: 2] [failure: 0]
2023-10-17T23:26:52.601Z [Modules] Streaming discord_rpc@1 to /home/arch/.config/discord/0.0.32/modules/pending/discord_rpc-1.zip: 38%
2023-10-17T23:26:52.644Z [Modules] Streaming discord_rpc@1 to /home/arch/.config/discord/0.0.32/modules/pending/discord_rpc-1.zip: 100%
2023-10-17T23:26:52.644Z [Modules] Finished module downloads. [success: 3] [failure: 0]
2023-10-17T23:26:52.645Z [Modules] Installing discord_rpc@1 from /home/arch/.config/discord/0.0.32/modules/pending/discord_rpc-1.zip
2023-10-17T23:26:52.662Z [Modules] Finished module installations. [success: 1] [failure: 0]
