[e-Commerce-Dart-Flutter] flutter pub get --no-example
Resolving dependencies...
  leak_tracker 10.0.0 (10.0.5 available)
  leak_tracker_flutter_testing 2.0.1 (3.0.5 available)
  leak_tracker_testing 2.0.1 (3.0.1 available)
  material_color_utilities 0.8.0 (0.11.1 available)
  meta 1.11.0 (1.14.0 available)
  test_api 0.6.1 (0.7.1 available)
  vm_service 13.0.0 (14.2.0 available)
Got dependencies!
7 packages have newer versions incompatible with dependency constraints.
Try `flutter pub outdated` for more information.
exit code 0

--

[e-Commerce-Dart-Flutter] flutter pub get --no-example
Resolving dependencies...
  leak_tracker 10.0.0 (10.0.5 available)
  leak_tracker_flutter_testing 2.0.1 (3.0.5 available)
  leak_tracker_testing 2.0.1 (3.0.1 available)
  material_color_utilities 0.8.0 (0.11.1 available)
  meta 1.11.0 (1.14.0 available)
  test_api 0.6.1 (0.7.1 available)
  vm_service 13.0.0 (14.2.0 available)
Got dependencies!
7 packages have newer versions incompatible with dependency constraints.
Try `flutter pub outdated` for more information.
exit code 0
