2024-03-20 15:09:43.560 [info] Extension host with pid 179875 started
2024-03-20 15:09:43.596 [info] ExtensionService#_doActivateExtension vscode.git-base, startup: true, activationEvent: '*', root cause: vscode.git
2024-03-20 15:09:43.602 [info] ExtensionService#_doActivateExtension vscode.git, startup: true, activationEvent: '*'
2024-03-20 15:09:43.634 [info] ExtensionService#_doActivateExtension vscode.github, startup: true, activationEvent: '*'
2024-03-20 15:09:43.695 [info] Eager extensions activated
2024-03-20 15:09:43.724 [info] ExtensionService#_doActivateExtension vscode.debug-auto-launch, startup: false, activationEvent: 'onStartupFinished'
2024-03-20 15:09:43.728 [info] ExtensionService#_doActivateExtension vscode.merge-conflict, startup: false, activationEvent: 'onStartupFinished'
2024-03-20 15:09:51.947 [info] Extension host terminating: renderer closed the MessagePort
2024-03-20 15:09:51.953 [info] Extension host with pid 179875 exiting with code 0
2024-03-20 15:09:52.837 [info] Extension host with pid 181078 started
2024-03-20 15:09:52.837 [info] Skipping acquiring lock for /home/arch/.config/Code - OSS/User/workspaceStorage/9d0bd68cd4184ac7895730af35cb1119.
2024-03-20 15:09:52.887 [info] ExtensionService#_doActivateExtension vscode.git-base, startup: true, activationEvent: '*'
2024-03-20 15:09:52.951 [info] ExtensionService#_doActivateExtension vscode.github, startup: true, activationEvent: '*'
2024-03-20 15:09:52.974 [info] Eager extensions activated
2024-03-20 15:09:52.978 [info] ExtensionService#_doActivateExtension vscode.debug-auto-launch, startup: false, activationEvent: 'onStartupFinished'
2024-03-20 15:09:52.979 [info] ExtensionService#_doActivateExtension vscode.merge-conflict, startup: false, activationEvent: 'onStartupFinished'
2024-03-20 15:09:55.022 [info] ExtensionService#_doActivateExtension vscode.git, startup: false, activationEvent: 'api', root cause: vscode.github
2024-03-20 15:09:56.339 [info] ExtensionService#_doActivateExtension vscode.emmet, startup: false, activationEvent: 'onLanguage'
2024-03-20 15:10:35.369 [info] Extension host terminating: renderer closed the MessagePort
2024-03-20 15:10:35.373 [info] Extension host with pid 181078 exiting with code 0
