2024-04-10T22:40:40.515Z 0: 

----------------------------------------------
2024-04-10T22:40:40.529Z 1: Discord starting: {"releaseChannel":"stable","version":"0.0.46"}, modulepath: /home/arch/.config/discord/0.0.46/modules
2024-04-10T22:40:40.549Z 2: ✅ webContents.created web1 ""
2024-04-10T22:40:40.580Z 3: ✅ window.created win1 "discord"
2024-04-10T22:40:40.806Z 4: ✅ webContents.did-finish-load web1
2024-04-10T22:40:55.165Z 5: ✅ webContents.created web2 ""
2024-04-10T22:40:55.175Z 6: ✅ window.created win2 "Discord"
2024-04-10T22:40:57.284Z 7: ✅ webContents.did-finish-load web2
2024-04-10T22:40:57.385Z 8: window.close win1
2024-04-10T22:40:57.396Z 9: webContents.destroyed web1
2024-04-10T22:40:57.399Z 10: window.closed win1
2024-04-10T22:41:43.929Z 11: window.close win2
2024-04-11T08:06:19.777Z 12: before-quit
2024-04-11T12:08:43.735Z 0: 

----------------------------------------------
2024-04-11T12:08:43.767Z 1: Discord starting: {"releaseChannel":"stable","version":"0.0.46"}, modulepath: /home/arch/.config/discord/0.0.46/modules
2024-04-11T12:08:43.813Z 2: ✅ webContents.created web1 ""
2024-04-11T12:08:43.819Z 3: ✅ window.created win1 "discord"
2024-04-11T12:08:44.072Z 4: ✅ webContents.did-finish-load web1
2024-04-11T12:08:44.332Z 5: ✅ webContents.created web2 ""
2024-04-11T12:08:44.344Z 6: ✅ window.created win2 "Discord"
2024-04-11T12:08:47.651Z 7: ✅ webContents.did-finish-load web2
2024-04-11T12:08:47.751Z 8: window.close win1
2024-04-11T12:08:47.777Z 9: webContents.destroyed web1
2024-04-11T12:08:47.783Z 10: window.closed win1
2024-04-11T12:10:18.961Z 11: window.close win2
2024-04-11T12:18:40.340Z 12: window.close win2
2024-04-11T12:18:44.606Z 13: window.close win2
2024-04-11T12:18:51.901Z 14: window.close win2
2024-04-11T17:46:50.279Z 15: before-quit
2024-04-15T18:08:49.277Z 0: 

----------------------------------------------
2024-04-15T18:08:49.320Z 1: Discord starting: {"releaseChannel":"stable","version":"0.0.46"}, modulepath: /home/arch/.config/discord/0.0.46/modules
2024-04-15T18:08:49.332Z 2: ✅ webContents.created web1 ""
2024-04-15T18:08:49.355Z 3: ✅ window.created win1 "discord"
2024-04-15T18:08:49.712Z 4: ✅ webContents.created web2 ""
2024-04-15T18:08:49.726Z 5: ✅ window.created win2 "Discord"
2024-04-15T18:08:49.735Z 6: ✅ webContents.did-finish-load web1
2024-04-15T18:08:52.975Z 7: ✅ webContents.did-finish-load web2
2024-04-15T18:08:53.078Z 8: window.close win1
2024-04-15T18:08:53.103Z 9: webContents.destroyed web1
2024-04-15T18:08:53.109Z 10: window.closed win1
2024-04-15T18:25:13.350Z 11: window.close win2
2024-04-16T08:06:51.696Z 12: before-quit
