2024-04-14 17:16:36.984 [info] Added views:workbench.panel.markers.view in workbench.panel.markers
2024-04-14 17:16:36.984 [info] Added views:workbench.panel.output in workbench.panel.output
2024-04-14 17:16:36.984 [info] Added views:terminal in terminal
2024-04-14 17:16:36.984 [info] Added views:outline in workbench.view.explorer
2024-04-14 17:16:36.984 [info] Added views:workbench.scm in workbench.view.scm
2024-04-14 17:16:36.984 [info] Added views:workbench.view.search in workbench.view.search
2024-04-14 17:16:36.984 [info] Added views:timeline in workbench.view.explorer
2024-04-14 17:16:36.984 [info] Added views:workbench.explorer.emptyView in workbench.view.explorer
2024-04-14 17:16:37.460 [info] Added views:mavenProjects in workbench.view.explorer
2024-04-14 17:16:37.605 [info] Added views:workbench.debug.variablesView,workbench.debug.watchExpressionsView,workbench.debug.callStackView,workbench.debug.breakPointsView in workbench.view.debug
2024-04-14 17:16:37.681 [info] Added views:workbench.panel.repl.view in workbench.panel.repl
2024-04-14 17:16:37.682 [info] Removed views:workbench.debug.breakPointsView,workbench.debug.callStackView,workbench.debug.watchExpressionsView,workbench.debug.variablesView from workbench.view.debug
2024-04-14 17:16:37.682 [info] Added views:workbench.debug.welcome in workbench.view.debug
2024-04-14 17:16:37.745 [info] Added views:~remote.forwardedPorts in ~remote.forwardedPortsContainer
2024-04-14 17:17:12.189 [info] Added views:workbench.panel.markers.view in workbench.panel.markers
2024-04-14 17:17:12.189 [info] Added views:workbench.panel.output in workbench.panel.output
2024-04-14 17:17:12.189 [info] Added views:terminal in terminal
2024-04-14 17:17:12.189 [info] Added views:outline in workbench.view.explorer
2024-04-14 17:17:12.189 [info] Added views:workbench.scm in workbench.view.scm
2024-04-14 17:17:12.189 [info] Added views:workbench.view.search in workbench.view.search
2024-04-14 17:17:12.189 [info] Added views:timeline in workbench.view.explorer
2024-04-14 17:17:12.189 [info] Added views:workbench.explorer.fileView in workbench.view.explorer
2024-04-14 17:17:12.649 [info] Added views:workbench.debug.variablesView,workbench.debug.watchExpressionsView,workbench.debug.callStackView,workbench.debug.breakPointsView in workbench.view.debug
2024-04-14 17:17:12.984 [info] Added views:workbench.panel.repl.view in workbench.panel.repl
2024-04-14 17:17:12.985 [info] Removed views:workbench.debug.breakPointsView,workbench.debug.callStackView,workbench.debug.watchExpressionsView,workbench.debug.variablesView from workbench.view.debug
2024-04-14 17:17:12.985 [info] Added views:workbench.debug.welcome in workbench.view.debug
2024-04-14 17:17:13.045 [info] Added views:~remote.forwardedPorts in ~remote.forwardedPortsContainer
2024-04-14 17:17:15.516 [info] Added views:workbench.views.extensions.installed,workbench.views.extensions.popular,extensions.recommendedList in workbench.view.extensions
2024-04-14 17:17:15.516 [info] Removed views:workbench.views.extensions.popular from workbench.view.extensions
2024-04-14 17:17:18.523 [info] Removed views:extensions.recommendedList,workbench.views.extensions.installed from workbench.view.extensions
2024-04-14 17:17:18.537 [info] Added views:workbench.views.extensions.marketplace in workbench.view.extensions
2024-04-14 17:17:43.974 [info] Added views:jupyterViewVariables in workbench.view.extension.jupyter-variables
2024-04-14 17:17:44.017 [info] Added views:cell-tag in workbench.view.extension.jupyter-variables
2024-04-14 17:22:13.271 [info] Added views:workbench.view.testing in workbench.view.extension.test
2024-04-14 17:39:52.991 [info] Removed views:workbench.view.testing from workbench.view.extension.test
