2024-03-20 15:09:43.064 [info] Started local extension host with pid 179875.
2024-03-20 15:09:45.814 [info] [perf] Render performance baseline is 35ms
2024-03-20 15:09:52.443 [info] Started local extension host with pid 181078.
2024-03-20 15:09:55.169 [info] [perf] Render performance baseline is 35ms
2024-03-20 15:09:58.024 [error] Cancelled: Canceled
    at ie.B (vscode-file://vscode-app/usr/lib/code/out/vs/workbench/workbench.desktop.main.js:781:28456)
    at async ie.z (vscode-file://vscode-app/usr/lib/code/out/vs/workbench/workbench.desktop.main.js:781:25333)
    at async ne (vscode-file://vscode-app/usr/lib/code/out/vs/workbench/workbench.desktop.main.js:781:24336)
    at async ie.query (vscode-file://vscode-app/usr/lib/code/out/vs/workbench/workbench.desktop.main.js:781:24557)
    at async Y.queryGallery (vscode-file://vscode-app/usr/lib/code/out/vs/workbench/workbench.desktop.main.js:2941:12106)
    at async ee.Cc (vscode-file://vscode-app/usr/lib/code/out/vs/workbench/workbench.desktop.main.js:2877:22903)
    at async ee.mc (vscode-file://vscode-app/usr/lib/code/out/vs/workbench/workbench.desktop.main.js:2877:14515)
    at async vscode-file://vscode-app/usr/lib/code/out/vs/workbench/workbench.desktop.main.js:2877:12817
2024-03-20 15:10:08.752 [error] Cancelled: Canceled
    at ie.B (vscode-file://vscode-app/usr/lib/code/out/vs/workbench/workbench.desktop.main.js:781:28456)
    at async ie.z (vscode-file://vscode-app/usr/lib/code/out/vs/workbench/workbench.desktop.main.js:781:25333)
    at async ne (vscode-file://vscode-app/usr/lib/code/out/vs/workbench/workbench.desktop.main.js:781:24336)
    at async ie.query (vscode-file://vscode-app/usr/lib/code/out/vs/workbench/workbench.desktop.main.js:781:24557)
    at async Y.queryGallery (vscode-file://vscode-app/usr/lib/code/out/vs/workbench/workbench.desktop.main.js:2941:12106)
    at async pe.Cc (vscode-file://vscode-app/usr/lib/code/out/vs/workbench/workbench.desktop.main.js:2877:22903)
    at async pe.mc (vscode-file://vscode-app/usr/lib/code/out/vs/workbench/workbench.desktop.main.js:2877:14515)
    at async vscode-file://vscode-app/usr/lib/code/out/vs/workbench/workbench.desktop.main.js:2877:12817
