2024-03-20 15:09:42.990 [info] Added views:workbench.panel.markers.view in workbench.panel.markers
2024-03-20 15:09:42.990 [info] Added views:workbench.panel.output in workbench.panel.output
2024-03-20 15:09:42.990 [info] Added views:terminal in terminal
2024-03-20 15:09:42.990 [info] Added views:outline in workbench.view.explorer
2024-03-20 15:09:42.990 [info] Added views:workbench.scm in workbench.view.scm
2024-03-20 15:09:42.990 [info] Added views:workbench.view.search in workbench.view.search
2024-03-20 15:09:42.990 [info] Added views:timeline in workbench.view.explorer
2024-03-20 15:09:42.990 [info] Added views:workbench.explorer.emptyView in workbench.view.explorer
2024-03-20 15:09:43.270 [info] Added views:workbench.debug.welcome in workbench.view.debug
2024-03-20 15:09:43.348 [info] Added views:~remote.forwardedPorts in ~remote.forwardedPortsContainer
2024-03-20 15:09:43.595 [info] Added views:workbench.panel.repl.view in workbench.panel.repl
2024-03-20 15:09:52.389 [info] Added views:workbench.panel.markers.view in workbench.panel.markers
2024-03-20 15:09:52.389 [info] Added views:workbench.panel.output in workbench.panel.output
2024-03-20 15:09:52.389 [info] Added views:terminal in terminal
2024-03-20 15:09:52.389 [info] Added views:outline in workbench.view.explorer
2024-03-20 15:09:52.389 [info] Added views:workbench.scm in workbench.view.scm
2024-03-20 15:09:52.389 [info] Added views:workbench.view.search in workbench.view.search
2024-03-20 15:09:52.389 [info] Added views:timeline in workbench.view.explorer
2024-03-20 15:09:52.389 [info] Added views:workbench.explorer.fileView in workbench.view.explorer
2024-03-20 15:09:52.623 [info] Added views:workbench.debug.variablesView,workbench.debug.watchExpressionsView,workbench.debug.callStackView,workbench.debug.breakPointsView in workbench.view.debug
2024-03-20 15:09:52.690 [info] Added views:~remote.forwardedPorts in ~remote.forwardedPortsContainer
2024-03-20 15:09:52.883 [info] Added views:workbench.panel.repl.view in workbench.panel.repl
2024-03-20 15:09:52.885 [info] Removed views:workbench.debug.breakPointsView,workbench.debug.callStackView,workbench.debug.watchExpressionsView,workbench.debug.variablesView from workbench.view.debug
2024-03-20 15:09:52.886 [info] Added views:workbench.debug.welcome in workbench.view.debug
2024-03-20 15:09:56.197 [info] Added views:workbench.views.extensions.installed,workbench.views.extensions.popular,extensions.recommendedList in workbench.view.extensions
2024-03-20 15:09:56.206 [info] Removed views:workbench.views.extensions.popular from workbench.view.extensions
2024-03-20 15:09:56.467 [info] Added views:workbench.views.extensions.popular in workbench.view.extensions
2024-03-20 15:09:58.000 [info] Removed views:extensions.recommendedList,workbench.views.extensions.popular,workbench.views.extensions.installed from workbench.view.extensions
2024-03-20 15:09:58.021 [info] Added views:workbench.views.extensions.marketplace in workbench.view.extensions
