2024-04-13 16:39:10.344 [info] Added views:workbench.panel.markers.view in workbench.panel.markers
2024-04-13 16:39:10.344 [info] Added views:workbench.panel.output in workbench.panel.output
2024-04-13 16:39:10.344 [info] Added views:terminal in terminal
2024-04-13 16:39:10.344 [info] Added views:outline in workbench.view.explorer
2024-04-13 16:39:10.344 [info] Added views:workbench.scm in workbench.view.scm
2024-04-13 16:39:10.344 [info] Added views:workbench.view.search in workbench.view.search
2024-04-13 16:39:10.344 [info] Added views:timeline in workbench.view.explorer
2024-04-13 16:39:10.344 [info] Added views:workbench.explorer.fileView in workbench.view.explorer
2024-04-13 16:39:10.607 [info] Added views:workbench.debug.welcome in workbench.view.debug
2024-04-13 16:39:11.163 [info] Added views:workbench.panel.repl.view in workbench.panel.repl
2024-04-13 16:39:11.509 [info] Added views:workbench.view.testing in workbench.view.extension.test
2024-04-13 16:39:11.530 [info] Added views:dartDependencyTree in workbench.view.explorer
2024-04-13 16:39:11.531 [info] Added views:dartFlutterSidebar,dartFlutterOutline in workbench.view.extension.flutter
2024-04-13 16:39:12.547 [info] Added views:javaProjectExplorer in workbench.view.explorer
2024-04-13 16:39:16.817 [info] Added views:~remote.forwardedPorts in ~remote.forwardedPortsContainer
2024-04-13 16:45:11.237 [info] Added views:workbench.debug.breakPointsView in workbench.view.debug
2024-04-13 16:45:12.222 [info] Removed views:workbench.debug.welcome from workbench.view.debug
2024-04-13 16:45:12.224 [info] Added views:workbench.debug.variablesView,workbench.debug.watchExpressionsView,workbench.debug.callStackView in workbench.view.debug
2024-04-13 16:45:43.700 [info] Removed views:workbench.debug.callStackView,workbench.debug.watchExpressionsView,workbench.debug.variablesView from workbench.view.debug
2024-04-13 16:45:43.702 [info] Added views:workbench.debug.welcome in workbench.view.debug
2024-04-13 16:45:49.974 [info] Removed views:workbench.debug.welcome from workbench.view.debug
2024-04-13 16:45:49.976 [info] Added views:workbench.debug.variablesView,workbench.debug.watchExpressionsView,workbench.debug.callStackView in workbench.view.debug
2024-04-13 17:03:45.103 [info] Removed views:workbench.debug.callStackView,workbench.debug.watchExpressionsView,workbench.debug.variablesView from workbench.view.debug
2024-04-13 17:03:45.104 [info] Added views:workbench.debug.welcome in workbench.view.debug
2024-04-13 17:17:10.147 [info] Removed views:workbench.view.testing from workbench.view.extension.test
