[e-Commerce-Dart-Flutter] flutter pub get --no-example
Resolving dependencies...
  leak_tracker 10.0.0 (10.0.5 available)
  leak_tracker_flutter_testing 2.0.1 (3.0.5 available)
  leak_tracker_testing 2.0.1 (3.0.1 available)
  material_color_utilities 0.8.0 (0.11.1 available)
  meta 1.11.0 (1.14.0 available)
  test_api 0.6.1 (0.7.1 available)
  vm_service 13.0.0 (14.2.0 available)
Got dependencies!
7 packages have newer versions incompatible with dependency constraints.
Try `flutter pub outdated` for more information.
exit code 0

--

[e-Commerce-Dart-Flutter] flutter pub get --no-example
Resolving dependencies...
  leak_tracker 10.0.0 (10.0.5 available)
  leak_tracker_flutter_testing 2.0.1 (3.0.5 available)
  leak_tracker_testing 2.0.1 (3.0.1 available)
  material_color_utilities 0.8.0 (0.11.1 available)
  meta 1.11.0 (1.14.0 available)
  test_api 0.6.1 (0.7.1 available)
  vm_service 13.0.0 (14.2.0 available)
Got dependencies!
7 packages have newer versions incompatible with dependency constraints.
Try `flutter pub outdated` for more information.
exit code 0

--

[e-Commerce-Dart-Flutter] flutter pub get --no-example
Resolving dependencies...
  _fe_analyzer_shared 61.0.0 (67.0.0 available)
  analyzer 5.13.0 (6.4.1 available)
  dart_style 2.3.2 (2.3.6 available)
  flat_buffers 2.0.5 (23.5.26 available)
  js 0.6.7 (0.7.1 available)
  leak_tracker 10.0.0 (10.0.5 available)
  leak_tracker_flutter_testing 2.0.1 (3.0.5 available)
  leak_tracker_testing 2.0.1 (3.0.1 available)
  material_color_utilities 0.8.0 (0.11.1 available)
  meta 1.11.0 (1.14.0 available)
  objectbox 1.7.0 (2.5.1 available)
  objectbox_flutter_libs 1.7.0 (2.5.1 available)
  objectbox_generator 1.7.0 (2.5.1 available)
  test_api 0.6.1 (0.7.1 available)
  vm_service 13.0.0 (14.2.0 available)
Got dependencies!
15 packages have newer versions incompatible with dependency constraints.
Try `flutter pub outdated` for more information.
exit code 0

--

[e-Commerce-Dart-Flutter] flutter pub get --no-example
Resolving dependencies...
  _fe_analyzer_shared 61.0.0 (67.0.0 available)
  analyzer 5.13.0 (6.4.1 available)
  dart_style 2.3.2 (2.3.6 available)
  flat_buffers 2.0.5 (23.5.26 available)
  js 0.6.7 (0.7.1 available)
  leak_tracker 10.0.0 (10.0.5 available)
  leak_tracker_flutter_testing 2.0.1 (3.0.5 available)
  leak_tracker_testing 2.0.1 (3.0.1 available)
  material_color_utilities 0.8.0 (0.11.1 available)
  meta 1.11.0 (1.14.0 available)
  objectbox 1.7.0 (2.5.1 available)
  objectbox_flutter_libs 1.7.0 (2.5.1 available)
  objectbox_generator 1.7.0 (2.5.1 available)
  test_api 0.6.1 (0.7.1 available)
  vm_service 13.0.0 (14.2.0 available)
Got dependencies!
15 packages have newer versions incompatible with dependency constraints.
Try `flutter pub outdated` for more information.
exit code 0

--

[e-Commerce-Dart-Flutter] flutter pub get --no-example
Resolving dependencies...
  leak_tracker 10.0.0 (10.0.5 available)
  leak_tracker_flutter_testing 2.0.1 (3.0.5 available)
  leak_tracker_testing 2.0.1 (3.0.1 available)
  material_color_utilities 0.8.0 (0.11.1 available)
  meta 1.11.0 (1.14.0 available)
  test_api 0.6.1 (0.7.1 available)
  vm_service 13.0.0 (14.2.0 available)
Got dependencies!
7 packages have newer versions incompatible with dependency constraints.
Try `flutter pub outdated` for more information.
exit code 0

--

[e-Commerce-Dart-Flutter] flutter pub get --no-example
Resolving dependencies...
  _fe_analyzer_shared 61.0.0 (67.0.0 available)
  analyzer 5.13.0 (6.4.1 available)
  dart_style 2.3.2 (2.3.6 available)
  flat_buffers 2.0.5 (23.5.26 available)
  js 0.6.7 (0.7.1 available)
  leak_tracker 10.0.0 (10.0.5 available)
  leak_tracker_flutter_testing 2.0.1 (3.0.5 available)
  leak_tracker_testing 2.0.1 (3.0.1 available)
  material_color_utilities 0.8.0 (0.11.1 available)
  meta 1.11.0 (1.14.0 available)
  objectbox 1.7.0 (2.5.1 available)
  objectbox_flutter_libs 1.7.0 (2.5.1 available)
  objectbox_generator 1.7.0 (2.5.1 available)
  test_api 0.6.1 (0.7.1 available)
  vm_service 13.0.0 (14.2.0 available)
Got dependencies!
15 packages have newer versions incompatible with dependency constraints.
Try `flutter pub outdated` for more information.
exit code 0

--

[e-Commerce-Dart-Flutter] flutter pub get --no-example
Resolving dependencies...
  leak_tracker 10.0.0 (10.0.5 available)
  leak_tracker_flutter_testing 2.0.1 (3.0.5 available)
  leak_tracker_testing 2.0.1 (3.0.1 available)
  material_color_utilities 0.8.0 (0.11.1 available)
  meta 1.11.0 (1.14.0 available)
  test_api 0.6.1 (0.7.1 available)
  vm_service 13.0.0 (14.2.0 available)
Got dependencies!
7 packages have newer versions incompatible with dependency constraints.
Try `flutter pub outdated` for more information.
exit code 0

--

[e-Commerce-Dart-Flutter] flutter pub get --no-example
Resolving dependencies...
  _fe_analyzer_shared 61.0.0 (67.0.0 available)
  analyzer 5.13.0 (6.4.1 available)
  dart_style 2.3.2 (2.3.6 available)
  flat_buffers 2.0.5 (23.5.26 available)
  js 0.6.7 (0.7.1 available)
  leak_tracker 10.0.0 (10.0.5 available)
  leak_tracker_flutter_testing 2.0.1 (3.0.5 available)
  leak_tracker_testing 2.0.1 (3.0.1 available)
  material_color_utilities 0.8.0 (0.11.1 available)
  meta 1.11.0 (1.14.0 available)
  objectbox 1.7.0 (2.5.1 available)
  objectbox_flutter_libs 1.7.0 (2.5.1 available)
  objectbox_generator 1.7.0 (2.5.1 available)
  test_api 0.6.1 (0.7.1 available)
  vm_service 13.0.0 (14.2.0 available)
Got dependencies!
15 packages have newer versions incompatible with dependency constraints.
Try `flutter pub outdated` for more information.
exit code 0

--

[e-Commerce-Dart-Flutter] flutter pub get --no-example
Resolving dependencies...
  leak_tracker 10.0.0 (10.0.5 available)
  leak_tracker_flutter_testing 2.0.1 (3.0.5 available)
  leak_tracker_testing 2.0.1 (3.0.1 available)
  material_color_utilities 0.8.0 (0.11.1 available)
  meta 1.11.0 (1.14.0 available)
  test_api 0.6.1 (0.7.1 available)
  vm_service 13.0.0 (14.2.0 available)
Got dependencies!
7 packages have newer versions incompatible with dependency constraints.
Try `flutter pub outdated` for more information.
exit code 0

--

[e-Commerce-Dart-Flutter] flutter pub get --no-example
Resolving dependencies...
  _fe_analyzer_shared 61.0.0 (67.0.0 available)
  analyzer 5.13.0 (6.4.1 available)
  dart_style 2.3.2 (2.3.6 available)
  flat_buffers 2.0.5 (23.5.26 available)
  js 0.6.7 (0.7.1 available)
  leak_tracker 10.0.0 (10.0.5 available)
  leak_tracker_flutter_testing 2.0.1 (3.0.5 available)
  leak_tracker_testing 2.0.1 (3.0.1 available)
  material_color_utilities 0.8.0 (0.11.1 available)
  meta 1.11.0 (1.14.0 available)
  objectbox 1.7.0 (2.5.1 available)
  objectbox_flutter_libs 1.7.0 (2.5.1 available)
  objectbox_generator 1.7.0 (2.5.1 available)
  test_api 0.6.1 (0.7.1 available)
  vm_service 13.0.0 (14.2.0 available)
Got dependencies!
15 packages have newer versions incompatible with dependency constraints.
Try `flutter pub outdated` for more information.
exit code 0

--

[e-Commerce-Dart-Flutter] flutter pub get --no-example
Resolving dependencies...
  _fe_analyzer_shared 61.0.0 (67.0.0 available)
  analyzer 5.13.0 (6.4.1 available)
  dart_style 2.3.2 (2.3.6 available)
  flat_buffers 2.0.5 (23.5.26 available)
  js 0.6.7 (0.7.1 available)
  leak_tracker 10.0.0 (10.0.5 available)
  leak_tracker_flutter_testing 2.0.1 (3.0.5 available)
  leak_tracker_testing 2.0.1 (3.0.1 available)
  material_color_utilities 0.8.0 (0.11.1 available)
  meta 1.11.0 (1.14.0 available)
  objectbox 1.7.0 (2.5.1 available)
  objectbox_flutter_libs 1.7.0 (2.5.1 available)
  objectbox_generator 1.7.0 (2.5.1 available)
  test_api 0.6.1 (0.7.1 available)
  vm_service 13.0.0 (14.2.0 available)
Got dependencies!
15 packages have newer versions incompatible with dependency constraints.
Try `flutter pub outdated` for more information.
exit code 0

--

[e-Commerce-Dart-Flutter] flutter pub get --no-example
Resolving dependencies...
  _fe_analyzer_shared 61.0.0 (67.0.0 available)
  analyzer 5.13.0 (6.4.1 available)
  dart_style 2.3.2 (2.3.6 available)
  flat_buffers 2.0.5 (23.5.26 available)
  get_it 7.6.9 (7.7.0 available)
  js 0.6.7 (0.7.1 available)
  leak_tracker 10.0.0 (10.0.5 available)
  leak_tracker_flutter_testing 2.0.1 (3.0.5 available)
  leak_tracker_testing 2.0.1 (3.0.1 available)
  material_color_utilities 0.8.0 (0.11.1 available)
  meta 1.11.0 (1.14.0 available)
  objectbox 1.7.0 (2.5.1 available)
  objectbox_flutter_libs 1.7.0 (2.5.1 available)
  objectbox_generator 1.7.0 (2.5.1 available)
  test_api 0.6.1 (0.7.1 available)
  vm_service 13.0.0 (14.2.0 available)
Got dependencies!
16 packages have newer versions incompatible with dependency constraints.
Try `flutter pub outdated` for more information.
exit code 0

--

[e-Commerce-Dart-Flutter] flutter pub get --no-example
Resolving dependencies...
  _fe_analyzer_shared 61.0.0 (67.0.0 available)
  analyzer 5.13.0 (6.4.1 available)
  dart_style 2.3.2 (2.3.6 available)
  flat_buffers 2.0.5 (23.5.26 available)
  get_it 7.6.9 (7.7.0 available)
  js 0.6.7 (0.7.1 available)
  leak_tracker 10.0.0 (10.0.5 available)
  leak_tracker_flutter_testing 2.0.1 (3.0.5 available)
  leak_tracker_testing 2.0.1 (3.0.1 available)
  material_color_utilities 0.8.0 (0.11.1 available)
  meta 1.11.0 (1.14.0 available)
  objectbox 1.7.0 (2.5.1 available)
  objectbox_flutter_libs 1.7.0 (2.5.1 available)
  objectbox_generator 1.7.0 (2.5.1 available)
  test_api 0.6.1 (0.7.1 available)
  vm_service 13.0.0 (14.2.0 available)
Got dependencies!
16 packages have newer versions incompatible with dependency constraints.
Try `flutter pub outdated` for more information.
exit code 0
