2024-04-12 06:37:57.668 [info] Log level: Info
2024-04-12 06:37:57.668 [info] Validating found git in: "git"
2024-04-12 06:37:57.668 [info] Using git "2.44.0" from "git"
2024-04-12 06:37:57.668 [info] > git rev-parse --show-toplevel [83ms]
2024-04-12 06:37:57.668 [info] > git rev-parse --git-dir --git-common-dir [29ms]
2024-04-12 06:37:57.668 [info] Open repository: /home/arch/Documents/e-Commerce-Dart-Flutter
2024-04-12 06:37:57.689 [info] > git rev-parse --show-toplevel [3ms]
2024-04-12 06:37:57.690 [info] > git config --get commit.template [11ms]
2024-04-12 06:37:57.715 [info] > git rev-parse --show-toplevel [12ms]
2024-04-12 06:37:57.728 [info] > git for-each-ref --format=%(refname)%00%(upstream:short)%00%(objectname)%00%(upstream:track)%00%(upstream:remotename)%00%(upstream:remoteref) refs/heads/main refs/remotes/main [14ms]
2024-04-12 06:37:57.738 [info] > git rev-parse --show-toplevel [12ms]
2024-04-12 06:37:57.751 [warning] ENOENT: no such file or directory, open '/home/arch/Documents/e-Commerce-Dart-Flutter/.git/refs/remotes/origin/main'
2024-04-12 06:37:57.763 [info] > git rev-parse refs/remotes/origin/main [13ms]
2024-04-12 06:37:57.780 [info] > git rev-parse --show-toplevel [19ms]
2024-04-12 06:37:57.798 [info] > git status -z -uall [27ms]
2024-04-12 06:37:57.799 [info] > git rev-parse --show-toplevel [3ms]
2024-04-12 06:37:57.835 [info] > git config --get commit.template [4ms]
2024-04-12 06:37:57.835 [info] > git rev-parse --show-toplevel [17ms]
2024-04-12 06:37:57.877 [info] > git rev-parse --show-toplevel [32ms]
2024-04-12 06:37:57.893 [info] > git for-each-ref --format=%(refname)%00%(upstream:short)%00%(objectname)%00%(upstream:track)%00%(upstream:remotename)%00%(upstream:remoteref) refs/heads/main refs/remotes/main [17ms]
2024-04-12 06:37:57.900 [warning] ENOENT: no such file or directory, open '/home/arch/Documents/e-Commerce-Dart-Flutter/.git/refs/remotes/origin/main'
2024-04-12 06:37:57.901 [info] > git rev-parse --show-toplevel [9ms]
2024-04-12 06:37:57.909 [info] > git rev-parse refs/remotes/origin/main [9ms]
2024-04-12 06:37:57.916 [info] > git rev-parse --show-toplevel [8ms]
2024-04-12 06:37:57.927 [info] > git status -z -uall [13ms]
2024-04-12 06:37:57.927 [info] > git rev-parse --show-toplevel [4ms]
2024-04-12 06:37:58.266 [info] > git check-ignore -v -z --stdin [29ms]
2024-04-12 06:37:58.267 [info] > git show --textconv :lib/home/login.dart [12ms]
2024-04-12 06:37:58.268 [info] > git ls-files --stage -- /home/arch/Documents/e-Commerce-Dart-Flutter/lib/home/login.dart [5ms]
2024-04-12 06:38:46.391 [info] > git config --get commit.template [2ms]
2024-04-12 06:38:46.446 [info] > git for-each-ref --format=%(refname)%00%(upstream:short)%00%(objectname)%00%(upstream:track)%00%(upstream:remotename)%00%(upstream:remoteref) refs/heads/main refs/remotes/main [14ms]
2024-04-12 06:38:46.476 [warning] ENOENT: no such file or directory, open '/home/arch/Documents/e-Commerce-Dart-Flutter/.git/refs/remotes/origin/main'
2024-04-12 06:38:46.478 [info] > git rev-parse refs/remotes/origin/main [2ms]
2024-04-12 06:38:46.541 [info] > git status -z -uall [40ms]
2024-04-12 06:39:08.433 [info] > git config --get commit.template [12ms]
2024-04-12 06:39:08.434 [info] > git for-each-ref --format=%(refname)%00%(upstream:short)%00%(objectname)%00%(upstream:track)%00%(upstream:remotename)%00%(upstream:remoteref) refs/heads/main refs/remotes/main [2ms]
2024-04-12 06:39:08.442 [warning] ENOENT: no such file or directory, open '/home/arch/Documents/e-Commerce-Dart-Flutter/.git/refs/remotes/origin/main'
2024-04-12 06:39:08.443 [info] > git rev-parse refs/remotes/origin/main [1ms]
2024-04-12 06:39:08.467 [info] > git status -z -uall [9ms]
2024-04-12 06:39:46.482 [info] > git for-each-ref --format=%(refname)%00%(upstream:short)%00%(objectname)%00%(upstream:track)%00%(upstream:remotename)%00%(upstream:remoteref) refs/heads/main refs/remotes/main [1ms]
2024-04-12 06:39:46.482 [info] > git config --get commit.template [20ms]
2024-04-12 06:39:46.493 [warning] ENOENT: no such file or directory, open '/home/arch/Documents/e-Commerce-Dart-Flutter/.git/refs/remotes/origin/main'
2024-04-12 06:39:46.497 [info] > git rev-parse refs/remotes/origin/main [4ms]
2024-04-12 06:39:46.523 [info] > git status -z -uall [10ms]
2024-04-12 06:39:51.547 [info] > git config --get commit.template [1ms]
2024-04-12 06:39:51.557 [info] > git for-each-ref --format=%(refname)%00%(upstream:short)%00%(objectname)%00%(upstream:track)%00%(upstream:remotename)%00%(upstream:remoteref) refs/heads/main refs/remotes/main [2ms]
2024-04-12 06:39:51.568 [warning] ENOENT: no such file or directory, open '/home/arch/Documents/e-Commerce-Dart-Flutter/.git/refs/remotes/origin/main'
2024-04-12 06:39:51.569 [info] > git rev-parse refs/remotes/origin/main [1ms]
2024-04-12 06:39:51.589 [info] > git status -z -uall [10ms]
2024-04-12 06:40:05.322 [info] > git config --get commit.template [3ms]
2024-04-12 06:40:05.342 [info] > git for-each-ref --format=%(refname)%00%(upstream:short)%00%(objectname)%00%(upstream:track)%00%(upstream:remotename)%00%(upstream:remoteref) refs/heads/main refs/remotes/main [5ms]
2024-04-12 06:40:05.355 [warning] ENOENT: no such file or directory, open '/home/arch/Documents/e-Commerce-Dart-Flutter/.git/refs/remotes/origin/main'
2024-04-12 06:40:05.356 [info] > git rev-parse refs/remotes/origin/main [1ms]
2024-04-12 06:40:05.385 [info] > git status -z -uall [11ms]
2024-04-12 06:40:10.430 [info] > git config --get commit.template [20ms]
2024-04-12 06:40:10.432 [info] > git for-each-ref --format=%(refname)%00%(upstream:short)%00%(objectname)%00%(upstream:track)%00%(upstream:remotename)%00%(upstream:remoteref) refs/heads/main refs/remotes/main [5ms]
2024-04-12 06:40:10.447 [warning] ENOENT: no such file or directory, open '/home/arch/Documents/e-Commerce-Dart-Flutter/.git/refs/remotes/origin/main'
2024-04-12 06:40:10.450 [info] > git rev-parse refs/remotes/origin/main [3ms]
2024-04-12 06:40:10.483 [info] > git status -z -uall [16ms]
2024-04-12 06:42:02.774 [info] > git config --get commit.template [11ms]
2024-04-12 06:42:02.775 [info] > git for-each-ref --format=%(refname)%00%(upstream:short)%00%(objectname)%00%(upstream:track)%00%(upstream:remotename)%00%(upstream:remoteref) refs/heads/main refs/remotes/main [3ms]
2024-04-12 06:42:02.789 [warning] ENOENT: no such file or directory, open '/home/arch/Documents/e-Commerce-Dart-Flutter/.git/refs/remotes/origin/main'
2024-04-12 06:42:02.792 [info] > git rev-parse refs/remotes/origin/main [2ms]
2024-04-12 06:42:02.844 [info] > git status -z -uall [26ms]
2024-04-12 06:42:09.985 [info] > git config --get commit.template [24ms]
2024-04-12 06:42:09.988 [info] > git for-each-ref --format=%(refname)%00%(upstream:short)%00%(objectname)%00%(upstream:track)%00%(upstream:remotename)%00%(upstream:remoteref) refs/heads/main refs/remotes/main [5ms]
2024-04-12 06:42:10.011 [warning] ENOENT: no such file or directory, open '/home/arch/Documents/e-Commerce-Dart-Flutter/.git/refs/remotes/origin/main'
2024-04-12 06:42:10.016 [info] > git rev-parse refs/remotes/origin/main [5ms]
2024-04-12 06:42:10.062 [info] > git status -z -uall [21ms]
2024-04-12 06:42:21.318 [info] > git config --get commit.template [22ms]
2024-04-12 06:42:21.320 [info] > git for-each-ref --format=%(refname)%00%(upstream:short)%00%(objectname)%00%(upstream:track)%00%(upstream:remotename)%00%(upstream:remoteref) refs/heads/main refs/remotes/main [4ms]
2024-04-12 06:42:21.343 [warning] ENOENT: no such file or directory, open '/home/arch/Documents/e-Commerce-Dart-Flutter/.git/refs/remotes/origin/main'
2024-04-12 06:42:21.346 [info] > git rev-parse refs/remotes/origin/main [3ms]
2024-04-12 06:42:21.381 [info] > git status -z -uall [16ms]
2024-04-12 06:43:00.574 [info] > git config --get commit.template [10ms]
2024-04-12 06:43:00.627 [info] > git for-each-ref --format=%(refname)%00%(upstream:short)%00%(objectname)%00%(upstream:track)%00%(upstream:remotename)%00%(upstream:remoteref) refs/heads/main refs/remotes/main [8ms]
2024-04-12 06:43:00.647 [warning] ENOENT: no such file or directory, open '/home/arch/Documents/e-Commerce-Dart-Flutter/.git/refs/remotes/origin/main'
2024-04-12 06:43:00.648 [info] > git rev-parse refs/remotes/origin/main [2ms]
2024-04-12 06:43:00.671 [info] > git status -z -uall [10ms]
2024-04-12 06:43:07.244 [info] > git config --get commit.template [34ms]
2024-04-12 06:43:07.247 [info] > git for-each-ref --format=%(refname)%00%(upstream:short)%00%(objectname)%00%(upstream:track)%00%(upstream:remotename)%00%(upstream:remoteref) refs/heads/main refs/remotes/main [4ms]
2024-04-12 06:43:07.268 [warning] ENOENT: no such file or directory, open '/home/arch/Documents/e-Commerce-Dart-Flutter/.git/refs/remotes/origin/main'
2024-04-12 06:43:07.291 [info] > git rev-parse refs/remotes/origin/main [23ms]
2024-04-12 06:43:07.348 [info] > git status -z -uall [21ms]
2024-04-12 06:43:16.608 [info] > git show --textconv :lib/main.dart [38ms]
2024-04-12 06:43:16.612 [info] > git ls-files --stage -- /home/arch/Documents/e-Commerce-Dart-Flutter/lib/main.dart [12ms]
2024-04-12 06:43:16.640 [info] > git cat-file -s edd84f1217ab1d13c3a12beefa8d80b57c490aa6 [8ms]
2024-04-12 06:43:32.174 [info] > git config --get commit.template [32ms]
2024-04-12 06:43:32.175 [info] > git for-each-ref --format=%(refname)%00%(upstream:short)%00%(objectname)%00%(upstream:track)%00%(upstream:remotename)%00%(upstream:remoteref) refs/heads/main refs/remotes/main [2ms]
2024-04-12 06:43:32.222 [warning] ENOENT: no such file or directory, open '/home/arch/Documents/e-Commerce-Dart-Flutter/.git/refs/remotes/origin/main'
2024-04-12 06:43:32.224 [info] > git rev-parse refs/remotes/origin/main [3ms]
2024-04-12 06:43:32.316 [info] > git status -z -uall [55ms]
2024-04-12 06:43:38.371 [info] > git config --get commit.template [5ms]
2024-04-12 06:43:38.414 [info] > git for-each-ref --format=%(refname)%00%(upstream:short)%00%(objectname)%00%(upstream:track)%00%(upstream:remotename)%00%(upstream:remoteref) refs/heads/main refs/remotes/main [12ms]
2024-04-12 06:43:38.465 [warning] ENOENT: no such file or directory, open '/home/arch/Documents/e-Commerce-Dart-Flutter/.git/refs/remotes/origin/main'
2024-04-12 06:43:38.478 [info] > git rev-parse refs/remotes/origin/main [13ms]
2024-04-12 06:43:38.526 [info] > git status -z -uall [25ms]
2024-04-12 06:43:51.932 [info] > git config --get commit.template [14ms]
2024-04-12 06:43:51.934 [info] > git for-each-ref --format=%(refname)%00%(upstream:short)%00%(objectname)%00%(upstream:track)%00%(upstream:remotename)%00%(upstream:remoteref) refs/heads/main refs/remotes/main [3ms]
2024-04-12 06:43:51.943 [warning] ENOENT: no such file or directory, open '/home/arch/Documents/e-Commerce-Dart-Flutter/.git/refs/remotes/origin/main'
2024-04-12 06:43:51.945 [info] > git rev-parse refs/remotes/origin/main [2ms]
2024-04-12 06:43:51.969 [info] > git status -z -uall [10ms]
2024-04-12 06:43:57.012 [info] > git config --get commit.template [6ms]
2024-04-12 06:43:57.029 [info] > git for-each-ref --format=%(refname)%00%(upstream:short)%00%(objectname)%00%(upstream:track)%00%(upstream:remotename)%00%(upstream:remoteref) refs/heads/main refs/remotes/main [3ms]
2024-04-12 06:43:57.044 [warning] ENOENT: no such file or directory, open '/home/arch/Documents/e-Commerce-Dart-Flutter/.git/refs/remotes/origin/main'
2024-04-12 06:43:57.047 [info] > git rev-parse refs/remotes/origin/main [3ms]
2024-04-12 06:43:57.068 [info] > git status -z -uall [8ms]
2024-04-12 06:44:05.904 [info] > git config --get commit.template [25ms]
2024-04-12 06:44:05.905 [info] > git for-each-ref --format=%(refname)%00%(upstream:short)%00%(objectname)%00%(upstream:track)%00%(upstream:remotename)%00%(upstream:remoteref) refs/heads/main refs/remotes/main [2ms]
2024-04-12 06:44:05.922 [warning] ENOENT: no such file or directory, open '/home/arch/Documents/e-Commerce-Dart-Flutter/.git/refs/remotes/origin/main'
2024-04-12 06:44:05.923 [info] > git rev-parse refs/remotes/origin/main [2ms]
2024-04-12 06:44:05.986 [info] > git status -z -uall [24ms]
2024-04-12 06:44:11.038 [info] > git config --get commit.template [2ms]
2024-04-12 06:44:11.098 [info] > git for-each-ref --format=%(refname)%00%(upstream:short)%00%(objectname)%00%(upstream:track)%00%(upstream:remotename)%00%(upstream:remoteref) refs/heads/main refs/remotes/main [18ms]
2024-04-12 06:44:11.131 [warning] ENOENT: no such file or directory, open '/home/arch/Documents/e-Commerce-Dart-Flutter/.git/refs/remotes/origin/main'
2024-04-12 06:44:11.138 [info] > git rev-parse refs/remotes/origin/main [6ms]
2024-04-12 06:44:11.199 [info] > git status -z -uall [27ms]
2024-04-12 06:44:21.005 [info] > git config --get commit.template [1ms]
2024-04-12 06:44:21.017 [info] > git for-each-ref --format=%(refname)%00%(upstream:short)%00%(objectname)%00%(upstream:track)%00%(upstream:remotename)%00%(upstream:remoteref) refs/heads/main refs/remotes/main [1ms]
2024-04-12 06:44:21.029 [warning] ENOENT: no such file or directory, open '/home/arch/Documents/e-Commerce-Dart-Flutter/.git/refs/remotes/origin/main'
2024-04-12 06:44:21.030 [info] > git rev-parse refs/remotes/origin/main [1ms]
2024-04-12 06:44:21.047 [info] > git status -z -uall [8ms]
2024-04-12 06:44:51.121 [info] > git config --get commit.template [13ms]
2024-04-12 06:44:51.122 [info] > git for-each-ref --format=%(refname)%00%(upstream:short)%00%(objectname)%00%(upstream:track)%00%(upstream:remotename)%00%(upstream:remoteref) refs/heads/main refs/remotes/main [2ms]
2024-04-12 06:44:51.131 [warning] ENOENT: no such file or directory, open '/home/arch/Documents/e-Commerce-Dart-Flutter/.git/refs/remotes/origin/main'
2024-04-12 06:44:51.132 [info] > git rev-parse refs/remotes/origin/main [1ms]
2024-04-12 06:44:51.152 [info] > git status -z -uall [9ms]
2024-04-12 06:45:11.033 [info] > git for-each-ref --format=%(refname)%00%(upstream:short)%00%(objectname)%00%(upstream:track)%00%(upstream:remotename)%00%(upstream:remoteref) refs/heads/main refs/remotes/main [1ms]
2024-04-12 06:45:11.034 [info] > git config --get commit.template [32ms]
2024-04-12 06:45:11.048 [warning] ENOENT: no such file or directory, open '/home/arch/Documents/e-Commerce-Dart-Flutter/.git/refs/remotes/origin/main'
2024-04-12 06:45:11.050 [info] > git rev-parse refs/remotes/origin/main [3ms]
2024-04-12 06:45:11.075 [info] > git status -z -uall [11ms]
2024-04-12 06:45:16.101 [info] > git config --get commit.template [12ms]
2024-04-12 06:45:16.102 [info] > git for-each-ref --format=%(refname)%00%(upstream:short)%00%(objectname)%00%(upstream:track)%00%(upstream:remotename)%00%(upstream:remoteref) refs/heads/main refs/remotes/main [2ms]
2024-04-12 06:45:16.114 [warning] ENOENT: no such file or directory, open '/home/arch/Documents/e-Commerce-Dart-Flutter/.git/refs/remotes/origin/main'
2024-04-12 06:45:16.115 [info] > git rev-parse refs/remotes/origin/main [1ms]
2024-04-12 06:45:16.132 [info] > git status -z -uall [8ms]
2024-04-12 06:45:21.154 [info] > git config --get commit.template [8ms]
2024-04-12 06:45:21.154 [info] > git for-each-ref --format=%(refname)%00%(upstream:short)%00%(objectname)%00%(upstream:track)%00%(upstream:remotename)%00%(upstream:remoteref) refs/heads/main refs/remotes/main [1ms]
2024-04-12 06:45:21.160 [warning] ENOENT: no such file or directory, open '/home/arch/Documents/e-Commerce-Dart-Flutter/.git/refs/remotes/origin/main'
2024-04-12 06:45:21.161 [info] > git rev-parse refs/remotes/origin/main [1ms]
2024-04-12 06:45:21.174 [info] > git status -z -uall [6ms]
2024-04-12 06:45:26.200 [info] > git config --get commit.template [11ms]
2024-04-12 06:45:26.202 [info] > git for-each-ref --format=%(refname)%00%(upstream:short)%00%(objectname)%00%(upstream:track)%00%(upstream:remotename)%00%(upstream:remoteref) refs/heads/main refs/remotes/main [2ms]
2024-04-12 06:45:26.214 [warning] ENOENT: no such file or directory, open '/home/arch/Documents/e-Commerce-Dart-Flutter/.git/refs/remotes/origin/main'
2024-04-12 06:45:26.218 [info] > git rev-parse refs/remotes/origin/main [4ms]
2024-04-12 06:45:26.236 [info] > git status -z -uall [9ms]
2024-04-12 06:45:50.728 [info] > git show --textconv :lib/home/login.dart [18ms]
2024-04-12 06:45:50.732 [info] > git ls-files --stage -- /home/arch/Documents/e-Commerce-Dart-Flutter/lib/home/login.dart [7ms]
2024-04-12 06:46:02.201 [info] > git config --get commit.template [23ms]
2024-04-12 06:46:02.202 [info] > git for-each-ref --format=%(refname)%00%(upstream:short)%00%(objectname)%00%(upstream:track)%00%(upstream:remotename)%00%(upstream:remoteref) refs/heads/main refs/remotes/main [1ms]
2024-04-12 06:46:02.218 [warning] ENOENT: no such file or directory, open '/home/arch/Documents/e-Commerce-Dart-Flutter/.git/refs/remotes/origin/main'
2024-04-12 06:46:02.220 [info] > git rev-parse refs/remotes/origin/main [2ms]
2024-04-12 06:46:02.248 [info] > git status -z -uall [13ms]
2024-04-12 06:47:00.375 [info] > git config --get commit.template [7ms]
2024-04-12 06:47:00.376 [info] > git for-each-ref --format=%(refname)%00%(upstream:short)%00%(objectname)%00%(upstream:track)%00%(upstream:remotename)%00%(upstream:remoteref) refs/heads/main refs/remotes/main [2ms]
2024-04-12 06:47:00.382 [warning] ENOENT: no such file or directory, open '/home/arch/Documents/e-Commerce-Dart-Flutter/.git/refs/remotes/origin/main'
2024-04-12 06:47:00.383 [info] > git rev-parse refs/remotes/origin/main [1ms]
2024-04-12 06:47:00.398 [info] > git status -z -uall [7ms]
2024-04-12 06:47:41.153 [info] > git config --get commit.template [9ms]
2024-04-12 06:47:41.153 [info] > git for-each-ref --format=%(refname)%00%(upstream:short)%00%(objectname)%00%(upstream:track)%00%(upstream:remotename)%00%(upstream:remoteref) refs/heads/main refs/remotes/main [1ms]
2024-04-12 06:47:41.160 [warning] ENOENT: no such file or directory, open '/home/arch/Documents/e-Commerce-Dart-Flutter/.git/refs/remotes/origin/main'
2024-04-12 06:47:41.161 [info] > git rev-parse refs/remotes/origin/main [1ms]
2024-04-12 06:47:41.174 [info] > git status -z -uall [6ms]
2024-04-12 06:47:59.872 [info] > git config --get commit.template [30ms]
2024-04-12 06:47:59.874 [info] > git for-each-ref --format=%(refname)%00%(upstream:short)%00%(objectname)%00%(upstream:track)%00%(upstream:remotename)%00%(upstream:remoteref) refs/heads/main refs/remotes/main [9ms]
2024-04-12 06:47:59.901 [warning] ENOENT: no such file or directory, open '/home/arch/Documents/e-Commerce-Dart-Flutter/.git/refs/remotes/origin/main'
2024-04-12 06:47:59.909 [info] > git rev-parse refs/remotes/origin/main [7ms]
2024-04-12 06:47:59.939 [info] > git status -z -uall [11ms]
2024-04-12 06:48:29.933 [info] > git config --get commit.template [15ms]
2024-04-12 06:48:29.934 [info] > git for-each-ref --format=%(refname)%00%(upstream:short)%00%(objectname)%00%(upstream:track)%00%(upstream:remotename)%00%(upstream:remoteref) refs/heads/main refs/remotes/main [2ms]
2024-04-12 06:48:29.944 [warning] ENOENT: no such file or directory, open '/home/arch/Documents/e-Commerce-Dart-Flutter/.git/refs/remotes/origin/main'
2024-04-12 06:48:29.945 [info] > git rev-parse refs/remotes/origin/main [1ms]
2024-04-12 06:48:29.958 [info] > git status -z -uall [6ms]
2024-04-12 06:48:40.291 [info] > git for-each-ref --format=%(refname)%00%(upstream:short)%00%(objectname)%00%(upstream:track)%00%(upstream:remotename)%00%(upstream:remoteref) refs/heads/main refs/remotes/main [5ms]
2024-04-12 06:48:40.292 [info] > git config --get commit.template [33ms]
2024-04-12 06:48:40.319 [warning] ENOENT: no such file or directory, open '/home/arch/Documents/e-Commerce-Dart-Flutter/.git/refs/remotes/origin/main'
2024-04-12 06:48:40.324 [info] > git rev-parse refs/remotes/origin/main [4ms]
2024-04-12 06:48:40.359 [info] > git status -z -uall [13ms]
2024-04-12 06:48:48.800 [info] > git config --get commit.template [7ms]
2024-04-12 06:48:48.800 [info] > git for-each-ref --format=%(refname)%00%(upstream:short)%00%(objectname)%00%(upstream:track)%00%(upstream:remotename)%00%(upstream:remoteref) refs/heads/main refs/remotes/main [1ms]
2024-04-12 06:48:48.807 [warning] ENOENT: no such file or directory, open '/home/arch/Documents/e-Commerce-Dart-Flutter/.git/refs/remotes/origin/main'
2024-04-12 06:48:48.808 [info] > git rev-parse refs/remotes/origin/main [1ms]
2024-04-12 06:48:48.822 [info] > git status -z -uall [7ms]
2024-04-12 06:49:02.659 [info] > git config --get commit.template [10ms]
2024-04-12 06:49:02.660 [info] > git for-each-ref --format=%(refname)%00%(upstream:short)%00%(objectname)%00%(upstream:track)%00%(upstream:remotename)%00%(upstream:remoteref) refs/heads/main refs/remotes/main [2ms]
2024-04-12 06:49:02.670 [warning] ENOENT: no such file or directory, open '/home/arch/Documents/e-Commerce-Dart-Flutter/.git/refs/remotes/origin/main'
2024-04-12 06:49:02.672 [info] > git rev-parse refs/remotes/origin/main [1ms]
2024-04-12 06:49:02.686 [info] > git status -z -uall [6ms]
2024-04-12 06:49:07.739 [info] > git config --get commit.template [28ms]
2024-04-12 06:49:07.741 [info] > git for-each-ref --format=%(refname)%00%(upstream:short)%00%(objectname)%00%(upstream:track)%00%(upstream:remotename)%00%(upstream:remoteref) refs/heads/main refs/remotes/main [4ms]
2024-04-12 06:49:07.764 [warning] ENOENT: no such file or directory, open '/home/arch/Documents/e-Commerce-Dart-Flutter/.git/refs/remotes/origin/main'
2024-04-12 06:49:07.768 [info] > git rev-parse refs/remotes/origin/main [4ms]
2024-04-12 06:49:07.811 [info] > git status -z -uall [21ms]
2024-04-12 06:49:26.285 [info] > git config --get commit.template [5ms]
2024-04-12 06:49:26.305 [info] > git for-each-ref --format=%(refname)%00%(upstream:short)%00%(objectname)%00%(upstream:track)%00%(upstream:remotename)%00%(upstream:remoteref) refs/heads/main refs/remotes/main [3ms]
2024-04-12 06:49:26.317 [warning] ENOENT: no such file or directory, open '/home/arch/Documents/e-Commerce-Dart-Flutter/.git/refs/remotes/origin/main'
2024-04-12 06:49:26.328 [info] > git rev-parse refs/remotes/origin/main [13ms]
2024-04-12 06:49:26.348 [info] > git status -z -uall [10ms]
2024-04-12 06:49:38.943 [info] > git config --get commit.template [20ms]
2024-04-12 06:49:38.945 [info] > git for-each-ref --format=%(refname)%00%(upstream:short)%00%(objectname)%00%(upstream:track)%00%(upstream:remotename)%00%(upstream:remoteref) refs/heads/main refs/remotes/main [3ms]
2024-04-12 06:49:38.959 [warning] ENOENT: no such file or directory, open '/home/arch/Documents/e-Commerce-Dart-Flutter/.git/refs/remotes/origin/main'
2024-04-12 06:49:38.960 [info] > git rev-parse refs/remotes/origin/main [2ms]
2024-04-12 06:49:38.977 [info] > git status -z -uall [6ms]
2024-04-12 06:50:22.795 [info] > git config --get commit.template [8ms]
2024-04-12 06:50:22.858 [info] > git for-each-ref --format=%(refname)%00%(upstream:short)%00%(objectname)%00%(upstream:track)%00%(upstream:remotename)%00%(upstream:remoteref) refs/heads/main refs/remotes/main [9ms]
2024-04-12 06:50:22.909 [warning] ENOENT: no such file or directory, open '/home/arch/Documents/e-Commerce-Dart-Flutter/.git/refs/remotes/origin/main'
2024-04-12 06:50:22.920 [info] > git rev-parse refs/remotes/origin/main [10ms]
2024-04-12 06:50:22.952 [info] > git status -z -uall [11ms]
2024-04-12 06:50:32.516 [info] > git config --get commit.template [1ms]
2024-04-12 06:50:32.538 [info] > git for-each-ref --format=%(refname)%00%(upstream:short)%00%(objectname)%00%(upstream:track)%00%(upstream:remotename)%00%(upstream:remoteref) refs/heads/main refs/remotes/main [1ms]
2024-04-12 06:50:32.560 [warning] ENOENT: no such file or directory, open '/home/arch/Documents/e-Commerce-Dart-Flutter/.git/refs/remotes/origin/main'
2024-04-12 06:50:32.561 [info] > git rev-parse refs/remotes/origin/main [1ms]
2024-04-12 06:50:32.600 [info] > git status -z -uall [12ms]
2024-04-12 06:50:44.398 [info] > git config --get commit.template [24ms]
2024-04-12 06:50:44.407 [info] > git for-each-ref --format=%(refname)%00%(upstream:short)%00%(objectname)%00%(upstream:track)%00%(upstream:remotename)%00%(upstream:remoteref) refs/heads/main refs/remotes/main [9ms]
2024-04-12 06:50:44.431 [warning] ENOENT: no such file or directory, open '/home/arch/Documents/e-Commerce-Dart-Flutter/.git/refs/remotes/origin/main'
2024-04-12 06:50:44.433 [info] > git rev-parse refs/remotes/origin/main [2ms]
2024-04-12 06:50:44.455 [info] > git status -z -uall [10ms]
2024-04-12 06:50:51.491 [info] > git config --get commit.template [13ms]
2024-04-12 06:50:51.492 [info] > git for-each-ref --format=%(refname)%00%(upstream:short)%00%(objectname)%00%(upstream:track)%00%(upstream:remotename)%00%(upstream:remoteref) refs/heads/main refs/remotes/main [2ms]
2024-04-12 06:50:51.504 [warning] ENOENT: no such file or directory, open '/home/arch/Documents/e-Commerce-Dart-Flutter/.git/refs/remotes/origin/main'
2024-04-12 06:50:51.506 [info] > git rev-parse refs/remotes/origin/main [2ms]
2024-04-12 06:50:51.526 [info] > git status -z -uall [10ms]
2024-04-12 06:51:09.075 [info] > git config --get commit.template [10ms]
2024-04-12 06:51:09.075 [info] > git for-each-ref --format=%(refname)%00%(upstream:short)%00%(objectname)%00%(upstream:track)%00%(upstream:remotename)%00%(upstream:remoteref) refs/heads/main refs/remotes/main [1ms]
2024-04-12 06:51:09.083 [warning] ENOENT: no such file or directory, open '/home/arch/Documents/e-Commerce-Dart-Flutter/.git/refs/remotes/origin/main'
2024-04-12 06:51:09.084 [info] > git rev-parse refs/remotes/origin/main [1ms]
2024-04-12 06:51:09.099 [info] > git status -z -uall [7ms]
2024-04-12 06:51:18.332 [info] > git config --get commit.template [17ms]
2024-04-12 06:51:18.339 [info] > git for-each-ref --format=%(refname)%00%(upstream:short)%00%(objectname)%00%(upstream:track)%00%(upstream:remotename)%00%(upstream:remoteref) refs/heads/main refs/remotes/main [9ms]
2024-04-12 06:51:18.354 [warning] ENOENT: no such file or directory, open '/home/arch/Documents/e-Commerce-Dart-Flutter/.git/refs/remotes/origin/main'
2024-04-12 06:51:18.357 [info] > git rev-parse refs/remotes/origin/main [3ms]
2024-04-12 06:51:18.392 [info] > git status -z -uall [12ms]
2024-04-12 06:52:18.912 [info] > git config --get commit.template [24ms]
2024-04-12 06:52:18.915 [info] > git for-each-ref --format=%(refname)%00%(upstream:short)%00%(objectname)%00%(upstream:track)%00%(upstream:remotename)%00%(upstream:remoteref) refs/heads/main refs/remotes/main [5ms]
2024-04-12 06:52:18.938 [warning] ENOENT: no such file or directory, open '/home/arch/Documents/e-Commerce-Dart-Flutter/.git/refs/remotes/origin/main'
2024-04-12 06:52:18.940 [info] > git rev-parse refs/remotes/origin/main [3ms]
2024-04-12 06:52:18.961 [info] > git status -z -uall [8ms]
2024-04-12 06:52:24.362 [info] > git config --get commit.template [16ms]
2024-04-12 06:52:24.362 [info] > git for-each-ref --format=%(refname)%00%(upstream:short)%00%(objectname)%00%(upstream:track)%00%(upstream:remotename)%00%(upstream:remoteref) refs/heads/main refs/remotes/main [1ms]
2024-04-12 06:52:24.373 [warning] ENOENT: no such file or directory, open '/home/arch/Documents/e-Commerce-Dart-Flutter/.git/refs/remotes/origin/main'
2024-04-12 06:52:24.375 [info] > git rev-parse refs/remotes/origin/main [2ms]
2024-04-12 06:52:24.395 [info] > git status -z -uall [9ms]
2024-04-12 06:52:49.189 [info] > git config --get commit.template [3ms]
2024-04-12 06:52:49.224 [info] > git for-each-ref --format=%(refname)%00%(upstream:short)%00%(objectname)%00%(upstream:track)%00%(upstream:remotename)%00%(upstream:remoteref) refs/heads/main refs/remotes/main [8ms]
2024-04-12 06:52:49.244 [warning] ENOENT: no such file or directory, open '/home/arch/Documents/e-Commerce-Dart-Flutter/.git/refs/remotes/origin/main'
2024-04-12 06:52:49.246 [info] > git rev-parse refs/remotes/origin/main [2ms]
2024-04-12 06:52:49.300 [info] > git status -z -uall [13ms]
2024-04-12 06:53:02.891 [info] > git config --get commit.template [17ms]
2024-04-12 06:53:02.892 [info] > git for-each-ref --format=%(refname)%00%(upstream:short)%00%(objectname)%00%(upstream:track)%00%(upstream:remotename)%00%(upstream:remoteref) refs/heads/main refs/remotes/main [2ms]
2024-04-12 06:53:02.908 [warning] ENOENT: no such file or directory, open '/home/arch/Documents/e-Commerce-Dart-Flutter/.git/refs/remotes/origin/main'
2024-04-12 06:53:02.911 [info] > git rev-parse refs/remotes/origin/main [2ms]
2024-04-12 06:53:02.931 [info] > git status -z -uall [9ms]
2024-04-12 06:53:07.961 [info] > git config --get commit.template [5ms]
2024-04-12 06:53:07.982 [info] > git for-each-ref --format=%(refname)%00%(upstream:short)%00%(objectname)%00%(upstream:track)%00%(upstream:remotename)%00%(upstream:remoteref) refs/heads/main refs/remotes/main [4ms]
2024-04-12 06:53:08.000 [warning] ENOENT: no such file or directory, open '/home/arch/Documents/e-Commerce-Dart-Flutter/.git/refs/remotes/origin/main'
2024-04-12 06:53:08.004 [info] > git rev-parse refs/remotes/origin/main [4ms]
2024-04-12 06:53:08.035 [info] > git status -z -uall [14ms]
2024-04-12 06:53:16.169 [info] > git config --get commit.template [15ms]
2024-04-12 06:53:16.220 [info] > git for-each-ref --format=%(refname)%00%(upstream:short)%00%(objectname)%00%(upstream:track)%00%(upstream:remotename)%00%(upstream:remoteref) refs/heads/main refs/remotes/main [7ms]
2024-04-12 06:53:16.241 [warning] ENOENT: no such file or directory, open '/home/arch/Documents/e-Commerce-Dart-Flutter/.git/refs/remotes/origin/main'
2024-04-12 06:53:16.245 [info] > git rev-parse refs/remotes/origin/main [4ms]
2024-04-12 06:53:16.312 [info] > git status -z -uall [32ms]
2024-04-12 06:54:27.895 [info] > git config --get commit.template [33ms]
2024-04-12 06:54:27.897 [info] > git for-each-ref --format=%(refname)%00%(upstream:short)%00%(objectname)%00%(upstream:track)%00%(upstream:remotename)%00%(upstream:remoteref) refs/heads/main refs/remotes/main [5ms]
2024-04-12 06:54:27.920 [warning] ENOENT: no such file or directory, open '/home/arch/Documents/e-Commerce-Dart-Flutter/.git/refs/remotes/origin/main'
2024-04-12 06:54:27.923 [info] > git rev-parse refs/remotes/origin/main [3ms]
2024-04-12 06:54:27.948 [info] > git status -z -uall [10ms]
2024-04-12 06:54:42.977 [info] > git config --get commit.template [3ms]
2024-04-12 06:54:42.993 [info] > git for-each-ref --format=%(refname)%00%(upstream:short)%00%(objectname)%00%(upstream:track)%00%(upstream:remotename)%00%(upstream:remoteref) refs/heads/main refs/remotes/main [4ms]
2024-04-12 06:54:43.004 [warning] ENOENT: no such file or directory, open '/home/arch/Documents/e-Commerce-Dart-Flutter/.git/refs/remotes/origin/main'
2024-04-12 06:54:43.005 [info] > git rev-parse refs/remotes/origin/main [1ms]
2024-04-12 06:54:43.029 [info] > git status -z -uall [8ms]
2024-04-12 06:54:48.453 [info] > git config --get commit.template [17ms]
2024-04-12 06:54:48.455 [info] > git for-each-ref --format=%(refname)%00%(upstream:short)%00%(objectname)%00%(upstream:track)%00%(upstream:remotename)%00%(upstream:remoteref) refs/heads/main refs/remotes/main [2ms]
2024-04-12 06:54:48.464 [warning] ENOENT: no such file or directory, open '/home/arch/Documents/e-Commerce-Dart-Flutter/.git/refs/remotes/origin/main'
2024-04-12 06:54:48.465 [info] > git rev-parse refs/remotes/origin/main [2ms]
2024-04-12 06:54:48.481 [info] > git status -z -uall [6ms]
2024-04-12 06:54:53.525 [info] > git config --get commit.template [20ms]
2024-04-12 06:54:53.527 [info] > git for-each-ref --format=%(refname)%00%(upstream:short)%00%(objectname)%00%(upstream:track)%00%(upstream:remotename)%00%(upstream:remoteref) refs/heads/main refs/remotes/main [3ms]
2024-04-12 06:54:53.549 [warning] ENOENT: no such file or directory, open '/home/arch/Documents/e-Commerce-Dart-Flutter/.git/refs/remotes/origin/main'
2024-04-12 06:54:53.552 [info] > git rev-parse refs/remotes/origin/main [3ms]
2024-04-12 06:54:53.586 [info] > git status -z -uall [17ms]
2024-04-12 06:55:30.196 [info] > git config --get commit.template [10ms]
2024-04-12 06:55:30.197 [info] > git for-each-ref --format=%(refname)%00%(upstream:short)%00%(objectname)%00%(upstream:track)%00%(upstream:remotename)%00%(upstream:remoteref) refs/heads/main refs/remotes/main [2ms]
2024-04-12 06:55:30.207 [warning] ENOENT: no such file or directory, open '/home/arch/Documents/e-Commerce-Dart-Flutter/.git/refs/remotes/origin/main'
2024-04-12 06:55:30.209 [info] > git rev-parse refs/remotes/origin/main [1ms]
2024-04-12 06:55:30.229 [info] > git status -z -uall [9ms]
2024-04-12 06:56:01.102 [info] > git config --get commit.template [2ms]
2024-04-12 06:56:01.132 [info] > git for-each-ref --format=%(refname)%00%(upstream:short)%00%(objectname)%00%(upstream:track)%00%(upstream:remotename)%00%(upstream:remoteref) refs/heads/main refs/remotes/main [2ms]
2024-04-12 06:56:01.155 [warning] ENOENT: no such file or directory, open '/home/arch/Documents/e-Commerce-Dart-Flutter/.git/refs/remotes/origin/main'
2024-04-12 06:56:01.158 [info] > git rev-parse refs/remotes/origin/main [2ms]
2024-04-12 06:56:01.211 [info] > git status -z -uall [13ms]
2024-04-12 06:56:19.995 [info] > git config --get commit.template [1ms]
2024-04-12 06:56:20.008 [info] > git for-each-ref --format=%(refname)%00%(upstream:short)%00%(objectname)%00%(upstream:track)%00%(upstream:remotename)%00%(upstream:remoteref) refs/heads/main refs/remotes/main [4ms]
2024-04-12 06:56:20.015 [warning] ENOENT: no such file or directory, open '/home/arch/Documents/e-Commerce-Dart-Flutter/.git/refs/remotes/origin/main'
2024-04-12 06:56:20.017 [info] > git rev-parse refs/remotes/origin/main [1ms]
2024-04-12 06:56:20.033 [info] > git status -z -uall [8ms]
2024-04-12 06:56:26.054 [info] > git show --textconv :lib/main.dart [12ms]
2024-04-12 06:56:26.055 [info] > git ls-files --stage -- /home/arch/Documents/e-Commerce-Dart-Flutter/lib/main.dart [2ms]
2024-04-12 06:56:26.068 [info] > git cat-file -s edd84f1217ab1d13c3a12beefa8d80b57c490aa6 [1ms]
2024-04-12 06:56:48.137 [info] > git show --textconv HEAD:lib/main.dart [13ms]
2024-04-12 06:56:48.140 [info] > git ls-tree -l HEAD -- /home/arch/Documents/e-Commerce-Dart-Flutter/lib/main.dart [4ms]
2024-04-12 06:56:52.088 [info] > git config --get commit.template [6ms]
2024-04-12 06:56:52.089 [info] > git for-each-ref --format=%(refname)%00%(upstream:short)%00%(objectname)%00%(upstream:track)%00%(upstream:remotename)%00%(upstream:remoteref) refs/heads/main refs/remotes/main [2ms]
2024-04-12 06:56:52.095 [warning] ENOENT: no such file or directory, open '/home/arch/Documents/e-Commerce-Dart-Flutter/.git/refs/remotes/origin/main'
2024-04-12 06:56:52.097 [info] > git rev-parse refs/remotes/origin/main [1ms]
2024-04-12 06:56:52.109 [info] > git status -z -uall [5ms]
2024-04-12 06:57:00.310 [info] > git config --get commit.template [17ms]
2024-04-12 06:57:00.311 [info] > git for-each-ref --format=%(refname)%00%(upstream:short)%00%(objectname)%00%(upstream:track)%00%(upstream:remotename)%00%(upstream:remoteref) refs/heads/main refs/remotes/main [2ms]
2024-04-12 06:57:00.320 [warning] ENOENT: no such file or directory, open '/home/arch/Documents/e-Commerce-Dart-Flutter/.git/refs/remotes/origin/main'
2024-04-12 06:57:00.322 [info] > git rev-parse refs/remotes/origin/main [1ms]
2024-04-12 06:57:00.333 [info] > git status -z -uall [5ms]
2024-04-12 06:57:08.186 [info] > git config --get commit.template [18ms]
2024-04-12 06:57:08.213 [info] > git for-each-ref --format=%(refname)%00%(upstream:short)%00%(objectname)%00%(upstream:track)%00%(upstream:remotename)%00%(upstream:remoteref) refs/heads/main refs/remotes/main [3ms]
2024-04-12 06:57:08.225 [warning] ENOENT: no such file or directory, open '/home/arch/Documents/e-Commerce-Dart-Flutter/.git/refs/remotes/origin/main'
2024-04-12 06:57:08.227 [info] > git rev-parse refs/remotes/origin/main [2ms]
2024-04-12 06:57:08.246 [info] > git status -z -uall [8ms]
2024-04-12 06:57:13.270 [info] > git config --get commit.template [10ms]
2024-04-12 06:57:13.271 [info] > git for-each-ref --format=%(refname)%00%(upstream:short)%00%(objectname)%00%(upstream:track)%00%(upstream:remotename)%00%(upstream:remoteref) refs/heads/main refs/remotes/main [2ms]
2024-04-12 06:57:13.279 [warning] ENOENT: no such file or directory, open '/home/arch/Documents/e-Commerce-Dart-Flutter/.git/refs/remotes/origin/main'
2024-04-12 06:57:13.282 [info] > git rev-parse refs/remotes/origin/main [3ms]
2024-04-12 06:57:13.300 [info] > git status -z -uall [8ms]
2024-04-12 06:57:52.080 [info] > git config --get commit.template [2ms]
2024-04-12 06:57:52.095 [info] > git for-each-ref --format=%(refname)%00%(upstream:short)%00%(objectname)%00%(upstream:track)%00%(upstream:remotename)%00%(upstream:remoteref) refs/heads/main refs/remotes/main [3ms]
2024-04-12 06:57:52.109 [warning] ENOENT: no such file or directory, open '/home/arch/Documents/e-Commerce-Dart-Flutter/.git/refs/remotes/origin/main'
2024-04-12 06:57:52.111 [info] > git rev-parse refs/remotes/origin/main [2ms]
2024-04-12 06:57:52.132 [info] > git status -z -uall [7ms]
2024-04-12 06:57:59.553 [info] > git show --textconv :lib/home/home.dart [11ms]
2024-04-12 06:57:59.554 [info] > git ls-files --stage -- /home/arch/Documents/e-Commerce-Dart-Flutter/lib/home/home.dart [2ms]
2024-04-12 06:57:59.564 [info] > git cat-file -s 525b9824a6339a349427e12f1db546dc8292de81 [2ms]
2024-04-12 06:58:10.340 [info] > git config --get commit.template [27ms]
2024-04-12 06:58:10.342 [info] > git for-each-ref --format=%(refname)%00%(upstream:short)%00%(objectname)%00%(upstream:track)%00%(upstream:remotename)%00%(upstream:remoteref) refs/heads/main refs/remotes/main [4ms]
2024-04-12 06:58:10.360 [warning] ENOENT: no such file or directory, open '/home/arch/Documents/e-Commerce-Dart-Flutter/.git/refs/remotes/origin/main'
2024-04-12 06:58:10.363 [info] > git rev-parse refs/remotes/origin/main [4ms]
2024-04-12 06:58:10.393 [info] > git status -z -uall [10ms]
2024-04-12 06:58:16.353 [info] > git config --get commit.template [17ms]
2024-04-12 06:58:16.354 [info] > git for-each-ref --format=%(refname)%00%(upstream:short)%00%(objectname)%00%(upstream:track)%00%(upstream:remotename)%00%(upstream:remoteref) refs/heads/main refs/remotes/main [2ms]
2024-04-12 06:58:16.362 [warning] ENOENT: no such file or directory, open '/home/arch/Documents/e-Commerce-Dart-Flutter/.git/refs/remotes/origin/main'
2024-04-12 06:58:16.364 [info] > git rev-parse refs/remotes/origin/main [2ms]
2024-04-12 06:58:16.384 [info] > git status -z -uall [8ms]
2024-04-12 06:58:21.407 [info] > git config --get commit.template [11ms]
2024-04-12 06:58:21.408 [info] > git for-each-ref --format=%(refname)%00%(upstream:short)%00%(objectname)%00%(upstream:track)%00%(upstream:remotename)%00%(upstream:remoteref) refs/heads/main refs/remotes/main [2ms]
2024-04-12 06:58:21.416 [warning] ENOENT: no such file or directory, open '/home/arch/Documents/e-Commerce-Dart-Flutter/.git/refs/remotes/origin/main'
2024-04-12 06:58:21.418 [info] > git rev-parse refs/remotes/origin/main [2ms]
2024-04-12 06:58:21.434 [info] > git status -z -uall [8ms]
2024-04-12 06:58:23.198 [info] > git show --textconv :lib/home/login.dart [26ms]
2024-04-12 06:58:23.201 [info] > git ls-files --stage -- /home/arch/Documents/e-Commerce-Dart-Flutter/lib/home/login.dart [5ms]
2024-04-12 06:59:08.482 [info] > git config --get commit.template [33ms]
2024-04-12 06:59:08.484 [info] > git for-each-ref --format=%(refname)%00%(upstream:short)%00%(objectname)%00%(upstream:track)%00%(upstream:remotename)%00%(upstream:remoteref) refs/heads/main refs/remotes/main [5ms]
2024-04-12 06:59:08.500 [warning] ENOENT: no such file or directory, open '/home/arch/Documents/e-Commerce-Dart-Flutter/.git/refs/remotes/origin/main'
2024-04-12 06:59:08.502 [info] > git rev-parse refs/remotes/origin/main [2ms]
2024-04-12 06:59:08.522 [info] > git status -z -uall [7ms]
2024-04-12 06:59:13.955 [info] > git config --get commit.template [8ms]
2024-04-12 06:59:13.956 [info] > git for-each-ref --format=%(refname)%00%(upstream:short)%00%(objectname)%00%(upstream:track)%00%(upstream:remotename)%00%(upstream:remoteref) refs/heads/main refs/remotes/main [2ms]
2024-04-12 06:59:13.966 [warning] ENOENT: no such file or directory, open '/home/arch/Documents/e-Commerce-Dart-Flutter/.git/refs/remotes/origin/main'
2024-04-12 06:59:13.968 [info] > git rev-parse refs/remotes/origin/main [2ms]
2024-04-12 06:59:13.984 [info] > git status -z -uall [7ms]
2024-04-12 06:59:19.044 [info] > git config --get commit.template [28ms]
2024-04-12 06:59:19.048 [info] > git for-each-ref --format=%(refname)%00%(upstream:short)%00%(objectname)%00%(upstream:track)%00%(upstream:remotename)%00%(upstream:remoteref) refs/heads/main refs/remotes/main [5ms]
2024-04-12 06:59:19.072 [warning] ENOENT: no such file or directory, open '/home/arch/Documents/e-Commerce-Dart-Flutter/.git/refs/remotes/origin/main'
2024-04-12 06:59:19.079 [info] > git rev-parse refs/remotes/origin/main [7ms]
2024-04-12 06:59:19.107 [info] > git status -z -uall [14ms]
2024-04-12 06:59:24.158 [info] > git config --get commit.template [25ms]
2024-04-12 06:59:24.161 [info] > git for-each-ref --format=%(refname)%00%(upstream:short)%00%(objectname)%00%(upstream:track)%00%(upstream:remotename)%00%(upstream:remoteref) refs/heads/main refs/remotes/main [5ms]
2024-04-12 06:59:24.177 [warning] ENOENT: no such file or directory, open '/home/arch/Documents/e-Commerce-Dart-Flutter/.git/refs/remotes/origin/main'
2024-04-12 06:59:24.179 [info] > git rev-parse refs/remotes/origin/main [3ms]
2024-04-12 06:59:24.197 [info] > git status -z -uall [8ms]
2024-04-12 07:02:44.649 [info] > git config --get commit.template [22ms]
2024-04-12 07:02:44.652 [info] > git for-each-ref --format=%(refname)%00%(upstream:short)%00%(objectname)%00%(upstream:track)%00%(upstream:remotename)%00%(upstream:remoteref) refs/heads/main refs/remotes/main [4ms]
2024-04-12 07:02:44.679 [warning] ENOENT: no such file or directory, open '/home/arch/Documents/e-Commerce-Dart-Flutter/.git/refs/remotes/origin/main'
2024-04-12 07:02:44.680 [info] > git rev-parse refs/remotes/origin/main [1ms]
2024-04-12 07:02:44.697 [info] > git status -z -uall [5ms]
2024-04-12 07:02:44.716 [info] > git ls-files --stage -- /home/arch/Documents/e-Commerce-Dart-Flutter/lib/home/login.dart [2ms]
2024-04-12 07:02:44.744 [info] > git show --textconv :lib/home/login.dart [2ms]
2024-04-12 07:02:49.729 [info] > git config --get commit.template [12ms]
2024-04-12 07:02:49.730 [info] > git for-each-ref --format=%(refname)%00%(upstream:short)%00%(objectname)%00%(upstream:track)%00%(upstream:remotename)%00%(upstream:remoteref) refs/heads/main refs/remotes/main [3ms]
2024-04-12 07:02:49.743 [warning] ENOENT: no such file or directory, open '/home/arch/Documents/e-Commerce-Dart-Flutter/.git/refs/remotes/origin/main'
2024-04-12 07:02:49.745 [info] > git rev-parse refs/remotes/origin/main [3ms]
2024-04-12 07:02:49.759 [info] > git status -z -uall [4ms]
2024-04-12 07:04:16.230 [info] > git config --get commit.template [3ms]
2024-04-12 07:04:16.254 [info] > git ls-files --stage -- /home/arch/Documents/e-Commerce-Dart-Flutter/lib/home/login.dart [13ms]
2024-04-12 07:04:16.265 [info] > git for-each-ref --format=%(refname)%00%(upstream:short)%00%(objectname)%00%(upstream:track)%00%(upstream:remotename)%00%(upstream:remoteref) refs/heads/UI-login refs/remotes/UI-login [11ms]
2024-04-12 07:04:16.275 [info] > git cat-file -s a19f905ba04f79fca8bb35341a3d3875b7554918 [10ms]
2024-04-12 07:04:16.279 [info] > git status -z -uall [3ms]
2024-04-12 07:04:16.347 [info] > git show --textconv :lib/home/login.dart [1ms]
2024-04-12 07:05:00.761 [info] > git config --get commit.template [13ms]
2024-04-12 07:05:00.762 [info] > git for-each-ref --format=%(refname)%00%(upstream:short)%00%(objectname)%00%(upstream:track)%00%(upstream:remotename)%00%(upstream:remoteref) refs/heads/UI-login refs/remotes/UI-login [2ms]
2024-04-12 07:05:00.776 [info] > git status -z -uall [3ms]
